[ 2017-04-08T00:19:54+08:00 ] 61.135.165.10 /
INFO: [ app_init ] --START--
INFO: Run Behavior\BuildLiteBehavior [ RunTime:0.000023s ]
INFO: [ app_init ] --END-- [ RunTime:0.000161s ]
INFO: [ app_begin ] --START--
INFO: Run Behavior\ReadHtmlCacheBehavior [ RunTime:0.000058s ]
INFO: [ app_begin ] --END-- [ RunTime:0.000115s ]
INFO: [ view_parse ] --START--
NOTIC: [8] Undefined variable: w /home/wwwroot/zhongchou.com/App/TagLib/Zml.class.php 第 71 行.
NOTIC: [8] Undefined variable: w /home/wwwroot/zhongchou.com/App/TagLib/Zml.class.php 第 92 行.
NOTIC: [8] Undefined index: cid /home/wwwroot/zhongchou.com/App/TagLib/Zml.class.php 第 167 行.
NOTIC: [8] Undefined index: end /home/wwwroot/zhongchou.com/App/TagLib/Zml.class.php 第 168 行.
NOTIC: [8] Undefined index: progress /home/wwwroot/zhongchou.com/App/TagLib/Zml.class.php 第 169 行.
NOTIC: [8] Undefined index: attr /home/wwwroot/zhongchou.com/App/TagLib/Zml.class.php 第 170 行.
NOTIC: [8] Undefined variable: w /home/wwwroot/zhongchou.com/App/TagLib/Zml.class.php 第 178 行.
NOTIC: [8] Undefined index: order /home/wwwroot/zhongchou.com/App/TagLib/Zml.class.php 第 166 行.
NOTIC: [8] Undefined index: cid /home/wwwroot/zhongchou.com/App/TagLib/Zml.class.php 第 167 行.
NOTIC: [8] Undefined index: attr /home/wwwroot/zhongchou.com/App/TagLib/Zml.class.php 第 170 行.
NOTIC: [8] Undefined variable: w /home/wwwroot/zhongchou.com/App/TagLib/Zml.class.php 第 178 行.
NOTIC: [8] Undefined index: num /home/wwwroot/zhongchou.com/App/TagLib/Zml.class.php 第 133 行.
NOTIC: [8] Undefined variable: w /home/wwwroot/zhongchou.com/App/TagLib/Zml.class.php 第 140 行.
NOTIC: [8] Undefined variable: limit /home/wwwroot/zhongchou.com/App/TagLib/Zml.class.php 第 153 行.
INFO: [ template_filter ] --START--
INFO: Run Behavior\ContentReplaceBehavior [ RunTime:0.000072s ]
INFO: [ template_filter ] --END-- [ RunTime:0.000127s ]
SQL: SHOW COLUMNS FROM `zml_ad` [ RunTime:0.0013s ]
SQL: SELECT * FROM `zml_ad` WHERE ( type =1 )  [ RunTime:0.0002s ]
SQL: SHOW COLUMNS FROM `zml_item` [ RunTime:0.0011s ]
NOTIC: [2] Illegal string offset 'a.isdel' /home/wwwroot/zhongchou.com/App/User/Model/ItemModel.class.php 第 46 行.
SQL: SHOW COLUMNS FROM `zml_item` [ RunTime:0.0013s ]
SQL: SELECT a.*,a.id as id,c.id as cid,c.name as progress_name,d.uin,d.name as user_name,d.header as user_header,e.id as eid,e.name as category_name FROM zml_item as a LEFT JOIN zml_item_progress as c ON a.progress = c.id LEFT JOIN zml_user as d ON a.uin = d.uin LEFT JOIN zml_item_category as e ON a.cid = e.id  WHERE ( a.status =1 AND a.isdel = 0 ) ORDER BY time desc LIMIT 2   [ RunTime:0.0014s ]
SQL: SHOW COLUMNS FROM `zml_item_with_order` [ RunTime:0.0011s ]
NOTIC: [2] Missing argument 2 for User\Model\ItemWithOrderModel::countMoney(), called in /home/wwwroot/zhongchou.com/App/User/Model/ItemWithOrderModel.class.php on line 66 and defined /home/wwwroot/zhongchou.com/App/User/Model/ItemWithOrderModel.class.php 第 51 行.
NOTIC: [8] Undefined variable: uin /home/wwwroot/zhongchou.com/App/User/Model/ItemWithOrderModel.class.php 第 53 行.
SQL: SHOW COLUMNS FROM `zml_item_with_order` [ RunTime:0.0016s ]
SQL: SELECT SUM(a.money) AS tp_sum FROM zml_item_with_order as a WHERE a.itemid = '2' LIMIT 1   [ RunTime:0.0003s ]
SQL: SHOW COLUMNS FROM `zml_item` [ RunTime:0.0012s ]
SQL: SELECT `raising_money` FROM `zml_item` WHERE `id` = 2 LIMIT 1   [ RunTime:0.0002s ]
NOTIC: [2] Missing argument 2 for User\Model\ItemWithOrderModel::countMoney(), called in /home/wwwroot/zhongchou.com/Runtime/Cache/Home/9caf0bb0a4ec33bc3ac62eb05fc12f83.php on line 177 and defined /home/wwwroot/zhongchou.com/App/User/Model/ItemWithOrderModel.class.php 第 51 行.
NOTIC: [8] Undefined variable: uin /home/wwwroot/zhongchou.com/App/User/Model/ItemWithOrderModel.class.php 第 53 行.
SQL: SELECT SUM(a.money) AS tp_sum FROM zml_item_with_order as a WHERE a.itemid = '2' LIMIT 1   [ RunTime:0.0002s ]
NOTIC: [2] Missing argument 2 for User\Model\ItemWithOrderModel::countMoney(), called in /home/wwwroot/zhongchou.com/App/User/Model/ItemWithOrderModel.class.php on line 66 and defined /home/wwwroot/zhongchou.com/App/User/Model/ItemWithOrderModel.class.php 第 51 行.
NOTIC: [8] Undefined variable: uin /home/wwwroot/zhongchou.com/App/User/Model/ItemWithOrderModel.class.php 第 53 行.
SQL: SELECT SUM(a.money) AS tp_sum FROM zml_item_with_order as a WHERE a.itemid = '1' LIMIT 1   [ RunTime:0.0002s ]
SQL: SELECT `raising_money` FROM `zml_item` WHERE `id` = 1 LIMIT 1   [ RunTime:0.0002s ]
NOTIC: [2] Missing argument 2 for User\Model\ItemWithOrderModel::countMoney(), called in /home/wwwroot/zhongchou.com/Runtime/Cache/Home/9caf0bb0a4ec33bc3ac62eb05fc12f83.php on line 177 and defined /home/wwwroot/zhongchou.com/App/User/Model/ItemWithOrderModel.class.php 第 51 行.
NOTIC: [8] Undefined variable: uin /home/wwwroot/zhongchou.com/App/User/Model/ItemWithOrderModel.class.php 第 53 行.
SQL: SELECT SUM(a.money) AS tp_sum FROM zml_item_with_order as a WHERE a.itemid = '1' LIMIT 1   [ RunTime:0.0002s ]
NOTIC: [2] Illegal string offset 'a.isdel' /home/wwwroot/zhongchou.com/App/User/Model/ItemModel.class.php 第 46 行.
SQL: SELECT a.*,a.id as id,c.id as cid,c.name as progress_name,d.uin,d.name as user_name,d.header as user_header,e.id as eid,e.name as category_name FROM zml_item as a LEFT JOIN zml_item_progress as c ON a.progress = c.id LEFT JOIN zml_user as d ON a.uin = d.uin LEFT JOIN zml_item_category as e ON a.cid = e.id  WHERE ( a.status =1 AND a.progress =1 AND a.end_time >1491581994 AND a.isdel = 0 ) ORDER BY sort desc LIMIT 10   [ RunTime:0.0014s ]
SQL: SHOW COLUMNS FROM `zml_news` [ RunTime:0.0011s ]
SQL: SHOW COLUMNS FROM `zml_news` [ RunTime:0.0010s ]
SQL: SELECT a.*,b.name as cname FROM zml_news a LEFT JOIN zml_news_category b ON a.cid=b.id   WHERE ( a.status =1 AND a.cid In(4) ) ORDER BY a.time desc LIMIT 10   [ RunTime:0.0002s ]
SQL: SHOW COLUMNS FROM `zml_nav` [ RunTime:0.0011s ]
SQL: SHOW COLUMNS FROM `zml_nav` [ RunTime:0.0010s ]
SQL: SELECT * FROM `zml_nav` WHERE ( status =1 AND type =2 AND pid =0 ) ORDER BY time desc  [ RunTime:0.0003s ]
SQL: SELECT * FROM `zml_nav` WHERE `pid` = 1 ORDER BY time desc LIMIT 10   [ RunTime:0.0002s ]
SQL: SELECT * FROM `zml_nav` WHERE `pid` = 3 ORDER BY time desc LIMIT 10   [ RunTime:0.0002s ]
SQL: SELECT * FROM `zml_nav` WHERE `pid` = 5 ORDER BY time desc LIMIT 10   [ RunTime:0.0002s ]
SQL: SELECT * FROM `zml_nav` WHERE `pid` = 7 ORDER BY time desc LIMIT 10   [ RunTime:0.0002s ]
SQL: SELECT * FROM `zml_nav` WHERE `pid` = 8 ORDER BY time desc LIMIT 10   [ RunTime:0.0003s ]
SQL: SELECT * FROM `zml_nav` WHERE `pid` = 9 ORDER BY time desc LIMIT 10   [ RunTime:0.0004s ]
INFO: Run Behavior\ParseTemplateBehavior [ RunTime:0.043061s ]
INFO: [ view_parse ] --END-- [ RunTime:0.043110s ]
INFO: [ view_filter ] --START--
INFO: Run Behavior\WriteHtmlCacheBehavior [ RunTime:0.000079s ]
INFO: [ view_filter ] --END-- [ RunTime:0.000126s ]
INFO: [ app_end ] --START--
INFO: Run Behavior\ShowPageTraceBehavior [ RunTime:0.000051s ]
INFO: [ app_end ] --END-- [ RunTime:0.000093s ]

[ 2017-04-08T00:42:08+08:00 ] 220.181.108.153 /robots.txt
INFO: [ app_init ] --START--
INFO: Run Behavior\BuildLiteBehavior [ RunTime:0.000016s ]
INFO: [ app_init ] --END-- [ RunTime:0.000111s ]
INFO: [ app_begin ] --START--
INFO: Run Behavior\ReadHtmlCacheBehavior [ RunTime:0.000054s ]
INFO: [ app_begin ] --END-- [ RunTime:0.000102s ]
ERR: 无法加载控制器:Robots.txt

[ 2017-04-08T05:13:28+08:00 ] 157.55.39.93 /
INFO: [ app_init ] --START--
INFO: Run Behavior\BuildLiteBehavior [ RunTime:0.000021s ]
INFO: [ app_init ] --END-- [ RunTime:0.000158s ]
INFO: [ app_begin ] --START--
INFO: Run Behavior\ReadHtmlCacheBehavior [ RunTime:0.000077s ]
INFO: [ app_begin ] --END-- [ RunTime:0.000152s ]
INFO: [ view_parse ] --START--
NOTIC: [8] Undefined variable: w /home/wwwroot/zhongchou.com/App/TagLib/Zml.class.php 第 71 行.
NOTIC: [8] Undefined variable: w /home/wwwroot/zhongchou.com/App/TagLib/Zml.class.php 第 92 行.
NOTIC: [8] Undefined index: cid /home/wwwroot/zhongchou.com/App/TagLib/Zml.class.php 第 167 行.
NOTIC: [8] Undefined index: end /home/wwwroot/zhongchou.com/App/TagLib/Zml.class.php 第 168 行.
NOTIC: [8] Undefined index: progress /home/wwwroot/zhongchou.com/App/TagLib/Zml.class.php 第 169 行.
NOTIC: [8] Undefined index: attr /home/wwwroot/zhongchou.com/App/TagLib/Zml.class.php 第 170 行.
NOTIC: [8] Undefined variable: w /home/wwwroot/zhongchou.com/App/TagLib/Zml.class.php 第 178 行.
NOTIC: [8] Undefined index: order /home/wwwroot/zhongchou.com/App/TagLib/Zml.class.php 第 166 行.
NOTIC: [8] Undefined index: cid /home/wwwroot/zhongchou.com/App/TagLib/Zml.class.php 第 167 行.
NOTIC: [8] Undefined index: attr /home/wwwroot/zhongchou.com/App/TagLib/Zml.class.php 第 170 行.
NOTIC: [8] Undefined variable: w /home/wwwroot/zhongchou.com/App/TagLib/Zml.class.php 第 178 行.
NOTIC: [8] Undefined index: num /home/wwwroot/zhongchou.com/App/TagLib/Zml.class.php 第 133 行.
NOTIC: [8] Undefined variable: w /home/wwwroot/zhongchou.com/App/TagLib/Zml.class.php 第 140 行.
NOTIC: [8] Undefined variable: limit /home/wwwroot/zhongchou.com/App/TagLib/Zml.class.php 第 153 行.
INFO: [ template_filter ] --START--
INFO: Run Behavior\ContentReplaceBehavior [ RunTime:0.000083s ]
INFO: [ template_filter ] --END-- [ RunTime:0.000144s ]
SQL: SHOW COLUMNS FROM `zml_ad` [ RunTime:0.0012s ]
SQL: SELECT * FROM `zml_ad` WHERE ( type =1 )  [ RunTime:0.0003s ]
SQL: SHOW COLUMNS FROM `zml_item` [ RunTime:0.0013s ]
NOTIC: [2] Illegal string offset 'a.isdel' /home/wwwroot/zhongchou.com/App/User/Model/ItemModel.class.php 第 46 行.
SQL: SHOW COLUMNS FROM `zml_item` [ RunTime:0.0011s ]
SQL: SELECT a.*,a.id as id,c.id as cid,c.name as progress_name,d.uin,d.name as user_name,d.header as user_header,e.id as eid,e.name as category_name FROM zml_item as a LEFT JOIN zml_item_progress as c ON a.progress = c.id LEFT JOIN zml_user as d ON a.uin = d.uin LEFT JOIN zml_item_category as e ON a.cid = e.id  WHERE ( a.status =1 AND a.isdel = 0 ) ORDER BY time desc LIMIT 2   [ RunTime:0.0015s ]
SQL: SHOW COLUMNS FROM `zml_item_with_order` [ RunTime:0.0010s ]
NOTIC: [2] Missing argument 2 for User\Model\ItemWithOrderModel::countMoney(), called in /home/wwwroot/zhongchou.com/App/User/Model/ItemWithOrderModel.class.php on line 66 and defined /home/wwwroot/zhongchou.com/App/User/Model/ItemWithOrderModel.class.php 第 51 行.
NOTIC: [8] Undefined variable: uin /home/wwwroot/zhongchou.com/App/User/Model/ItemWithOrderModel.class.php 第 53 行.
SQL: SHOW COLUMNS FROM `zml_item_with_order` [ RunTime:0.0010s ]
SQL: SELECT SUM(a.money) AS tp_sum FROM zml_item_with_order as a WHERE a.itemid = '2' LIMIT 1   [ RunTime:0.0003s ]
SQL: SHOW COLUMNS FROM `zml_item` [ RunTime:0.0012s ]
SQL: SELECT `raising_money` FROM `zml_item` WHERE `id` = 2 LIMIT 1   [ RunTime:0.0002s ]
NOTIC: [2] Missing argument 2 for User\Model\ItemWithOrderModel::countMoney(), called in /home/wwwroot/zhongchou.com/Runtime/Cache/Home/9caf0bb0a4ec33bc3ac62eb05fc12f83.php on line 177 and defined /home/wwwroot/zhongchou.com/App/User/Model/ItemWithOrderModel.class.php 第 51 行.
NOTIC: [8] Undefined variable: uin /home/wwwroot/zhongchou.com/App/User/Model/ItemWithOrderModel.class.php 第 53 行.
SQL: SELECT SUM(a.money) AS tp_sum FROM zml_item_with_order as a WHERE a.itemid = '2' LIMIT 1   [ RunTime:0.0002s ]
NOTIC: [2] Missing argument 2 for User\Model\ItemWithOrderModel::countMoney(), called in /home/wwwroot/zhongchou.com/App/User/Model/ItemWithOrderModel.class.php on line 66 and defined /home/wwwroot/zhongchou.com/App/User/Model/ItemWithOrderModel.class.php 第 51 行.
NOTIC: [8] Undefined variable: uin /home/wwwroot/zhongchou.com/App/User/Model/ItemWithOrderModel.class.php 第 53 行.
SQL: SELECT SUM(a.money) AS tp_sum FROM zml_item_with_order as a WHERE a.itemid = '1' LIMIT 1   [ RunTime:0.0002s ]
SQL: SELECT `raising_money` FROM `zml_item` WHERE `id` = 1 LIMIT 1   [ RunTime:0.0002s ]
NOTIC: [2] Missing argument 2 for User\Model\ItemWithOrderModel::countMoney(), called in /home/wwwroot/zhongchou.com/Runtime/Cache/Home/9caf0bb0a4ec33bc3ac62eb05fc12f83.php on line 177 and defined /home/wwwroot/zhongchou.com/App/User/Model/ItemWithOrderModel.class.php 第 51 行.
NOTIC: [8] Undefined variable: uin /home/wwwroot/zhongchou.com/App/User/Model/ItemWithOrderModel.class.php 第 53 行.
SQL: SELECT SUM(a.money) AS tp_sum FROM zml_item_with_order as a WHERE a.itemid = '1' LIMIT 1   [ RunTime:0.0002s ]
NOTIC: [2] Illegal string offset 'a.isdel' /home/wwwroot/zhongchou.com/App/User/Model/ItemModel.class.php 第 46 行.
SQL: SELECT a.*,a.id as id,c.id as cid,c.name as progress_name,d.uin,d.name as user_name,d.header as user_header,e.id as eid,e.name as category_name FROM zml_item as a LEFT JOIN zml_item_progress as c ON a.progress = c.id LEFT JOIN zml_user as d ON a.uin = d.uin LEFT JOIN zml_item_category as e ON a.cid = e.id  WHERE ( a.status =1 AND a.progress =1 AND a.end_time >1491599607 AND a.isdel = 0 ) ORDER BY sort desc LIMIT 10   [ RunTime:0.0012s ]
SQL: SHOW COLUMNS FROM `zml_news` [ RunTime:0.0011s ]
SQL: SHOW COLUMNS FROM `zml_news` [ RunTime:0.0010s ]
SQL: SELECT a.*,b.name as cname FROM zml_news a LEFT JOIN zml_news_category b ON a.cid=b.id   WHERE ( a.status =1 AND a.cid In(4) ) ORDER BY a.time desc LIMIT 10   [ RunTime:0.0002s ]
SQL: SHOW COLUMNS FROM `zml_nav` [ RunTime:0.0012s ]
SQL: SHOW COLUMNS FROM `zml_nav` [ RunTime:0.0011s ]
SQL: SELECT * FROM `zml_nav` WHERE ( status =1 AND type =2 AND pid =0 ) ORDER BY time desc  [ RunTime:0.0004s ]
SQL: SELECT * FROM `zml_nav` WHERE `pid` = 1 ORDER BY time desc LIMIT 10   [ RunTime:0.0002s ]
SQL: SELECT * FROM `zml_nav` WHERE `pid` = 3 ORDER BY time desc LIMIT 10   [ RunTime:0.0002s ]
SQL: SELECT * FROM `zml_nav` WHERE `pid` = 5 ORDER BY time desc LIMIT 10   [ RunTime:0.0002s ]
SQL: SELECT * FROM `zml_nav` WHERE `pid` = 7 ORDER BY time desc LIMIT 10   [ RunTime:0.0002s ]
SQL: SELECT * FROM `zml_nav` WHERE `pid` = 8 ORDER BY time desc LIMIT 10   [ RunTime:0.0003s ]
SQL: SELECT * FROM `zml_nav` WHERE `pid` = 9 ORDER BY time desc LIMIT 10   [ RunTime:0.0002s ]
INFO: Run Behavior\ParseTemplateBehavior [ RunTime:0.042051s ]
INFO: [ view_parse ] --END-- [ RunTime:0.042107s ]
INFO: [ view_filter ] --START--
INFO: Run Behavior\WriteHtmlCacheBehavior [ RunTime:0.000062s ]
INFO: [ view_filter ] --END-- [ RunTime:0.000104s ]
INFO: [ app_end ] --START--
INFO: Run Behavior\ShowPageTraceBehavior [ RunTime:0.000054s ]
INFO: [ app_end ] --END-- [ RunTime:0.000095s ]

[ 2017-04-08T06:30:31+08:00 ] 207.46.13.185 /robots.txt
INFO: [ app_init ] --START--
INFO: Run Behavior\BuildLiteBehavior [ RunTime:0.000014s ]
INFO: [ app_init ] --END-- [ RunTime:0.000111s ]
INFO: [ app_begin ] --START--
INFO: Run Behavior\ReadHtmlCacheBehavior [ RunTime:0.000050s ]
INFO: [ app_begin ] --END-- [ RunTime:0.000102s ]
ERR: 无法加载控制器:Robots.txt

[ 2017-04-08T08:41:57+08:00 ] 140.205.205.3 /
INFO: [ app_init ] --START--
INFO: Run Behavior\BuildLiteBehavior [ RunTime:0.000022s ]
INFO: [ app_init ] --END-- [ RunTime:0.000146s ]
INFO: [ app_begin ] --START--
INFO: Run Behavior\ReadHtmlCacheBehavior [ RunTime:0.000063s ]
INFO: [ app_begin ] --END-- [ RunTime:0.000123s ]
INFO: [ view_parse ] --START--
NOTIC: [8] Undefined variable: w /home/wwwroot/zhongchou.com/App/TagLib/Zml.class.php 第 71 行.
NOTIC: [8] Undefined variable: w /home/wwwroot/zhongchou.com/App/TagLib/Zml.class.php 第 92 行.
NOTIC: [8] Undefined index: cid /home/wwwroot/zhongchou.com/App/TagLib/Zml.class.php 第 167 行.
NOTIC: [8] Undefined index: end /home/wwwroot/zhongchou.com/App/TagLib/Zml.class.php 第 168 行.
NOTIC: [8] Undefined index: progress /home/wwwroot/zhongchou.com/App/TagLib/Zml.class.php 第 169 行.
NOTIC: [8] Undefined index: attr /home/wwwroot/zhongchou.com/App/TagLib/Zml.class.php 第 170 行.
NOTIC: [8] Undefined variable: w /home/wwwroot/zhongchou.com/App/TagLib/Zml.class.php 第 178 行.
NOTIC: [8] Undefined index: order /home/wwwroot/zhongchou.com/App/TagLib/Zml.class.php 第 166 行.
NOTIC: [8] Undefined index: cid /home/wwwroot/zhongchou.com/App/TagLib/Zml.class.php 第 167 行.
NOTIC: [8] Undefined index: attr /home/wwwroot/zhongchou.com/App/TagLib/Zml.class.php 第 170 行.
NOTIC: [8] Undefined variable: w /home/wwwroot/zhongchou.com/App/TagLib/Zml.class.php 第 178 行.
NOTIC: [8] Undefined index: num /home/wwwroot/zhongchou.com/App/TagLib/Zml.class.php 第 133 行.
NOTIC: [8] Undefined variable: w /home/wwwroot/zhongchou.com/App/TagLib/Zml.class.php 第 140 行.
NOTIC: [8] Undefined variable: limit /home/wwwroot/zhongchou.com/App/TagLib/Zml.class.php 第 153 行.
INFO: [ template_filter ] --START--
INFO: Run Behavior\ContentReplaceBehavior [ RunTime:0.000086s ]
INFO: [ template_filter ] --END-- [ RunTime:0.000218s ]
SQL: SHOW COLUMNS FROM `zml_ad` [ RunTime:0.0013s ]
SQL: SELECT * FROM `zml_ad` WHERE ( type =1 )  [ RunTime:0.0002s ]
SQL: SHOW COLUMNS FROM `zml_item` [ RunTime:0.0012s ]
NOTIC: [2] Illegal string offset 'a.isdel' /home/wwwroot/zhongchou.com/App/User/Model/ItemModel.class.php 第 46 行.
SQL: SHOW COLUMNS FROM `zml_item` [ RunTime:0.0013s ]
SQL: SELECT a.*,a.id as id,c.id as cid,c.name as progress_name,d.uin,d.name as user_name,d.header as user_header,e.id as eid,e.name as category_name FROM zml_item as a LEFT JOIN zml_item_progress as c ON a.progress = c.id LEFT JOIN zml_user as d ON a.uin = d.uin LEFT JOIN zml_item_category as e ON a.cid = e.id  WHERE ( a.status =1 AND a.isdel = 0 ) ORDER BY time desc LIMIT 2   [ RunTime:0.0231s ]
SQL: SHOW COLUMNS FROM `zml_item_with_order` [ RunTime:0.0014s ]
NOTIC: [2] Missing argument 2 for User\Model\ItemWithOrderModel::countMoney(), called in /home/wwwroot/zhongchou.com/App/User/Model/ItemWithOrderModel.class.php on line 66 and defined /home/wwwroot/zhongchou.com/App/User/Model/ItemWithOrderModel.class.php 第 51 行.
NOTIC: [8] Undefined variable: uin /home/wwwroot/zhongchou.com/App/User/Model/ItemWithOrderModel.class.php 第 53 行.
SQL: SHOW COLUMNS FROM `zml_item_with_order` [ RunTime:0.0012s ]
SQL: SELECT SUM(a.money) AS tp_sum FROM zml_item_with_order as a WHERE a.itemid = '2' LIMIT 1   [ RunTime:0.0003s ]
SQL: SHOW COLUMNS FROM `zml_item` [ RunTime:0.0013s ]
SQL: SELECT `raising_money` FROM `zml_item` WHERE `id` = 2 LIMIT 1   [ RunTime:0.0002s ]
NOTIC: [2] Missing argument 2 for User\Model\ItemWithOrderModel::countMoney(), called in /home/wwwroot/zhongchou.com/Runtime/Cache/Home/9caf0bb0a4ec33bc3ac62eb05fc12f83.php on line 177 and defined /home/wwwroot/zhongchou.com/App/User/Model/ItemWithOrderModel.class.php 第 51 行.
NOTIC: [8] Undefined variable: uin /home/wwwroot/zhongchou.com/App/User/Model/ItemWithOrderModel.class.php 第 53 行.
SQL: SELECT SUM(a.money) AS tp_sum FROM zml_item_with_order as a WHERE a.itemid = '2' LIMIT 1   [ RunTime:0.0002s ]
NOTIC: [2] Missing argument 2 for User\Model\ItemWithOrderModel::countMoney(), called in /home/wwwroot/zhongchou.com/App/User/Model/ItemWithOrderModel.class.php on line 66 and defined /home/wwwroot/zhongchou.com/App/User/Model/ItemWithOrderModel.class.php 第 51 行.
NOTIC: [8] Undefined variable: uin /home/wwwroot/zhongchou.com/App/User/Model/ItemWithOrderModel.class.php 第 53 行.
SQL: SELECT SUM(a.money) AS tp_sum FROM zml_item_with_order as a WHERE a.itemid = '1' LIMIT 1   [ RunTime:0.0002s ]
SQL: SELECT `raising_money` FROM `zml_item` WHERE `id` = 1 LIMIT 1   [ RunTime:0.0002s ]
NOTIC: [2] Missing argument 2 for User\Model\ItemWithOrderModel::countMoney(), called in /home/wwwroot/zhongchou.com/Runtime/Cache/Home/9caf0bb0a4ec33bc3ac62eb05fc12f83.php on line 177 and defined /home/wwwroot/zhongchou.com/App/User/Model/ItemWithOrderModel.class.php 第 51 行.
NOTIC: [8] Undefined variable: uin /home/wwwroot/zhongchou.com/App/User/Model/ItemWithOrderModel.class.php 第 53 行.
SQL: SELECT SUM(a.money) AS tp_sum FROM zml_item_with_order as a WHERE a.itemid = '1' LIMIT 1   [ RunTime:0.0002s ]
NOTIC: [2] Illegal string offset 'a.isdel' /home/wwwroot/zhongchou.com/App/User/Model/ItemModel.class.php 第 46 行.
SQL: SELECT a.*,a.id as id,c.id as cid,c.name as progress_name,d.uin,d.name as user_name,d.header as user_header,e.id as eid,e.name as category_name FROM zml_item as a LEFT JOIN zml_item_progress as c ON a.progress = c.id LEFT JOIN zml_user as d ON a.uin = d.uin LEFT JOIN zml_item_category as e ON a.cid = e.id  WHERE ( a.status =1 AND a.progress =1 AND a.end_time >1491612117 AND a.isdel = 0 ) ORDER BY sort desc LIMIT 10   [ RunTime:0.0012s ]
SQL: SHOW COLUMNS FROM `zml_news` [ RunTime:0.0011s ]
SQL: SHOW COLUMNS FROM `zml_news` [ RunTime:0.0012s ]
SQL: SELECT a.*,b.name as cname FROM zml_news a LEFT JOIN zml_news_category b ON a.cid=b.id   WHERE ( a.status =1 AND a.cid In(4) ) ORDER BY a.time desc LIMIT 10   [ RunTime:0.0003s ]
SQL: SHOW COLUMNS FROM `zml_nav` [ RunTime:0.0010s ]
SQL: SHOW COLUMNS FROM `zml_nav` [ RunTime:0.0011s ]
SQL: SELECT * FROM `zml_nav` WHERE ( status =1 AND type =2 AND pid =0 ) ORDER BY time desc  [ RunTime:0.0006s ]
SQL: SELECT * FROM `zml_nav` WHERE `pid` = 1 ORDER BY time desc LIMIT 10   [ RunTime:0.0003s ]
SQL: SELECT * FROM `zml_nav` WHERE `pid` = 3 ORDER BY time desc LIMIT 10   [ RunTime:0.0003s ]
SQL: SELECT * FROM `zml_nav` WHERE `pid` = 5 ORDER BY time desc LIMIT 10   [ RunTime:0.0003s ]
SQL: SELECT * FROM `zml_nav` WHERE `pid` = 7 ORDER BY time desc LIMIT 10   [ RunTime:0.0003s ]
SQL: SELECT * FROM `zml_nav` WHERE `pid` = 8 ORDER BY time desc LIMIT 10   [ RunTime:0.0003s ]
SQL: SELECT * FROM `zml_nav` WHERE `pid` = 9 ORDER BY time desc LIMIT 10   [ RunTime:0.0002s ]
INFO: Run Behavior\ParseTemplateBehavior [ RunTime:0.066208s ]
INFO: [ view_parse ] --END-- [ RunTime:0.066275s ]
INFO: [ view_filter ] --START--
INFO: Run Behavior\WriteHtmlCacheBehavior [ RunTime:0.000084s ]
INFO: [ view_filter ] --END-- [ RunTime:0.000134s ]
INFO: [ app_end ] --START--
INFO: Run Behavior\ShowPageTraceBehavior [ RunTime:0.000082s ]
INFO: [ app_end ] --END-- [ RunTime:0.000157s ]

[ 2017-04-08T10:12:50+08:00 ] 207.46.13.221 /robots.txt
INFO: [ app_init ] --START--
INFO: Run Behavior\BuildLiteBehavior [ RunTime:0.000018s ]
INFO: [ app_init ] --END-- [ RunTime:0.000138s ]
INFO: [ app_begin ] --START--
INFO: Run Behavior\ReadHtmlCacheBehavior [ RunTime:0.000069s ]
INFO: [ app_begin ] --END-- [ RunTime:0.000132s ]
ERR: 无法加载控制器:Robots.txt

[ 2017-04-08T10:16:41+08:00 ] 106.120.188.139 /robots.txt
INFO: [ app_init ] --START--
INFO: Run Behavior\BuildLiteBehavior [ RunTime:0.000013s ]
INFO: [ app_init ] --END-- [ RunTime:0.000102s ]
INFO: [ app_begin ] --START--
INFO: Run Behavior\ReadHtmlCacheBehavior [ RunTime:0.000049s ]
INFO: [ app_begin ] --END-- [ RunTime:0.000094s ]
ERR: 无法加载控制器:Robots.txt

[ 2017-04-08T13:55:04+08:00 ] 157.55.39.93 /
INFO: [ app_init ] --START--
INFO: Run Behavior\BuildLiteBehavior [ RunTime:0.000015s ]
INFO: [ app_init ] --END-- [ RunTime:0.000114s ]
INFO: [ app_begin ] --START--
INFO: Run Behavior\ReadHtmlCacheBehavior [ RunTime:0.000065s ]
INFO: [ app_begin ] --END-- [ RunTime:0.000110s ]
INFO: [ view_parse ] --START--
NOTIC: [8] Undefined variable: w /home/wwwroot/zhongchou.com/App/TagLib/Zml.class.php 第 71 行.
NOTIC: [8] Undefined variable: w /home/wwwroot/zhongchou.com/App/TagLib/Zml.class.php 第 92 行.
NOTIC: [8] Undefined index: cid /home/wwwroot/zhongchou.com/App/TagLib/Zml.class.php 第 167 行.
NOTIC: [8] Undefined index: end /home/wwwroot/zhongchou.com/App/TagLib/Zml.class.php 第 168 行.
NOTIC: [8] Undefined index: progress /home/wwwroot/zhongchou.com/App/TagLib/Zml.class.php 第 169 行.
NOTIC: [8] Undefined index: attr /home/wwwroot/zhongchou.com/App/TagLib/Zml.class.php 第 170 行.
NOTIC: [8] Undefined variable: w /home/wwwroot/zhongchou.com/App/TagLib/Zml.class.php 第 178 行.
NOTIC: [8] Undefined index: order /home/wwwroot/zhongchou.com/App/TagLib/Zml.class.php 第 166 行.
NOTIC: [8] Undefined index: cid /home/wwwroot/zhongchou.com/App/TagLib/Zml.class.php 第 167 行.
NOTIC: [8] Undefined index: attr /home/wwwroot/zhongchou.com/App/TagLib/Zml.class.php 第 170 行.
NOTIC: [8] Undefined variable: w /home/wwwroot/zhongchou.com/App/TagLib/Zml.class.php 第 178 行.
NOTIC: [8] Undefined index: num /home/wwwroot/zhongchou.com/App/TagLib/Zml.class.php 第 133 行.
NOTIC: [8] Undefined variable: w /home/wwwroot/zhongchou.com/App/TagLib/Zml.class.php 第 140 行.
NOTIC: [8] Undefined variable: limit /home/wwwroot/zhongchou.com/App/TagLib/Zml.class.php 第 153 行.
INFO: [ template_filter ] --START--
INFO: Run Behavior\ContentReplaceBehavior [ RunTime:0.000079s ]
INFO: [ template_filter ] --END-- [ RunTime:0.000135s ]
SQL: SHOW COLUMNS FROM `zml_ad` [ RunTime:0.0016s ]
SQL: SELECT * FROM `zml_ad` WHERE ( type =1 )  [ RunTime:0.0003s ]
SQL: SHOW COLUMNS FROM `zml_item` [ RunTime:0.0012s ]
NOTIC: [2] Illegal string offset 'a.isdel' /home/wwwroot/zhongchou.com/App/User/Model/ItemModel.class.php 第 46 行.
SQL: SHOW COLUMNS FROM `zml_item` [ RunTime:0.0011s ]
SQL: SELECT a.*,a.id as id,c.id as cid,c.name as progress_name,d.uin,d.name as user_name,d.header as user_header,e.id as eid,e.name as category_name FROM zml_item as a LEFT JOIN zml_item_progress as c ON a.progress = c.id LEFT JOIN zml_user as d ON a.uin = d.uin LEFT JOIN zml_item_category as e ON a.cid = e.id  WHERE ( a.status =1 AND a.isdel = 0 ) ORDER BY time desc LIMIT 2   [ RunTime:0.0015s ]
SQL: SHOW COLUMNS FROM `zml_item_with_order` [ RunTime:0.0010s ]
NOTIC: [2] Missing argument 2 for User\Model\ItemWithOrderModel::countMoney(), called in /home/wwwroot/zhongchou.com/App/User/Model/ItemWithOrderModel.class.php on line 66 and defined /home/wwwroot/zhongchou.com/App/User/Model/ItemWithOrderModel.class.php 第 51 行.
NOTIC: [8] Undefined variable: uin /home/wwwroot/zhongchou.com/App/User/Model/ItemWithOrderModel.class.php 第 53 行.
SQL: SHOW COLUMNS FROM `zml_item_with_order` [ RunTime:0.0010s ]
SQL: SELECT SUM(a.money) AS tp_sum FROM zml_item_with_order as a WHERE a.itemid = '2' LIMIT 1   [ RunTime:0.0003s ]
SQL: SHOW COLUMNS FROM `zml_item` [ RunTime:0.0012s ]
SQL: SELECT `raising_money` FROM `zml_item` WHERE `id` = 2 LIMIT 1   [ RunTime:0.0002s ]
NOTIC: [2] Missing argument 2 for User\Model\ItemWithOrderModel::countMoney(), called in /home/wwwroot/zhongchou.com/Runtime/Cache/Home/9caf0bb0a4ec33bc3ac62eb05fc12f83.php on line 177 and defined /home/wwwroot/zhongchou.com/App/User/Model/ItemWithOrderModel.class.php 第 51 行.
NOTIC: [8] Undefined variable: uin /home/wwwroot/zhongchou.com/App/User/Model/ItemWithOrderModel.class.php 第 53 行.
SQL: SELECT SUM(a.money) AS tp_sum FROM zml_item_with_order as a WHERE a.itemid = '2' LIMIT 1   [ RunTime:0.0002s ]
NOTIC: [2] Missing argument 2 for User\Model\ItemWithOrderModel::countMoney(), called in /home/wwwroot/zhongchou.com/App/User/Model/ItemWithOrderModel.class.php on line 66 and defined /home/wwwroot/zhongchou.com/App/User/Model/ItemWithOrderModel.class.php 第 51 行.
NOTIC: [8] Undefined variable: uin /home/wwwroot/zhongchou.com/App/User/Model/ItemWithOrderModel.class.php 第 53 行.
SQL: SELECT SUM(a.money) AS tp_sum FROM zml_item_with_order as a WHERE a.itemid = '1' LIMIT 1   [ RunTime:0.0003s ]
SQL: SELECT `raising_money` FROM `zml_item` WHERE `id` = 1 LIMIT 1   [ RunTime:0.0002s ]
NOTIC: [2] Missing argument 2 for User\Model\ItemWithOrderModel::countMoney(), called in /home/wwwroot/zhongchou.com/Runtime/Cache/Home/9caf0bb0a4ec33bc3ac62eb05fc12f83.php on line 177 and defined /home/wwwroot/zhongchou.com/App/User/Model/ItemWithOrderModel.class.php 第 51 行.
NOTIC: [8] Undefined variable: uin /home/wwwroot/zhongchou.com/App/User/Model/ItemWithOrderModel.class.php 第 53 行.
SQL: SELECT SUM(a.money) AS tp_sum FROM zml_item_with_order as a WHERE a.itemid = '1' LIMIT 1   [ RunTime:0.0002s ]
NOTIC: [2] Illegal string offset 'a.isdel' /home/wwwroot/zhongchou.com/App/User/Model/ItemModel.class.php 第 46 行.
SQL: SELECT a.*,a.id as id,c.id as cid,c.name as progress_name,d.uin,d.name as user_name,d.header as user_header,e.id as eid,e.name as category_name FROM zml_item as a LEFT JOIN zml_item_progress as c ON a.progress = c.id LEFT JOIN zml_user as d ON a.uin = d.uin LEFT JOIN zml_item_category as e ON a.cid = e.id  WHERE ( a.status =1 AND a.progress =1 AND a.end_time >1491630904 AND a.isdel = 0 ) ORDER BY sort desc LIMIT 10   [ RunTime:0.0012s ]
SQL: SHOW COLUMNS FROM `zml_news` [ RunTime:0.0010s ]
SQL: SHOW COLUMNS FROM `zml_news` [ RunTime:0.0015s ]
SQL: SELECT a.*,b.name as cname FROM zml_news a LEFT JOIN zml_news_category b ON a.cid=b.id   WHERE ( a.status =1 AND a.cid In(4) ) ORDER BY a.time desc LIMIT 10   [ RunTime:0.0003s ]
SQL: SHOW COLUMNS FROM `zml_nav` [ RunTime:0.0012s ]
SQL: SHOW COLUMNS FROM `zml_nav` [ RunTime:0.0010s ]
SQL: SELECT * FROM `zml_nav` WHERE ( status =1 AND type =2 AND pid =0 ) ORDER BY time desc  [ RunTime:0.0004s ]
SQL: SELECT * FROM `zml_nav` WHERE `pid` = 1 ORDER BY time desc LIMIT 10   [ RunTime:0.0004s ]
SQL: SELECT * FROM `zml_nav` WHERE `pid` = 3 ORDER BY time desc LIMIT 10   [ RunTime:0.0003s ]
SQL: SELECT * FROM `zml_nav` WHERE `pid` = 5 ORDER BY time desc LIMIT 10   [ RunTime:0.0003s ]
SQL: SELECT * FROM `zml_nav` WHERE `pid` = 7 ORDER BY time desc LIMIT 10   [ RunTime:0.0003s ]
SQL: SELECT * FROM `zml_nav` WHERE `pid` = 8 ORDER BY time desc LIMIT 10   [ RunTime:0.0003s ]
SQL: SELECT * FROM `zml_nav` WHERE `pid` = 9 ORDER BY time desc LIMIT 10   [ RunTime:0.0003s ]
INFO: Run Behavior\ParseTemplateBehavior [ RunTime:0.061274s ]
INFO: [ view_parse ] --END-- [ RunTime:0.061342s ]
INFO: [ view_filter ] --START--
INFO: Run Behavior\WriteHtmlCacheBehavior [ RunTime:0.000099s ]
INFO: [ view_filter ] --END-- [ RunTime:0.000179s ]
INFO: [ app_end ] --START--
INFO: Run Behavior\ShowPageTraceBehavior [ RunTime:0.000088s ]
INFO: [ app_end ] --END-- [ RunTime:0.000359s ]

[ 2017-04-08T22:05:38+08:00 ] 220.181.108.115 /index.php/Home/Verify.html
INFO: [ app_init ] --START--
INFO: Run Behavior\BuildLiteBehavior [ RunTime:0.000018s ]
INFO: [ app_init ] --END-- [ RunTime:0.000159s ]
INFO: [ app_begin ] --START--
INFO: Run Behavior\ReadHtmlCacheBehavior [ RunTime:0.000065s ]
INFO: [ app_begin ] --END-- [ RunTime:0.000122s ]
INFO: [ app_end ] --START--
INFO: Run Behavior\ShowPageTraceBehavior [ RunTime:0.000106s ]
INFO: [ app_end ] --END-- [ RunTime:0.000209s ]

