[ 2017-05-20T02:08:19+08:00 ] 103.242.202.196 /
INFO: [ app_init ] --START--
INFO: Run Behavior\BuildLiteBehavior [ RunTime:0.000024s ]
INFO: [ app_init ] --END-- [ RunTime:0.000145s ]
INFO: [ app_begin ] --START--
INFO: Run Behavior\ReadHtmlCacheBehavior [ RunTime:0.000053s ]
INFO: [ app_begin ] --END-- [ RunTime:0.000100s ]
INFO: [ view_parse ] --START--
NOTIC: [8] Undefined variable: w /home/wwwroot/zhongchou.com/App/TagLib/Zml.class.php 第 71 行.
NOTIC: [8] Undefined index: order /home/wwwroot/zhongchou.com/App/TagLib/Zml.class.php 第 166 行.
NOTIC: [8] Undefined index: cid /home/wwwroot/zhongchou.com/App/TagLib/Zml.class.php 第 167 行.
NOTIC: [8] Undefined index: attr /home/wwwroot/zhongchou.com/App/TagLib/Zml.class.php 第 170 行.
NOTIC: [8] Undefined variable: w /home/wwwroot/zhongchou.com/App/TagLib/Zml.class.php 第 178 行.
INFO: [ template_filter ] --START--
INFO: Run Behavior\ContentReplaceBehavior [ RunTime:0.000070s ]
INFO: [ template_filter ] --END-- [ RunTime:0.000127s ]
SQL: SHOW COLUMNS FROM `zml_ad` [ RunTime:0.0013s ]
SQL: SELECT * FROM `zml_ad` WHERE ( type =1 )  [ RunTime:0.0002s ]
SQL: SHOW COLUMNS FROM `zml_item` [ RunTime:0.0013s ]
NOTIC: [2] Illegal string offset 'a.isdel' /home/wwwroot/zhongchou.com/App/User/Model/ItemModel.class.php 第 46 行.
SQL: SHOW COLUMNS FROM `zml_item` [ RunTime:0.0011s ]
SQL: SELECT a.*,a.id as id,c.id as cid,c.name as progress_name,d.uin,d.name as user_name,d.header as user_header,e.id as eid,e.name as category_name FROM zml_item as a LEFT JOIN zml_item_progress as c ON a.progress = c.id LEFT JOIN zml_user as d ON a.uin = d.uin LEFT JOIN zml_item_category as e ON a.cid = e.id  WHERE ( a.status =1 AND a.progress =1 AND a.end_time >1495217299 AND a.isdel = 0 ) ORDER BY sort desc LIMIT 10   [ RunTime:0.0012s ]
INFO: Run Behavior\ParseTemplateBehavior [ RunTime:0.017799s ]
INFO: [ view_parse ] --END-- [ RunTime:0.017848s ]
INFO: [ view_filter ] --START--
INFO: Run Behavior\WriteHtmlCacheBehavior [ RunTime:0.000061s ]
INFO: [ view_filter ] --END-- [ RunTime:0.000168s ]
INFO: 
INFO: 
INFO: 

[ 2017-05-20T06:11:56+08:00 ] 54.80.69.68 /
INFO: [ app_init ] --START--
INFO: Run Behavior\BuildLiteBehavior [ RunTime:0.000017s ]
INFO: [ app_init ] --END-- [ RunTime:0.000119s ]
INFO: [ app_begin ] --START--
INFO: Run Behavior\ReadHtmlCacheBehavior [ RunTime:0.000060s ]
INFO: [ app_begin ] --END-- [ RunTime:0.000108s ]
INFO: [ view_parse ] --START--
NOTIC: [8] Undefined variable: w /home/wwwroot/zhongchou.com/App/TagLib/Zml.class.php 第 71 行.
NOTIC: [8] Undefined variable: w /home/wwwroot/zhongchou.com/App/TagLib/Zml.class.php 第 92 行.
NOTIC: [8] Undefined index: cid /home/wwwroot/zhongchou.com/App/TagLib/Zml.class.php 第 167 行.
NOTIC: [8] Undefined index: end /home/wwwroot/zhongchou.com/App/TagLib/Zml.class.php 第 168 行.
NOTIC: [8] Undefined index: progress /home/wwwroot/zhongchou.com/App/TagLib/Zml.class.php 第 169 行.
NOTIC: [8] Undefined index: attr /home/wwwroot/zhongchou.com/App/TagLib/Zml.class.php 第 170 行.
NOTIC: [8] Undefined variable: w /home/wwwroot/zhongchou.com/App/TagLib/Zml.class.php 第 178 行.
NOTIC: [8] Undefined index: order /home/wwwroot/zhongchou.com/App/TagLib/Zml.class.php 第 166 行.
NOTIC: [8] Undefined index: cid /home/wwwroot/zhongchou.com/App/TagLib/Zml.class.php 第 167 行.
NOTIC: [8] Undefined index: attr /home/wwwroot/zhongchou.com/App/TagLib/Zml.class.php 第 170 行.
NOTIC: [8] Undefined variable: w /home/wwwroot/zhongchou.com/App/TagLib/Zml.class.php 第 178 行.
NOTIC: [8] Undefined index: num /home/wwwroot/zhongchou.com/App/TagLib/Zml.class.php 第 133 行.
NOTIC: [8] Undefined variable: w /home/wwwroot/zhongchou.com/App/TagLib/Zml.class.php 第 140 行.
NOTIC: [8] Undefined variable: limit /home/wwwroot/zhongchou.com/App/TagLib/Zml.class.php 第 153 行.
INFO: [ template_filter ] --START--
INFO: Run Behavior\ContentReplaceBehavior [ RunTime:0.000097s ]
INFO: [ template_filter ] --END-- [ RunTime:0.000175s ]
SQL: SHOW COLUMNS FROM `zml_ad` [ RunTime:0.0018s ]
SQL: SELECT * FROM `zml_ad` WHERE ( type =1 )  [ RunTime:0.0003s ]
SQL: SHOW COLUMNS FROM `zml_item` [ RunTime:0.0013s ]
NOTIC: [2] Illegal string offset 'a.isdel' /home/wwwroot/zhongchou.com/App/User/Model/ItemModel.class.php 第 46 行.
SQL: SHOW COLUMNS FROM `zml_item` [ RunTime:0.0012s ]
SQL: SELECT a.*,a.id as id,c.id as cid,c.name as progress_name,d.uin,d.name as user_name,d.header as user_header,e.id as eid,e.name as category_name FROM zml_item as a LEFT JOIN zml_item_progress as c ON a.progress = c.id LEFT JOIN zml_user as d ON a.uin = d.uin LEFT JOIN zml_item_category as e ON a.cid = e.id  WHERE ( a.status =1 AND a.isdel = 0 ) ORDER BY time desc LIMIT 2   [ RunTime:0.5078s ]
SQL: SHOW COLUMNS FROM `zml_item_with_order` [ RunTime:0.0016s ]
NOTIC: [2] Missing argument 2 for User\Model\ItemWithOrderModel::countMoney(), called in /home/wwwroot/zhongchou.com/App/User/Model/ItemWithOrderModel.class.php on line 66 and defined /home/wwwroot/zhongchou.com/App/User/Model/ItemWithOrderModel.class.php 第 51 行.
NOTIC: [8] Undefined variable: uin /home/wwwroot/zhongchou.com/App/User/Model/ItemWithOrderModel.class.php 第 53 行.
SQL: SHOW COLUMNS FROM `zml_item_with_order` [ RunTime:0.0015s ]
SQL: SELECT SUM(a.money) AS tp_sum FROM zml_item_with_order as a WHERE a.itemid = '2' LIMIT 1   [ RunTime:0.0006s ]
SQL: SHOW COLUMNS FROM `zml_item` [ RunTime:0.0017s ]
SQL: SELECT `raising_money` FROM `zml_item` WHERE `id` = 2 LIMIT 1   [ RunTime:0.0003s ]
NOTIC: [2] Missing argument 2 for User\Model\ItemWithOrderModel::countMoney(), called in /home/wwwroot/zhongchou.com/Runtime/Cache/Home/9caf0bb0a4ec33bc3ac62eb05fc12f83.php on line 177 and defined /home/wwwroot/zhongchou.com/App/User/Model/ItemWithOrderModel.class.php 第 51 行.
NOTIC: [8] Undefined variable: uin /home/wwwroot/zhongchou.com/App/User/Model/ItemWithOrderModel.class.php 第 53 行.
SQL: SELECT SUM(a.money) AS tp_sum FROM zml_item_with_order as a WHERE a.itemid = '2' LIMIT 1   [ RunTime:0.0003s ]
NOTIC: [2] Missing argument 2 for User\Model\ItemWithOrderModel::countMoney(), called in /home/wwwroot/zhongchou.com/App/User/Model/ItemWithOrderModel.class.php on line 66 and defined /home/wwwroot/zhongchou.com/App/User/Model/ItemWithOrderModel.class.php 第 51 行.
NOTIC: [8] Undefined variable: uin /home/wwwroot/zhongchou.com/App/User/Model/ItemWithOrderModel.class.php 第 53 行.
SQL: SELECT SUM(a.money) AS tp_sum FROM zml_item_with_order as a WHERE a.itemid = '1' LIMIT 1   [ RunTime:0.0004s ]
SQL: SELECT `raising_money` FROM `zml_item` WHERE `id` = 1 LIMIT 1   [ RunTime:0.0002s ]
NOTIC: [2] Missing argument 2 for User\Model\ItemWithOrderModel::countMoney(), called in /home/wwwroot/zhongchou.com/Runtime/Cache/Home/9caf0bb0a4ec33bc3ac62eb05fc12f83.php on line 177 and defined /home/wwwroot/zhongchou.com/App/User/Model/ItemWithOrderModel.class.php 第 51 行.
NOTIC: [8] Undefined variable: uin /home/wwwroot/zhongchou.com/App/User/Model/ItemWithOrderModel.class.php 第 53 行.
SQL: SELECT SUM(a.money) AS tp_sum FROM zml_item_with_order as a WHERE a.itemid = '1' LIMIT 1   [ RunTime:0.0003s ]
NOTIC: [2] Illegal string offset 'a.isdel' /home/wwwroot/zhongchou.com/App/User/Model/ItemModel.class.php 第 46 行.
SQL: SELECT a.*,a.id as id,c.id as cid,c.name as progress_name,d.uin,d.name as user_name,d.header as user_header,e.id as eid,e.name as category_name FROM zml_item as a LEFT JOIN zml_item_progress as c ON a.progress = c.id LEFT JOIN zml_user as d ON a.uin = d.uin LEFT JOIN zml_item_category as e ON a.cid = e.id  WHERE ( a.status =1 AND a.progress =1 AND a.end_time >1495231916 AND a.isdel = 0 ) ORDER BY sort desc LIMIT 10   [ RunTime:0.0020s ]
SQL: SHOW COLUMNS FROM `zml_news` [ RunTime:0.0012s ]
SQL: SHOW COLUMNS FROM `zml_news` [ RunTime:0.0010s ]
SQL: SELECT a.*,b.name as cname FROM zml_news a LEFT JOIN zml_news_category b ON a.cid=b.id   WHERE ( a.status =1 AND a.cid In(4) ) ORDER BY a.time desc LIMIT 10   [ RunTime:0.0043s ]
SQL: SHOW COLUMNS FROM `zml_nav` [ RunTime:0.0014s ]
SQL: SHOW COLUMNS FROM `zml_nav` [ RunTime:0.0011s ]
SQL: SELECT * FROM `zml_nav` WHERE ( status =1 AND type =2 AND pid =0 ) ORDER BY time desc  [ RunTime:0.0004s ]
SQL: SELECT * FROM `zml_nav` WHERE `pid` = 1 ORDER BY time desc LIMIT 10   [ RunTime:0.0003s ]
SQL: SELECT * FROM `zml_nav` WHERE `pid` = 3 ORDER BY time desc LIMIT 10   [ RunTime:0.0003s ]
SQL: SELECT * FROM `zml_nav` WHERE `pid` = 5 ORDER BY time desc LIMIT 10   [ RunTime:0.0005s ]
SQL: SELECT * FROM `zml_nav` WHERE `pid` = 7 ORDER BY time desc LIMIT 10   [ RunTime:0.0003s ]
SQL: SELECT * FROM `zml_nav` WHERE `pid` = 8 ORDER BY time desc LIMIT 10   [ RunTime:0.0002s ]
SQL: SELECT * FROM `zml_nav` WHERE `pid` = 9 ORDER BY time desc LIMIT 10   [ RunTime:0.0002s ]
INFO: Run Behavior\ParseTemplateBehavior [ RunTime:0.580031s ]
INFO: [ view_parse ] --END-- [ RunTime:0.580078s ]
INFO: [ view_filter ] --START--
INFO: Run Behavior\WriteHtmlCacheBehavior [ RunTime:0.000092s ]
INFO: [ view_filter ] --END-- [ RunTime:0.000139s ]

[ 2017-05-20T10:19:08+08:00 ] 40.77.167.109 /
INFO: [ app_init ] --START--
INFO: Run Behavior\BuildLiteBehavior [ RunTime:0.000018s ]
INFO: [ app_init ] --END-- [ RunTime:0.000127s ]
INFO: [ app_begin ] --START--
INFO: Run Behavior\ReadHtmlCacheBehavior [ RunTime:0.000073s ]
INFO: [ app_begin ] --END-- [ RunTime:0.000130s ]
INFO: [ view_parse ] --START--
NOTIC: [8] Undefined variable: w /home/wwwroot/zhongchou.com/App/TagLib/Zml.class.php 第 71 行.
NOTIC: [8] Undefined index: order /home/wwwroot/zhongchou.com/App/TagLib/Zml.class.php 第 166 行.
NOTIC: [8] Undefined index: cid /home/wwwroot/zhongchou.com/App/TagLib/Zml.class.php 第 167 行.
NOTIC: [8] Undefined index: attr /home/wwwroot/zhongchou.com/App/TagLib/Zml.class.php 第 170 行.
NOTIC: [8] Undefined variable: w /home/wwwroot/zhongchou.com/App/TagLib/Zml.class.php 第 178 行.
INFO: [ template_filter ] --START--
INFO: Run Behavior\ContentReplaceBehavior [ RunTime:0.000070s ]
INFO: [ template_filter ] --END-- [ RunTime:0.000128s ]
SQL: SHOW COLUMNS FROM `zml_ad` [ RunTime:0.0013s ]
SQL: SELECT * FROM `zml_ad` WHERE ( type =1 )  [ RunTime:0.0002s ]
SQL: SHOW COLUMNS FROM `zml_item` [ RunTime:0.0012s ]
NOTIC: [2] Illegal string offset 'a.isdel' /home/wwwroot/zhongchou.com/App/User/Model/ItemModel.class.php 第 46 行.
SQL: SHOW COLUMNS FROM `zml_item` [ RunTime:0.0012s ]
SQL: SELECT a.*,a.id as id,c.id as cid,c.name as progress_name,d.uin,d.name as user_name,d.header as user_header,e.id as eid,e.name as category_name FROM zml_item as a LEFT JOIN zml_item_progress as c ON a.progress = c.id LEFT JOIN zml_user as d ON a.uin = d.uin LEFT JOIN zml_item_category as e ON a.cid = e.id  WHERE ( a.status =1 AND a.progress =1 AND a.end_time >1495246748 AND a.isdel = 0 ) ORDER BY sort desc LIMIT 10   [ RunTime:0.0013s ]
INFO: Run Behavior\ParseTemplateBehavior [ RunTime:0.059811s ]
INFO: [ view_parse ] --END-- [ RunTime:0.059860s ]
INFO: [ view_filter ] --START--
INFO: Run Behavior\WriteHtmlCacheBehavior [ RunTime:0.000079s ]
INFO: [ view_filter ] --END-- [ RunTime:0.000120s ]
INFO: [ app_end ] --START--
INFO: Run Behavior\ShowPageTraceBehavior [ RunTime:0.000064s ]
INFO: [ app_end ] --END-- [ RunTime:0.000104s ]

[ 2017-05-20T14:08:22+08:00 ] 103.242.202.196 /
INFO: [ app_init ] --START--
INFO: Run Behavior\BuildLiteBehavior [ RunTime:0.000013s ]
INFO: [ app_init ] --END-- [ RunTime:0.000107s ]
INFO: [ app_begin ] --START--
INFO: Run Behavior\ReadHtmlCacheBehavior [ RunTime:0.000046s ]
INFO: [ app_begin ] --END-- [ RunTime:0.000091s ]
INFO: [ view_parse ] --START--
NOTIC: [8] Undefined variable: w /home/wwwroot/zhongchou.com/App/TagLib/Zml.class.php 第 71 行.
NOTIC: [8] Undefined index: order /home/wwwroot/zhongchou.com/App/TagLib/Zml.class.php 第 166 行.
NOTIC: [8] Undefined index: cid /home/wwwroot/zhongchou.com/App/TagLib/Zml.class.php 第 167 行.
NOTIC: [8] Undefined index: attr /home/wwwroot/zhongchou.com/App/TagLib/Zml.class.php 第 170 行.
NOTIC: [8] Undefined variable: w /home/wwwroot/zhongchou.com/App/TagLib/Zml.class.php 第 178 行.
INFO: [ template_filter ] --START--
INFO: Run Behavior\ContentReplaceBehavior [ RunTime:0.000081s ]
INFO: [ template_filter ] --END-- [ RunTime:0.000151s ]
SQL: SHOW COLUMNS FROM `zml_ad` [ RunTime:0.0014s ]
SQL: SELECT * FROM `zml_ad` WHERE ( type =1 )  [ RunTime:0.0002s ]
SQL: SHOW COLUMNS FROM `zml_item` [ RunTime:0.0015s ]
NOTIC: [2] Illegal string offset 'a.isdel' /home/wwwroot/zhongchou.com/App/User/Model/ItemModel.class.php 第 46 行.
SQL: SHOW COLUMNS FROM `zml_item` [ RunTime:0.0024s ]
SQL: SELECT a.*,a.id as id,c.id as cid,c.name as progress_name,d.uin,d.name as user_name,d.header as user_header,e.id as eid,e.name as category_name FROM zml_item as a LEFT JOIN zml_item_progress as c ON a.progress = c.id LEFT JOIN zml_user as d ON a.uin = d.uin LEFT JOIN zml_item_category as e ON a.cid = e.id  WHERE ( a.status =1 AND a.progress =1 AND a.end_time >1495260501 AND a.isdel = 0 ) ORDER BY sort desc LIMIT 10   [ RunTime:0.0015s ]
INFO: Run Behavior\ParseTemplateBehavior [ RunTime:0.017710s ]
INFO: [ view_parse ] --END-- [ RunTime:0.017773s ]
INFO: [ view_filter ] --START--
INFO: Run Behavior\WriteHtmlCacheBehavior [ RunTime:0.000078s ]
INFO: [ view_filter ] --END-- [ RunTime:0.000139s ]
INFO: 
INFO: 
INFO: 

[ 2017-05-20T14:19:42+08:00 ] 111.20.248.74 /
INFO: [ app_init ] --START--
INFO: Run Behavior\BuildLiteBehavior [ RunTime:0.000023s ]
INFO: [ app_init ] --END-- [ RunTime:0.000164s ]
INFO: [ app_begin ] --START--
INFO: Run Behavior\ReadHtmlCacheBehavior [ RunTime:0.000056s ]
INFO: [ app_begin ] --END-- [ RunTime:0.000117s ]
INFO: [ view_parse ] --START--
NOTIC: [8] Undefined variable: w /home/wwwroot/zhongchou.com/App/TagLib/Zml.class.php 第 71 行.
NOTIC: [8] Undefined index: order /home/wwwroot/zhongchou.com/App/TagLib/Zml.class.php 第 166 行.
NOTIC: [8] Undefined index: cid /home/wwwroot/zhongchou.com/App/TagLib/Zml.class.php 第 167 行.
NOTIC: [8] Undefined index: attr /home/wwwroot/zhongchou.com/App/TagLib/Zml.class.php 第 170 行.
NOTIC: [8] Undefined variable: w /home/wwwroot/zhongchou.com/App/TagLib/Zml.class.php 第 178 行.
INFO: [ template_filter ] --START--
INFO: Run Behavior\ContentReplaceBehavior [ RunTime:0.000062s ]
INFO: [ template_filter ] --END-- [ RunTime:0.000118s ]
SQL: SHOW COLUMNS FROM `zml_ad` [ RunTime:0.0018s ]
SQL: SELECT * FROM `zml_ad` WHERE ( type =1 )  [ RunTime:0.0003s ]
SQL: SHOW COLUMNS FROM `zml_item` [ RunTime:0.0013s ]
NOTIC: [2] Illegal string offset 'a.isdel' /home/wwwroot/zhongchou.com/App/User/Model/ItemModel.class.php 第 46 行.
SQL: SHOW COLUMNS FROM `zml_item` [ RunTime:0.0014s ]
SQL: SELECT a.*,a.id as id,c.id as cid,c.name as progress_name,d.uin,d.name as user_name,d.header as user_header,e.id as eid,e.name as category_name FROM zml_item as a LEFT JOIN zml_item_progress as c ON a.progress = c.id LEFT JOIN zml_user as d ON a.uin = d.uin LEFT JOIN zml_item_category as e ON a.cid = e.id  WHERE ( a.status =1 AND a.progress =1 AND a.end_time >1495261182 AND a.isdel = 0 ) ORDER BY sort desc LIMIT 10   [ RunTime:0.0021s ]
INFO: Run Behavior\ParseTemplateBehavior [ RunTime:0.017847s ]
INFO: [ view_parse ] --END-- [ RunTime:0.017905s ]
INFO: [ view_filter ] --START--
INFO: Run Behavior\WriteHtmlCacheBehavior [ RunTime:0.000080s ]
INFO: [ view_filter ] --END-- [ RunTime:0.000120s ]
INFO: 
INFO: 
INFO: 

[ 2017-05-20T16:10:31+08:00 ] 180.76.15.141 /
INFO: [ app_init ] --START--
INFO: Run Behavior\BuildLiteBehavior [ RunTime:0.000021s ]
INFO: [ app_init ] --END-- [ RunTime:0.000189s ]
INFO: [ app_begin ] --START--
INFO: Run Behavior\ReadHtmlCacheBehavior [ RunTime:0.000076s ]
INFO: [ app_begin ] --END-- [ RunTime:0.000128s ]
INFO: [ view_parse ] --START--
NOTIC: [8] Undefined variable: w /home/wwwroot/zhongchou.com/App/TagLib/Zml.class.php 第 71 行.
NOTIC: [8] Undefined variable: w /home/wwwroot/zhongchou.com/App/TagLib/Zml.class.php 第 92 行.
NOTIC: [8] Undefined index: cid /home/wwwroot/zhongchou.com/App/TagLib/Zml.class.php 第 167 行.
NOTIC: [8] Undefined index: end /home/wwwroot/zhongchou.com/App/TagLib/Zml.class.php 第 168 行.
NOTIC: [8] Undefined index: progress /home/wwwroot/zhongchou.com/App/TagLib/Zml.class.php 第 169 行.
NOTIC: [8] Undefined index: attr /home/wwwroot/zhongchou.com/App/TagLib/Zml.class.php 第 170 行.
NOTIC: [8] Undefined variable: w /home/wwwroot/zhongchou.com/App/TagLib/Zml.class.php 第 178 行.
NOTIC: [8] Undefined index: order /home/wwwroot/zhongchou.com/App/TagLib/Zml.class.php 第 166 行.
NOTIC: [8] Undefined index: cid /home/wwwroot/zhongchou.com/App/TagLib/Zml.class.php 第 167 行.
NOTIC: [8] Undefined index: attr /home/wwwroot/zhongchou.com/App/TagLib/Zml.class.php 第 170 行.
NOTIC: [8] Undefined variable: w /home/wwwroot/zhongchou.com/App/TagLib/Zml.class.php 第 178 行.
NOTIC: [8] Undefined index: num /home/wwwroot/zhongchou.com/App/TagLib/Zml.class.php 第 133 行.
NOTIC: [8] Undefined variable: w /home/wwwroot/zhongchou.com/App/TagLib/Zml.class.php 第 140 行.
NOTIC: [8] Undefined variable: limit /home/wwwroot/zhongchou.com/App/TagLib/Zml.class.php 第 153 行.
INFO: [ template_filter ] --START--
INFO: Run Behavior\ContentReplaceBehavior [ RunTime:0.000080s ]
INFO: [ template_filter ] --END-- [ RunTime:0.000136s ]
SQL: SHOW COLUMNS FROM `zml_ad` [ RunTime:0.0013s ]
SQL: SELECT * FROM `zml_ad` WHERE ( type =1 )  [ RunTime:0.0002s ]
SQL: SHOW COLUMNS FROM `zml_item` [ RunTime:0.0012s ]
NOTIC: [2] Illegal string offset 'a.isdel' /home/wwwroot/zhongchou.com/App/User/Model/ItemModel.class.php 第 46 行.
SQL: SHOW COLUMNS FROM `zml_item` [ RunTime:0.0011s ]
SQL: SELECT a.*,a.id as id,c.id as cid,c.name as progress_name,d.uin,d.name as user_name,d.header as user_header,e.id as eid,e.name as category_name FROM zml_item as a LEFT JOIN zml_item_progress as c ON a.progress = c.id LEFT JOIN zml_user as d ON a.uin = d.uin LEFT JOIN zml_item_category as e ON a.cid = e.id  WHERE ( a.status =1 AND a.isdel = 0 ) ORDER BY time desc LIMIT 2   [ RunTime:0.0217s ]
SQL: SHOW COLUMNS FROM `zml_item_with_order` [ RunTime:0.0015s ]
NOTIC: [2] Missing argument 2 for User\Model\ItemWithOrderModel::countMoney(), called in /home/wwwroot/zhongchou.com/App/User/Model/ItemWithOrderModel.class.php on line 66 and defined /home/wwwroot/zhongchou.com/App/User/Model/ItemWithOrderModel.class.php 第 51 行.
NOTIC: [8] Undefined variable: uin /home/wwwroot/zhongchou.com/App/User/Model/ItemWithOrderModel.class.php 第 53 行.
SQL: SHOW COLUMNS FROM `zml_item_with_order` [ RunTime:0.0013s ]
SQL: SELECT SUM(a.money) AS tp_sum FROM zml_item_with_order as a WHERE a.itemid = '2' LIMIT 1   [ RunTime:0.0004s ]
SQL: SHOW COLUMNS FROM `zml_item` [ RunTime:0.0016s ]
SQL: SELECT `raising_money` FROM `zml_item` WHERE `id` = 2 LIMIT 1   [ RunTime:0.0004s ]
NOTIC: [2] Missing argument 2 for User\Model\ItemWithOrderModel::countMoney(), called in /home/wwwroot/zhongchou.com/Runtime/Cache/Home/9caf0bb0a4ec33bc3ac62eb05fc12f83.php on line 177 and defined /home/wwwroot/zhongchou.com/App/User/Model/ItemWithOrderModel.class.php 第 51 行.
NOTIC: [8] Undefined variable: uin /home/wwwroot/zhongchou.com/App/User/Model/ItemWithOrderModel.class.php 第 53 行.
SQL: SELECT SUM(a.money) AS tp_sum FROM zml_item_with_order as a WHERE a.itemid = '2' LIMIT 1   [ RunTime:0.0003s ]
NOTIC: [2] Missing argument 2 for User\Model\ItemWithOrderModel::countMoney(), called in /home/wwwroot/zhongchou.com/App/User/Model/ItemWithOrderModel.class.php on line 66 and defined /home/wwwroot/zhongchou.com/App/User/Model/ItemWithOrderModel.class.php 第 51 行.
NOTIC: [8] Undefined variable: uin /home/wwwroot/zhongchou.com/App/User/Model/ItemWithOrderModel.class.php 第 53 行.
SQL: SELECT SUM(a.money) AS tp_sum FROM zml_item_with_order as a WHERE a.itemid = '1' LIMIT 1   [ RunTime:0.0003s ]
SQL: SELECT `raising_money` FROM `zml_item` WHERE `id` = 1 LIMIT 1   [ RunTime:0.0002s ]
NOTIC: [2] Missing argument 2 for User\Model\ItemWithOrderModel::countMoney(), called in /home/wwwroot/zhongchou.com/Runtime/Cache/Home/9caf0bb0a4ec33bc3ac62eb05fc12f83.php on line 177 and defined /home/wwwroot/zhongchou.com/App/User/Model/ItemWithOrderModel.class.php 第 51 行.
NOTIC: [8] Undefined variable: uin /home/wwwroot/zhongchou.com/App/User/Model/ItemWithOrderModel.class.php 第 53 行.
SQL: SELECT SUM(a.money) AS tp_sum FROM zml_item_with_order as a WHERE a.itemid = '1' LIMIT 1   [ RunTime:0.0003s ]
NOTIC: [2] Illegal string offset 'a.isdel' /home/wwwroot/zhongchou.com/App/User/Model/ItemModel.class.php 第 46 行.
SQL: SELECT a.*,a.id as id,c.id as cid,c.name as progress_name,d.uin,d.name as user_name,d.header as user_header,e.id as eid,e.name as category_name FROM zml_item as a LEFT JOIN zml_item_progress as c ON a.progress = c.id LEFT JOIN zml_user as d ON a.uin = d.uin LEFT JOIN zml_item_category as e ON a.cid = e.id  WHERE ( a.status =1 AND a.progress =1 AND a.end_time >1495267831 AND a.isdel = 0 ) ORDER BY sort desc LIMIT 10   [ RunTime:0.0020s ]
SQL: SHOW COLUMNS FROM `zml_news` [ RunTime:0.0014s ]
SQL: SHOW COLUMNS FROM `zml_news` [ RunTime:0.0015s ]
SQL: SELECT a.*,b.name as cname FROM zml_news a LEFT JOIN zml_news_category b ON a.cid=b.id   WHERE ( a.status =1 AND a.cid In(4) ) ORDER BY a.time desc LIMIT 10   [ RunTime:0.0060s ]
SQL: SHOW COLUMNS FROM `zml_nav` [ RunTime:0.0016s ]
SQL: SHOW COLUMNS FROM `zml_nav` [ RunTime:0.0012s ]
SQL: SELECT * FROM `zml_nav` WHERE ( status =1 AND type =2 AND pid =0 ) ORDER BY time desc  [ RunTime:0.0004s ]
SQL: SELECT * FROM `zml_nav` WHERE `pid` = 1 ORDER BY time desc LIMIT 10   [ RunTime:0.0003s ]
SQL: SELECT * FROM `zml_nav` WHERE `pid` = 3 ORDER BY time desc LIMIT 10   [ RunTime:0.0005s ]
SQL: SELECT * FROM `zml_nav` WHERE `pid` = 5 ORDER BY time desc LIMIT 10   [ RunTime:0.0002s ]
SQL: SELECT * FROM `zml_nav` WHERE `pid` = 7 ORDER BY time desc LIMIT 10   [ RunTime:0.0002s ]
SQL: SELECT * FROM `zml_nav` WHERE `pid` = 8 ORDER BY time desc LIMIT 10   [ RunTime:0.0002s ]
SQL: SELECT * FROM `zml_nav` WHERE `pid` = 9 ORDER BY time desc LIMIT 10   [ RunTime:0.0003s ]
INFO: Run Behavior\ParseTemplateBehavior [ RunTime:0.097928s ]
INFO: [ view_parse ] --END-- [ RunTime:0.097997s ]
INFO: [ view_filter ] --START--
INFO: Run Behavior\WriteHtmlCacheBehavior [ RunTime:0.000100s ]
INFO: [ view_filter ] --END-- [ RunTime:0.000175s ]

[ 2017-05-20T21:06:58+08:00 ] 109.169.29.30 /robots.txt
INFO: [ app_init ] --START--
INFO: Run Behavior\BuildLiteBehavior [ RunTime:0.000023s ]
INFO: [ app_init ] --END-- [ RunTime:0.000169s ]
INFO: [ app_begin ] --START--
INFO: Run Behavior\ReadHtmlCacheBehavior [ RunTime:0.000080s ]
INFO: [ app_begin ] --END-- [ RunTime:0.000149s ]
ERR: 无法加载控制器:Robots.txt

[ 2017-05-20T21:07:11+08:00 ] 78.129.250.17 /robots.txt
INFO: [ app_init ] --START--
INFO: Run Behavior\BuildLiteBehavior [ RunTime:0.000022s ]
INFO: [ app_init ] --END-- [ RunTime:0.000151s ]
INFO: [ app_begin ] --START--
INFO: Run Behavior\ReadHtmlCacheBehavior [ RunTime:0.000070s ]
INFO: [ app_begin ] --END-- [ RunTime:0.000135s ]
ERR: 无法加载控制器:Robots.txt

[ 2017-05-20T21:07:14+08:00 ] 82.145.46.102 /robots.txt
INFO: [ app_init ] --START--
INFO: Run Behavior\BuildLiteBehavior [ RunTime:0.000015s ]
INFO: [ app_init ] --END-- [ RunTime:0.000106s ]
INFO: [ app_begin ] --START--
INFO: Run Behavior\ReadHtmlCacheBehavior [ RunTime:0.000122s ]
INFO: [ app_begin ] --END-- [ RunTime:0.000170s ]
ERR: 无法加载控制器:Robots.txt

