[ 2017-06-12T02:13:57+08:00 ] 103.242.202.196 /
INFO: [ app_init ] --START--
INFO: Run Behavior\BuildLiteBehavior [ RunTime:0.000018s ]
INFO: [ app_init ] --END-- [ RunTime:0.000144s ]
INFO: [ app_begin ] --START--
INFO: Run Behavior\ReadHtmlCacheBehavior [ RunTime:0.000063s ]
INFO: [ app_begin ] --END-- [ RunTime:0.000130s ]
INFO: [ view_parse ] --START--
NOTIC: [8] Undefined variable: w /home/wwwroot/zhongchou.com/App/TagLib/Zml.class.php 第 71 行.
NOTIC: [8] Undefined index: order /home/wwwroot/zhongchou.com/App/TagLib/Zml.class.php 第 166 行.
NOTIC: [8] Undefined index: cid /home/wwwroot/zhongchou.com/App/TagLib/Zml.class.php 第 167 行.
NOTIC: [8] Undefined index: attr /home/wwwroot/zhongchou.com/App/TagLib/Zml.class.php 第 170 行.
NOTIC: [8] Undefined variable: w /home/wwwroot/zhongchou.com/App/TagLib/Zml.class.php 第 178 行.
INFO: [ template_filter ] --START--
INFO: Run Behavior\ContentReplaceBehavior [ RunTime:0.000058s ]
INFO: [ template_filter ] --END-- [ RunTime:0.000106s ]
SQL: SHOW COLUMNS FROM `zml_ad` [ RunTime:0.0014s ]
SQL: SELECT * FROM `zml_ad` WHERE ( type =1 )  [ RunTime:0.0002s ]
SQL: SHOW COLUMNS FROM `zml_item` [ RunTime:0.0012s ]
NOTIC: [2] Illegal string offset 'a.isdel' /home/wwwroot/zhongchou.com/App/User/Model/ItemModel.class.php 第 46 行.
SQL: SHOW COLUMNS FROM `zml_item` [ RunTime:0.0013s ]
SQL: SELECT a.*,a.id as id,c.id as cid,c.name as progress_name,d.uin,d.name as user_name,d.header as user_header,e.id as eid,e.name as category_name FROM zml_item as a LEFT JOIN zml_item_progress as c ON a.progress = c.id LEFT JOIN zml_user as d ON a.uin = d.uin LEFT JOIN zml_item_category as e ON a.cid = e.id  WHERE ( a.status =1 AND a.progress =1 AND a.end_time >1497204837 AND a.isdel = 0 ) ORDER BY sort desc LIMIT 10   [ RunTime:0.0014s ]
INFO: Run Behavior\ParseTemplateBehavior [ RunTime:0.017910s ]
INFO: [ view_parse ] --END-- [ RunTime:0.017961s ]
INFO: [ view_filter ] --START--
INFO: Run Behavior\WriteHtmlCacheBehavior [ RunTime:0.000054s ]
INFO: [ view_filter ] --END-- [ RunTime:0.000092s ]
INFO: 
INFO: 
INFO: 

[ 2017-06-12T08:15:03+08:00 ] 103.242.202.196 /
INFO: [ app_init ] --START--
INFO: Run Behavior\BuildLiteBehavior [ RunTime:0.000020s ]
INFO: [ app_init ] --END-- [ RunTime:0.000142s ]
INFO: [ app_begin ] --START--
INFO: Run Behavior\ReadHtmlCacheBehavior [ RunTime:0.000073s ]
INFO: [ app_begin ] --END-- [ RunTime:0.000126s ]
INFO: [ view_parse ] --START--
NOTIC: [8] Undefined variable: w /home/wwwroot/zhongchou.com/App/TagLib/Zml.class.php 第 71 行.
NOTIC: [8] Undefined index: order /home/wwwroot/zhongchou.com/App/TagLib/Zml.class.php 第 166 行.
NOTIC: [8] Undefined index: cid /home/wwwroot/zhongchou.com/App/TagLib/Zml.class.php 第 167 行.
NOTIC: [8] Undefined index: attr /home/wwwroot/zhongchou.com/App/TagLib/Zml.class.php 第 170 行.
NOTIC: [8] Undefined variable: w /home/wwwroot/zhongchou.com/App/TagLib/Zml.class.php 第 178 行.
INFO: [ template_filter ] --START--
INFO: Run Behavior\ContentReplaceBehavior [ RunTime:0.000146s ]
INFO: [ template_filter ] --END-- [ RunTime:0.000243s ]
SQL: SHOW COLUMNS FROM `zml_ad` [ RunTime:0.0022s ]
SQL: SELECT * FROM `zml_ad` WHERE ( type =1 )  [ RunTime:0.0004s ]
SQL: SHOW COLUMNS FROM `zml_item` [ RunTime:0.0018s ]
NOTIC: [2] Illegal string offset 'a.isdel' /home/wwwroot/zhongchou.com/App/User/Model/ItemModel.class.php 第 46 行.
SQL: SHOW COLUMNS FROM `zml_item` [ RunTime:0.0023s ]
SQL: SELECT a.*,a.id as id,c.id as cid,c.name as progress_name,d.uin,d.name as user_name,d.header as user_header,e.id as eid,e.name as category_name FROM zml_item as a LEFT JOIN zml_item_progress as c ON a.progress = c.id LEFT JOIN zml_user as d ON a.uin = d.uin LEFT JOIN zml_item_category as e ON a.cid = e.id  WHERE ( a.status =1 AND a.progress =1 AND a.end_time >1497226503 AND a.isdel = 0 ) ORDER BY sort desc LIMIT 10   [ RunTime:0.0015s ]
INFO: Run Behavior\ParseTemplateBehavior [ RunTime:0.036339s ]
INFO: [ view_parse ] --END-- [ RunTime:0.036402s ]
INFO: [ view_filter ] --START--
INFO: Run Behavior\WriteHtmlCacheBehavior [ RunTime:0.000108s ]
INFO: [ view_filter ] --END-- [ RunTime:0.000163s ]
INFO: 
INFO: 
INFO: 

[ 2017-06-12T12:10:58+08:00 ] 218.108.36.180 /
INFO: [ app_init ] --START--
INFO: Run Behavior\BuildLiteBehavior [ RunTime:0.000016s ]
INFO: [ app_init ] --END-- [ RunTime:0.000111s ]
INFO: [ app_begin ] --START--
INFO: Run Behavior\ReadHtmlCacheBehavior [ RunTime:0.000053s ]
INFO: [ app_begin ] --END-- [ RunTime:0.000097s ]
INFO: [ view_parse ] --START--
NOTIC: [8] Undefined variable: w /home/wwwroot/zhongchou.com/App/TagLib/Zml.class.php 第 71 行.
NOTIC: [8] Undefined variable: w /home/wwwroot/zhongchou.com/App/TagLib/Zml.class.php 第 92 行.
NOTIC: [8] Undefined index: cid /home/wwwroot/zhongchou.com/App/TagLib/Zml.class.php 第 167 行.
NOTIC: [8] Undefined index: end /home/wwwroot/zhongchou.com/App/TagLib/Zml.class.php 第 168 行.
NOTIC: [8] Undefined index: progress /home/wwwroot/zhongchou.com/App/TagLib/Zml.class.php 第 169 行.
NOTIC: [8] Undefined index: attr /home/wwwroot/zhongchou.com/App/TagLib/Zml.class.php 第 170 行.
NOTIC: [8] Undefined variable: w /home/wwwroot/zhongchou.com/App/TagLib/Zml.class.php 第 178 行.
NOTIC: [8] Undefined index: order /home/wwwroot/zhongchou.com/App/TagLib/Zml.class.php 第 166 行.
NOTIC: [8] Undefined index: cid /home/wwwroot/zhongchou.com/App/TagLib/Zml.class.php 第 167 行.
NOTIC: [8] Undefined index: attr /home/wwwroot/zhongchou.com/App/TagLib/Zml.class.php 第 170 行.
NOTIC: [8] Undefined variable: w /home/wwwroot/zhongchou.com/App/TagLib/Zml.class.php 第 178 行.
NOTIC: [8] Undefined index: num /home/wwwroot/zhongchou.com/App/TagLib/Zml.class.php 第 133 行.
NOTIC: [8] Undefined variable: w /home/wwwroot/zhongchou.com/App/TagLib/Zml.class.php 第 140 行.
NOTIC: [8] Undefined variable: limit /home/wwwroot/zhongchou.com/App/TagLib/Zml.class.php 第 153 行.
INFO: [ template_filter ] --START--
INFO: Run Behavior\ContentReplaceBehavior [ RunTime:0.000075s ]
INFO: [ template_filter ] --END-- [ RunTime:0.000130s ]
SQL: SHOW COLUMNS FROM `zml_ad` [ RunTime:0.0014s ]
SQL: SELECT * FROM `zml_ad` WHERE ( type =1 )  [ RunTime:0.0002s ]
SQL: SHOW COLUMNS FROM `zml_item` [ RunTime:0.0012s ]
NOTIC: [2] Illegal string offset 'a.isdel' /home/wwwroot/zhongchou.com/App/User/Model/ItemModel.class.php 第 46 行.
SQL: SHOW COLUMNS FROM `zml_item` [ RunTime:0.0013s ]
SQL: SELECT a.*,a.id as id,c.id as cid,c.name as progress_name,d.uin,d.name as user_name,d.header as user_header,e.id as eid,e.name as category_name FROM zml_item as a LEFT JOIN zml_item_progress as c ON a.progress = c.id LEFT JOIN zml_user as d ON a.uin = d.uin LEFT JOIN zml_item_category as e ON a.cid = e.id  WHERE ( a.status =1 AND a.isdel = 0 ) ORDER BY time desc LIMIT 2   [ RunTime:0.0228s ]
SQL: SHOW COLUMNS FROM `zml_item_with_order` [ RunTime:0.0016s ]
NOTIC: [2] Missing argument 2 for User\Model\ItemWithOrderModel::countMoney(), called in /home/wwwroot/zhongchou.com/App/User/Model/ItemWithOrderModel.class.php on line 66 and defined /home/wwwroot/zhongchou.com/App/User/Model/ItemWithOrderModel.class.php 第 51 行.
NOTIC: [8] Undefined variable: uin /home/wwwroot/zhongchou.com/App/User/Model/ItemWithOrderModel.class.php 第 53 行.
SQL: SHOW COLUMNS FROM `zml_item_with_order` [ RunTime:0.0011s ]
SQL: SELECT SUM(a.money) AS tp_sum FROM zml_item_with_order as a WHERE a.itemid = '2' LIMIT 1   [ RunTime:0.0003s ]
SQL: SHOW COLUMNS FROM `zml_item` [ RunTime:0.0012s ]
SQL: SELECT `raising_money` FROM `zml_item` WHERE `id` = 2 LIMIT 1   [ RunTime:0.0002s ]
NOTIC: [2] Missing argument 2 for User\Model\ItemWithOrderModel::countMoney(), called in /home/wwwroot/zhongchou.com/Runtime/Cache/Home/9caf0bb0a4ec33bc3ac62eb05fc12f83.php on line 177 and defined /home/wwwroot/zhongchou.com/App/User/Model/ItemWithOrderModel.class.php 第 51 行.
NOTIC: [8] Undefined variable: uin /home/wwwroot/zhongchou.com/App/User/Model/ItemWithOrderModel.class.php 第 53 行.
SQL: SELECT SUM(a.money) AS tp_sum FROM zml_item_with_order as a WHERE a.itemid = '2' LIMIT 1   [ RunTime:0.0002s ]
NOTIC: [2] Missing argument 2 for User\Model\ItemWithOrderModel::countMoney(), called in /home/wwwroot/zhongchou.com/App/User/Model/ItemWithOrderModel.class.php on line 66 and defined /home/wwwroot/zhongchou.com/App/User/Model/ItemWithOrderModel.class.php 第 51 行.
NOTIC: [8] Undefined variable: uin /home/wwwroot/zhongchou.com/App/User/Model/ItemWithOrderModel.class.php 第 53 行.
SQL: SELECT SUM(a.money) AS tp_sum FROM zml_item_with_order as a WHERE a.itemid = '1' LIMIT 1   [ RunTime:0.0002s ]
SQL: SELECT `raising_money` FROM `zml_item` WHERE `id` = 1 LIMIT 1   [ RunTime:0.0002s ]
NOTIC: [2] Missing argument 2 for User\Model\ItemWithOrderModel::countMoney(), called in /home/wwwroot/zhongchou.com/Runtime/Cache/Home/9caf0bb0a4ec33bc3ac62eb05fc12f83.php on line 177 and defined /home/wwwroot/zhongchou.com/App/User/Model/ItemWithOrderModel.class.php 第 51 行.
NOTIC: [8] Undefined variable: uin /home/wwwroot/zhongchou.com/App/User/Model/ItemWithOrderModel.class.php 第 53 行.
SQL: SELECT SUM(a.money) AS tp_sum FROM zml_item_with_order as a WHERE a.itemid = '1' LIMIT 1   [ RunTime:0.0002s ]
NOTIC: [2] Illegal string offset 'a.isdel' /home/wwwroot/zhongchou.com/App/User/Model/ItemModel.class.php 第 46 行.
SQL: SELECT a.*,a.id as id,c.id as cid,c.name as progress_name,d.uin,d.name as user_name,d.header as user_header,e.id as eid,e.name as category_name FROM zml_item as a LEFT JOIN zml_item_progress as c ON a.progress = c.id LEFT JOIN zml_user as d ON a.uin = d.uin LEFT JOIN zml_item_category as e ON a.cid = e.id  WHERE ( a.status =1 AND a.progress =1 AND a.end_time >1497240658 AND a.isdel = 0 ) ORDER BY sort desc LIMIT 10   [ RunTime:0.0013s ]
SQL: SHOW COLUMNS FROM `zml_news` [ RunTime:0.0011s ]
SQL: SHOW COLUMNS FROM `zml_news` [ RunTime:0.0012s ]
SQL: SELECT a.*,b.name as cname FROM zml_news a LEFT JOIN zml_news_category b ON a.cid=b.id   WHERE ( a.status =1 AND a.cid In(4) ) ORDER BY a.time desc LIMIT 10   [ RunTime:0.0224s ]
SQL: SHOW COLUMNS FROM `zml_nav` [ RunTime:0.0022s ]
SQL: SHOW COLUMNS FROM `zml_nav` [ RunTime:0.0012s ]
SQL: SELECT * FROM `zml_nav` WHERE ( status =1 AND type =2 AND pid =0 ) ORDER BY time desc  [ RunTime:0.0004s ]
SQL: SELECT * FROM `zml_nav` WHERE `pid` = 1 ORDER BY time desc LIMIT 10   [ RunTime:0.0003s ]
SQL: SELECT * FROM `zml_nav` WHERE `pid` = 3 ORDER BY time desc LIMIT 10   [ RunTime:0.0003s ]
SQL: SELECT * FROM `zml_nav` WHERE `pid` = 5 ORDER BY time desc LIMIT 10   [ RunTime:0.0003s ]
SQL: SELECT * FROM `zml_nav` WHERE `pid` = 7 ORDER BY time desc LIMIT 10   [ RunTime:0.0003s ]
SQL: SELECT * FROM `zml_nav` WHERE `pid` = 8 ORDER BY time desc LIMIT 10   [ RunTime:0.0003s ]
SQL: SELECT * FROM `zml_nav` WHERE `pid` = 9 ORDER BY time desc LIMIT 10   [ RunTime:0.0003s ]
INFO: Run Behavior\ParseTemplateBehavior [ RunTime:0.108589s ]
INFO: [ view_parse ] --END-- [ RunTime:0.108640s ]
INFO: [ view_filter ] --START--
INFO: Run Behavior\WriteHtmlCacheBehavior [ RunTime:0.000101s ]
INFO: [ view_filter ] --END-- [ RunTime:0.000159s ]
INFO: 
INFO: 
INFO: 

[ 2017-06-12T14:15:31+08:00 ] 103.242.202.196 /
INFO: [ app_init ] --START--
INFO: Run Behavior\BuildLiteBehavior [ RunTime:0.000018s ]
INFO: [ app_init ] --END-- [ RunTime:0.000146s ]
INFO: [ app_begin ] --START--
INFO: Run Behavior\ReadHtmlCacheBehavior [ RunTime:0.000072s ]
INFO: [ app_begin ] --END-- [ RunTime:0.000124s ]
INFO: [ view_parse ] --START--
NOTIC: [8] Undefined variable: w /home/wwwroot/zhongchou.com/App/TagLib/Zml.class.php 第 71 行.
NOTIC: [8] Undefined index: order /home/wwwroot/zhongchou.com/App/TagLib/Zml.class.php 第 166 行.
NOTIC: [8] Undefined index: cid /home/wwwroot/zhongchou.com/App/TagLib/Zml.class.php 第 167 行.
NOTIC: [8] Undefined index: attr /home/wwwroot/zhongchou.com/App/TagLib/Zml.class.php 第 170 行.
NOTIC: [8] Undefined variable: w /home/wwwroot/zhongchou.com/App/TagLib/Zml.class.php 第 178 行.
INFO: [ template_filter ] --START--
INFO: Run Behavior\ContentReplaceBehavior [ RunTime:0.000069s ]
INFO: [ template_filter ] --END-- [ RunTime:0.000134s ]
SQL: SHOW COLUMNS FROM `zml_ad` [ RunTime:0.0020s ]
SQL: SELECT * FROM `zml_ad` WHERE ( type =1 )  [ RunTime:0.0003s ]
SQL: SHOW COLUMNS FROM `zml_item` [ RunTime:0.0015s ]
NOTIC: [2] Illegal string offset 'a.isdel' /home/wwwroot/zhongchou.com/App/User/Model/ItemModel.class.php 第 46 行.
SQL: SHOW COLUMNS FROM `zml_item` [ RunTime:0.0014s ]
SQL: SELECT a.*,a.id as id,c.id as cid,c.name as progress_name,d.uin,d.name as user_name,d.header as user_header,e.id as eid,e.name as category_name FROM zml_item as a LEFT JOIN zml_item_progress as c ON a.progress = c.id LEFT JOIN zml_user as d ON a.uin = d.uin LEFT JOIN zml_item_category as e ON a.cid = e.id  WHERE ( a.status =1 AND a.progress =1 AND a.end_time >1497248131 AND a.isdel = 0 ) ORDER BY sort desc LIMIT 10   [ RunTime:0.0015s ]
INFO: Run Behavior\ParseTemplateBehavior [ RunTime:0.019693s ]
INFO: [ view_parse ] --END-- [ RunTime:0.019756s ]
INFO: [ view_filter ] --START--
INFO: Run Behavior\WriteHtmlCacheBehavior [ RunTime:0.000068s ]
INFO: [ view_filter ] --END-- [ RunTime:0.000121s ]
INFO: 
INFO: 
INFO: 

[ 2017-06-12T14:51:21+08:00 ] 117.174.248.19 /
INFO: [ app_init ] --START--
INFO: Run Behavior\BuildLiteBehavior [ RunTime:0.000017s ]
INFO: [ app_init ] --END-- [ RunTime:0.000118s ]
INFO: [ app_begin ] --START--
INFO: Run Behavior\ReadHtmlCacheBehavior [ RunTime:0.000047s ]
INFO: [ app_begin ] --END-- [ RunTime:0.000094s ]
INFO: [ view_parse ] --START--
NOTIC: [8] Undefined variable: w /home/wwwroot/zhongchou.com/App/TagLib/Zml.class.php 第 71 行.
NOTIC: [8] Undefined variable: w /home/wwwroot/zhongchou.com/App/TagLib/Zml.class.php 第 92 行.
NOTIC: [8] Undefined index: cid /home/wwwroot/zhongchou.com/App/TagLib/Zml.class.php 第 167 行.
NOTIC: [8] Undefined index: end /home/wwwroot/zhongchou.com/App/TagLib/Zml.class.php 第 168 行.
NOTIC: [8] Undefined index: progress /home/wwwroot/zhongchou.com/App/TagLib/Zml.class.php 第 169 行.
NOTIC: [8] Undefined index: attr /home/wwwroot/zhongchou.com/App/TagLib/Zml.class.php 第 170 行.
NOTIC: [8] Undefined variable: w /home/wwwroot/zhongchou.com/App/TagLib/Zml.class.php 第 178 行.
NOTIC: [8] Undefined index: order /home/wwwroot/zhongchou.com/App/TagLib/Zml.class.php 第 166 行.
NOTIC: [8] Undefined index: cid /home/wwwroot/zhongchou.com/App/TagLib/Zml.class.php 第 167 行.
NOTIC: [8] Undefined index: attr /home/wwwroot/zhongchou.com/App/TagLib/Zml.class.php 第 170 行.
NOTIC: [8] Undefined variable: w /home/wwwroot/zhongchou.com/App/TagLib/Zml.class.php 第 178 行.
NOTIC: [8] Undefined index: num /home/wwwroot/zhongchou.com/App/TagLib/Zml.class.php 第 133 行.
NOTIC: [8] Undefined variable: w /home/wwwroot/zhongchou.com/App/TagLib/Zml.class.php 第 140 行.
NOTIC: [8] Undefined variable: limit /home/wwwroot/zhongchou.com/App/TagLib/Zml.class.php 第 153 行.
INFO: [ template_filter ] --START--
INFO: Run Behavior\ContentReplaceBehavior [ RunTime:0.000073s ]
INFO: [ template_filter ] --END-- [ RunTime:0.000132s ]
SQL: SHOW COLUMNS FROM `zml_ad` [ RunTime:0.0016s ]
SQL: SELECT * FROM `zml_ad` WHERE ( type =1 )  [ RunTime:0.0002s ]
SQL: SHOW COLUMNS FROM `zml_item` [ RunTime:0.0012s ]
NOTIC: [2] Illegal string offset 'a.isdel' /home/wwwroot/zhongchou.com/App/User/Model/ItemModel.class.php 第 46 行.
SQL: SHOW COLUMNS FROM `zml_item` [ RunTime:0.0013s ]
SQL: SELECT a.*,a.id as id,c.id as cid,c.name as progress_name,d.uin,d.name as user_name,d.header as user_header,e.id as eid,e.name as category_name FROM zml_item as a LEFT JOIN zml_item_progress as c ON a.progress = c.id LEFT JOIN zml_user as d ON a.uin = d.uin LEFT JOIN zml_item_category as e ON a.cid = e.id  WHERE ( a.status =1 AND a.isdel = 0 ) ORDER BY time desc LIMIT 2   [ RunTime:0.0014s ]
SQL: SHOW COLUMNS FROM `zml_item_with_order` [ RunTime:0.0012s ]
NOTIC: [2] Missing argument 2 for User\Model\ItemWithOrderModel::countMoney(), called in /home/wwwroot/zhongchou.com/App/User/Model/ItemWithOrderModel.class.php on line 66 and defined /home/wwwroot/zhongchou.com/App/User/Model/ItemWithOrderModel.class.php 第 51 行.
NOTIC: [8] Undefined variable: uin /home/wwwroot/zhongchou.com/App/User/Model/ItemWithOrderModel.class.php 第 53 行.
SQL: SHOW COLUMNS FROM `zml_item_with_order` [ RunTime:0.0011s ]
SQL: SELECT SUM(a.money) AS tp_sum FROM zml_item_with_order as a WHERE a.itemid = '2' LIMIT 1   [ RunTime:0.0003s ]
SQL: SHOW COLUMNS FROM `zml_item` [ RunTime:0.0012s ]
SQL: SELECT `raising_money` FROM `zml_item` WHERE `id` = 2 LIMIT 1   [ RunTime:0.0002s ]
NOTIC: [2] Missing argument 2 for User\Model\ItemWithOrderModel::countMoney(), called in /home/wwwroot/zhongchou.com/Runtime/Cache/Home/9caf0bb0a4ec33bc3ac62eb05fc12f83.php on line 177 and defined /home/wwwroot/zhongchou.com/App/User/Model/ItemWithOrderModel.class.php 第 51 行.
NOTIC: [8] Undefined variable: uin /home/wwwroot/zhongchou.com/App/User/Model/ItemWithOrderModel.class.php 第 53 行.
SQL: SELECT SUM(a.money) AS tp_sum FROM zml_item_with_order as a WHERE a.itemid = '2' LIMIT 1   [ RunTime:0.0003s ]
NOTIC: [2] Missing argument 2 for User\Model\ItemWithOrderModel::countMoney(), called in /home/wwwroot/zhongchou.com/App/User/Model/ItemWithOrderModel.class.php on line 66 and defined /home/wwwroot/zhongchou.com/App/User/Model/ItemWithOrderModel.class.php 第 51 行.
NOTIC: [8] Undefined variable: uin /home/wwwroot/zhongchou.com/App/User/Model/ItemWithOrderModel.class.php 第 53 行.
SQL: SELECT SUM(a.money) AS tp_sum FROM zml_item_with_order as a WHERE a.itemid = '1' LIMIT 1   [ RunTime:0.0002s ]
SQL: SELECT `raising_money` FROM `zml_item` WHERE `id` = 1 LIMIT 1   [ RunTime:0.0002s ]
NOTIC: [2] Missing argument 2 for User\Model\ItemWithOrderModel::countMoney(), called in /home/wwwroot/zhongchou.com/Runtime/Cache/Home/9caf0bb0a4ec33bc3ac62eb05fc12f83.php on line 177 and defined /home/wwwroot/zhongchou.com/App/User/Model/ItemWithOrderModel.class.php 第 51 行.
NOTIC: [8] Undefined variable: uin /home/wwwroot/zhongchou.com/App/User/Model/ItemWithOrderModel.class.php 第 53 行.
SQL: SELECT SUM(a.money) AS tp_sum FROM zml_item_with_order as a WHERE a.itemid = '1' LIMIT 1   [ RunTime:0.0002s ]
NOTIC: [2] Illegal string offset 'a.isdel' /home/wwwroot/zhongchou.com/App/User/Model/ItemModel.class.php 第 46 行.
SQL: SELECT a.*,a.id as id,c.id as cid,c.name as progress_name,d.uin,d.name as user_name,d.header as user_header,e.id as eid,e.name as category_name FROM zml_item as a LEFT JOIN zml_item_progress as c ON a.progress = c.id LEFT JOIN zml_user as d ON a.uin = d.uin LEFT JOIN zml_item_category as e ON a.cid = e.id  WHERE ( a.status =1 AND a.progress =1 AND a.end_time >1497250281 AND a.isdel = 0 ) ORDER BY sort desc LIMIT 10   [ RunTime:0.0013s ]
SQL: SHOW COLUMNS FROM `zml_news` [ RunTime:0.0012s ]
SQL: SHOW COLUMNS FROM `zml_news` [ RunTime:0.0014s ]
SQL: SELECT a.*,b.name as cname FROM zml_news a LEFT JOIN zml_news_category b ON a.cid=b.id   WHERE ( a.status =1 AND a.cid In(4) ) ORDER BY a.time desc LIMIT 10   [ RunTime:0.0002s ]
SQL: SHOW COLUMNS FROM `zml_nav` [ RunTime:0.0011s ]
SQL: SHOW COLUMNS FROM `zml_nav` [ RunTime:0.0013s ]
SQL: SELECT * FROM `zml_nav` WHERE ( status =1 AND type =2 AND pid =0 ) ORDER BY time desc  [ RunTime:0.0004s ]
SQL: SELECT * FROM `zml_nav` WHERE `pid` = 1 ORDER BY time desc LIMIT 10   [ RunTime:0.0002s ]
SQL: SELECT * FROM `zml_nav` WHERE `pid` = 3 ORDER BY time desc LIMIT 10   [ RunTime:0.0002s ]
SQL: SELECT * FROM `zml_nav` WHERE `pid` = 5 ORDER BY time desc LIMIT 10   [ RunTime:0.0002s ]
SQL: SELECT * FROM `zml_nav` WHERE `pid` = 7 ORDER BY time desc LIMIT 10   [ RunTime:0.0002s ]
SQL: SELECT * FROM `zml_nav` WHERE `pid` = 8 ORDER BY time desc LIMIT 10   [ RunTime:0.0002s ]
SQL: SELECT * FROM `zml_nav` WHERE `pid` = 9 ORDER BY time desc LIMIT 10   [ RunTime:0.0003s ]
INFO: Run Behavior\ParseTemplateBehavior [ RunTime:0.040598s ]
INFO: [ view_parse ] --END-- [ RunTime:0.040658s ]
INFO: [ view_filter ] --START--
INFO: Run Behavior\WriteHtmlCacheBehavior [ RunTime:0.000061s ]
INFO: [ view_filter ] --END-- [ RunTime:0.000104s ]
INFO: 
INFO: 
INFO: 

[ 2017-06-12T15:07:37+08:00 ] 211.141.180.40 /
INFO: [ app_init ] --START--
INFO: Run Behavior\BuildLiteBehavior [ RunTime:0.000016s ]
INFO: [ app_init ] --END-- [ RunTime:0.000136s ]
INFO: [ app_begin ] --START--
INFO: Run Behavior\ReadHtmlCacheBehavior [ RunTime:0.000054s ]
INFO: [ app_begin ] --END-- [ RunTime:0.000116s ]
INFO: [ view_parse ] --START--
NOTIC: [8] Undefined variable: w /home/wwwroot/zhongchou.com/App/TagLib/Zml.class.php 第 71 行.
NOTIC: [8] Undefined variable: w /home/wwwroot/zhongchou.com/App/TagLib/Zml.class.php 第 92 行.
NOTIC: [8] Undefined index: cid /home/wwwroot/zhongchou.com/App/TagLib/Zml.class.php 第 167 行.
NOTIC: [8] Undefined index: end /home/wwwroot/zhongchou.com/App/TagLib/Zml.class.php 第 168 行.
NOTIC: [8] Undefined index: progress /home/wwwroot/zhongchou.com/App/TagLib/Zml.class.php 第 169 行.
NOTIC: [8] Undefined index: attr /home/wwwroot/zhongchou.com/App/TagLib/Zml.class.php 第 170 行.
NOTIC: [8] Undefined variable: w /home/wwwroot/zhongchou.com/App/TagLib/Zml.class.php 第 178 行.
NOTIC: [8] Undefined index: order /home/wwwroot/zhongchou.com/App/TagLib/Zml.class.php 第 166 行.
NOTIC: [8] Undefined index: cid /home/wwwroot/zhongchou.com/App/TagLib/Zml.class.php 第 167 行.
NOTIC: [8] Undefined index: attr /home/wwwroot/zhongchou.com/App/TagLib/Zml.class.php 第 170 行.
NOTIC: [8] Undefined variable: w /home/wwwroot/zhongchou.com/App/TagLib/Zml.class.php 第 178 行.
NOTIC: [8] Undefined index: num /home/wwwroot/zhongchou.com/App/TagLib/Zml.class.php 第 133 行.
NOTIC: [8] Undefined variable: w /home/wwwroot/zhongchou.com/App/TagLib/Zml.class.php 第 140 行.
NOTIC: [8] Undefined variable: limit /home/wwwroot/zhongchou.com/App/TagLib/Zml.class.php 第 153 行.
INFO: [ template_filter ] --START--
INFO: Run Behavior\ContentReplaceBehavior [ RunTime:0.000078s ]
INFO: [ template_filter ] --END-- [ RunTime:0.000134s ]
SQL: SHOW COLUMNS FROM `zml_ad` [ RunTime:0.0018s ]
SQL: SELECT * FROM `zml_ad` WHERE ( type =1 )  [ RunTime:0.0003s ]
SQL: SHOW COLUMNS FROM `zml_item` [ RunTime:0.0013s ]
NOTIC: [2] Illegal string offset 'a.isdel' /home/wwwroot/zhongchou.com/App/User/Model/ItemModel.class.php 第 46 行.
SQL: SHOW COLUMNS FROM `zml_item` [ RunTime:0.0012s ]
SQL: SELECT a.*,a.id as id,c.id as cid,c.name as progress_name,d.uin,d.name as user_name,d.header as user_header,e.id as eid,e.name as category_name FROM zml_item as a LEFT JOIN zml_item_progress as c ON a.progress = c.id LEFT JOIN zml_user as d ON a.uin = d.uin LEFT JOIN zml_item_category as e ON a.cid = e.id  WHERE ( a.status =1 AND a.isdel = 0 ) ORDER BY time desc LIMIT 2   [ RunTime:0.0015s ]
SQL: SHOW COLUMNS FROM `zml_item_with_order` [ RunTime:0.0012s ]
NOTIC: [2] Missing argument 2 for User\Model\ItemWithOrderModel::countMoney(), called in /home/wwwroot/zhongchou.com/App/User/Model/ItemWithOrderModel.class.php on line 66 and defined /home/wwwroot/zhongchou.com/App/User/Model/ItemWithOrderModel.class.php 第 51 行.
NOTIC: [8] Undefined variable: uin /home/wwwroot/zhongchou.com/App/User/Model/ItemWithOrderModel.class.php 第 53 行.
SQL: SHOW COLUMNS FROM `zml_item_with_order` [ RunTime:0.0015s ]
SQL: SELECT SUM(a.money) AS tp_sum FROM zml_item_with_order as a WHERE a.itemid = '2' LIMIT 1   [ RunTime:0.0004s ]
SQL: SHOW COLUMNS FROM `zml_item` [ RunTime:0.0016s ]
SQL: SELECT `raising_money` FROM `zml_item` WHERE `id` = 2 LIMIT 1   [ RunTime:0.0002s ]
NOTIC: [2] Missing argument 2 for User\Model\ItemWithOrderModel::countMoney(), called in /home/wwwroot/zhongchou.com/Runtime/Cache/Home/9caf0bb0a4ec33bc3ac62eb05fc12f83.php on line 177 and defined /home/wwwroot/zhongchou.com/App/User/Model/ItemWithOrderModel.class.php 第 51 行.
NOTIC: [8] Undefined variable: uin /home/wwwroot/zhongchou.com/App/User/Model/ItemWithOrderModel.class.php 第 53 行.
SQL: SELECT SUM(a.money) AS tp_sum FROM zml_item_with_order as a WHERE a.itemid = '2' LIMIT 1   [ RunTime:0.0003s ]
NOTIC: [2] Missing argument 2 for User\Model\ItemWithOrderModel::countMoney(), called in /home/wwwroot/zhongchou.com/App/User/Model/ItemWithOrderModel.class.php on line 66 and defined /home/wwwroot/zhongchou.com/App/User/Model/ItemWithOrderModel.class.php 第 51 行.
NOTIC: [8] Undefined variable: uin /home/wwwroot/zhongchou.com/App/User/Model/ItemWithOrderModel.class.php 第 53 行.
SQL: SELECT SUM(a.money) AS tp_sum FROM zml_item_with_order as a WHERE a.itemid = '1' LIMIT 1   [ RunTime:0.0003s ]
SQL: SELECT `raising_money` FROM `zml_item` WHERE `id` = 1 LIMIT 1   [ RunTime:0.0002s ]
NOTIC: [2] Missing argument 2 for User\Model\ItemWithOrderModel::countMoney(), called in /home/wwwroot/zhongchou.com/Runtime/Cache/Home/9caf0bb0a4ec33bc3ac62eb05fc12f83.php on line 177 and defined /home/wwwroot/zhongchou.com/App/User/Model/ItemWithOrderModel.class.php 第 51 行.
NOTIC: [8] Undefined variable: uin /home/wwwroot/zhongchou.com/App/User/Model/ItemWithOrderModel.class.php 第 53 行.
SQL: SELECT SUM(a.money) AS tp_sum FROM zml_item_with_order as a WHERE a.itemid = '1' LIMIT 1   [ RunTime:0.0002s ]
NOTIC: [2] Illegal string offset 'a.isdel' /home/wwwroot/zhongchou.com/App/User/Model/ItemModel.class.php 第 46 行.
SQL: SELECT a.*,a.id as id,c.id as cid,c.name as progress_name,d.uin,d.name as user_name,d.header as user_header,e.id as eid,e.name as category_name FROM zml_item as a LEFT JOIN zml_item_progress as c ON a.progress = c.id LEFT JOIN zml_user as d ON a.uin = d.uin LEFT JOIN zml_item_category as e ON a.cid = e.id  WHERE ( a.status =1 AND a.progress =1 AND a.end_time >1497251257 AND a.isdel = 0 ) ORDER BY sort desc LIMIT 10   [ RunTime:0.0015s ]
SQL: SHOW COLUMNS FROM `zml_news` [ RunTime:0.0025s ]
SQL: SHOW COLUMNS FROM `zml_news` [ RunTime:0.0012s ]
SQL: SELECT a.*,b.name as cname FROM zml_news a LEFT JOIN zml_news_category b ON a.cid=b.id   WHERE ( a.status =1 AND a.cid In(4) ) ORDER BY a.time desc LIMIT 10   [ RunTime:0.0003s ]
SQL: SHOW COLUMNS FROM `zml_nav` [ RunTime:0.0012s ]
SQL: SHOW COLUMNS FROM `zml_nav` [ RunTime:0.0021s ]
SQL: SELECT * FROM `zml_nav` WHERE ( status =1 AND type =2 AND pid =0 ) ORDER BY time desc  [ RunTime:0.0005s ]
SQL: SELECT * FROM `zml_nav` WHERE `pid` = 1 ORDER BY time desc LIMIT 10   [ RunTime:0.0003s ]
SQL: SELECT * FROM `zml_nav` WHERE `pid` = 3 ORDER BY time desc LIMIT 10   [ RunTime:0.0003s ]
SQL: SELECT * FROM `zml_nav` WHERE `pid` = 5 ORDER BY time desc LIMIT 10   [ RunTime:0.0002s ]
SQL: SELECT * FROM `zml_nav` WHERE `pid` = 7 ORDER BY time desc LIMIT 10   [ RunTime:0.0002s ]
SQL: SELECT * FROM `zml_nav` WHERE `pid` = 8 ORDER BY time desc LIMIT 10   [ RunTime:0.0057s ]
SQL: SELECT * FROM `zml_nav` WHERE `pid` = 9 ORDER BY time desc LIMIT 10   [ RunTime:0.0003s ]
INFO: Run Behavior\ParseTemplateBehavior [ RunTime:0.055464s ]
INFO: [ view_parse ] --END-- [ RunTime:0.055522s ]
INFO: [ view_filter ] --START--
INFO: Run Behavior\WriteHtmlCacheBehavior [ RunTime:0.000079s ]
INFO: [ view_filter ] --END-- [ RunTime:0.000129s ]
INFO: 
INFO: 
INFO: 

[ 2017-06-12T19:36:30+08:00 ] 185.106.20.143 /sql.tgz
INFO: [ app_init ] --START--
INFO: Run Behavior\BuildLiteBehavior [ RunTime:0.000014s ]
INFO: [ app_init ] --END-- [ RunTime:0.000103s ]
INFO: [ app_begin ] --START--
INFO: Run Behavior\ReadHtmlCacheBehavior [ RunTime:0.000050s ]
INFO: [ app_begin ] --END-- [ RunTime:0.000111s ]
ERR: 无法加载控制器:Sql.tgz

[ 2017-06-12T19:37:50+08:00 ] 91.121.106.53 /mysql.zip
INFO: [ app_init ] --START--
INFO: Run Behavior\BuildLiteBehavior [ RunTime:0.000013s ]
INFO: [ app_init ] --END-- [ RunTime:0.000095s ]
INFO: [ app_begin ] --START--
INFO: Run Behavior\ReadHtmlCacheBehavior [ RunTime:0.000047s ]
INFO: [ app_begin ] --END-- [ RunTime:0.000093s ]
ERR: 无法加载控制器:Mysql.zip

[ 2017-06-12T19:59:53+08:00 ] 91.121.106.53 /1.sql
INFO: [ app_init ] --START--
INFO: Run Behavior\BuildLiteBehavior [ RunTime:0.000013s ]
INFO: [ app_init ] --END-- [ RunTime:0.000096s ]
INFO: [ app_begin ] --START--
INFO: Run Behavior\ReadHtmlCacheBehavior [ RunTime:0.000046s ]
INFO: [ app_begin ] --END-- [ RunTime:0.000093s ]
ERR: 无法加载控制器:1.sql

[ 2017-06-12T20:04:56+08:00 ] 185.106.20.143 /dump.tar.gz
INFO: [ app_init ] --START--
INFO: Run Behavior\BuildLiteBehavior [ RunTime:0.000014s ]
INFO: [ app_init ] --END-- [ RunTime:0.000110s ]
INFO: [ app_begin ] --START--
INFO: Run Behavior\ReadHtmlCacheBehavior [ RunTime:0.000049s ]
INFO: [ app_begin ] --END-- [ RunTime:0.000114s ]
ERR: 无法加载控制器:Dump.tar.gz

[ 2017-06-12T20:13:20+08:00 ] 91.121.106.53 /dbdump.sql.gz
INFO: [ app_init ] --START--
INFO: Run Behavior\BuildLiteBehavior [ RunTime:0.000022s ]
INFO: [ app_init ] --END-- [ RunTime:0.000164s ]
INFO: [ app_begin ] --START--
INFO: Run Behavior\ReadHtmlCacheBehavior [ RunTime:0.000077s ]
INFO: [ app_begin ] --END-- [ RunTime:0.000148s ]
ERR: 无法加载控制器:Dbdump.sql.gz

[ 2017-06-12T20:20:27+08:00 ] 91.121.106.53 /sql.tar.gz
INFO: [ app_init ] --START--
INFO: Run Behavior\BuildLiteBehavior [ RunTime:0.000013s ]
INFO: [ app_init ] --END-- [ RunTime:0.000097s ]
INFO: [ app_begin ] --START--
INFO: Run Behavior\ReadHtmlCacheBehavior [ RunTime:0.000046s ]
INFO: [ app_begin ] --END-- [ RunTime:0.000090s ]
ERR: 无法加载控制器:Sql.tar.gz

[ 2017-06-12T20:31:42+08:00 ] 91.121.106.53 /db.tar
INFO: [ app_init ] --START--
INFO: Run Behavior\BuildLiteBehavior [ RunTime:0.000014s ]
INFO: [ app_init ] --END-- [ RunTime:0.000109s ]
INFO: [ app_begin ] --START--
INFO: Run Behavior\ReadHtmlCacheBehavior [ RunTime:0.000048s ]
INFO: [ app_begin ] --END-- [ RunTime:0.000093s ]
ERR: 无法加载控制器:Db.tar

[ 2017-06-12T20:40:55+08:00 ] 91.121.106.53 /dump.tgz
INFO: [ app_init ] --START--
INFO: Run Behavior\BuildLiteBehavior [ RunTime:0.000022s ]
INFO: [ app_init ] --END-- [ RunTime:0.000150s ]
INFO: [ app_begin ] --START--
INFO: Run Behavior\ReadHtmlCacheBehavior [ RunTime:0.000080s ]
INFO: [ app_begin ] --END-- [ RunTime:0.000140s ]
ERR: 无法加载控制器:Dump.tgz

[ 2017-06-12T20:51:18+08:00 ] 91.121.106.53 /dump.zip
INFO: [ app_init ] --START--
INFO: Run Behavior\BuildLiteBehavior [ RunTime:0.000015s ]
INFO: [ app_init ] --END-- [ RunTime:0.000126s ]
INFO: [ app_begin ] --START--
INFO: Run Behavior\ReadHtmlCacheBehavior [ RunTime:0.000080s ]
INFO: [ app_begin ] --END-- [ RunTime:0.000155s ]
ERR: 无法加载控制器:Dump.zip

[ 2017-06-12T20:53:57+08:00 ] 185.106.20.143 /db_backup.sql
INFO: [ app_init ] --START--
INFO: Run Behavior\BuildLiteBehavior [ RunTime:0.000015s ]
INFO: [ app_init ] --END-- [ RunTime:0.000109s ]
INFO: [ app_begin ] --START--
INFO: Run Behavior\ReadHtmlCacheBehavior [ RunTime:0.000061s ]
INFO: [ app_begin ] --END-- [ RunTime:0.000119s ]
ERR: 无法加载控制器:Db_backup.sql

[ 2017-06-12T21:09:01+08:00 ] 183.225.121.42 /
INFO: [ app_init ] --START--
INFO: Run Behavior\BuildLiteBehavior [ RunTime:0.000023s ]
INFO: [ app_init ] --END-- [ RunTime:0.000180s ]
INFO: [ app_begin ] --START--
INFO: Run Behavior\ReadHtmlCacheBehavior [ RunTime:0.000047s ]
INFO: [ app_begin ] --END-- [ RunTime:0.000093s ]
INFO: [ view_parse ] --START--
NOTIC: [8] Undefined variable: w /home/wwwroot/zhongchou.com/App/TagLib/Zml.class.php 第 71 行.
NOTIC: [8] Undefined variable: w /home/wwwroot/zhongchou.com/App/TagLib/Zml.class.php 第 92 行.
NOTIC: [8] Undefined index: cid /home/wwwroot/zhongchou.com/App/TagLib/Zml.class.php 第 167 行.
NOTIC: [8] Undefined index: end /home/wwwroot/zhongchou.com/App/TagLib/Zml.class.php 第 168 行.
NOTIC: [8] Undefined index: progress /home/wwwroot/zhongchou.com/App/TagLib/Zml.class.php 第 169 行.
NOTIC: [8] Undefined index: attr /home/wwwroot/zhongchou.com/App/TagLib/Zml.class.php 第 170 行.
NOTIC: [8] Undefined variable: w /home/wwwroot/zhongchou.com/App/TagLib/Zml.class.php 第 178 行.
NOTIC: [8] Undefined index: order /home/wwwroot/zhongchou.com/App/TagLib/Zml.class.php 第 166 行.
NOTIC: [8] Undefined index: cid /home/wwwroot/zhongchou.com/App/TagLib/Zml.class.php 第 167 行.
NOTIC: [8] Undefined index: attr /home/wwwroot/zhongchou.com/App/TagLib/Zml.class.php 第 170 行.
NOTIC: [8] Undefined variable: w /home/wwwroot/zhongchou.com/App/TagLib/Zml.class.php 第 178 行.
NOTIC: [8] Undefined index: num /home/wwwroot/zhongchou.com/App/TagLib/Zml.class.php 第 133 行.
NOTIC: [8] Undefined variable: w /home/wwwroot/zhongchou.com/App/TagLib/Zml.class.php 第 140 行.
NOTIC: [8] Undefined variable: limit /home/wwwroot/zhongchou.com/App/TagLib/Zml.class.php 第 153 行.
INFO: [ template_filter ] --START--
INFO: Run Behavior\ContentReplaceBehavior [ RunTime:0.000073s ]
INFO: [ template_filter ] --END-- [ RunTime:0.000130s ]
SQL: SHOW COLUMNS FROM `zml_ad` [ RunTime:0.0014s ]
SQL: SELECT * FROM `zml_ad` WHERE ( type =1 )  [ RunTime:0.0003s ]
SQL: SHOW COLUMNS FROM `zml_item` [ RunTime:0.0013s ]
NOTIC: [2] Illegal string offset 'a.isdel' /home/wwwroot/zhongchou.com/App/User/Model/ItemModel.class.php 第 46 行.
SQL: SHOW COLUMNS FROM `zml_item` [ RunTime:0.0012s ]
SQL: SELECT a.*,a.id as id,c.id as cid,c.name as progress_name,d.uin,d.name as user_name,d.header as user_header,e.id as eid,e.name as category_name FROM zml_item as a LEFT JOIN zml_item_progress as c ON a.progress = c.id LEFT JOIN zml_user as d ON a.uin = d.uin LEFT JOIN zml_item_category as e ON a.cid = e.id  WHERE ( a.status =1 AND a.isdel = 0 ) ORDER BY time desc LIMIT 2   [ RunTime:0.0014s ]
SQL: SHOW COLUMNS FROM `zml_item_with_order` [ RunTime:0.0012s ]
NOTIC: [2] Missing argument 2 for User\Model\ItemWithOrderModel::countMoney(), called in /home/wwwroot/zhongchou.com/App/User/Model/ItemWithOrderModel.class.php on line 66 and defined /home/wwwroot/zhongchou.com/App/User/Model/ItemWithOrderModel.class.php 第 51 行.
NOTIC: [8] Undefined variable: uin /home/wwwroot/zhongchou.com/App/User/Model/ItemWithOrderModel.class.php 第 53 行.
SQL: SHOW COLUMNS FROM `zml_item_with_order` [ RunTime:0.0012s ]
SQL: SELECT SUM(a.money) AS tp_sum FROM zml_item_with_order as a WHERE a.itemid = '2' LIMIT 1   [ RunTime:0.0003s ]
SQL: SHOW COLUMNS FROM `zml_item` [ RunTime:0.0017s ]
SQL: SELECT `raising_money` FROM `zml_item` WHERE `id` = 2 LIMIT 1   [ RunTime:0.0002s ]
NOTIC: [2] Missing argument 2 for User\Model\ItemWithOrderModel::countMoney(), called in /home/wwwroot/zhongchou.com/Runtime/Cache/Home/9caf0bb0a4ec33bc3ac62eb05fc12f83.php on line 177 and defined /home/wwwroot/zhongchou.com/App/User/Model/ItemWithOrderModel.class.php 第 51 行.
NOTIC: [8] Undefined variable: uin /home/wwwroot/zhongchou.com/App/User/Model/ItemWithOrderModel.class.php 第 53 行.
SQL: SELECT SUM(a.money) AS tp_sum FROM zml_item_with_order as a WHERE a.itemid = '2' LIMIT 1   [ RunTime:0.0003s ]
NOTIC: [2] Missing argument 2 for User\Model\ItemWithOrderModel::countMoney(), called in /home/wwwroot/zhongchou.com/App/User/Model/ItemWithOrderModel.class.php on line 66 and defined /home/wwwroot/zhongchou.com/App/User/Model/ItemWithOrderModel.class.php 第 51 行.
NOTIC: [8] Undefined variable: uin /home/wwwroot/zhongchou.com/App/User/Model/ItemWithOrderModel.class.php 第 53 行.
SQL: SELECT SUM(a.money) AS tp_sum FROM zml_item_with_order as a WHERE a.itemid = '1' LIMIT 1   [ RunTime:0.0003s ]
SQL: SELECT `raising_money` FROM `zml_item` WHERE `id` = 1 LIMIT 1   [ RunTime:0.0002s ]
NOTIC: [2] Missing argument 2 for User\Model\ItemWithOrderModel::countMoney(), called in /home/wwwroot/zhongchou.com/Runtime/Cache/Home/9caf0bb0a4ec33bc3ac62eb05fc12f83.php on line 177 and defined /home/wwwroot/zhongchou.com/App/User/Model/ItemWithOrderModel.class.php 第 51 行.
NOTIC: [8] Undefined variable: uin /home/wwwroot/zhongchou.com/App/User/Model/ItemWithOrderModel.class.php 第 53 行.
SQL: SELECT SUM(a.money) AS tp_sum FROM zml_item_with_order as a WHERE a.itemid = '1' LIMIT 1   [ RunTime:0.0003s ]
NOTIC: [2] Illegal string offset 'a.isdel' /home/wwwroot/zhongchou.com/App/User/Model/ItemModel.class.php 第 46 行.
SQL: SELECT a.*,a.id as id,c.id as cid,c.name as progress_name,d.uin,d.name as user_name,d.header as user_header,e.id as eid,e.name as category_name FROM zml_item as a LEFT JOIN zml_item_progress as c ON a.progress = c.id LEFT JOIN zml_user as d ON a.uin = d.uin LEFT JOIN zml_item_category as e ON a.cid = e.id  WHERE ( a.status =1 AND a.progress =1 AND a.end_time >1497272941 AND a.isdel = 0 ) ORDER BY sort desc LIMIT 10   [ RunTime:0.0012s ]
SQL: SHOW COLUMNS FROM `zml_news` [ RunTime:0.0011s ]
SQL: SHOW COLUMNS FROM `zml_news` [ RunTime:0.0012s ]
SQL: SELECT a.*,b.name as cname FROM zml_news a LEFT JOIN zml_news_category b ON a.cid=b.id   WHERE ( a.status =1 AND a.cid In(4) ) ORDER BY a.time desc LIMIT 10   [ RunTime:0.0002s ]
SQL: SHOW COLUMNS FROM `zml_nav` [ RunTime:0.0011s ]
SQL: SHOW COLUMNS FROM `zml_nav` [ RunTime:0.0010s ]
SQL: SELECT * FROM `zml_nav` WHERE ( status =1 AND type =2 AND pid =0 ) ORDER BY time desc  [ RunTime:0.0002s ]
SQL: SELECT * FROM `zml_nav` WHERE `pid` = 1 ORDER BY time desc LIMIT 10   [ RunTime:0.0003s ]
SQL: SELECT * FROM `zml_nav` WHERE `pid` = 3 ORDER BY time desc LIMIT 10   [ RunTime:0.0003s ]
SQL: SELECT * FROM `zml_nav` WHERE `pid` = 5 ORDER BY time desc LIMIT 10   [ RunTime:0.0003s ]
SQL: SELECT * FROM `zml_nav` WHERE `pid` = 7 ORDER BY time desc LIMIT 10   [ RunTime:0.0003s ]
SQL: SELECT * FROM `zml_nav` WHERE `pid` = 8 ORDER BY time desc LIMIT 10   [ RunTime:0.0002s ]
SQL: SELECT * FROM `zml_nav` WHERE `pid` = 9 ORDER BY time desc LIMIT 10   [ RunTime:0.0003s ]
INFO: Run Behavior\ParseTemplateBehavior [ RunTime:0.043666s ]
INFO: [ view_parse ] --END-- [ RunTime:0.043715s ]
INFO: [ view_filter ] --START--
INFO: Run Behavior\WriteHtmlCacheBehavior [ RunTime:0.000060s ]
INFO: [ view_filter ] --END-- [ RunTime:0.000104s ]
INFO: 
INFO: 
INFO: 

[ 2017-06-12T21:31:13+08:00 ] 101.24.123.109 /
INFO: [ app_init ] --START--
INFO: Run Behavior\BuildLiteBehavior [ RunTime:0.000015s ]
INFO: [ app_init ] --END-- [ RunTime:0.000135s ]
INFO: [ app_begin ] --START--
INFO: Run Behavior\ReadHtmlCacheBehavior [ RunTime:0.000049s ]
INFO: [ app_begin ] --END-- [ RunTime:0.000094s ]
INFO: [ view_parse ] --START--
NOTIC: [8] Undefined variable: w /home/wwwroot/zhongchou.com/App/TagLib/Zml.class.php 第 71 行.
NOTIC: [8] Undefined index: order /home/wwwroot/zhongchou.com/App/TagLib/Zml.class.php 第 166 行.
NOTIC: [8] Undefined index: cid /home/wwwroot/zhongchou.com/App/TagLib/Zml.class.php 第 167 行.
NOTIC: [8] Undefined index: attr /home/wwwroot/zhongchou.com/App/TagLib/Zml.class.php 第 170 行.
NOTIC: [8] Undefined variable: w /home/wwwroot/zhongchou.com/App/TagLib/Zml.class.php 第 178 行.
INFO: [ template_filter ] --START--
INFO: Run Behavior\ContentReplaceBehavior [ RunTime:0.000063s ]
INFO: [ template_filter ] --END-- [ RunTime:0.000126s ]
SQL: SHOW COLUMNS FROM `zml_ad` [ RunTime:0.0017s ]
SQL: SELECT * FROM `zml_ad` WHERE ( type =1 )  [ RunTime:0.0004s ]
SQL: SHOW COLUMNS FROM `zml_item` [ RunTime:0.0013s ]
NOTIC: [2] Illegal string offset 'a.isdel' /home/wwwroot/zhongchou.com/App/User/Model/ItemModel.class.php 第 46 行.
SQL: SHOW COLUMNS FROM `zml_item` [ RunTime:0.0013s ]
SQL: SELECT a.*,a.id as id,c.id as cid,c.name as progress_name,d.uin,d.name as user_name,d.header as user_header,e.id as eid,e.name as category_name FROM zml_item as a LEFT JOIN zml_item_progress as c ON a.progress = c.id LEFT JOIN zml_user as d ON a.uin = d.uin LEFT JOIN zml_item_category as e ON a.cid = e.id  WHERE ( a.status =1 AND a.progress =1 AND a.end_time >1497274273 AND a.isdel = 0 ) ORDER BY sort desc LIMIT 10   [ RunTime:0.0014s ]
INFO: Run Behavior\ParseTemplateBehavior [ RunTime:0.016902s ]
INFO: [ view_parse ] --END-- [ RunTime:0.016950s ]
INFO: [ view_filter ] --START--
INFO: Run Behavior\WriteHtmlCacheBehavior [ RunTime:0.000070s ]
INFO: [ view_filter ] --END-- [ RunTime:0.000109s ]
INFO: [ app_end ] --START--
INFO: Run Behavior\ShowPageTraceBehavior [ RunTime:0.000049s ]
INFO: [ app_end ] --END-- [ RunTime:0.000087s ]

[ 2017-06-12T21:39:45+08:00 ] 62.210.103.72 /
INFO: [ app_init ] --START--
INFO: Run Behavior\BuildLiteBehavior [ RunTime:0.000015s ]
INFO: [ app_init ] --END-- [ RunTime:0.000126s ]
INFO: [ app_begin ] --START--
INFO: Run Behavior\ReadHtmlCacheBehavior [ RunTime:0.000074s ]
INFO: [ app_begin ] --END-- [ RunTime:0.000124s ]
INFO: [ view_parse ] --START--
NOTIC: [8] Undefined variable: w /home/wwwroot/zhongchou.com/App/TagLib/Zml.class.php 第 71 行.
NOTIC: [8] Undefined variable: w /home/wwwroot/zhongchou.com/App/TagLib/Zml.class.php 第 92 行.
NOTIC: [8] Undefined index: cid /home/wwwroot/zhongchou.com/App/TagLib/Zml.class.php 第 167 行.
NOTIC: [8] Undefined index: end /home/wwwroot/zhongchou.com/App/TagLib/Zml.class.php 第 168 行.
NOTIC: [8] Undefined index: progress /home/wwwroot/zhongchou.com/App/TagLib/Zml.class.php 第 169 行.
NOTIC: [8] Undefined index: attr /home/wwwroot/zhongchou.com/App/TagLib/Zml.class.php 第 170 行.
NOTIC: [8] Undefined variable: w /home/wwwroot/zhongchou.com/App/TagLib/Zml.class.php 第 178 行.
NOTIC: [8] Undefined index: order /home/wwwroot/zhongchou.com/App/TagLib/Zml.class.php 第 166 行.
NOTIC: [8] Undefined index: cid /home/wwwroot/zhongchou.com/App/TagLib/Zml.class.php 第 167 行.
NOTIC: [8] Undefined index: attr /home/wwwroot/zhongchou.com/App/TagLib/Zml.class.php 第 170 行.
NOTIC: [8] Undefined variable: w /home/wwwroot/zhongchou.com/App/TagLib/Zml.class.php 第 178 行.
NOTIC: [8] Undefined index: num /home/wwwroot/zhongchou.com/App/TagLib/Zml.class.php 第 133 行.
NOTIC: [8] Undefined variable: w /home/wwwroot/zhongchou.com/App/TagLib/Zml.class.php 第 140 行.
NOTIC: [8] Undefined variable: limit /home/wwwroot/zhongchou.com/App/TagLib/Zml.class.php 第 153 行.
INFO: [ template_filter ] --START--
INFO: Run Behavior\ContentReplaceBehavior [ RunTime:0.000072s ]
INFO: [ template_filter ] --END-- [ RunTime:0.000128s ]
SQL: SHOW COLUMNS FROM `zml_ad` [ RunTime:0.0015s ]
SQL: SELECT * FROM `zml_ad` WHERE ( type =1 )  [ RunTime:0.0002s ]
SQL: SHOW COLUMNS FROM `zml_item` [ RunTime:0.0012s ]
NOTIC: [2] Illegal string offset 'a.isdel' /home/wwwroot/zhongchou.com/App/User/Model/ItemModel.class.php 第 46 行.
SQL: SHOW COLUMNS FROM `zml_item` [ RunTime:0.0013s ]
SQL: SELECT a.*,a.id as id,c.id as cid,c.name as progress_name,d.uin,d.name as user_name,d.header as user_header,e.id as eid,e.name as category_name FROM zml_item as a LEFT JOIN zml_item_progress as c ON a.progress = c.id LEFT JOIN zml_user as d ON a.uin = d.uin LEFT JOIN zml_item_category as e ON a.cid = e.id  WHERE ( a.status =1 AND a.isdel = 0 ) ORDER BY time desc LIMIT 2   [ RunTime:0.0022s ]
SQL: SHOW COLUMNS FROM `zml_item_with_order` [ RunTime:0.0014s ]
NOTIC: [2] Missing argument 2 for User\Model\ItemWithOrderModel::countMoney(), called in /home/wwwroot/zhongchou.com/App/User/Model/ItemWithOrderModel.class.php on line 66 and defined /home/wwwroot/zhongchou.com/App/User/Model/ItemWithOrderModel.class.php 第 51 行.
NOTIC: [8] Undefined variable: uin /home/wwwroot/zhongchou.com/App/User/Model/ItemWithOrderModel.class.php 第 53 行.
SQL: SHOW COLUMNS FROM `zml_item_with_order` [ RunTime:0.0012s ]
SQL: SELECT SUM(a.money) AS tp_sum FROM zml_item_with_order as a WHERE a.itemid = '2' LIMIT 1   [ RunTime:0.0004s ]
SQL: SHOW COLUMNS FROM `zml_item` [ RunTime:0.0014s ]
SQL: SELECT `raising_money` FROM `zml_item` WHERE `id` = 2 LIMIT 1   [ RunTime:0.0002s ]
NOTIC: [2] Missing argument 2 for User\Model\ItemWithOrderModel::countMoney(), called in /home/wwwroot/zhongchou.com/Runtime/Cache/Home/9caf0bb0a4ec33bc3ac62eb05fc12f83.php on line 177 and defined /home/wwwroot/zhongchou.com/App/User/Model/ItemWithOrderModel.class.php 第 51 行.
NOTIC: [8] Undefined variable: uin /home/wwwroot/zhongchou.com/App/User/Model/ItemWithOrderModel.class.php 第 53 行.
SQL: SELECT SUM(a.money) AS tp_sum FROM zml_item_with_order as a WHERE a.itemid = '2' LIMIT 1   [ RunTime:0.0002s ]
NOTIC: [2] Missing argument 2 for User\Model\ItemWithOrderModel::countMoney(), called in /home/wwwroot/zhongchou.com/App/User/Model/ItemWithOrderModel.class.php on line 66 and defined /home/wwwroot/zhongchou.com/App/User/Model/ItemWithOrderModel.class.php 第 51 行.
NOTIC: [8] Undefined variable: uin /home/wwwroot/zhongchou.com/App/User/Model/ItemWithOrderModel.class.php 第 53 行.
SQL: SELECT SUM(a.money) AS tp_sum FROM zml_item_with_order as a WHERE a.itemid = '1' LIMIT 1   [ RunTime:0.0002s ]
SQL: SELECT `raising_money` FROM `zml_item` WHERE `id` = 1 LIMIT 1   [ RunTime:0.0002s ]
NOTIC: [2] Missing argument 2 for User\Model\ItemWithOrderModel::countMoney(), called in /home/wwwroot/zhongchou.com/Runtime/Cache/Home/9caf0bb0a4ec33bc3ac62eb05fc12f83.php on line 177 and defined /home/wwwroot/zhongchou.com/App/User/Model/ItemWithOrderModel.class.php 第 51 行.
NOTIC: [8] Undefined variable: uin /home/wwwroot/zhongchou.com/App/User/Model/ItemWithOrderModel.class.php 第 53 行.
SQL: SELECT SUM(a.money) AS tp_sum FROM zml_item_with_order as a WHERE a.itemid = '1' LIMIT 1   [ RunTime:0.0002s ]
NOTIC: [2] Illegal string offset 'a.isdel' /home/wwwroot/zhongchou.com/App/User/Model/ItemModel.class.php 第 46 行.
SQL: SELECT a.*,a.id as id,c.id as cid,c.name as progress_name,d.uin,d.name as user_name,d.header as user_header,e.id as eid,e.name as category_name FROM zml_item as a LEFT JOIN zml_item_progress as c ON a.progress = c.id LEFT JOIN zml_user as d ON a.uin = d.uin LEFT JOIN zml_item_category as e ON a.cid = e.id  WHERE ( a.status =1 AND a.progress =1 AND a.end_time >1497274785 AND a.isdel = 0 ) ORDER BY sort desc LIMIT 10   [ RunTime:0.0014s ]
SQL: SHOW COLUMNS FROM `zml_news` [ RunTime:0.0015s ]
SQL: SHOW COLUMNS FROM `zml_news` [ RunTime:0.0014s ]
SQL: SELECT a.*,b.name as cname FROM zml_news a LEFT JOIN zml_news_category b ON a.cid=b.id   WHERE ( a.status =1 AND a.cid In(4) ) ORDER BY a.time desc LIMIT 10   [ RunTime:0.0003s ]
SQL: SHOW COLUMNS FROM `zml_nav` [ RunTime:0.0011s ]
SQL: SHOW COLUMNS FROM `zml_nav` [ RunTime:0.0010s ]
SQL: SELECT * FROM `zml_nav` WHERE ( status =1 AND type =2 AND pid =0 ) ORDER BY time desc  [ RunTime:0.0003s ]
SQL: SELECT * FROM `zml_nav` WHERE `pid` = 1 ORDER BY time desc LIMIT 10   [ RunTime:0.0002s ]
SQL: SELECT * FROM `zml_nav` WHERE `pid` = 3 ORDER BY time desc LIMIT 10   [ RunTime:0.0002s ]
SQL: SELECT * FROM `zml_nav` WHERE `pid` = 5 ORDER BY time desc LIMIT 10   [ RunTime:0.0002s ]
SQL: SELECT * FROM `zml_nav` WHERE `pid` = 7 ORDER BY time desc LIMIT 10   [ RunTime:0.0002s ]
SQL: SELECT * FROM `zml_nav` WHERE `pid` = 8 ORDER BY time desc LIMIT 10   [ RunTime:0.0002s ]
SQL: SELECT * FROM `zml_nav` WHERE `pid` = 9 ORDER BY time desc LIMIT 10   [ RunTime:0.0002s ]
INFO: Run Behavior\ParseTemplateBehavior [ RunTime:0.043003s ]
INFO: [ view_parse ] --END-- [ RunTime:0.043052s ]
INFO: [ view_filter ] --START--
INFO: Run Behavior\WriteHtmlCacheBehavior [ RunTime:0.000059s ]
INFO: [ view_filter ] --END-- [ RunTime:0.000104s ]
INFO: [ app_end ] --START--
INFO: Run Behavior\ShowPageTraceBehavior [ RunTime:0.000050s ]
INFO: [ app_end ] --END-- [ RunTime:0.000091s ]

[ 2017-06-12T23:11:39+08:00 ] 111.11.180.7 /
INFO: [ app_init ] --START--
INFO: Run Behavior\BuildLiteBehavior [ RunTime:0.000019s ]
INFO: [ app_init ] --END-- [ RunTime:0.000167s ]
INFO: [ app_begin ] --START--
INFO: Run Behavior\ReadHtmlCacheBehavior [ RunTime:0.000071s ]
INFO: [ app_begin ] --END-- [ RunTime:0.000136s ]
INFO: [ view_parse ] --START--
NOTIC: [8] Undefined variable: w /home/wwwroot/zhongchou.com/App/TagLib/Zml.class.php 第 71 行.
NOTIC: [8] Undefined variable: w /home/wwwroot/zhongchou.com/App/TagLib/Zml.class.php 第 92 行.
NOTIC: [8] Undefined index: cid /home/wwwroot/zhongchou.com/App/TagLib/Zml.class.php 第 167 行.
NOTIC: [8] Undefined index: end /home/wwwroot/zhongchou.com/App/TagLib/Zml.class.php 第 168 行.
NOTIC: [8] Undefined index: progress /home/wwwroot/zhongchou.com/App/TagLib/Zml.class.php 第 169 行.
NOTIC: [8] Undefined index: attr /home/wwwroot/zhongchou.com/App/TagLib/Zml.class.php 第 170 行.
NOTIC: [8] Undefined variable: w /home/wwwroot/zhongchou.com/App/TagLib/Zml.class.php 第 178 行.
NOTIC: [8] Undefined index: order /home/wwwroot/zhongchou.com/App/TagLib/Zml.class.php 第 166 行.
NOTIC: [8] Undefined index: cid /home/wwwroot/zhongchou.com/App/TagLib/Zml.class.php 第 167 行.
NOTIC: [8] Undefined index: attr /home/wwwroot/zhongchou.com/App/TagLib/Zml.class.php 第 170 行.
NOTIC: [8] Undefined variable: w /home/wwwroot/zhongchou.com/App/TagLib/Zml.class.php 第 178 行.
NOTIC: [8] Undefined index: num /home/wwwroot/zhongchou.com/App/TagLib/Zml.class.php 第 133 行.
NOTIC: [8] Undefined variable: w /home/wwwroot/zhongchou.com/App/TagLib/Zml.class.php 第 140 行.
NOTIC: [8] Undefined variable: limit /home/wwwroot/zhongchou.com/App/TagLib/Zml.class.php 第 153 行.
INFO: [ template_filter ] --START--
INFO: Run Behavior\ContentReplaceBehavior [ RunTime:0.000073s ]
INFO: [ template_filter ] --END-- [ RunTime:0.000131s ]
SQL: SHOW COLUMNS FROM `zml_ad` [ RunTime:0.0015s ]
SQL: SELECT * FROM `zml_ad` WHERE ( type =1 )  [ RunTime:0.0002s ]
SQL: SHOW COLUMNS FROM `zml_item` [ RunTime:0.0014s ]
NOTIC: [2] Illegal string offset 'a.isdel' /home/wwwroot/zhongchou.com/App/User/Model/ItemModel.class.php 第 46 行.
SQL: SHOW COLUMNS FROM `zml_item` [ RunTime:0.0012s ]
SQL: SELECT a.*,a.id as id,c.id as cid,c.name as progress_name,d.uin,d.name as user_name,d.header as user_header,e.id as eid,e.name as category_name FROM zml_item as a LEFT JOIN zml_item_progress as c ON a.progress = c.id LEFT JOIN zml_user as d ON a.uin = d.uin LEFT JOIN zml_item_category as e ON a.cid = e.id  WHERE ( a.status =1 AND a.isdel = 0 ) ORDER BY time desc LIMIT 2   [ RunTime:0.0014s ]
SQL: SHOW COLUMNS FROM `zml_item_with_order` [ RunTime:0.0012s ]
NOTIC: [2] Missing argument 2 for User\Model\ItemWithOrderModel::countMoney(), called in /home/wwwroot/zhongchou.com/App/User/Model/ItemWithOrderModel.class.php on line 66 and defined /home/wwwroot/zhongchou.com/App/User/Model/ItemWithOrderModel.class.php 第 51 行.
NOTIC: [8] Undefined variable: uin /home/wwwroot/zhongchou.com/App/User/Model/ItemWithOrderModel.class.php 第 53 行.
SQL: SHOW COLUMNS FROM `zml_item_with_order` [ RunTime:0.0012s ]
SQL: SELECT SUM(a.money) AS tp_sum FROM zml_item_with_order as a WHERE a.itemid = '2' LIMIT 1   [ RunTime:0.0003s ]
SQL: SHOW COLUMNS FROM `zml_item` [ RunTime:0.0013s ]
SQL: SELECT `raising_money` FROM `zml_item` WHERE `id` = 2 LIMIT 1   [ RunTime:0.0002s ]
NOTIC: [2] Missing argument 2 for User\Model\ItemWithOrderModel::countMoney(), called in /home/wwwroot/zhongchou.com/Runtime/Cache/Home/9caf0bb0a4ec33bc3ac62eb05fc12f83.php on line 177 and defined /home/wwwroot/zhongchou.com/App/User/Model/ItemWithOrderModel.class.php 第 51 行.
NOTIC: [8] Undefined variable: uin /home/wwwroot/zhongchou.com/App/User/Model/ItemWithOrderModel.class.php 第 53 行.
SQL: SELECT SUM(a.money) AS tp_sum FROM zml_item_with_order as a WHERE a.itemid = '2' LIMIT 1   [ RunTime:0.0003s ]
NOTIC: [2] Missing argument 2 for User\Model\ItemWithOrderModel::countMoney(), called in /home/wwwroot/zhongchou.com/App/User/Model/ItemWithOrderModel.class.php on line 66 and defined /home/wwwroot/zhongchou.com/App/User/Model/ItemWithOrderModel.class.php 第 51 行.
NOTIC: [8] Undefined variable: uin /home/wwwroot/zhongchou.com/App/User/Model/ItemWithOrderModel.class.php 第 53 行.
SQL: SELECT SUM(a.money) AS tp_sum FROM zml_item_with_order as a WHERE a.itemid = '1' LIMIT 1   [ RunTime:0.0002s ]
SQL: SELECT `raising_money` FROM `zml_item` WHERE `id` = 1 LIMIT 1   [ RunTime:0.0002s ]
NOTIC: [2] Missing argument 2 for User\Model\ItemWithOrderModel::countMoney(), called in /home/wwwroot/zhongchou.com/Runtime/Cache/Home/9caf0bb0a4ec33bc3ac62eb05fc12f83.php on line 177 and defined /home/wwwroot/zhongchou.com/App/User/Model/ItemWithOrderModel.class.php 第 51 行.
NOTIC: [8] Undefined variable: uin /home/wwwroot/zhongchou.com/App/User/Model/ItemWithOrderModel.class.php 第 53 行.
SQL: SELECT SUM(a.money) AS tp_sum FROM zml_item_with_order as a WHERE a.itemid = '1' LIMIT 1   [ RunTime:0.0002s ]
NOTIC: [2] Illegal string offset 'a.isdel' /home/wwwroot/zhongchou.com/App/User/Model/ItemModel.class.php 第 46 行.
SQL: SELECT a.*,a.id as id,c.id as cid,c.name as progress_name,d.uin,d.name as user_name,d.header as user_header,e.id as eid,e.name as category_name FROM zml_item as a LEFT JOIN zml_item_progress as c ON a.progress = c.id LEFT JOIN zml_user as d ON a.uin = d.uin LEFT JOIN zml_item_category as e ON a.cid = e.id  WHERE ( a.status =1 AND a.progress =1 AND a.end_time >1497280299 AND a.isdel = 0 ) ORDER BY sort desc LIMIT 10   [ RunTime:0.0013s ]
SQL: SHOW COLUMNS FROM `zml_news` [ RunTime:0.0013s ]
SQL: SHOW COLUMNS FROM `zml_news` [ RunTime:0.0011s ]
SQL: SELECT a.*,b.name as cname FROM zml_news a LEFT JOIN zml_news_category b ON a.cid=b.id   WHERE ( a.status =1 AND a.cid In(4) ) ORDER BY a.time desc LIMIT 10   [ RunTime:0.0003s ]
SQL: SHOW COLUMNS FROM `zml_nav` [ RunTime:0.0012s ]
SQL: SHOW COLUMNS FROM `zml_nav` [ RunTime:0.0010s ]
SQL: SELECT * FROM `zml_nav` WHERE ( status =1 AND type =2 AND pid =0 ) ORDER BY time desc  [ RunTime:0.0003s ]
SQL: SELECT * FROM `zml_nav` WHERE `pid` = 1 ORDER BY time desc LIMIT 10   [ RunTime:0.0002s ]
SQL: SELECT * FROM `zml_nav` WHERE `pid` = 3 ORDER BY time desc LIMIT 10   [ RunTime:0.0002s ]
SQL: SELECT * FROM `zml_nav` WHERE `pid` = 5 ORDER BY time desc LIMIT 10   [ RunTime:0.0002s ]
SQL: SELECT * FROM `zml_nav` WHERE `pid` = 7 ORDER BY time desc LIMIT 10   [ RunTime:0.0003s ]
SQL: SELECT * FROM `zml_nav` WHERE `pid` = 8 ORDER BY time desc LIMIT 10   [ RunTime:0.0002s ]
SQL: SELECT * FROM `zml_nav` WHERE `pid` = 9 ORDER BY time desc LIMIT 10   [ RunTime:0.0002s ]
INFO: Run Behavior\ParseTemplateBehavior [ RunTime:0.041925s ]
INFO: [ view_parse ] --END-- [ RunTime:0.042004s ]
INFO: [ view_filter ] --START--
INFO: Run Behavior\WriteHtmlCacheBehavior [ RunTime:0.000072s ]
INFO: [ view_filter ] --END-- [ RunTime:0.000120s ]
INFO: 
INFO: 
INFO: 

