[ 2017-06-11T00:42:08+08:00 ] 13.58.187.100 /
INFO: [ app_init ] --START--
INFO: Run Behavior\BuildLiteBehavior [ RunTime:0.000024s ]
INFO: [ app_init ] --END-- [ RunTime:0.000178s ]
INFO: [ app_begin ] --START--
INFO: Run Behavior\ReadHtmlCacheBehavior [ RunTime:0.000082s ]
INFO: [ app_begin ] --END-- [ RunTime:0.000155s ]
INFO: [ view_parse ] --START--
NOTIC: [8] Undefined variable: w /home/wwwroot/zhongchou.com/App/TagLib/Zml.class.php 第 71 行.
NOTIC: [8] Undefined variable: w /home/wwwroot/zhongchou.com/App/TagLib/Zml.class.php 第 92 行.
NOTIC: [8] Undefined index: cid /home/wwwroot/zhongchou.com/App/TagLib/Zml.class.php 第 167 行.
NOTIC: [8] Undefined index: end /home/wwwroot/zhongchou.com/App/TagLib/Zml.class.php 第 168 行.
NOTIC: [8] Undefined index: progress /home/wwwroot/zhongchou.com/App/TagLib/Zml.class.php 第 169 行.
NOTIC: [8] Undefined index: attr /home/wwwroot/zhongchou.com/App/TagLib/Zml.class.php 第 170 行.
NOTIC: [8] Undefined variable: w /home/wwwroot/zhongchou.com/App/TagLib/Zml.class.php 第 178 行.
NOTIC: [8] Undefined index: order /home/wwwroot/zhongchou.com/App/TagLib/Zml.class.php 第 166 行.
NOTIC: [8] Undefined index: cid /home/wwwroot/zhongchou.com/App/TagLib/Zml.class.php 第 167 行.
NOTIC: [8] Undefined index: attr /home/wwwroot/zhongchou.com/App/TagLib/Zml.class.php 第 170 行.
NOTIC: [8] Undefined variable: w /home/wwwroot/zhongchou.com/App/TagLib/Zml.class.php 第 178 行.
NOTIC: [8] Undefined index: num /home/wwwroot/zhongchou.com/App/TagLib/Zml.class.php 第 133 行.
NOTIC: [8] Undefined variable: w /home/wwwroot/zhongchou.com/App/TagLib/Zml.class.php 第 140 行.
NOTIC: [8] Undefined variable: limit /home/wwwroot/zhongchou.com/App/TagLib/Zml.class.php 第 153 行.
INFO: [ template_filter ] --START--
INFO: Run Behavior\ContentReplaceBehavior [ RunTime:0.000075s ]
INFO: [ template_filter ] --END-- [ RunTime:0.000129s ]
SQL: SHOW COLUMNS FROM `zml_ad` [ RunTime:0.0014s ]
SQL: SELECT * FROM `zml_ad` WHERE ( type =1 )  [ RunTime:0.0003s ]
SQL: SHOW COLUMNS FROM `zml_item` [ RunTime:0.0012s ]
NOTIC: [2] Illegal string offset 'a.isdel' /home/wwwroot/zhongchou.com/App/User/Model/ItemModel.class.php 第 46 行.
SQL: SHOW COLUMNS FROM `zml_item` [ RunTime:0.0012s ]
SQL: SELECT a.*,a.id as id,c.id as cid,c.name as progress_name,d.uin,d.name as user_name,d.header as user_header,e.id as eid,e.name as category_name FROM zml_item as a LEFT JOIN zml_item_progress as c ON a.progress = c.id LEFT JOIN zml_user as d ON a.uin = d.uin LEFT JOIN zml_item_category as e ON a.cid = e.id  WHERE ( a.status =1 AND a.isdel = 0 ) ORDER BY time desc LIMIT 2   [ RunTime:0.0014s ]
SQL: SHOW COLUMNS FROM `zml_item_with_order` [ RunTime:0.0011s ]
NOTIC: [2] Missing argument 2 for User\Model\ItemWithOrderModel::countMoney(), called in /home/wwwroot/zhongchou.com/App/User/Model/ItemWithOrderModel.class.php on line 66 and defined /home/wwwroot/zhongchou.com/App/User/Model/ItemWithOrderModel.class.php 第 51 行.
NOTIC: [8] Undefined variable: uin /home/wwwroot/zhongchou.com/App/User/Model/ItemWithOrderModel.class.php 第 53 行.
SQL: SHOW COLUMNS FROM `zml_item_with_order` [ RunTime:0.0010s ]
SQL: SELECT SUM(a.money) AS tp_sum FROM zml_item_with_order as a WHERE a.itemid = '2' LIMIT 1   [ RunTime:0.0003s ]
SQL: SHOW COLUMNS FROM `zml_item` [ RunTime:0.0012s ]
SQL: SELECT `raising_money` FROM `zml_item` WHERE `id` = 2 LIMIT 1   [ RunTime:0.0002s ]
NOTIC: [2] Missing argument 2 for User\Model\ItemWithOrderModel::countMoney(), called in /home/wwwroot/zhongchou.com/Runtime/Cache/Home/9caf0bb0a4ec33bc3ac62eb05fc12f83.php on line 177 and defined /home/wwwroot/zhongchou.com/App/User/Model/ItemWithOrderModel.class.php 第 51 行.
NOTIC: [8] Undefined variable: uin /home/wwwroot/zhongchou.com/App/User/Model/ItemWithOrderModel.class.php 第 53 行.
SQL: SELECT SUM(a.money) AS tp_sum FROM zml_item_with_order as a WHERE a.itemid = '2' LIMIT 1   [ RunTime:0.0002s ]
NOTIC: [2] Missing argument 2 for User\Model\ItemWithOrderModel::countMoney(), called in /home/wwwroot/zhongchou.com/App/User/Model/ItemWithOrderModel.class.php on line 66 and defined /home/wwwroot/zhongchou.com/App/User/Model/ItemWithOrderModel.class.php 第 51 行.
NOTIC: [8] Undefined variable: uin /home/wwwroot/zhongchou.com/App/User/Model/ItemWithOrderModel.class.php 第 53 行.
SQL: SELECT SUM(a.money) AS tp_sum FROM zml_item_with_order as a WHERE a.itemid = '1' LIMIT 1   [ RunTime:0.0002s ]
SQL: SELECT `raising_money` FROM `zml_item` WHERE `id` = 1 LIMIT 1   [ RunTime:0.0002s ]
NOTIC: [2] Missing argument 2 for User\Model\ItemWithOrderModel::countMoney(), called in /home/wwwroot/zhongchou.com/Runtime/Cache/Home/9caf0bb0a4ec33bc3ac62eb05fc12f83.php on line 177 and defined /home/wwwroot/zhongchou.com/App/User/Model/ItemWithOrderModel.class.php 第 51 行.
NOTIC: [8] Undefined variable: uin /home/wwwroot/zhongchou.com/App/User/Model/ItemWithOrderModel.class.php 第 53 行.
SQL: SELECT SUM(a.money) AS tp_sum FROM zml_item_with_order as a WHERE a.itemid = '1' LIMIT 1   [ RunTime:0.0002s ]
NOTIC: [2] Illegal string offset 'a.isdel' /home/wwwroot/zhongchou.com/App/User/Model/ItemModel.class.php 第 46 行.
SQL: SELECT a.*,a.id as id,c.id as cid,c.name as progress_name,d.uin,d.name as user_name,d.header as user_header,e.id as eid,e.name as category_name FROM zml_item as a LEFT JOIN zml_item_progress as c ON a.progress = c.id LEFT JOIN zml_user as d ON a.uin = d.uin LEFT JOIN zml_item_category as e ON a.cid = e.id  WHERE ( a.status =1 AND a.progress =1 AND a.end_time >1497112928 AND a.isdel = 0 ) ORDER BY sort desc LIMIT 10   [ RunTime:0.0014s ]
SQL: SHOW COLUMNS FROM `zml_news` [ RunTime:0.0012s ]
SQL: SHOW COLUMNS FROM `zml_news` [ RunTime:0.0011s ]
SQL: SELECT a.*,b.name as cname FROM zml_news a LEFT JOIN zml_news_category b ON a.cid=b.id   WHERE ( a.status =1 AND a.cid In(4) ) ORDER BY a.time desc LIMIT 10   [ RunTime:0.0002s ]
SQL: SHOW COLUMNS FROM `zml_nav` [ RunTime:0.0010s ]
SQL: SHOW COLUMNS FROM `zml_nav` [ RunTime:0.0010s ]
SQL: SELECT * FROM `zml_nav` WHERE ( status =1 AND type =2 AND pid =0 ) ORDER BY time desc  [ RunTime:0.0003s ]
SQL: SELECT * FROM `zml_nav` WHERE `pid` = 1 ORDER BY time desc LIMIT 10   [ RunTime:0.0003s ]
SQL: SELECT * FROM `zml_nav` WHERE `pid` = 3 ORDER BY time desc LIMIT 10   [ RunTime:0.0002s ]
SQL: SELECT * FROM `zml_nav` WHERE `pid` = 5 ORDER BY time desc LIMIT 10   [ RunTime:0.0002s ]
SQL: SELECT * FROM `zml_nav` WHERE `pid` = 7 ORDER BY time desc LIMIT 10   [ RunTime:0.0002s ]
SQL: SELECT * FROM `zml_nav` WHERE `pid` = 8 ORDER BY time desc LIMIT 10   [ RunTime:0.0002s ]
SQL: SELECT * FROM `zml_nav` WHERE `pid` = 9 ORDER BY time desc LIMIT 10   [ RunTime:0.0002s ]
INFO: Run Behavior\ParseTemplateBehavior [ RunTime:0.062223s ]
INFO: [ view_parse ] --END-- [ RunTime:0.062280s ]
INFO: [ view_filter ] --START--
INFO: Run Behavior\WriteHtmlCacheBehavior [ RunTime:0.000061s ]
INFO: [ view_filter ] --END-- [ RunTime:0.000104s ]

[ 2017-06-11T00:59:39+08:00 ] 157.55.39.30 /
INFO: [ app_init ] --START--
INFO: Run Behavior\BuildLiteBehavior [ RunTime:0.000013s ]
INFO: [ app_init ] --END-- [ RunTime:0.000096s ]
INFO: [ app_begin ] --START--
INFO: Run Behavior\ReadHtmlCacheBehavior [ RunTime:0.000048s ]
INFO: [ app_begin ] --END-- [ RunTime:0.000091s ]
INFO: [ view_parse ] --START--
NOTIC: [8] Undefined variable: w /home/wwwroot/zhongchou.com/App/TagLib/Zml.class.php 第 71 行.
NOTIC: [8] Undefined index: order /home/wwwroot/zhongchou.com/App/TagLib/Zml.class.php 第 166 行.
NOTIC: [8] Undefined index: cid /home/wwwroot/zhongchou.com/App/TagLib/Zml.class.php 第 167 行.
NOTIC: [8] Undefined index: attr /home/wwwroot/zhongchou.com/App/TagLib/Zml.class.php 第 170 行.
NOTIC: [8] Undefined variable: w /home/wwwroot/zhongchou.com/App/TagLib/Zml.class.php 第 178 行.
INFO: [ template_filter ] --START--
INFO: Run Behavior\ContentReplaceBehavior [ RunTime:0.000061s ]
INFO: [ template_filter ] --END-- [ RunTime:0.000125s ]
SQL: SHOW COLUMNS FROM `zml_ad` [ RunTime:0.0014s ]
SQL: SELECT * FROM `zml_ad` WHERE ( type =1 )  [ RunTime:0.0004s ]
SQL: SHOW COLUMNS FROM `zml_item` [ RunTime:0.0016s ]
NOTIC: [2] Illegal string offset 'a.isdel' /home/wwwroot/zhongchou.com/App/User/Model/ItemModel.class.php 第 46 行.
SQL: SHOW COLUMNS FROM `zml_item` [ RunTime:0.0012s ]
SQL: SELECT a.*,a.id as id,c.id as cid,c.name as progress_name,d.uin,d.name as user_name,d.header as user_header,e.id as eid,e.name as category_name FROM zml_item as a LEFT JOIN zml_item_progress as c ON a.progress = c.id LEFT JOIN zml_user as d ON a.uin = d.uin LEFT JOIN zml_item_category as e ON a.cid = e.id  WHERE ( a.status =1 AND a.progress =1 AND a.end_time >1497113979 AND a.isdel = 0 ) ORDER BY sort desc LIMIT 10   [ RunTime:0.0013s ]
INFO: Run Behavior\ParseTemplateBehavior [ RunTime:0.015548s ]
INFO: [ view_parse ] --END-- [ RunTime:0.015593s ]
INFO: [ view_filter ] --START--
INFO: Run Behavior\WriteHtmlCacheBehavior [ RunTime:0.000060s ]
INFO: [ view_filter ] --END-- [ RunTime:0.000099s ]
INFO: [ app_end ] --START--
INFO: Run Behavior\ShowPageTraceBehavior [ RunTime:0.000050s ]
INFO: [ app_end ] --END-- [ RunTime:0.000089s ]

[ 2017-06-11T01:31:55+08:00 ] 112.16.197.24 /
INFO: [ app_init ] --START--
INFO: Run Behavior\BuildLiteBehavior [ RunTime:0.000015s ]
INFO: [ app_init ] --END-- [ RunTime:0.000111s ]
INFO: [ app_begin ] --START--
INFO: Run Behavior\ReadHtmlCacheBehavior [ RunTime:0.000048s ]
INFO: [ app_begin ] --END-- [ RunTime:0.000094s ]
INFO: [ view_parse ] --START--
NOTIC: [8] Undefined variable: w /home/wwwroot/zhongchou.com/App/TagLib/Zml.class.php 第 71 行.
NOTIC: [8] Undefined variable: w /home/wwwroot/zhongchou.com/App/TagLib/Zml.class.php 第 92 行.
NOTIC: [8] Undefined index: cid /home/wwwroot/zhongchou.com/App/TagLib/Zml.class.php 第 167 行.
NOTIC: [8] Undefined index: end /home/wwwroot/zhongchou.com/App/TagLib/Zml.class.php 第 168 行.
NOTIC: [8] Undefined index: progress /home/wwwroot/zhongchou.com/App/TagLib/Zml.class.php 第 169 行.
NOTIC: [8] Undefined index: attr /home/wwwroot/zhongchou.com/App/TagLib/Zml.class.php 第 170 行.
NOTIC: [8] Undefined variable: w /home/wwwroot/zhongchou.com/App/TagLib/Zml.class.php 第 178 行.
NOTIC: [8] Undefined index: order /home/wwwroot/zhongchou.com/App/TagLib/Zml.class.php 第 166 行.
NOTIC: [8] Undefined index: cid /home/wwwroot/zhongchou.com/App/TagLib/Zml.class.php 第 167 行.
NOTIC: [8] Undefined index: attr /home/wwwroot/zhongchou.com/App/TagLib/Zml.class.php 第 170 行.
NOTIC: [8] Undefined variable: w /home/wwwroot/zhongchou.com/App/TagLib/Zml.class.php 第 178 行.
NOTIC: [8] Undefined index: num /home/wwwroot/zhongchou.com/App/TagLib/Zml.class.php 第 133 行.
NOTIC: [8] Undefined variable: w /home/wwwroot/zhongchou.com/App/TagLib/Zml.class.php 第 140 行.
NOTIC: [8] Undefined variable: limit /home/wwwroot/zhongchou.com/App/TagLib/Zml.class.php 第 153 行.
INFO: [ template_filter ] --START--
INFO: Run Behavior\ContentReplaceBehavior [ RunTime:0.000092s ]
INFO: [ template_filter ] --END-- [ RunTime:0.000178s ]
SQL: SHOW COLUMNS FROM `zml_ad` [ RunTime:0.0017s ]
SQL: SELECT * FROM `zml_ad` WHERE ( type =1 )  [ RunTime:0.0003s ]
SQL: SHOW COLUMNS FROM `zml_item` [ RunTime:0.0014s ]
NOTIC: [2] Illegal string offset 'a.isdel' /home/wwwroot/zhongchou.com/App/User/Model/ItemModel.class.php 第 46 行.
SQL: SHOW COLUMNS FROM `zml_item` [ RunTime:0.0012s ]
SQL: SELECT a.*,a.id as id,c.id as cid,c.name as progress_name,d.uin,d.name as user_name,d.header as user_header,e.id as eid,e.name as category_name FROM zml_item as a LEFT JOIN zml_item_progress as c ON a.progress = c.id LEFT JOIN zml_user as d ON a.uin = d.uin LEFT JOIN zml_item_category as e ON a.cid = e.id  WHERE ( a.status =1 AND a.isdel = 0 ) ORDER BY time desc LIMIT 2   [ RunTime:0.0014s ]
SQL: SHOW COLUMNS FROM `zml_item_with_order` [ RunTime:0.0011s ]
NOTIC: [2] Missing argument 2 for User\Model\ItemWithOrderModel::countMoney(), called in /home/wwwroot/zhongchou.com/App/User/Model/ItemWithOrderModel.class.php on line 66 and defined /home/wwwroot/zhongchou.com/App/User/Model/ItemWithOrderModel.class.php 第 51 行.
NOTIC: [8] Undefined variable: uin /home/wwwroot/zhongchou.com/App/User/Model/ItemWithOrderModel.class.php 第 53 行.
SQL: SHOW COLUMNS FROM `zml_item_with_order` [ RunTime:0.0011s ]
SQL: SELECT SUM(a.money) AS tp_sum FROM zml_item_with_order as a WHERE a.itemid = '2' LIMIT 1   [ RunTime:0.0003s ]
SQL: SHOW COLUMNS FROM `zml_item` [ RunTime:0.0016s ]
SQL: SELECT `raising_money` FROM `zml_item` WHERE `id` = 2 LIMIT 1   [ RunTime:0.0002s ]
NOTIC: [2] Missing argument 2 for User\Model\ItemWithOrderModel::countMoney(), called in /home/wwwroot/zhongchou.com/Runtime/Cache/Home/9caf0bb0a4ec33bc3ac62eb05fc12f83.php on line 177 and defined /home/wwwroot/zhongchou.com/App/User/Model/ItemWithOrderModel.class.php 第 51 行.
NOTIC: [8] Undefined variable: uin /home/wwwroot/zhongchou.com/App/User/Model/ItemWithOrderModel.class.php 第 53 行.
SQL: SELECT SUM(a.money) AS tp_sum FROM zml_item_with_order as a WHERE a.itemid = '2' LIMIT 1   [ RunTime:0.0002s ]
NOTIC: [2] Missing argument 2 for User\Model\ItemWithOrderModel::countMoney(), called in /home/wwwroot/zhongchou.com/App/User/Model/ItemWithOrderModel.class.php on line 66 and defined /home/wwwroot/zhongchou.com/App/User/Model/ItemWithOrderModel.class.php 第 51 行.
NOTIC: [8] Undefined variable: uin /home/wwwroot/zhongchou.com/App/User/Model/ItemWithOrderModel.class.php 第 53 行.
SQL: SELECT SUM(a.money) AS tp_sum FROM zml_item_with_order as a WHERE a.itemid = '1' LIMIT 1   [ RunTime:0.0002s ]
SQL: SELECT `raising_money` FROM `zml_item` WHERE `id` = 1 LIMIT 1   [ RunTime:0.0002s ]
NOTIC: [2] Missing argument 2 for User\Model\ItemWithOrderModel::countMoney(), called in /home/wwwroot/zhongchou.com/Runtime/Cache/Home/9caf0bb0a4ec33bc3ac62eb05fc12f83.php on line 177 and defined /home/wwwroot/zhongchou.com/App/User/Model/ItemWithOrderModel.class.php 第 51 行.
NOTIC: [8] Undefined variable: uin /home/wwwroot/zhongchou.com/App/User/Model/ItemWithOrderModel.class.php 第 53 行.
SQL: SELECT SUM(a.money) AS tp_sum FROM zml_item_with_order as a WHERE a.itemid = '1' LIMIT 1   [ RunTime:0.0002s ]
NOTIC: [2] Illegal string offset 'a.isdel' /home/wwwroot/zhongchou.com/App/User/Model/ItemModel.class.php 第 46 行.
SQL: SELECT a.*,a.id as id,c.id as cid,c.name as progress_name,d.uin,d.name as user_name,d.header as user_header,e.id as eid,e.name as category_name FROM zml_item as a LEFT JOIN zml_item_progress as c ON a.progress = c.id LEFT JOIN zml_user as d ON a.uin = d.uin LEFT JOIN zml_item_category as e ON a.cid = e.id  WHERE ( a.status =1 AND a.progress =1 AND a.end_time >1497115915 AND a.isdel = 0 ) ORDER BY sort desc LIMIT 10   [ RunTime:0.0012s ]
SQL: SHOW COLUMNS FROM `zml_news` [ RunTime:0.0011s ]
SQL: SHOW COLUMNS FROM `zml_news` [ RunTime:0.0011s ]
SQL: SELECT a.*,b.name as cname FROM zml_news a LEFT JOIN zml_news_category b ON a.cid=b.id   WHERE ( a.status =1 AND a.cid In(4) ) ORDER BY a.time desc LIMIT 10   [ RunTime:0.0002s ]
SQL: SHOW COLUMNS FROM `zml_nav` [ RunTime:0.0011s ]
SQL: SHOW COLUMNS FROM `zml_nav` [ RunTime:0.0014s ]
SQL: SELECT * FROM `zml_nav` WHERE ( status =1 AND type =2 AND pid =0 ) ORDER BY time desc  [ RunTime:0.0003s ]
SQL: SELECT * FROM `zml_nav` WHERE `pid` = 1 ORDER BY time desc LIMIT 10   [ RunTime:0.0002s ]
SQL: SELECT * FROM `zml_nav` WHERE `pid` = 3 ORDER BY time desc LIMIT 10   [ RunTime:0.0002s ]
SQL: SELECT * FROM `zml_nav` WHERE `pid` = 5 ORDER BY time desc LIMIT 10   [ RunTime:0.0002s ]
SQL: SELECT * FROM `zml_nav` WHERE `pid` = 7 ORDER BY time desc LIMIT 10   [ RunTime:0.0002s ]
SQL: SELECT * FROM `zml_nav` WHERE `pid` = 8 ORDER BY time desc LIMIT 10   [ RunTime:0.0002s ]
SQL: SELECT * FROM `zml_nav` WHERE `pid` = 9 ORDER BY time desc LIMIT 10   [ RunTime:0.0002s ]
INFO: Run Behavior\ParseTemplateBehavior [ RunTime:0.043268s ]
INFO: [ view_parse ] --END-- [ RunTime:0.043315s ]
INFO: [ view_filter ] --START--
INFO: Run Behavior\WriteHtmlCacheBehavior [ RunTime:0.000060s ]
INFO: [ view_filter ] --END-- [ RunTime:0.000103s ]
INFO: 
INFO: 
INFO: 

[ 2017-06-11T02:24:01+08:00 ] 111.20.248.74 /
INFO: [ app_init ] --START--
INFO: Run Behavior\BuildLiteBehavior [ RunTime:0.000020s ]
INFO: [ app_init ] --END-- [ RunTime:0.000154s ]
INFO: [ app_begin ] --START--
INFO: Run Behavior\ReadHtmlCacheBehavior [ RunTime:0.000054s ]
INFO: [ app_begin ] --END-- [ RunTime:0.000118s ]
INFO: [ view_parse ] --START--
NOTIC: [8] Undefined variable: w /home/wwwroot/zhongchou.com/App/TagLib/Zml.class.php 第 71 行.
NOTIC: [8] Undefined index: order /home/wwwroot/zhongchou.com/App/TagLib/Zml.class.php 第 166 行.
NOTIC: [8] Undefined index: cid /home/wwwroot/zhongchou.com/App/TagLib/Zml.class.php 第 167 行.
NOTIC: [8] Undefined index: attr /home/wwwroot/zhongchou.com/App/TagLib/Zml.class.php 第 170 行.
NOTIC: [8] Undefined variable: w /home/wwwroot/zhongchou.com/App/TagLib/Zml.class.php 第 178 行.
INFO: [ template_filter ] --START--
INFO: Run Behavior\ContentReplaceBehavior [ RunTime:0.000069s ]
INFO: [ template_filter ] --END-- [ RunTime:0.000127s ]
SQL: SHOW COLUMNS FROM `zml_ad` [ RunTime:0.0017s ]
SQL: SELECT * FROM `zml_ad` WHERE ( type =1 )  [ RunTime:0.0003s ]
SQL: SHOW COLUMNS FROM `zml_item` [ RunTime:0.0015s ]
NOTIC: [2] Illegal string offset 'a.isdel' /home/wwwroot/zhongchou.com/App/User/Model/ItemModel.class.php 第 46 行.
SQL: SHOW COLUMNS FROM `zml_item` [ RunTime:0.0015s ]
SQL: SELECT a.*,a.id as id,c.id as cid,c.name as progress_name,d.uin,d.name as user_name,d.header as user_header,e.id as eid,e.name as category_name FROM zml_item as a LEFT JOIN zml_item_progress as c ON a.progress = c.id LEFT JOIN zml_user as d ON a.uin = d.uin LEFT JOIN zml_item_category as e ON a.cid = e.id  WHERE ( a.status =1 AND a.progress =1 AND a.end_time >1497119041 AND a.isdel = 0 ) ORDER BY sort desc LIMIT 10   [ RunTime:0.0015s ]
INFO: Run Behavior\ParseTemplateBehavior [ RunTime:0.018477s ]
INFO: [ view_parse ] --END-- [ RunTime:0.018535s ]
INFO: [ view_filter ] --START--
INFO: Run Behavior\WriteHtmlCacheBehavior [ RunTime:0.000057s ]
INFO: [ view_filter ] --END-- [ RunTime:0.000109s ]
INFO: 
INFO: 
INFO: 

[ 2017-06-11T06:58:23+08:00 ] 140.205.205.4 /
INFO: [ app_init ] --START--
INFO: Run Behavior\BuildLiteBehavior [ RunTime:0.000014s ]
INFO: [ app_init ] --END-- [ RunTime:0.000105s ]
INFO: [ app_begin ] --START--
INFO: Run Behavior\ReadHtmlCacheBehavior [ RunTime:0.000100s ]
INFO: [ app_begin ] --END-- [ RunTime:0.000147s ]
INFO: [ view_parse ] --START--
NOTIC: [8] Undefined variable: w /home/wwwroot/zhongchou.com/App/TagLib/Zml.class.php 第 71 行.
NOTIC: [8] Undefined variable: w /home/wwwroot/zhongchou.com/App/TagLib/Zml.class.php 第 92 行.
NOTIC: [8] Undefined index: cid /home/wwwroot/zhongchou.com/App/TagLib/Zml.class.php 第 167 行.
NOTIC: [8] Undefined index: end /home/wwwroot/zhongchou.com/App/TagLib/Zml.class.php 第 168 行.
NOTIC: [8] Undefined index: progress /home/wwwroot/zhongchou.com/App/TagLib/Zml.class.php 第 169 行.
NOTIC: [8] Undefined index: attr /home/wwwroot/zhongchou.com/App/TagLib/Zml.class.php 第 170 行.
NOTIC: [8] Undefined variable: w /home/wwwroot/zhongchou.com/App/TagLib/Zml.class.php 第 178 行.
NOTIC: [8] Undefined index: order /home/wwwroot/zhongchou.com/App/TagLib/Zml.class.php 第 166 行.
NOTIC: [8] Undefined index: cid /home/wwwroot/zhongchou.com/App/TagLib/Zml.class.php 第 167 行.
NOTIC: [8] Undefined index: attr /home/wwwroot/zhongchou.com/App/TagLib/Zml.class.php 第 170 行.
NOTIC: [8] Undefined variable: w /home/wwwroot/zhongchou.com/App/TagLib/Zml.class.php 第 178 行.
NOTIC: [8] Undefined index: num /home/wwwroot/zhongchou.com/App/TagLib/Zml.class.php 第 133 行.
NOTIC: [8] Undefined variable: w /home/wwwroot/zhongchou.com/App/TagLib/Zml.class.php 第 140 行.
NOTIC: [8] Undefined variable: limit /home/wwwroot/zhongchou.com/App/TagLib/Zml.class.php 第 153 行.
INFO: [ template_filter ] --START--
INFO: Run Behavior\ContentReplaceBehavior [ RunTime:0.000075s ]
INFO: [ template_filter ] --END-- [ RunTime:0.000129s ]
SQL: SHOW COLUMNS FROM `zml_ad` [ RunTime:0.0014s ]
SQL: SELECT * FROM `zml_ad` WHERE ( type =1 )  [ RunTime:0.0002s ]
SQL: SHOW COLUMNS FROM `zml_item` [ RunTime:0.0012s ]
NOTIC: [2] Illegal string offset 'a.isdel' /home/wwwroot/zhongchou.com/App/User/Model/ItemModel.class.php 第 46 行.
SQL: SHOW COLUMNS FROM `zml_item` [ RunTime:0.0016s ]
SQL: SELECT a.*,a.id as id,c.id as cid,c.name as progress_name,d.uin,d.name as user_name,d.header as user_header,e.id as eid,e.name as category_name FROM zml_item as a LEFT JOIN zml_item_progress as c ON a.progress = c.id LEFT JOIN zml_user as d ON a.uin = d.uin LEFT JOIN zml_item_category as e ON a.cid = e.id  WHERE ( a.status =1 AND a.isdel = 0 ) ORDER BY time desc LIMIT 2   [ RunTime:0.0020s ]
SQL: SHOW COLUMNS FROM `zml_item_with_order` [ RunTime:0.0013s ]
NOTIC: [2] Missing argument 2 for User\Model\ItemWithOrderModel::countMoney(), called in /home/wwwroot/zhongchou.com/App/User/Model/ItemWithOrderModel.class.php on line 66 and defined /home/wwwroot/zhongchou.com/App/User/Model/ItemWithOrderModel.class.php 第 51 行.
NOTIC: [8] Undefined variable: uin /home/wwwroot/zhongchou.com/App/User/Model/ItemWithOrderModel.class.php 第 53 行.
SQL: SHOW COLUMNS FROM `zml_item_with_order` [ RunTime:0.0010s ]
SQL: SELECT SUM(a.money) AS tp_sum FROM zml_item_with_order as a WHERE a.itemid = '2' LIMIT 1   [ RunTime:0.0003s ]
SQL: SHOW COLUMNS FROM `zml_item` [ RunTime:0.0013s ]
SQL: SELECT `raising_money` FROM `zml_item` WHERE `id` = 2 LIMIT 1   [ RunTime:0.0002s ]
NOTIC: [2] Missing argument 2 for User\Model\ItemWithOrderModel::countMoney(), called in /home/wwwroot/zhongchou.com/Runtime/Cache/Home/9caf0bb0a4ec33bc3ac62eb05fc12f83.php on line 177 and defined /home/wwwroot/zhongchou.com/App/User/Model/ItemWithOrderModel.class.php 第 51 行.
NOTIC: [8] Undefined variable: uin /home/wwwroot/zhongchou.com/App/User/Model/ItemWithOrderModel.class.php 第 53 行.
SQL: SELECT SUM(a.money) AS tp_sum FROM zml_item_with_order as a WHERE a.itemid = '2' LIMIT 1   [ RunTime:0.0002s ]
NOTIC: [2] Missing argument 2 for User\Model\ItemWithOrderModel::countMoney(), called in /home/wwwroot/zhongchou.com/App/User/Model/ItemWithOrderModel.class.php on line 66 and defined /home/wwwroot/zhongchou.com/App/User/Model/ItemWithOrderModel.class.php 第 51 行.
NOTIC: [8] Undefined variable: uin /home/wwwroot/zhongchou.com/App/User/Model/ItemWithOrderModel.class.php 第 53 行.
SQL: SELECT SUM(a.money) AS tp_sum FROM zml_item_with_order as a WHERE a.itemid = '1' LIMIT 1   [ RunTime:0.0002s ]
SQL: SELECT `raising_money` FROM `zml_item` WHERE `id` = 1 LIMIT 1   [ RunTime:0.0005s ]
NOTIC: [2] Missing argument 2 for User\Model\ItemWithOrderModel::countMoney(), called in /home/wwwroot/zhongchou.com/Runtime/Cache/Home/9caf0bb0a4ec33bc3ac62eb05fc12f83.php on line 177 and defined /home/wwwroot/zhongchou.com/App/User/Model/ItemWithOrderModel.class.php 第 51 行.
NOTIC: [8] Undefined variable: uin /home/wwwroot/zhongchou.com/App/User/Model/ItemWithOrderModel.class.php 第 53 行.
SQL: SELECT SUM(a.money) AS tp_sum FROM zml_item_with_order as a WHERE a.itemid = '1' LIMIT 1   [ RunTime:0.0003s ]
NOTIC: [2] Illegal string offset 'a.isdel' /home/wwwroot/zhongchou.com/App/User/Model/ItemModel.class.php 第 46 行.
SQL: SELECT a.*,a.id as id,c.id as cid,c.name as progress_name,d.uin,d.name as user_name,d.header as user_header,e.id as eid,e.name as category_name FROM zml_item as a LEFT JOIN zml_item_progress as c ON a.progress = c.id LEFT JOIN zml_user as d ON a.uin = d.uin LEFT JOIN zml_item_category as e ON a.cid = e.id  WHERE ( a.status =1 AND a.progress =1 AND a.end_time >1497135503 AND a.isdel = 0 ) ORDER BY sort desc LIMIT 10   [ RunTime:0.0016s ]
SQL: SHOW COLUMNS FROM `zml_news` [ RunTime:0.0014s ]
SQL: SHOW COLUMNS FROM `zml_news` [ RunTime:0.0012s ]
SQL: SELECT a.*,b.name as cname FROM zml_news a LEFT JOIN zml_news_category b ON a.cid=b.id   WHERE ( a.status =1 AND a.cid In(4) ) ORDER BY a.time desc LIMIT 10   [ RunTime:0.0003s ]
SQL: SHOW COLUMNS FROM `zml_nav` [ RunTime:0.0011s ]
SQL: SHOW COLUMNS FROM `zml_nav` [ RunTime:0.0011s ]
SQL: SELECT * FROM `zml_nav` WHERE ( status =1 AND type =2 AND pid =0 ) ORDER BY time desc  [ RunTime:0.0003s ]
SQL: SELECT * FROM `zml_nav` WHERE `pid` = 1 ORDER BY time desc LIMIT 10   [ RunTime:0.0002s ]
SQL: SELECT * FROM `zml_nav` WHERE `pid` = 3 ORDER BY time desc LIMIT 10   [ RunTime:0.0002s ]
SQL: SELECT * FROM `zml_nav` WHERE `pid` = 5 ORDER BY time desc LIMIT 10   [ RunTime:0.0002s ]
SQL: SELECT * FROM `zml_nav` WHERE `pid` = 7 ORDER BY time desc LIMIT 10   [ RunTime:0.0002s ]
SQL: SELECT * FROM `zml_nav` WHERE `pid` = 8 ORDER BY time desc LIMIT 10   [ RunTime:0.0002s ]
SQL: SELECT * FROM `zml_nav` WHERE `pid` = 9 ORDER BY time desc LIMIT 10   [ RunTime:0.0002s ]
INFO: Run Behavior\ParseTemplateBehavior [ RunTime:0.058927s ]
INFO: [ view_parse ] --END-- [ RunTime:0.059014s ]
INFO: [ view_filter ] --START--
INFO: Run Behavior\WriteHtmlCacheBehavior [ RunTime:0.000063s ]
INFO: [ view_filter ] --END-- [ RunTime:0.000105s ]
INFO: [ app_end ] --START--
INFO: Run Behavior\ShowPageTraceBehavior [ RunTime:0.000063s ]
INFO: [ app_end ] --END-- [ RunTime:0.000105s ]

[ 2017-06-11T07:40:47+08:00 ] 73.241.205.231 /
INFO: [ app_init ] --START--
INFO: Run Behavior\BuildLiteBehavior [ RunTime:0.000018s ]
INFO: [ app_init ] --END-- [ RunTime:0.000184s ]
INFO: [ app_begin ] --START--
INFO: Run Behavior\ReadHtmlCacheBehavior [ RunTime:0.000083s ]
INFO: [ app_begin ] --END-- [ RunTime:0.000142s ]
INFO: [ view_parse ] --START--
NOTIC: [8] Undefined variable: w /home/wwwroot/zhongchou.com/App/TagLib/Zml.class.php 第 71 行.
NOTIC: [8] Undefined variable: w /home/wwwroot/zhongchou.com/App/TagLib/Zml.class.php 第 92 行.
NOTIC: [8] Undefined index: cid /home/wwwroot/zhongchou.com/App/TagLib/Zml.class.php 第 167 行.
NOTIC: [8] Undefined index: end /home/wwwroot/zhongchou.com/App/TagLib/Zml.class.php 第 168 行.
NOTIC: [8] Undefined index: progress /home/wwwroot/zhongchou.com/App/TagLib/Zml.class.php 第 169 行.
NOTIC: [8] Undefined index: attr /home/wwwroot/zhongchou.com/App/TagLib/Zml.class.php 第 170 行.
NOTIC: [8] Undefined variable: w /home/wwwroot/zhongchou.com/App/TagLib/Zml.class.php 第 178 行.
NOTIC: [8] Undefined index: order /home/wwwroot/zhongchou.com/App/TagLib/Zml.class.php 第 166 行.
NOTIC: [8] Undefined index: cid /home/wwwroot/zhongchou.com/App/TagLib/Zml.class.php 第 167 行.
NOTIC: [8] Undefined index: attr /home/wwwroot/zhongchou.com/App/TagLib/Zml.class.php 第 170 行.
NOTIC: [8] Undefined variable: w /home/wwwroot/zhongchou.com/App/TagLib/Zml.class.php 第 178 行.
NOTIC: [8] Undefined index: num /home/wwwroot/zhongchou.com/App/TagLib/Zml.class.php 第 133 行.
NOTIC: [8] Undefined variable: w /home/wwwroot/zhongchou.com/App/TagLib/Zml.class.php 第 140 行.
NOTIC: [8] Undefined variable: limit /home/wwwroot/zhongchou.com/App/TagLib/Zml.class.php 第 153 行.
INFO: [ template_filter ] --START--
INFO: Run Behavior\ContentReplaceBehavior [ RunTime:0.000075s ]
INFO: [ template_filter ] --END-- [ RunTime:0.000126s ]
SQL: SHOW COLUMNS FROM `zml_ad` [ RunTime:0.0014s ]
SQL: SELECT * FROM `zml_ad` WHERE ( type =1 )  [ RunTime:0.0003s ]
SQL: SHOW COLUMNS FROM `zml_item` [ RunTime:0.0013s ]
NOTIC: [2] Illegal string offset 'a.isdel' /home/wwwroot/zhongchou.com/App/User/Model/ItemModel.class.php 第 46 行.
SQL: SHOW COLUMNS FROM `zml_item` [ RunTime:0.0012s ]
SQL: SELECT a.*,a.id as id,c.id as cid,c.name as progress_name,d.uin,d.name as user_name,d.header as user_header,e.id as eid,e.name as category_name FROM zml_item as a LEFT JOIN zml_item_progress as c ON a.progress = c.id LEFT JOIN zml_user as d ON a.uin = d.uin LEFT JOIN zml_item_category as e ON a.cid = e.id  WHERE ( a.status =1 AND a.isdel = 0 ) ORDER BY time desc LIMIT 2   [ RunTime:0.0015s ]
SQL: SHOW COLUMNS FROM `zml_item_with_order` [ RunTime:0.0011s ]
NOTIC: [2] Missing argument 2 for User\Model\ItemWithOrderModel::countMoney(), called in /home/wwwroot/zhongchou.com/App/User/Model/ItemWithOrderModel.class.php on line 66 and defined /home/wwwroot/zhongchou.com/App/User/Model/ItemWithOrderModel.class.php 第 51 行.
NOTIC: [8] Undefined variable: uin /home/wwwroot/zhongchou.com/App/User/Model/ItemWithOrderModel.class.php 第 53 行.
SQL: SHOW COLUMNS FROM `zml_item_with_order` [ RunTime:0.0010s ]
SQL: SELECT SUM(a.money) AS tp_sum FROM zml_item_with_order as a WHERE a.itemid = '2' LIMIT 1   [ RunTime:0.0003s ]
SQL: SHOW COLUMNS FROM `zml_item` [ RunTime:0.0013s ]
SQL: SELECT `raising_money` FROM `zml_item` WHERE `id` = 2 LIMIT 1   [ RunTime:0.0002s ]
NOTIC: [2] Missing argument 2 for User\Model\ItemWithOrderModel::countMoney(), called in /home/wwwroot/zhongchou.com/Runtime/Cache/Home/9caf0bb0a4ec33bc3ac62eb05fc12f83.php on line 177 and defined /home/wwwroot/zhongchou.com/App/User/Model/ItemWithOrderModel.class.php 第 51 行.
NOTIC: [8] Undefined variable: uin /home/wwwroot/zhongchou.com/App/User/Model/ItemWithOrderModel.class.php 第 53 行.
SQL: SELECT SUM(a.money) AS tp_sum FROM zml_item_with_order as a WHERE a.itemid = '2' LIMIT 1   [ RunTime:0.0002s ]
NOTIC: [2] Missing argument 2 for User\Model\ItemWithOrderModel::countMoney(), called in /home/wwwroot/zhongchou.com/App/User/Model/ItemWithOrderModel.class.php on line 66 and defined /home/wwwroot/zhongchou.com/App/User/Model/ItemWithOrderModel.class.php 第 51 行.
NOTIC: [8] Undefined variable: uin /home/wwwroot/zhongchou.com/App/User/Model/ItemWithOrderModel.class.php 第 53 行.
SQL: SELECT SUM(a.money) AS tp_sum FROM zml_item_with_order as a WHERE a.itemid = '1' LIMIT 1   [ RunTime:0.0002s ]
SQL: SELECT `raising_money` FROM `zml_item` WHERE `id` = 1 LIMIT 1   [ RunTime:0.0002s ]
NOTIC: [2] Missing argument 2 for User\Model\ItemWithOrderModel::countMoney(), called in /home/wwwroot/zhongchou.com/Runtime/Cache/Home/9caf0bb0a4ec33bc3ac62eb05fc12f83.php on line 177 and defined /home/wwwroot/zhongchou.com/App/User/Model/ItemWithOrderModel.class.php 第 51 行.
NOTIC: [8] Undefined variable: uin /home/wwwroot/zhongchou.com/App/User/Model/ItemWithOrderModel.class.php 第 53 行.
SQL: SELECT SUM(a.money) AS tp_sum FROM zml_item_with_order as a WHERE a.itemid = '1' LIMIT 1   [ RunTime:0.0002s ]
NOTIC: [2] Illegal string offset 'a.isdel' /home/wwwroot/zhongchou.com/App/User/Model/ItemModel.class.php 第 46 行.
SQL: SELECT a.*,a.id as id,c.id as cid,c.name as progress_name,d.uin,d.name as user_name,d.header as user_header,e.id as eid,e.name as category_name FROM zml_item as a LEFT JOIN zml_item_progress as c ON a.progress = c.id LEFT JOIN zml_user as d ON a.uin = d.uin LEFT JOIN zml_item_category as e ON a.cid = e.id  WHERE ( a.status =1 AND a.progress =1 AND a.end_time >1497138047 AND a.isdel = 0 ) ORDER BY sort desc LIMIT 10   [ RunTime:0.0013s ]
SQL: SHOW COLUMNS FROM `zml_news` [ RunTime:0.0012s ]
SQL: SHOW COLUMNS FROM `zml_news` [ RunTime:0.0011s ]
SQL: SELECT a.*,b.name as cname FROM zml_news a LEFT JOIN zml_news_category b ON a.cid=b.id   WHERE ( a.status =1 AND a.cid In(4) ) ORDER BY a.time desc LIMIT 10   [ RunTime:0.0003s ]
SQL: SHOW COLUMNS FROM `zml_nav` [ RunTime:0.0010s ]
SQL: SHOW COLUMNS FROM `zml_nav` [ RunTime:0.0022s ]
SQL: SELECT * FROM `zml_nav` WHERE ( status =1 AND type =2 AND pid =0 ) ORDER BY time desc  [ RunTime:0.0006s ]
SQL: SELECT * FROM `zml_nav` WHERE `pid` = 1 ORDER BY time desc LIMIT 10   [ RunTime:0.0003s ]
SQL: SELECT * FROM `zml_nav` WHERE `pid` = 3 ORDER BY time desc LIMIT 10   [ RunTime:0.0003s ]
SQL: SELECT * FROM `zml_nav` WHERE `pid` = 5 ORDER BY time desc LIMIT 10   [ RunTime:0.0002s ]
SQL: SELECT * FROM `zml_nav` WHERE `pid` = 7 ORDER BY time desc LIMIT 10   [ RunTime:0.0002s ]
SQL: SELECT * FROM `zml_nav` WHERE `pid` = 8 ORDER BY time desc LIMIT 10   [ RunTime:0.0003s ]
SQL: SELECT * FROM `zml_nav` WHERE `pid` = 9 ORDER BY time desc LIMIT 10   [ RunTime:0.0003s ]
INFO: Run Behavior\ParseTemplateBehavior [ RunTime:0.043356s ]
INFO: [ view_parse ] --END-- [ RunTime:0.043421s ]
INFO: [ view_filter ] --START--
INFO: Run Behavior\WriteHtmlCacheBehavior [ RunTime:0.000142s ]
INFO: [ view_filter ] --END-- [ RunTime:0.000221s ]

[ 2017-06-11T08:24:59+08:00 ] 111.20.248.74 /
INFO: [ app_init ] --START--
INFO: Run Behavior\BuildLiteBehavior [ RunTime:0.000025s ]
INFO: [ app_init ] --END-- [ RunTime:0.000158s ]
INFO: [ app_begin ] --START--
INFO: Run Behavior\ReadHtmlCacheBehavior [ RunTime:0.000056s ]
INFO: [ app_begin ] --END-- [ RunTime:0.000101s ]
INFO: [ view_parse ] --START--
NOTIC: [8] Undefined variable: w /home/wwwroot/zhongchou.com/App/TagLib/Zml.class.php 第 71 行.
NOTIC: [8] Undefined index: order /home/wwwroot/zhongchou.com/App/TagLib/Zml.class.php 第 166 行.
NOTIC: [8] Undefined index: cid /home/wwwroot/zhongchou.com/App/TagLib/Zml.class.php 第 167 行.
NOTIC: [8] Undefined index: attr /home/wwwroot/zhongchou.com/App/TagLib/Zml.class.php 第 170 行.
NOTIC: [8] Undefined variable: w /home/wwwroot/zhongchou.com/App/TagLib/Zml.class.php 第 178 行.
INFO: [ template_filter ] --START--
INFO: Run Behavior\ContentReplaceBehavior [ RunTime:0.000069s ]
INFO: [ template_filter ] --END-- [ RunTime:0.000126s ]
SQL: SHOW COLUMNS FROM `zml_ad` [ RunTime:0.0014s ]
SQL: SELECT * FROM `zml_ad` WHERE ( type =1 )  [ RunTime:0.0002s ]
SQL: SHOW COLUMNS FROM `zml_item` [ RunTime:0.0013s ]
NOTIC: [2] Illegal string offset 'a.isdel' /home/wwwroot/zhongchou.com/App/User/Model/ItemModel.class.php 第 46 行.
SQL: SHOW COLUMNS FROM `zml_item` [ RunTime:0.0012s ]
SQL: SELECT a.*,a.id as id,c.id as cid,c.name as progress_name,d.uin,d.name as user_name,d.header as user_header,e.id as eid,e.name as category_name FROM zml_item as a LEFT JOIN zml_item_progress as c ON a.progress = c.id LEFT JOIN zml_user as d ON a.uin = d.uin LEFT JOIN zml_item_category as e ON a.cid = e.id  WHERE ( a.status =1 AND a.progress =1 AND a.end_time >1497140699 AND a.isdel = 0 ) ORDER BY sort desc LIMIT 10   [ RunTime:0.0014s ]
INFO: Run Behavior\ParseTemplateBehavior [ RunTime:0.018194s ]
INFO: [ view_parse ] --END-- [ RunTime:0.018239s ]
INFO: [ view_filter ] --START--
INFO: Run Behavior\WriteHtmlCacheBehavior [ RunTime:0.000064s ]
INFO: [ view_filter ] --END-- [ RunTime:0.000102s ]
INFO: 
INFO: 
INFO: 

[ 2017-06-11T14:14:48+08:00 ] 103.242.202.196 /
INFO: [ app_init ] --START--
INFO: Run Behavior\BuildLiteBehavior [ RunTime:0.000086s ]
INFO: [ app_init ] --END-- [ RunTime:0.000198s ]
INFO: [ app_begin ] --START--
INFO: Run Behavior\ReadHtmlCacheBehavior [ RunTime:0.000055s ]
INFO: [ app_begin ] --END-- [ RunTime:0.000102s ]
INFO: [ view_parse ] --START--
NOTIC: [8] Undefined variable: w /home/wwwroot/zhongchou.com/App/TagLib/Zml.class.php 第 71 行.
NOTIC: [8] Undefined index: order /home/wwwroot/zhongchou.com/App/TagLib/Zml.class.php 第 166 行.
NOTIC: [8] Undefined index: cid /home/wwwroot/zhongchou.com/App/TagLib/Zml.class.php 第 167 行.
NOTIC: [8] Undefined index: attr /home/wwwroot/zhongchou.com/App/TagLib/Zml.class.php 第 170 行.
NOTIC: [8] Undefined variable: w /home/wwwroot/zhongchou.com/App/TagLib/Zml.class.php 第 178 行.
INFO: [ template_filter ] --START--
INFO: Run Behavior\ContentReplaceBehavior [ RunTime:0.000092s ]
INFO: [ template_filter ] --END-- [ RunTime:0.000151s ]
SQL: SHOW COLUMNS FROM `zml_ad` [ RunTime:0.0018s ]
SQL: SELECT * FROM `zml_ad` WHERE ( type =1 )  [ RunTime:0.0003s ]
SQL: SHOW COLUMNS FROM `zml_item` [ RunTime:0.0013s ]
NOTIC: [2] Illegal string offset 'a.isdel' /home/wwwroot/zhongchou.com/App/User/Model/ItemModel.class.php 第 46 行.
SQL: SHOW COLUMNS FROM `zml_item` [ RunTime:0.0012s ]
SQL: SELECT a.*,a.id as id,c.id as cid,c.name as progress_name,d.uin,d.name as user_name,d.header as user_header,e.id as eid,e.name as category_name FROM zml_item as a LEFT JOIN zml_item_progress as c ON a.progress = c.id LEFT JOIN zml_user as d ON a.uin = d.uin LEFT JOIN zml_item_category as e ON a.cid = e.id  WHERE ( a.status =1 AND a.progress =1 AND a.end_time >1497161688 AND a.isdel = 0 ) ORDER BY sort desc LIMIT 10   [ RunTime:0.0015s ]
INFO: Run Behavior\ParseTemplateBehavior [ RunTime:0.018027s ]
INFO: [ view_parse ] --END-- [ RunTime:0.018075s ]
INFO: [ view_filter ] --START--
INFO: Run Behavior\WriteHtmlCacheBehavior [ RunTime:0.000074s ]
INFO: [ view_filter ] --END-- [ RunTime:0.000115s ]
INFO: 
INFO: 
INFO: 

[ 2017-06-11T20:13:54+08:00 ] 103.242.202.196 /
INFO: [ app_init ] --START--
INFO: Run Behavior\BuildLiteBehavior [ RunTime:0.000025s ]
INFO: [ app_init ] --END-- [ RunTime:0.000157s ]
INFO: [ app_begin ] --START--
INFO: Run Behavior\ReadHtmlCacheBehavior [ RunTime:0.000059s ]
INFO: [ app_begin ] --END-- [ RunTime:0.000108s ]
INFO: [ view_parse ] --START--
NOTIC: [8] Undefined variable: w /home/wwwroot/zhongchou.com/App/TagLib/Zml.class.php 第 71 行.
NOTIC: [8] Undefined index: order /home/wwwroot/zhongchou.com/App/TagLib/Zml.class.php 第 166 行.
NOTIC: [8] Undefined index: cid /home/wwwroot/zhongchou.com/App/TagLib/Zml.class.php 第 167 行.
NOTIC: [8] Undefined index: attr /home/wwwroot/zhongchou.com/App/TagLib/Zml.class.php 第 170 行.
NOTIC: [8] Undefined variable: w /home/wwwroot/zhongchou.com/App/TagLib/Zml.class.php 第 178 行.
INFO: [ template_filter ] --START--
INFO: Run Behavior\ContentReplaceBehavior [ RunTime:0.011174s ]
INFO: [ template_filter ] --END-- [ RunTime:0.011236s ]
SQL: SHOW COLUMNS FROM `zml_ad` [ RunTime:0.0015s ]
SQL: SELECT * FROM `zml_ad` WHERE ( type =1 )  [ RunTime:0.0003s ]
SQL: SHOW COLUMNS FROM `zml_item` [ RunTime:0.0012s ]
NOTIC: [2] Illegal string offset 'a.isdel' /home/wwwroot/zhongchou.com/App/User/Model/ItemModel.class.php 第 46 行.
SQL: SHOW COLUMNS FROM `zml_item` [ RunTime:0.0021s ]
SQL: SELECT a.*,a.id as id,c.id as cid,c.name as progress_name,d.uin,d.name as user_name,d.header as user_header,e.id as eid,e.name as category_name FROM zml_item as a LEFT JOIN zml_item_progress as c ON a.progress = c.id LEFT JOIN zml_user as d ON a.uin = d.uin LEFT JOIN zml_item_category as e ON a.cid = e.id  WHERE ( a.status =1 AND a.progress =1 AND a.end_time >1497183234 AND a.isdel = 0 ) ORDER BY sort desc LIMIT 10   [ RunTime:0.0340s ]
INFO: Run Behavior\ParseTemplateBehavior [ RunTime:0.100223s ]
INFO: [ view_parse ] --END-- [ RunTime:0.100274s ]
INFO: [ view_filter ] --START--
INFO: Run Behavior\WriteHtmlCacheBehavior [ RunTime:0.000093s ]
INFO: [ view_filter ] --END-- [ RunTime:0.000135s ]
INFO: 
INFO: 
INFO: 

[ 2017-06-11T21:19:44+08:00 ] 183.239.35.83 /
INFO: [ app_init ] --START--
INFO: Run Behavior\BuildLiteBehavior [ RunTime:0.000016s ]
INFO: [ app_init ] --END-- [ RunTime:0.000108s ]
INFO: [ app_begin ] --START--
INFO: Run Behavior\ReadHtmlCacheBehavior [ RunTime:0.000069s ]
INFO: [ app_begin ] --END-- [ RunTime:0.000117s ]
INFO: [ view_parse ] --START--
NOTIC: [8] Undefined variable: w /home/wwwroot/zhongchou.com/App/TagLib/Zml.class.php 第 71 行.
NOTIC: [8] Undefined variable: w /home/wwwroot/zhongchou.com/App/TagLib/Zml.class.php 第 92 行.
NOTIC: [8] Undefined index: cid /home/wwwroot/zhongchou.com/App/TagLib/Zml.class.php 第 167 行.
NOTIC: [8] Undefined index: end /home/wwwroot/zhongchou.com/App/TagLib/Zml.class.php 第 168 行.
NOTIC: [8] Undefined index: progress /home/wwwroot/zhongchou.com/App/TagLib/Zml.class.php 第 169 行.
NOTIC: [8] Undefined index: attr /home/wwwroot/zhongchou.com/App/TagLib/Zml.class.php 第 170 行.
NOTIC: [8] Undefined variable: w /home/wwwroot/zhongchou.com/App/TagLib/Zml.class.php 第 178 行.
NOTIC: [8] Undefined index: order /home/wwwroot/zhongchou.com/App/TagLib/Zml.class.php 第 166 行.
NOTIC: [8] Undefined index: cid /home/wwwroot/zhongchou.com/App/TagLib/Zml.class.php 第 167 行.
NOTIC: [8] Undefined index: attr /home/wwwroot/zhongchou.com/App/TagLib/Zml.class.php 第 170 行.
NOTIC: [8] Undefined variable: w /home/wwwroot/zhongchou.com/App/TagLib/Zml.class.php 第 178 行.
NOTIC: [8] Undefined index: num /home/wwwroot/zhongchou.com/App/TagLib/Zml.class.php 第 133 行.
NOTIC: [8] Undefined variable: w /home/wwwroot/zhongchou.com/App/TagLib/Zml.class.php 第 140 行.
NOTIC: [8] Undefined variable: limit /home/wwwroot/zhongchou.com/App/TagLib/Zml.class.php 第 153 行.
INFO: [ template_filter ] --START--
INFO: Run Behavior\ContentReplaceBehavior [ RunTime:0.000078s ]
INFO: [ template_filter ] --END-- [ RunTime:0.000133s ]
SQL: SHOW COLUMNS FROM `zml_ad` [ RunTime:0.0014s ]
SQL: SELECT * FROM `zml_ad` WHERE ( type =1 )  [ RunTime:0.0002s ]
SQL: SHOW COLUMNS FROM `zml_item` [ RunTime:0.0013s ]
NOTIC: [2] Illegal string offset 'a.isdel' /home/wwwroot/zhongchou.com/App/User/Model/ItemModel.class.php 第 46 行.
SQL: SHOW COLUMNS FROM `zml_item` [ RunTime:0.0012s ]
SQL: SELECT a.*,a.id as id,c.id as cid,c.name as progress_name,d.uin,d.name as user_name,d.header as user_header,e.id as eid,e.name as category_name FROM zml_item as a LEFT JOIN zml_item_progress as c ON a.progress = c.id LEFT JOIN zml_user as d ON a.uin = d.uin LEFT JOIN zml_item_category as e ON a.cid = e.id  WHERE ( a.status =1 AND a.isdel = 0 ) ORDER BY time desc LIMIT 2   [ RunTime:0.0190s ]
SQL: SHOW COLUMNS FROM `zml_item_with_order` [ RunTime:0.0012s ]
NOTIC: [2] Missing argument 2 for User\Model\ItemWithOrderModel::countMoney(), called in /home/wwwroot/zhongchou.com/App/User/Model/ItemWithOrderModel.class.php on line 66 and defined /home/wwwroot/zhongchou.com/App/User/Model/ItemWithOrderModel.class.php 第 51 行.
NOTIC: [8] Undefined variable: uin /home/wwwroot/zhongchou.com/App/User/Model/ItemWithOrderModel.class.php 第 53 行.
SQL: SHOW COLUMNS FROM `zml_item_with_order` [ RunTime:0.0011s ]
SQL: SELECT SUM(a.money) AS tp_sum FROM zml_item_with_order as a WHERE a.itemid = '2' LIMIT 1   [ RunTime:0.0003s ]
SQL: SHOW COLUMNS FROM `zml_item` [ RunTime:0.0013s ]
SQL: SELECT `raising_money` FROM `zml_item` WHERE `id` = 2 LIMIT 1   [ RunTime:0.0002s ]
NOTIC: [2] Missing argument 2 for User\Model\ItemWithOrderModel::countMoney(), called in /home/wwwroot/zhongchou.com/Runtime/Cache/Home/9caf0bb0a4ec33bc3ac62eb05fc12f83.php on line 177 and defined /home/wwwroot/zhongchou.com/App/User/Model/ItemWithOrderModel.class.php 第 51 行.
NOTIC: [8] Undefined variable: uin /home/wwwroot/zhongchou.com/App/User/Model/ItemWithOrderModel.class.php 第 53 行.
SQL: SELECT SUM(a.money) AS tp_sum FROM zml_item_with_order as a WHERE a.itemid = '2' LIMIT 1   [ RunTime:0.0002s ]
NOTIC: [2] Missing argument 2 for User\Model\ItemWithOrderModel::countMoney(), called in /home/wwwroot/zhongchou.com/App/User/Model/ItemWithOrderModel.class.php on line 66 and defined /home/wwwroot/zhongchou.com/App/User/Model/ItemWithOrderModel.class.php 第 51 行.
NOTIC: [8] Undefined variable: uin /home/wwwroot/zhongchou.com/App/User/Model/ItemWithOrderModel.class.php 第 53 行.
SQL: SELECT SUM(a.money) AS tp_sum FROM zml_item_with_order as a WHERE a.itemid = '1' LIMIT 1   [ RunTime:0.0003s ]
SQL: SELECT `raising_money` FROM `zml_item` WHERE `id` = 1 LIMIT 1   [ RunTime:0.0002s ]
NOTIC: [2] Missing argument 2 for User\Model\ItemWithOrderModel::countMoney(), called in /home/wwwroot/zhongchou.com/Runtime/Cache/Home/9caf0bb0a4ec33bc3ac62eb05fc12f83.php on line 177 and defined /home/wwwroot/zhongchou.com/App/User/Model/ItemWithOrderModel.class.php 第 51 行.
NOTIC: [8] Undefined variable: uin /home/wwwroot/zhongchou.com/App/User/Model/ItemWithOrderModel.class.php 第 53 行.
SQL: SELECT SUM(a.money) AS tp_sum FROM zml_item_with_order as a WHERE a.itemid = '1' LIMIT 1   [ RunTime:0.0002s ]
NOTIC: [2] Illegal string offset 'a.isdel' /home/wwwroot/zhongchou.com/App/User/Model/ItemModel.class.php 第 46 行.
SQL: SELECT a.*,a.id as id,c.id as cid,c.name as progress_name,d.uin,d.name as user_name,d.header as user_header,e.id as eid,e.name as category_name FROM zml_item as a LEFT JOIN zml_item_progress as c ON a.progress = c.id LEFT JOIN zml_user as d ON a.uin = d.uin LEFT JOIN zml_item_category as e ON a.cid = e.id  WHERE ( a.status =1 AND a.progress =1 AND a.end_time >1497187184 AND a.isdel = 0 ) ORDER BY sort desc LIMIT 10   [ RunTime:0.0013s ]
SQL: SHOW COLUMNS FROM `zml_news` [ RunTime:0.0014s ]
SQL: SHOW COLUMNS FROM `zml_news` [ RunTime:0.0018s ]
SQL: SELECT a.*,b.name as cname FROM zml_news a LEFT JOIN zml_news_category b ON a.cid=b.id   WHERE ( a.status =1 AND a.cid In(4) ) ORDER BY a.time desc LIMIT 10   [ RunTime:0.0042s ]
SQL: SHOW COLUMNS FROM `zml_nav` [ RunTime:0.0018s ]
SQL: SHOW COLUMNS FROM `zml_nav` [ RunTime:0.0011s ]
SQL: SELECT * FROM `zml_nav` WHERE ( status =1 AND type =2 AND pid =0 ) ORDER BY time desc  [ RunTime:0.0003s ]
SQL: SELECT * FROM `zml_nav` WHERE `pid` = 1 ORDER BY time desc LIMIT 10   [ RunTime:0.0002s ]
SQL: SELECT * FROM `zml_nav` WHERE `pid` = 3 ORDER BY time desc LIMIT 10   [ RunTime:0.0002s ]
SQL: SELECT * FROM `zml_nav` WHERE `pid` = 5 ORDER BY time desc LIMIT 10   [ RunTime:0.0003s ]
SQL: SELECT * FROM `zml_nav` WHERE `pid` = 7 ORDER BY time desc LIMIT 10   [ RunTime:0.0002s ]
SQL: SELECT * FROM `zml_nav` WHERE `pid` = 8 ORDER BY time desc LIMIT 10   [ RunTime:0.0002s ]
SQL: SELECT * FROM `zml_nav` WHERE `pid` = 9 ORDER BY time desc LIMIT 10   [ RunTime:0.0002s ]
INFO: Run Behavior\ParseTemplateBehavior [ RunTime:0.100508s ]
INFO: [ view_parse ] --END-- [ RunTime:0.100568s ]
INFO: [ view_filter ] --START--
INFO: Run Behavior\WriteHtmlCacheBehavior [ RunTime:0.000084s ]
INFO: [ view_filter ] --END-- [ RunTime:0.000133s ]
INFO: 
INFO: 
INFO: 

