[ 2017-04-20T02:17:09+08:00 ] 207.46.13.125 /robots.txt
INFO: [ app_init ] --START--
INFO: Run Behavior\BuildLiteBehavior [ RunTime:0.000019s ]
INFO: [ app_init ] --END-- [ RunTime:0.000126s ]
INFO: [ app_begin ] --START--
INFO: Run Behavior\ReadHtmlCacheBehavior [ RunTime:0.000057s ]
INFO: [ app_begin ] --END-- [ RunTime:0.000104s ]
ERR: 无法加载控制器:Robots.txt

[ 2017-04-20T02:17:10+08:00 ] 207.46.13.125 /
INFO: [ app_init ] --START--
INFO: Run Behavior\BuildLiteBehavior [ RunTime:0.000027s ]
INFO: [ app_init ] --END-- [ RunTime:0.000177s ]
INFO: [ app_begin ] --START--
INFO: Run Behavior\ReadHtmlCacheBehavior [ RunTime:0.000071s ]
INFO: [ app_begin ] --END-- [ RunTime:0.000126s ]
INFO: [ view_parse ] --START--
NOTIC: [8] Undefined variable: w /home/wwwroot/zhongchou.com/App/TagLib/Zml.class.php 第 71 行.
NOTIC: [8] Undefined variable: w /home/wwwroot/zhongchou.com/App/TagLib/Zml.class.php 第 92 行.
NOTIC: [8] Undefined index: cid /home/wwwroot/zhongchou.com/App/TagLib/Zml.class.php 第 167 行.
NOTIC: [8] Undefined index: end /home/wwwroot/zhongchou.com/App/TagLib/Zml.class.php 第 168 行.
NOTIC: [8] Undefined index: progress /home/wwwroot/zhongchou.com/App/TagLib/Zml.class.php 第 169 行.
NOTIC: [8] Undefined index: attr /home/wwwroot/zhongchou.com/App/TagLib/Zml.class.php 第 170 行.
NOTIC: [8] Undefined variable: w /home/wwwroot/zhongchou.com/App/TagLib/Zml.class.php 第 178 行.
NOTIC: [8] Undefined index: order /home/wwwroot/zhongchou.com/App/TagLib/Zml.class.php 第 166 行.
NOTIC: [8] Undefined index: cid /home/wwwroot/zhongchou.com/App/TagLib/Zml.class.php 第 167 行.
NOTIC: [8] Undefined index: attr /home/wwwroot/zhongchou.com/App/TagLib/Zml.class.php 第 170 行.
NOTIC: [8] Undefined variable: w /home/wwwroot/zhongchou.com/App/TagLib/Zml.class.php 第 178 行.
NOTIC: [8] Undefined index: num /home/wwwroot/zhongchou.com/App/TagLib/Zml.class.php 第 133 行.
NOTIC: [8] Undefined variable: w /home/wwwroot/zhongchou.com/App/TagLib/Zml.class.php 第 140 行.
NOTIC: [8] Undefined variable: limit /home/wwwroot/zhongchou.com/App/TagLib/Zml.class.php 第 153 行.
INFO: [ template_filter ] --START--
INFO: Run Behavior\ContentReplaceBehavior [ RunTime:0.000089s ]
INFO: [ template_filter ] --END-- [ RunTime:0.000151s ]
SQL: SHOW COLUMNS FROM `zml_ad` [ RunTime:0.0014s ]
SQL: SELECT * FROM `zml_ad` WHERE ( type =1 )  [ RunTime:0.0002s ]
SQL: SHOW COLUMNS FROM `zml_item` [ RunTime:0.0011s ]
NOTIC: [2] Illegal string offset 'a.isdel' /home/wwwroot/zhongchou.com/App/User/Model/ItemModel.class.php 第 46 行.
SQL: SHOW COLUMNS FROM `zml_item` [ RunTime:0.0011s ]
SQL: SELECT a.*,a.id as id,c.id as cid,c.name as progress_name,d.uin,d.name as user_name,d.header as user_header,e.id as eid,e.name as category_name FROM zml_item as a LEFT JOIN zml_item_progress as c ON a.progress = c.id LEFT JOIN zml_user as d ON a.uin = d.uin LEFT JOIN zml_item_category as e ON a.cid = e.id  WHERE ( a.status =1 AND a.isdel = 0 ) ORDER BY time desc LIMIT 2   [ RunTime:0.0015s ]
SQL: SHOW COLUMNS FROM `zml_item_with_order` [ RunTime:0.0011s ]
NOTIC: [2] Missing argument 2 for User\Model\ItemWithOrderModel::countMoney(), called in /home/wwwroot/zhongchou.com/App/User/Model/ItemWithOrderModel.class.php on line 66 and defined /home/wwwroot/zhongchou.com/App/User/Model/ItemWithOrderModel.class.php 第 51 行.
NOTIC: [8] Undefined variable: uin /home/wwwroot/zhongchou.com/App/User/Model/ItemWithOrderModel.class.php 第 53 行.
SQL: SHOW COLUMNS FROM `zml_item_with_order` [ RunTime:0.0012s ]
SQL: SELECT SUM(a.money) AS tp_sum FROM zml_item_with_order as a WHERE a.itemid = '2' LIMIT 1   [ RunTime:0.0003s ]
SQL: SHOW COLUMNS FROM `zml_item` [ RunTime:0.0014s ]
SQL: SELECT `raising_money` FROM `zml_item` WHERE `id` = 2 LIMIT 1   [ RunTime:0.0002s ]
NOTIC: [2] Missing argument 2 for User\Model\ItemWithOrderModel::countMoney(), called in /home/wwwroot/zhongchou.com/Runtime/Cache/Home/9caf0bb0a4ec33bc3ac62eb05fc12f83.php on line 177 and defined /home/wwwroot/zhongchou.com/App/User/Model/ItemWithOrderModel.class.php 第 51 行.
NOTIC: [8] Undefined variable: uin /home/wwwroot/zhongchou.com/App/User/Model/ItemWithOrderModel.class.php 第 53 行.
SQL: SELECT SUM(a.money) AS tp_sum FROM zml_item_with_order as a WHERE a.itemid = '2' LIMIT 1   [ RunTime:0.0002s ]
NOTIC: [2] Missing argument 2 for User\Model\ItemWithOrderModel::countMoney(), called in /home/wwwroot/zhongchou.com/App/User/Model/ItemWithOrderModel.class.php on line 66 and defined /home/wwwroot/zhongchou.com/App/User/Model/ItemWithOrderModel.class.php 第 51 行.
NOTIC: [8] Undefined variable: uin /home/wwwroot/zhongchou.com/App/User/Model/ItemWithOrderModel.class.php 第 53 行.
SQL: SELECT SUM(a.money) AS tp_sum FROM zml_item_with_order as a WHERE a.itemid = '1' LIMIT 1   [ RunTime:0.0003s ]
SQL: SELECT `raising_money` FROM `zml_item` WHERE `id` = 1 LIMIT 1   [ RunTime:0.0002s ]
NOTIC: [2] Missing argument 2 for User\Model\ItemWithOrderModel::countMoney(), called in /home/wwwroot/zhongchou.com/Runtime/Cache/Home/9caf0bb0a4ec33bc3ac62eb05fc12f83.php on line 177 and defined /home/wwwroot/zhongchou.com/App/User/Model/ItemWithOrderModel.class.php 第 51 行.
NOTIC: [8] Undefined variable: uin /home/wwwroot/zhongchou.com/App/User/Model/ItemWithOrderModel.class.php 第 53 行.
SQL: SELECT SUM(a.money) AS tp_sum FROM zml_item_with_order as a WHERE a.itemid = '1' LIMIT 1   [ RunTime:0.0003s ]
NOTIC: [2] Illegal string offset 'a.isdel' /home/wwwroot/zhongchou.com/App/User/Model/ItemModel.class.php 第 46 行.
SQL: SELECT a.*,a.id as id,c.id as cid,c.name as progress_name,d.uin,d.name as user_name,d.header as user_header,e.id as eid,e.name as category_name FROM zml_item as a LEFT JOIN zml_item_progress as c ON a.progress = c.id LEFT JOIN zml_user as d ON a.uin = d.uin LEFT JOIN zml_item_category as e ON a.cid = e.id  WHERE ( a.status =1 AND a.progress =1 AND a.end_time >1492625830 AND a.isdel = 0 ) ORDER BY sort desc LIMIT 10   [ RunTime:0.0015s ]
SQL: SHOW COLUMNS FROM `zml_news` [ RunTime:0.0012s ]
SQL: SHOW COLUMNS FROM `zml_news` [ RunTime:0.0010s ]
SQL: SELECT a.*,b.name as cname FROM zml_news a LEFT JOIN zml_news_category b ON a.cid=b.id   WHERE ( a.status =1 AND a.cid In(4) ) ORDER BY a.time desc LIMIT 10   [ RunTime:0.0003s ]
SQL: SHOW COLUMNS FROM `zml_nav` [ RunTime:0.0010s ]
SQL: SHOW COLUMNS FROM `zml_nav` [ RunTime:0.0012s ]
SQL: SELECT * FROM `zml_nav` WHERE ( status =1 AND type =2 AND pid =0 ) ORDER BY time desc  [ RunTime:0.0003s ]
SQL: SELECT * FROM `zml_nav` WHERE `pid` = 1 ORDER BY time desc LIMIT 10   [ RunTime:0.0002s ]
SQL: SELECT * FROM `zml_nav` WHERE `pid` = 3 ORDER BY time desc LIMIT 10   [ RunTime:0.0002s ]
SQL: SELECT * FROM `zml_nav` WHERE `pid` = 5 ORDER BY time desc LIMIT 10   [ RunTime:0.0002s ]
SQL: SELECT * FROM `zml_nav` WHERE `pid` = 7 ORDER BY time desc LIMIT 10   [ RunTime:0.0002s ]
SQL: SELECT * FROM `zml_nav` WHERE `pid` = 8 ORDER BY time desc LIMIT 10   [ RunTime:0.0003s ]
SQL: SELECT * FROM `zml_nav` WHERE `pid` = 9 ORDER BY time desc LIMIT 10   [ RunTime:0.0004s ]
INFO: Run Behavior\ParseTemplateBehavior [ RunTime:0.047636s ]
INFO: [ view_parse ] --END-- [ RunTime:0.047703s ]
INFO: [ view_filter ] --START--
INFO: Run Behavior\WriteHtmlCacheBehavior [ RunTime:0.000117s ]
INFO: [ view_filter ] --END-- [ RunTime:0.000193s ]
INFO: [ app_end ] --START--
INFO: Run Behavior\ShowPageTraceBehavior [ RunTime:0.000071s ]
INFO: [ app_end ] --END-- [ RunTime:0.000129s ]

[ 2017-04-20T02:52:52+08:00 ] 61.135.169.42 /
INFO: [ app_init ] --START--
INFO: Run Behavior\BuildLiteBehavior [ RunTime:0.000023s ]
INFO: [ app_init ] --END-- [ RunTime:0.000160s ]
INFO: [ app_begin ] --START--
INFO: Run Behavior\ReadHtmlCacheBehavior [ RunTime:0.000073s ]
INFO: [ app_begin ] --END-- [ RunTime:0.000136s ]
INFO: [ view_parse ] --START--
NOTIC: [8] Undefined variable: w /home/wwwroot/zhongchou.com/App/TagLib/Zml.class.php 第 71 行.
NOTIC: [8] Undefined variable: w /home/wwwroot/zhongchou.com/App/TagLib/Zml.class.php 第 92 行.
NOTIC: [8] Undefined index: cid /home/wwwroot/zhongchou.com/App/TagLib/Zml.class.php 第 167 行.
NOTIC: [8] Undefined index: end /home/wwwroot/zhongchou.com/App/TagLib/Zml.class.php 第 168 行.
NOTIC: [8] Undefined index: progress /home/wwwroot/zhongchou.com/App/TagLib/Zml.class.php 第 169 行.
NOTIC: [8] Undefined index: attr /home/wwwroot/zhongchou.com/App/TagLib/Zml.class.php 第 170 行.
NOTIC: [8] Undefined variable: w /home/wwwroot/zhongchou.com/App/TagLib/Zml.class.php 第 178 行.
NOTIC: [8] Undefined index: order /home/wwwroot/zhongchou.com/App/TagLib/Zml.class.php 第 166 行.
NOTIC: [8] Undefined index: cid /home/wwwroot/zhongchou.com/App/TagLib/Zml.class.php 第 167 行.
NOTIC: [8] Undefined index: attr /home/wwwroot/zhongchou.com/App/TagLib/Zml.class.php 第 170 行.
NOTIC: [8] Undefined variable: w /home/wwwroot/zhongchou.com/App/TagLib/Zml.class.php 第 178 行.
NOTIC: [8] Undefined index: num /home/wwwroot/zhongchou.com/App/TagLib/Zml.class.php 第 133 行.
NOTIC: [8] Undefined variable: w /home/wwwroot/zhongchou.com/App/TagLib/Zml.class.php 第 140 行.
NOTIC: [8] Undefined variable: limit /home/wwwroot/zhongchou.com/App/TagLib/Zml.class.php 第 153 行.
INFO: [ template_filter ] --START--
INFO: Run Behavior\ContentReplaceBehavior [ RunTime:0.000072s ]
INFO: [ template_filter ] --END-- [ RunTime:0.000126s ]
SQL: SHOW COLUMNS FROM `zml_ad` [ RunTime:0.0013s ]
SQL: SELECT * FROM `zml_ad` WHERE ( type =1 )  [ RunTime:0.0002s ]
SQL: SHOW COLUMNS FROM `zml_item` [ RunTime:0.0012s ]
NOTIC: [2] Illegal string offset 'a.isdel' /home/wwwroot/zhongchou.com/App/User/Model/ItemModel.class.php 第 46 行.
SQL: SHOW COLUMNS FROM `zml_item` [ RunTime:0.0012s ]
SQL: SELECT a.*,a.id as id,c.id as cid,c.name as progress_name,d.uin,d.name as user_name,d.header as user_header,e.id as eid,e.name as category_name FROM zml_item as a LEFT JOIN zml_item_progress as c ON a.progress = c.id LEFT JOIN zml_user as d ON a.uin = d.uin LEFT JOIN zml_item_category as e ON a.cid = e.id  WHERE ( a.status =1 AND a.isdel = 0 ) ORDER BY time desc LIMIT 2   [ RunTime:0.0015s ]
SQL: SHOW COLUMNS FROM `zml_item_with_order` [ RunTime:0.0010s ]
NOTIC: [2] Missing argument 2 for User\Model\ItemWithOrderModel::countMoney(), called in /home/wwwroot/zhongchou.com/App/User/Model/ItemWithOrderModel.class.php on line 66 and defined /home/wwwroot/zhongchou.com/App/User/Model/ItemWithOrderModel.class.php 第 51 行.
NOTIC: [8] Undefined variable: uin /home/wwwroot/zhongchou.com/App/User/Model/ItemWithOrderModel.class.php 第 53 行.
SQL: SHOW COLUMNS FROM `zml_item_with_order` [ RunTime:0.0009s ]
SQL: SELECT SUM(a.money) AS tp_sum FROM zml_item_with_order as a WHERE a.itemid = '2' LIMIT 1   [ RunTime:0.0003s ]
SQL: SHOW COLUMNS FROM `zml_item` [ RunTime:0.0012s ]
SQL: SELECT `raising_money` FROM `zml_item` WHERE `id` = 2 LIMIT 1   [ RunTime:0.0002s ]
NOTIC: [2] Missing argument 2 for User\Model\ItemWithOrderModel::countMoney(), called in /home/wwwroot/zhongchou.com/Runtime/Cache/Home/9caf0bb0a4ec33bc3ac62eb05fc12f83.php on line 177 and defined /home/wwwroot/zhongchou.com/App/User/Model/ItemWithOrderModel.class.php 第 51 行.
NOTIC: [8] Undefined variable: uin /home/wwwroot/zhongchou.com/App/User/Model/ItemWithOrderModel.class.php 第 53 行.
SQL: SELECT SUM(a.money) AS tp_sum FROM zml_item_with_order as a WHERE a.itemid = '2' LIMIT 1   [ RunTime:0.0002s ]
NOTIC: [2] Missing argument 2 for User\Model\ItemWithOrderModel::countMoney(), called in /home/wwwroot/zhongchou.com/App/User/Model/ItemWithOrderModel.class.php on line 66 and defined /home/wwwroot/zhongchou.com/App/User/Model/ItemWithOrderModel.class.php 第 51 行.
NOTIC: [8] Undefined variable: uin /home/wwwroot/zhongchou.com/App/User/Model/ItemWithOrderModel.class.php 第 53 行.
SQL: SELECT SUM(a.money) AS tp_sum FROM zml_item_with_order as a WHERE a.itemid = '1' LIMIT 1   [ RunTime:0.0002s ]
SQL: SELECT `raising_money` FROM `zml_item` WHERE `id` = 1 LIMIT 1   [ RunTime:0.0002s ]
NOTIC: [2] Missing argument 2 for User\Model\ItemWithOrderModel::countMoney(), called in /home/wwwroot/zhongchou.com/Runtime/Cache/Home/9caf0bb0a4ec33bc3ac62eb05fc12f83.php on line 177 and defined /home/wwwroot/zhongchou.com/App/User/Model/ItemWithOrderModel.class.php 第 51 行.
NOTIC: [8] Undefined variable: uin /home/wwwroot/zhongchou.com/App/User/Model/ItemWithOrderModel.class.php 第 53 行.
SQL: SELECT SUM(a.money) AS tp_sum FROM zml_item_with_order as a WHERE a.itemid = '1' LIMIT 1   [ RunTime:0.0002s ]
NOTIC: [2] Illegal string offset 'a.isdel' /home/wwwroot/zhongchou.com/App/User/Model/ItemModel.class.php 第 46 行.
SQL: SELECT a.*,a.id as id,c.id as cid,c.name as progress_name,d.uin,d.name as user_name,d.header as user_header,e.id as eid,e.name as category_name FROM zml_item as a LEFT JOIN zml_item_progress as c ON a.progress = c.id LEFT JOIN zml_user as d ON a.uin = d.uin LEFT JOIN zml_item_category as e ON a.cid = e.id  WHERE ( a.status =1 AND a.progress =1 AND a.end_time >1492627972 AND a.isdel = 0 ) ORDER BY sort desc LIMIT 10   [ RunTime:0.0013s ]
SQL: SHOW COLUMNS FROM `zml_news` [ RunTime:0.0010s ]
SQL: SHOW COLUMNS FROM `zml_news` [ RunTime:0.0011s ]
SQL: SELECT a.*,b.name as cname FROM zml_news a LEFT JOIN zml_news_category b ON a.cid=b.id   WHERE ( a.status =1 AND a.cid In(4) ) ORDER BY a.time desc LIMIT 10   [ RunTime:0.0002s ]
SQL: SHOW COLUMNS FROM `zml_nav` [ RunTime:0.0010s ]
SQL: SHOW COLUMNS FROM `zml_nav` [ RunTime:0.0010s ]
SQL: SELECT * FROM `zml_nav` WHERE ( status =1 AND type =2 AND pid =0 ) ORDER BY time desc  [ RunTime:0.0003s ]
SQL: SELECT * FROM `zml_nav` WHERE `pid` = 1 ORDER BY time desc LIMIT 10   [ RunTime:0.0002s ]
SQL: SELECT * FROM `zml_nav` WHERE `pid` = 3 ORDER BY time desc LIMIT 10   [ RunTime:0.0003s ]
SQL: SELECT * FROM `zml_nav` WHERE `pid` = 5 ORDER BY time desc LIMIT 10   [ RunTime:0.0002s ]
SQL: SELECT * FROM `zml_nav` WHERE `pid` = 7 ORDER BY time desc LIMIT 10   [ RunTime:0.0002s ]
SQL: SELECT * FROM `zml_nav` WHERE `pid` = 8 ORDER BY time desc LIMIT 10   [ RunTime:0.0002s ]
SQL: SELECT * FROM `zml_nav` WHERE `pid` = 9 ORDER BY time desc LIMIT 10   [ RunTime:0.0002s ]
INFO: Run Behavior\ParseTemplateBehavior [ RunTime:0.039177s ]
INFO: [ view_parse ] --END-- [ RunTime:0.039227s ]
INFO: [ view_filter ] --START--
INFO: Run Behavior\WriteHtmlCacheBehavior [ RunTime:0.000086s ]
INFO: [ view_filter ] --END-- [ RunTime:0.000156s ]
INFO: [ app_end ] --START--
INFO: Run Behavior\ShowPageTraceBehavior [ RunTime:0.000080s ]
INFO: [ app_end ] --END-- [ RunTime:0.000147s ]

[ 2017-04-20T03:13:25+08:00 ] 207.46.13.125 /robots.txt
INFO: [ app_init ] --START--
INFO: Run Behavior\BuildLiteBehavior [ RunTime:0.000017s ]
INFO: [ app_init ] --END-- [ RunTime:0.000127s ]
INFO: [ app_begin ] --START--
INFO: Run Behavior\ReadHtmlCacheBehavior [ RunTime:0.000057s ]
INFO: [ app_begin ] --END-- [ RunTime:0.000109s ]
ERR: 无法加载控制器:Robots.txt

[ 2017-04-20T03:13:31+08:00 ] 207.46.13.125 /
INFO: [ app_init ] --START--
INFO: Run Behavior\BuildLiteBehavior [ RunTime:0.000013s ]
INFO: [ app_init ] --END-- [ RunTime:0.000098s ]
INFO: [ app_begin ] --START--
INFO: Run Behavior\ReadHtmlCacheBehavior [ RunTime:0.000051s ]
INFO: [ app_begin ] --END-- [ RunTime:0.000104s ]
INFO: [ view_parse ] --START--
NOTIC: [8] Undefined variable: w /home/wwwroot/zhongchou.com/App/TagLib/Zml.class.php 第 71 行.
NOTIC: [8] Undefined variable: w /home/wwwroot/zhongchou.com/App/TagLib/Zml.class.php 第 92 行.
NOTIC: [8] Undefined index: cid /home/wwwroot/zhongchou.com/App/TagLib/Zml.class.php 第 167 行.
NOTIC: [8] Undefined index: end /home/wwwroot/zhongchou.com/App/TagLib/Zml.class.php 第 168 行.
NOTIC: [8] Undefined index: progress /home/wwwroot/zhongchou.com/App/TagLib/Zml.class.php 第 169 行.
NOTIC: [8] Undefined index: attr /home/wwwroot/zhongchou.com/App/TagLib/Zml.class.php 第 170 行.
NOTIC: [8] Undefined variable: w /home/wwwroot/zhongchou.com/App/TagLib/Zml.class.php 第 178 行.
NOTIC: [8] Undefined index: order /home/wwwroot/zhongchou.com/App/TagLib/Zml.class.php 第 166 行.
NOTIC: [8] Undefined index: cid /home/wwwroot/zhongchou.com/App/TagLib/Zml.class.php 第 167 行.
NOTIC: [8] Undefined index: attr /home/wwwroot/zhongchou.com/App/TagLib/Zml.class.php 第 170 行.
NOTIC: [8] Undefined variable: w /home/wwwroot/zhongchou.com/App/TagLib/Zml.class.php 第 178 行.
NOTIC: [8] Undefined index: num /home/wwwroot/zhongchou.com/App/TagLib/Zml.class.php 第 133 行.
NOTIC: [8] Undefined variable: w /home/wwwroot/zhongchou.com/App/TagLib/Zml.class.php 第 140 行.
NOTIC: [8] Undefined variable: limit /home/wwwroot/zhongchou.com/App/TagLib/Zml.class.php 第 153 行.
INFO: [ template_filter ] --START--
INFO: Run Behavior\ContentReplaceBehavior [ RunTime:0.000075s ]
INFO: [ template_filter ] --END-- [ RunTime:0.000124s ]
SQL: SHOW COLUMNS FROM `zml_ad` [ RunTime:0.0012s ]
SQL: SELECT * FROM `zml_ad` WHERE ( type =1 )  [ RunTime:0.0003s ]
SQL: SHOW COLUMNS FROM `zml_item` [ RunTime:0.0012s ]
NOTIC: [2] Illegal string offset 'a.isdel' /home/wwwroot/zhongchou.com/App/User/Model/ItemModel.class.php 第 46 行.
SQL: SHOW COLUMNS FROM `zml_item` [ RunTime:0.0012s ]
SQL: SELECT a.*,a.id as id,c.id as cid,c.name as progress_name,d.uin,d.name as user_name,d.header as user_header,e.id as eid,e.name as category_name FROM zml_item as a LEFT JOIN zml_item_progress as c ON a.progress = c.id LEFT JOIN zml_user as d ON a.uin = d.uin LEFT JOIN zml_item_category as e ON a.cid = e.id  WHERE ( a.status =1 AND a.isdel = 0 ) ORDER BY time desc LIMIT 2   [ RunTime:0.0014s ]
SQL: SHOW COLUMNS FROM `zml_item_with_order` [ RunTime:0.0010s ]
NOTIC: [2] Missing argument 2 for User\Model\ItemWithOrderModel::countMoney(), called in /home/wwwroot/zhongchou.com/App/User/Model/ItemWithOrderModel.class.php on line 66 and defined /home/wwwroot/zhongchou.com/App/User/Model/ItemWithOrderModel.class.php 第 51 行.
NOTIC: [8] Undefined variable: uin /home/wwwroot/zhongchou.com/App/User/Model/ItemWithOrderModel.class.php 第 53 行.
SQL: SHOW COLUMNS FROM `zml_item_with_order` [ RunTime:0.0010s ]
SQL: SELECT SUM(a.money) AS tp_sum FROM zml_item_with_order as a WHERE a.itemid = '2' LIMIT 1   [ RunTime:0.0002s ]
SQL: SHOW COLUMNS FROM `zml_item` [ RunTime:0.0012s ]
SQL: SELECT `raising_money` FROM `zml_item` WHERE `id` = 2 LIMIT 1   [ RunTime:0.0002s ]
NOTIC: [2] Missing argument 2 for User\Model\ItemWithOrderModel::countMoney(), called in /home/wwwroot/zhongchou.com/Runtime/Cache/Home/9caf0bb0a4ec33bc3ac62eb05fc12f83.php on line 177 and defined /home/wwwroot/zhongchou.com/App/User/Model/ItemWithOrderModel.class.php 第 51 行.
NOTIC: [8] Undefined variable: uin /home/wwwroot/zhongchou.com/App/User/Model/ItemWithOrderModel.class.php 第 53 行.
SQL: SELECT SUM(a.money) AS tp_sum FROM zml_item_with_order as a WHERE a.itemid = '2' LIMIT 1   [ RunTime:0.0002s ]
NOTIC: [2] Missing argument 2 for User\Model\ItemWithOrderModel::countMoney(), called in /home/wwwroot/zhongchou.com/App/User/Model/ItemWithOrderModel.class.php on line 66 and defined /home/wwwroot/zhongchou.com/App/User/Model/ItemWithOrderModel.class.php 第 51 行.
NOTIC: [8] Undefined variable: uin /home/wwwroot/zhongchou.com/App/User/Model/ItemWithOrderModel.class.php 第 53 行.
SQL: SELECT SUM(a.money) AS tp_sum FROM zml_item_with_order as a WHERE a.itemid = '1' LIMIT 1   [ RunTime:0.0002s ]
SQL: SELECT `raising_money` FROM `zml_item` WHERE `id` = 1 LIMIT 1   [ RunTime:0.0002s ]
NOTIC: [2] Missing argument 2 for User\Model\ItemWithOrderModel::countMoney(), called in /home/wwwroot/zhongchou.com/Runtime/Cache/Home/9caf0bb0a4ec33bc3ac62eb05fc12f83.php on line 177 and defined /home/wwwroot/zhongchou.com/App/User/Model/ItemWithOrderModel.class.php 第 51 行.
NOTIC: [8] Undefined variable: uin /home/wwwroot/zhongchou.com/App/User/Model/ItemWithOrderModel.class.php 第 53 行.
SQL: SELECT SUM(a.money) AS tp_sum FROM zml_item_with_order as a WHERE a.itemid = '1' LIMIT 1   [ RunTime:0.0002s ]
NOTIC: [2] Illegal string offset 'a.isdel' /home/wwwroot/zhongchou.com/App/User/Model/ItemModel.class.php 第 46 行.
SQL: SELECT a.*,a.id as id,c.id as cid,c.name as progress_name,d.uin,d.name as user_name,d.header as user_header,e.id as eid,e.name as category_name FROM zml_item as a LEFT JOIN zml_item_progress as c ON a.progress = c.id LEFT JOIN zml_user as d ON a.uin = d.uin LEFT JOIN zml_item_category as e ON a.cid = e.id  WHERE ( a.status =1 AND a.progress =1 AND a.end_time >1492629211 AND a.isdel = 0 ) ORDER BY sort desc LIMIT 10   [ RunTime:0.0012s ]
SQL: SHOW COLUMNS FROM `zml_news` [ RunTime:0.0010s ]
SQL: SHOW COLUMNS FROM `zml_news` [ RunTime:0.0010s ]
SQL: SELECT a.*,b.name as cname FROM zml_news a LEFT JOIN zml_news_category b ON a.cid=b.id   WHERE ( a.status =1 AND a.cid In(4) ) ORDER BY a.time desc LIMIT 10   [ RunTime:0.0002s ]
SQL: SHOW COLUMNS FROM `zml_nav` [ RunTime:0.0010s ]
SQL: SHOW COLUMNS FROM `zml_nav` [ RunTime:0.0009s ]
SQL: SELECT * FROM `zml_nav` WHERE ( status =1 AND type =2 AND pid =0 ) ORDER BY time desc  [ RunTime:0.0002s ]
SQL: SELECT * FROM `zml_nav` WHERE `pid` = 1 ORDER BY time desc LIMIT 10   [ RunTime:0.0002s ]
SQL: SELECT * FROM `zml_nav` WHERE `pid` = 3 ORDER BY time desc LIMIT 10   [ RunTime:0.0002s ]
SQL: SELECT * FROM `zml_nav` WHERE `pid` = 5 ORDER BY time desc LIMIT 10   [ RunTime:0.0002s ]
SQL: SELECT * FROM `zml_nav` WHERE `pid` = 7 ORDER BY time desc LIMIT 10   [ RunTime:0.0002s ]
SQL: SELECT * FROM `zml_nav` WHERE `pid` = 8 ORDER BY time desc LIMIT 10   [ RunTime:0.0002s ]
SQL: SELECT * FROM `zml_nav` WHERE `pid` = 9 ORDER BY time desc LIMIT 10   [ RunTime:0.0002s ]
INFO: Run Behavior\ParseTemplateBehavior [ RunTime:0.037519s ]
INFO: [ view_parse ] --END-- [ RunTime:0.037564s ]
INFO: [ view_filter ] --START--
INFO: Run Behavior\WriteHtmlCacheBehavior [ RunTime:0.000054s ]
INFO: [ view_filter ] --END-- [ RunTime:0.000102s ]
INFO: [ app_end ] --START--
INFO: Run Behavior\ShowPageTraceBehavior [ RunTime:0.000047s ]
INFO: [ app_end ] --END-- [ RunTime:0.000088s ]

[ 2017-04-20T03:15:32+08:00 ] 220.181.125.186 /robots.txt
INFO: [ app_init ] --START--
INFO: Run Behavior\BuildLiteBehavior [ RunTime:0.000014s ]
INFO: [ app_init ] --END-- [ RunTime:0.000100s ]
INFO: [ app_begin ] --START--
INFO: Run Behavior\ReadHtmlCacheBehavior [ RunTime:0.000046s ]
INFO: [ app_begin ] --END-- [ RunTime:0.000092s ]
ERR: 无法加载控制器:Robots.txt

[ 2017-04-20T03:25:24+08:00 ] 220.181.125.186 /
INFO: [ app_init ] --START--
INFO: Run Behavior\BuildLiteBehavior [ RunTime:0.000024s ]
INFO: [ app_init ] --END-- [ RunTime:0.000161s ]
INFO: [ app_begin ] --START--
INFO: Run Behavior\ReadHtmlCacheBehavior [ RunTime:0.000053s ]
INFO: [ app_begin ] --END-- [ RunTime:0.000099s ]
INFO: [ view_parse ] --START--
NOTIC: [8] Undefined variable: w /home/wwwroot/zhongchou.com/App/TagLib/Zml.class.php 第 71 行.
NOTIC: [8] Undefined variable: w /home/wwwroot/zhongchou.com/App/TagLib/Zml.class.php 第 92 行.
NOTIC: [8] Undefined index: cid /home/wwwroot/zhongchou.com/App/TagLib/Zml.class.php 第 167 行.
NOTIC: [8] Undefined index: end /home/wwwroot/zhongchou.com/App/TagLib/Zml.class.php 第 168 行.
NOTIC: [8] Undefined index: progress /home/wwwroot/zhongchou.com/App/TagLib/Zml.class.php 第 169 行.
NOTIC: [8] Undefined index: attr /home/wwwroot/zhongchou.com/App/TagLib/Zml.class.php 第 170 行.
NOTIC: [8] Undefined variable: w /home/wwwroot/zhongchou.com/App/TagLib/Zml.class.php 第 178 行.
NOTIC: [8] Undefined index: order /home/wwwroot/zhongchou.com/App/TagLib/Zml.class.php 第 166 行.
NOTIC: [8] Undefined index: cid /home/wwwroot/zhongchou.com/App/TagLib/Zml.class.php 第 167 行.
NOTIC: [8] Undefined index: attr /home/wwwroot/zhongchou.com/App/TagLib/Zml.class.php 第 170 行.
NOTIC: [8] Undefined variable: w /home/wwwroot/zhongchou.com/App/TagLib/Zml.class.php 第 178 行.
NOTIC: [8] Undefined index: num /home/wwwroot/zhongchou.com/App/TagLib/Zml.class.php 第 133 行.
NOTIC: [8] Undefined variable: w /home/wwwroot/zhongchou.com/App/TagLib/Zml.class.php 第 140 行.
NOTIC: [8] Undefined variable: limit /home/wwwroot/zhongchou.com/App/TagLib/Zml.class.php 第 153 行.
INFO: [ template_filter ] --START--
INFO: Run Behavior\ContentReplaceBehavior [ RunTime:0.000100s ]
INFO: [ template_filter ] --END-- [ RunTime:0.000166s ]
SQL: SHOW COLUMNS FROM `zml_ad` [ RunTime:0.0018s ]
SQL: SELECT * FROM `zml_ad` WHERE ( type =1 )  [ RunTime:0.0003s ]
SQL: SHOW COLUMNS FROM `zml_item` [ RunTime:0.0017s ]
NOTIC: [2] Illegal string offset 'a.isdel' /home/wwwroot/zhongchou.com/App/User/Model/ItemModel.class.php 第 46 行.
SQL: SHOW COLUMNS FROM `zml_item` [ RunTime:0.0015s ]
SQL: SELECT a.*,a.id as id,c.id as cid,c.name as progress_name,d.uin,d.name as user_name,d.header as user_header,e.id as eid,e.name as category_name FROM zml_item as a LEFT JOIN zml_item_progress as c ON a.progress = c.id LEFT JOIN zml_user as d ON a.uin = d.uin LEFT JOIN zml_item_category as e ON a.cid = e.id  WHERE ( a.status =1 AND a.isdel = 0 ) ORDER BY time desc LIMIT 2   [ RunTime:0.0017s ]
SQL: SHOW COLUMNS FROM `zml_item_with_order` [ RunTime:0.0013s ]
NOTIC: [2] Missing argument 2 for User\Model\ItemWithOrderModel::countMoney(), called in /home/wwwroot/zhongchou.com/App/User/Model/ItemWithOrderModel.class.php on line 66 and defined /home/wwwroot/zhongchou.com/App/User/Model/ItemWithOrderModel.class.php 第 51 行.
NOTIC: [8] Undefined variable: uin /home/wwwroot/zhongchou.com/App/User/Model/ItemWithOrderModel.class.php 第 53 行.
SQL: SHOW COLUMNS FROM `zml_item_with_order` [ RunTime:0.0012s ]
SQL: SELECT SUM(a.money) AS tp_sum FROM zml_item_with_order as a WHERE a.itemid = '2' LIMIT 1   [ RunTime:0.0003s ]
SQL: SHOW COLUMNS FROM `zml_item` [ RunTime:0.0013s ]
SQL: SELECT `raising_money` FROM `zml_item` WHERE `id` = 2 LIMIT 1   [ RunTime:0.0002s ]
NOTIC: [2] Missing argument 2 for User\Model\ItemWithOrderModel::countMoney(), called in /home/wwwroot/zhongchou.com/Runtime/Cache/Home/9caf0bb0a4ec33bc3ac62eb05fc12f83.php on line 177 and defined /home/wwwroot/zhongchou.com/App/User/Model/ItemWithOrderModel.class.php 第 51 行.
NOTIC: [8] Undefined variable: uin /home/wwwroot/zhongchou.com/App/User/Model/ItemWithOrderModel.class.php 第 53 行.
SQL: SELECT SUM(a.money) AS tp_sum FROM zml_item_with_order as a WHERE a.itemid = '2' LIMIT 1   [ RunTime:0.0003s ]
NOTIC: [2] Missing argument 2 for User\Model\ItemWithOrderModel::countMoney(), called in /home/wwwroot/zhongchou.com/App/User/Model/ItemWithOrderModel.class.php on line 66 and defined /home/wwwroot/zhongchou.com/App/User/Model/ItemWithOrderModel.class.php 第 51 行.
NOTIC: [8] Undefined variable: uin /home/wwwroot/zhongchou.com/App/User/Model/ItemWithOrderModel.class.php 第 53 行.
SQL: SELECT SUM(a.money) AS tp_sum FROM zml_item_with_order as a WHERE a.itemid = '1' LIMIT 1   [ RunTime:0.0002s ]
SQL: SELECT `raising_money` FROM `zml_item` WHERE `id` = 1 LIMIT 1   [ RunTime:0.0002s ]
NOTIC: [2] Missing argument 2 for User\Model\ItemWithOrderModel::countMoney(), called in /home/wwwroot/zhongchou.com/Runtime/Cache/Home/9caf0bb0a4ec33bc3ac62eb05fc12f83.php on line 177 and defined /home/wwwroot/zhongchou.com/App/User/Model/ItemWithOrderModel.class.php 第 51 行.
NOTIC: [8] Undefined variable: uin /home/wwwroot/zhongchou.com/App/User/Model/ItemWithOrderModel.class.php 第 53 行.
SQL: SELECT SUM(a.money) AS tp_sum FROM zml_item_with_order as a WHERE a.itemid = '1' LIMIT 1   [ RunTime:0.0002s ]
NOTIC: [2] Illegal string offset 'a.isdel' /home/wwwroot/zhongchou.com/App/User/Model/ItemModel.class.php 第 46 行.
SQL: SELECT a.*,a.id as id,c.id as cid,c.name as progress_name,d.uin,d.name as user_name,d.header as user_header,e.id as eid,e.name as category_name FROM zml_item as a LEFT JOIN zml_item_progress as c ON a.progress = c.id LEFT JOIN zml_user as d ON a.uin = d.uin LEFT JOIN zml_item_category as e ON a.cid = e.id  WHERE ( a.status =1 AND a.progress =1 AND a.end_time >1492629924 AND a.isdel = 0 ) ORDER BY sort desc LIMIT 10   [ RunTime:0.0012s ]
SQL: SHOW COLUMNS FROM `zml_news` [ RunTime:0.0011s ]
SQL: SHOW COLUMNS FROM `zml_news` [ RunTime:0.0010s ]
SQL: SELECT a.*,b.name as cname FROM zml_news a LEFT JOIN zml_news_category b ON a.cid=b.id   WHERE ( a.status =1 AND a.cid In(4) ) ORDER BY a.time desc LIMIT 10   [ RunTime:0.0002s ]
SQL: SHOW COLUMNS FROM `zml_nav` [ RunTime:0.0010s ]
SQL: SHOW COLUMNS FROM `zml_nav` [ RunTime:0.0011s ]
SQL: SELECT * FROM `zml_nav` WHERE ( status =1 AND type =2 AND pid =0 ) ORDER BY time desc  [ RunTime:0.0003s ]
SQL: SELECT * FROM `zml_nav` WHERE `pid` = 1 ORDER BY time desc LIMIT 10   [ RunTime:0.0002s ]
SQL: SELECT * FROM `zml_nav` WHERE `pid` = 3 ORDER BY time desc LIMIT 10   [ RunTime:0.0002s ]
SQL: SELECT * FROM `zml_nav` WHERE `pid` = 5 ORDER BY time desc LIMIT 10   [ RunTime:0.0003s ]
SQL: SELECT * FROM `zml_nav` WHERE `pid` = 7 ORDER BY time desc LIMIT 10   [ RunTime:0.0002s ]
SQL: SELECT * FROM `zml_nav` WHERE `pid` = 8 ORDER BY time desc LIMIT 10   [ RunTime:0.0002s ]
SQL: SELECT * FROM `zml_nav` WHERE `pid` = 9 ORDER BY time desc LIMIT 10   [ RunTime:0.0002s ]
INFO: Run Behavior\ParseTemplateBehavior [ RunTime:0.048338s ]
INFO: [ view_parse ] --END-- [ RunTime:0.048404s ]
INFO: [ view_filter ] --START--
INFO: Run Behavior\WriteHtmlCacheBehavior [ RunTime:0.000081s ]
INFO: [ view_filter ] --END-- [ RunTime:0.000143s ]
INFO: [ app_end ] --START--
INFO: Run Behavior\ShowPageTraceBehavior [ RunTime:0.000085s ]
INFO: [ app_end ] --END-- [ RunTime:0.000152s ]

[ 2017-04-20T07:50:14+08:00 ] 83.217.27.128 /
INFO: [ app_init ] --START--
INFO: Run Behavior\BuildLiteBehavior [ RunTime:0.000021s ]
INFO: [ app_init ] --END-- [ RunTime:0.000167s ]
INFO: [ app_begin ] --START--
INFO: Run Behavior\ReadHtmlCacheBehavior [ RunTime:0.000081s ]
INFO: [ app_begin ] --END-- [ RunTime:0.000160s ]
INFO: [ view_parse ] --START--
NOTIC: [8] Undefined variable: w /home/wwwroot/zhongchou.com/App/TagLib/Zml.class.php 第 71 行.
NOTIC: [8] Undefined variable: w /home/wwwroot/zhongchou.com/App/TagLib/Zml.class.php 第 92 行.
NOTIC: [8] Undefined index: cid /home/wwwroot/zhongchou.com/App/TagLib/Zml.class.php 第 167 行.
NOTIC: [8] Undefined index: end /home/wwwroot/zhongchou.com/App/TagLib/Zml.class.php 第 168 行.
NOTIC: [8] Undefined index: progress /home/wwwroot/zhongchou.com/App/TagLib/Zml.class.php 第 169 行.
NOTIC: [8] Undefined index: attr /home/wwwroot/zhongchou.com/App/TagLib/Zml.class.php 第 170 行.
NOTIC: [8] Undefined variable: w /home/wwwroot/zhongchou.com/App/TagLib/Zml.class.php 第 178 行.
NOTIC: [8] Undefined index: order /home/wwwroot/zhongchou.com/App/TagLib/Zml.class.php 第 166 行.
NOTIC: [8] Undefined index: cid /home/wwwroot/zhongchou.com/App/TagLib/Zml.class.php 第 167 行.
NOTIC: [8] Undefined index: attr /home/wwwroot/zhongchou.com/App/TagLib/Zml.class.php 第 170 行.
NOTIC: [8] Undefined variable: w /home/wwwroot/zhongchou.com/App/TagLib/Zml.class.php 第 178 行.
NOTIC: [8] Undefined index: num /home/wwwroot/zhongchou.com/App/TagLib/Zml.class.php 第 133 行.
NOTIC: [8] Undefined variable: w /home/wwwroot/zhongchou.com/App/TagLib/Zml.class.php 第 140 行.
NOTIC: [8] Undefined variable: limit /home/wwwroot/zhongchou.com/App/TagLib/Zml.class.php 第 153 行.
INFO: [ template_filter ] --START--
INFO: Run Behavior\ContentReplaceBehavior [ RunTime:0.000071s ]
INFO: [ template_filter ] --END-- [ RunTime:0.000126s ]
SQL: SHOW COLUMNS FROM `zml_ad` [ RunTime:0.0013s ]
SQL: SELECT * FROM `zml_ad` WHERE ( type =1 )  [ RunTime:0.0002s ]
SQL: SHOW COLUMNS FROM `zml_item` [ RunTime:0.0012s ]
NOTIC: [2] Illegal string offset 'a.isdel' /home/wwwroot/zhongchou.com/App/User/Model/ItemModel.class.php 第 46 行.
SQL: SHOW COLUMNS FROM `zml_item` [ RunTime:0.0011s ]
SQL: SELECT a.*,a.id as id,c.id as cid,c.name as progress_name,d.uin,d.name as user_name,d.header as user_header,e.id as eid,e.name as category_name FROM zml_item as a LEFT JOIN zml_item_progress as c ON a.progress = c.id LEFT JOIN zml_user as d ON a.uin = d.uin LEFT JOIN zml_item_category as e ON a.cid = e.id  WHERE ( a.status =1 AND a.isdel = 0 ) ORDER BY time desc LIMIT 2   [ RunTime:0.0014s ]
SQL: SHOW COLUMNS FROM `zml_item_with_order` [ RunTime:0.0011s ]
NOTIC: [2] Missing argument 2 for User\Model\ItemWithOrderModel::countMoney(), called in /home/wwwroot/zhongchou.com/App/User/Model/ItemWithOrderModel.class.php on line 66 and defined /home/wwwroot/zhongchou.com/App/User/Model/ItemWithOrderModel.class.php 第 51 行.
NOTIC: [8] Undefined variable: uin /home/wwwroot/zhongchou.com/App/User/Model/ItemWithOrderModel.class.php 第 53 行.
SQL: SHOW COLUMNS FROM `zml_item_with_order` [ RunTime:0.0011s ]
SQL: SELECT SUM(a.money) AS tp_sum FROM zml_item_with_order as a WHERE a.itemid = '2' LIMIT 1   [ RunTime:0.0003s ]
SQL: SHOW COLUMNS FROM `zml_item` [ RunTime:0.0011s ]
SQL: SELECT `raising_money` FROM `zml_item` WHERE `id` = 2 LIMIT 1   [ RunTime:0.0002s ]
NOTIC: [2] Missing argument 2 for User\Model\ItemWithOrderModel::countMoney(), called in /home/wwwroot/zhongchou.com/Runtime/Cache/Home/9caf0bb0a4ec33bc3ac62eb05fc12f83.php on line 177 and defined /home/wwwroot/zhongchou.com/App/User/Model/ItemWithOrderModel.class.php 第 51 行.
NOTIC: [8] Undefined variable: uin /home/wwwroot/zhongchou.com/App/User/Model/ItemWithOrderModel.class.php 第 53 行.
SQL: SELECT SUM(a.money) AS tp_sum FROM zml_item_with_order as a WHERE a.itemid = '2' LIMIT 1   [ RunTime:0.0003s ]
NOTIC: [2] Missing argument 2 for User\Model\ItemWithOrderModel::countMoney(), called in /home/wwwroot/zhongchou.com/App/User/Model/ItemWithOrderModel.class.php on line 66 and defined /home/wwwroot/zhongchou.com/App/User/Model/ItemWithOrderModel.class.php 第 51 行.
NOTIC: [8] Undefined variable: uin /home/wwwroot/zhongchou.com/App/User/Model/ItemWithOrderModel.class.php 第 53 行.
SQL: SELECT SUM(a.money) AS tp_sum FROM zml_item_with_order as a WHERE a.itemid = '1' LIMIT 1   [ RunTime:0.0002s ]
SQL: SELECT `raising_money` FROM `zml_item` WHERE `id` = 1 LIMIT 1   [ RunTime:0.0002s ]
NOTIC: [2] Missing argument 2 for User\Model\ItemWithOrderModel::countMoney(), called in /home/wwwroot/zhongchou.com/Runtime/Cache/Home/9caf0bb0a4ec33bc3ac62eb05fc12f83.php on line 177 and defined /home/wwwroot/zhongchou.com/App/User/Model/ItemWithOrderModel.class.php 第 51 行.
NOTIC: [8] Undefined variable: uin /home/wwwroot/zhongchou.com/App/User/Model/ItemWithOrderModel.class.php 第 53 行.
SQL: SELECT SUM(a.money) AS tp_sum FROM zml_item_with_order as a WHERE a.itemid = '1' LIMIT 1   [ RunTime:0.0002s ]
NOTIC: [2] Illegal string offset 'a.isdel' /home/wwwroot/zhongchou.com/App/User/Model/ItemModel.class.php 第 46 行.
SQL: SELECT a.*,a.id as id,c.id as cid,c.name as progress_name,d.uin,d.name as user_name,d.header as user_header,e.id as eid,e.name as category_name FROM zml_item as a LEFT JOIN zml_item_progress as c ON a.progress = c.id LEFT JOIN zml_user as d ON a.uin = d.uin LEFT JOIN zml_item_category as e ON a.cid = e.id  WHERE ( a.status =1 AND a.progress =1 AND a.end_time >1492645814 AND a.isdel = 0 ) ORDER BY sort desc LIMIT 10   [ RunTime:0.0012s ]
SQL: SHOW COLUMNS FROM `zml_news` [ RunTime:0.0011s ]
SQL: SHOW COLUMNS FROM `zml_news` [ RunTime:0.0011s ]
SQL: SELECT a.*,b.name as cname FROM zml_news a LEFT JOIN zml_news_category b ON a.cid=b.id   WHERE ( a.status =1 AND a.cid In(4) ) ORDER BY a.time desc LIMIT 10   [ RunTime:0.0003s ]
SQL: SHOW COLUMNS FROM `zml_nav` [ RunTime:0.0011s ]
SQL: SHOW COLUMNS FROM `zml_nav` [ RunTime:0.0010s ]
SQL: SELECT * FROM `zml_nav` WHERE ( status =1 AND type =2 AND pid =0 ) ORDER BY time desc  [ RunTime:0.0003s ]
SQL: SELECT * FROM `zml_nav` WHERE `pid` = 1 ORDER BY time desc LIMIT 10   [ RunTime:0.0002s ]
SQL: SELECT * FROM `zml_nav` WHERE `pid` = 3 ORDER BY time desc LIMIT 10   [ RunTime:0.0002s ]
SQL: SELECT * FROM `zml_nav` WHERE `pid` = 5 ORDER BY time desc LIMIT 10   [ RunTime:0.0002s ]
SQL: SELECT * FROM `zml_nav` WHERE `pid` = 7 ORDER BY time desc LIMIT 10   [ RunTime:0.0002s ]
SQL: SELECT * FROM `zml_nav` WHERE `pid` = 8 ORDER BY time desc LIMIT 10   [ RunTime:0.0002s ]
SQL: SELECT * FROM `zml_nav` WHERE `pid` = 9 ORDER BY time desc LIMIT 10   [ RunTime:0.0002s ]
INFO: Run Behavior\ParseTemplateBehavior [ RunTime:0.038235s ]
INFO: [ view_parse ] --END-- [ RunTime:0.038286s ]
INFO: [ view_filter ] --START--
INFO: Run Behavior\WriteHtmlCacheBehavior [ RunTime:0.000061s ]
INFO: [ view_filter ] --END-- [ RunTime:0.000104s ]
INFO: [ app_end ] --START--
INFO: Run Behavior\ShowPageTraceBehavior [ RunTime:0.000050s ]
INFO: [ app_end ] --END-- [ RunTime:0.000090s ]

[ 2017-04-20T09:23:00+08:00 ] 42.156.251.185 /
INFO: [ app_init ] --START--
INFO: Run Behavior\BuildLiteBehavior [ RunTime:0.000015s ]
INFO: [ app_init ] --END-- [ RunTime:0.000119s ]
INFO: [ app_begin ] --START--
INFO: Run Behavior\ReadHtmlCacheBehavior [ RunTime:0.000084s ]
INFO: [ app_begin ] --END-- [ RunTime:0.000156s ]
INFO: [ view_parse ] --START--
NOTIC: [8] Undefined variable: w /home/wwwroot/zhongchou.com/App/TagLib/Zml.class.php 第 71 行.
NOTIC: [8] Undefined variable: w /home/wwwroot/zhongchou.com/App/TagLib/Zml.class.php 第 92 行.
NOTIC: [8] Undefined index: cid /home/wwwroot/zhongchou.com/App/TagLib/Zml.class.php 第 167 行.
NOTIC: [8] Undefined index: end /home/wwwroot/zhongchou.com/App/TagLib/Zml.class.php 第 168 行.
NOTIC: [8] Undefined index: progress /home/wwwroot/zhongchou.com/App/TagLib/Zml.class.php 第 169 行.
NOTIC: [8] Undefined index: attr /home/wwwroot/zhongchou.com/App/TagLib/Zml.class.php 第 170 行.
NOTIC: [8] Undefined variable: w /home/wwwroot/zhongchou.com/App/TagLib/Zml.class.php 第 178 行.
NOTIC: [8] Undefined index: order /home/wwwroot/zhongchou.com/App/TagLib/Zml.class.php 第 166 行.
NOTIC: [8] Undefined index: cid /home/wwwroot/zhongchou.com/App/TagLib/Zml.class.php 第 167 行.
NOTIC: [8] Undefined index: attr /home/wwwroot/zhongchou.com/App/TagLib/Zml.class.php 第 170 行.
NOTIC: [8] Undefined variable: w /home/wwwroot/zhongchou.com/App/TagLib/Zml.class.php 第 178 行.
NOTIC: [8] Undefined index: num /home/wwwroot/zhongchou.com/App/TagLib/Zml.class.php 第 133 行.
NOTIC: [8] Undefined variable: w /home/wwwroot/zhongchou.com/App/TagLib/Zml.class.php 第 140 行.
NOTIC: [8] Undefined variable: limit /home/wwwroot/zhongchou.com/App/TagLib/Zml.class.php 第 153 行.
INFO: [ template_filter ] --START--
INFO: Run Behavior\ContentReplaceBehavior [ RunTime:0.000082s ]
INFO: [ template_filter ] --END-- [ RunTime:0.000142s ]
SQL: SHOW COLUMNS FROM `zml_ad` [ RunTime:0.0013s ]
SQL: SELECT * FROM `zml_ad` WHERE ( type =1 )  [ RunTime:0.0002s ]
SQL: SHOW COLUMNS FROM `zml_item` [ RunTime:0.0012s ]
NOTIC: [2] Illegal string offset 'a.isdel' /home/wwwroot/zhongchou.com/App/User/Model/ItemModel.class.php 第 46 行.
SQL: SHOW COLUMNS FROM `zml_item` [ RunTime:0.0012s ]
SQL: SELECT a.*,a.id as id,c.id as cid,c.name as progress_name,d.uin,d.name as user_name,d.header as user_header,e.id as eid,e.name as category_name FROM zml_item as a LEFT JOIN zml_item_progress as c ON a.progress = c.id LEFT JOIN zml_user as d ON a.uin = d.uin LEFT JOIN zml_item_category as e ON a.cid = e.id  WHERE ( a.status =1 AND a.isdel = 0 ) ORDER BY time desc LIMIT 2   [ RunTime:0.0015s ]
SQL: SHOW COLUMNS FROM `zml_item_with_order` [ RunTime:0.0010s ]
NOTIC: [2] Missing argument 2 for User\Model\ItemWithOrderModel::countMoney(), called in /home/wwwroot/zhongchou.com/App/User/Model/ItemWithOrderModel.class.php on line 66 and defined /home/wwwroot/zhongchou.com/App/User/Model/ItemWithOrderModel.class.php 第 51 行.
NOTIC: [8] Undefined variable: uin /home/wwwroot/zhongchou.com/App/User/Model/ItemWithOrderModel.class.php 第 53 行.
SQL: SHOW COLUMNS FROM `zml_item_with_order` [ RunTime:0.0011s ]
SQL: SELECT SUM(a.money) AS tp_sum FROM zml_item_with_order as a WHERE a.itemid = '2' LIMIT 1   [ RunTime:0.0003s ]
SQL: SHOW COLUMNS FROM `zml_item` [ RunTime:0.0021s ]
SQL: SELECT `raising_money` FROM `zml_item` WHERE `id` = 2 LIMIT 1   [ RunTime:0.0003s ]
NOTIC: [2] Missing argument 2 for User\Model\ItemWithOrderModel::countMoney(), called in /home/wwwroot/zhongchou.com/Runtime/Cache/Home/9caf0bb0a4ec33bc3ac62eb05fc12f83.php on line 177 and defined /home/wwwroot/zhongchou.com/App/User/Model/ItemWithOrderModel.class.php 第 51 行.
NOTIC: [8] Undefined variable: uin /home/wwwroot/zhongchou.com/App/User/Model/ItemWithOrderModel.class.php 第 53 行.
SQL: SELECT SUM(a.money) AS tp_sum FROM zml_item_with_order as a WHERE a.itemid = '2' LIMIT 1   [ RunTime:0.0004s ]
NOTIC: [2] Missing argument 2 for User\Model\ItemWithOrderModel::countMoney(), called in /home/wwwroot/zhongchou.com/App/User/Model/ItemWithOrderModel.class.php on line 66 and defined /home/wwwroot/zhongchou.com/App/User/Model/ItemWithOrderModel.class.php 第 51 行.
NOTIC: [8] Undefined variable: uin /home/wwwroot/zhongchou.com/App/User/Model/ItemWithOrderModel.class.php 第 53 行.
SQL: SELECT SUM(a.money) AS tp_sum FROM zml_item_with_order as a WHERE a.itemid = '1' LIMIT 1   [ RunTime:0.0003s ]
SQL: SELECT `raising_money` FROM `zml_item` WHERE `id` = 1 LIMIT 1   [ RunTime:0.0002s ]
NOTIC: [2] Missing argument 2 for User\Model\ItemWithOrderModel::countMoney(), called in /home/wwwroot/zhongchou.com/Runtime/Cache/Home/9caf0bb0a4ec33bc3ac62eb05fc12f83.php on line 177 and defined /home/wwwroot/zhongchou.com/App/User/Model/ItemWithOrderModel.class.php 第 51 行.
NOTIC: [8] Undefined variable: uin /home/wwwroot/zhongchou.com/App/User/Model/ItemWithOrderModel.class.php 第 53 行.
SQL: SELECT SUM(a.money) AS tp_sum FROM zml_item_with_order as a WHERE a.itemid = '1' LIMIT 1   [ RunTime:0.0005s ]
NOTIC: [2] Illegal string offset 'a.isdel' /home/wwwroot/zhongchou.com/App/User/Model/ItemModel.class.php 第 46 行.
SQL: SELECT a.*,a.id as id,c.id as cid,c.name as progress_name,d.uin,d.name as user_name,d.header as user_header,e.id as eid,e.name as category_name FROM zml_item as a LEFT JOIN zml_item_progress as c ON a.progress = c.id LEFT JOIN zml_user as d ON a.uin = d.uin LEFT JOIN zml_item_category as e ON a.cid = e.id  WHERE ( a.status =1 AND a.progress =1 AND a.end_time >1492651380 AND a.isdel = 0 ) ORDER BY sort desc LIMIT 10   [ RunTime:0.0021s ]
SQL: SHOW COLUMNS FROM `zml_news` [ RunTime:0.0016s ]
SQL: SHOW COLUMNS FROM `zml_news` [ RunTime:0.0017s ]
SQL: SELECT a.*,b.name as cname FROM zml_news a LEFT JOIN zml_news_category b ON a.cid=b.id   WHERE ( a.status =1 AND a.cid In(4) ) ORDER BY a.time desc LIMIT 10   [ RunTime:0.0004s ]
SQL: SHOW COLUMNS FROM `zml_nav` [ RunTime:0.0012s ]
SQL: SHOW COLUMNS FROM `zml_nav` [ RunTime:0.0010s ]
SQL: SELECT * FROM `zml_nav` WHERE ( status =1 AND type =2 AND pid =0 ) ORDER BY time desc  [ RunTime:0.0003s ]
SQL: SELECT * FROM `zml_nav` WHERE `pid` = 1 ORDER BY time desc LIMIT 10   [ RunTime:0.0002s ]
SQL: SELECT * FROM `zml_nav` WHERE `pid` = 3 ORDER BY time desc LIMIT 10   [ RunTime:0.0002s ]
SQL: SELECT * FROM `zml_nav` WHERE `pid` = 5 ORDER BY time desc LIMIT 10   [ RunTime:0.0002s ]
SQL: SELECT * FROM `zml_nav` WHERE `pid` = 7 ORDER BY time desc LIMIT 10   [ RunTime:0.0002s ]
SQL: SELECT * FROM `zml_nav` WHERE `pid` = 8 ORDER BY time desc LIMIT 10   [ RunTime:0.0002s ]
SQL: SELECT * FROM `zml_nav` WHERE `pid` = 9 ORDER BY time desc LIMIT 10   [ RunTime:0.0002s ]
INFO: Run Behavior\ParseTemplateBehavior [ RunTime:0.048475s ]
INFO: [ view_parse ] --END-- [ RunTime:0.048522s ]
INFO: [ view_filter ] --START--
INFO: Run Behavior\WriteHtmlCacheBehavior [ RunTime:0.000067s ]
INFO: [ view_filter ] --END-- [ RunTime:0.000135s ]
INFO: [ app_end ] --START--
INFO: Run Behavior\ShowPageTraceBehavior [ RunTime:0.000059s ]
INFO: [ app_end ] --END-- [ RunTime:0.000102s ]

[ 2017-04-20T09:23:19+08:00 ] 42.156.251.185 /
INFO: [ app_init ] --START--
INFO: Run Behavior\BuildLiteBehavior [ RunTime:0.000013s ]
INFO: [ app_init ] --END-- [ RunTime:0.000103s ]
INFO: [ app_begin ] --START--
INFO: Run Behavior\ReadHtmlCacheBehavior [ RunTime:0.000046s ]
INFO: [ app_begin ] --END-- [ RunTime:0.000092s ]
INFO: [ view_parse ] --START--
NOTIC: [8] Undefined variable: w /home/wwwroot/zhongchou.com/App/TagLib/Zml.class.php 第 71 行.
NOTIC: [8] Undefined variable: w /home/wwwroot/zhongchou.com/App/TagLib/Zml.class.php 第 92 行.
NOTIC: [8] Undefined index: cid /home/wwwroot/zhongchou.com/App/TagLib/Zml.class.php 第 167 行.
NOTIC: [8] Undefined index: end /home/wwwroot/zhongchou.com/App/TagLib/Zml.class.php 第 168 行.
NOTIC: [8] Undefined index: progress /home/wwwroot/zhongchou.com/App/TagLib/Zml.class.php 第 169 行.
NOTIC: [8] Undefined index: attr /home/wwwroot/zhongchou.com/App/TagLib/Zml.class.php 第 170 行.
NOTIC: [8] Undefined variable: w /home/wwwroot/zhongchou.com/App/TagLib/Zml.class.php 第 178 行.
NOTIC: [8] Undefined index: order /home/wwwroot/zhongchou.com/App/TagLib/Zml.class.php 第 166 行.
NOTIC: [8] Undefined index: cid /home/wwwroot/zhongchou.com/App/TagLib/Zml.class.php 第 167 行.
NOTIC: [8] Undefined index: attr /home/wwwroot/zhongchou.com/App/TagLib/Zml.class.php 第 170 行.
NOTIC: [8] Undefined variable: w /home/wwwroot/zhongchou.com/App/TagLib/Zml.class.php 第 178 行.
NOTIC: [8] Undefined index: num /home/wwwroot/zhongchou.com/App/TagLib/Zml.class.php 第 133 行.
NOTIC: [8] Undefined variable: w /home/wwwroot/zhongchou.com/App/TagLib/Zml.class.php 第 140 行.
NOTIC: [8] Undefined variable: limit /home/wwwroot/zhongchou.com/App/TagLib/Zml.class.php 第 153 行.
INFO: [ template_filter ] --START--
INFO: Run Behavior\ContentReplaceBehavior [ RunTime:0.000105s ]
INFO: [ template_filter ] --END-- [ RunTime:0.000188s ]
SQL: SHOW COLUMNS FROM `zml_ad` [ RunTime:0.0015s ]
SQL: SELECT * FROM `zml_ad` WHERE ( type =1 )  [ RunTime:0.0003s ]
SQL: SHOW COLUMNS FROM `zml_item` [ RunTime:0.0012s ]
NOTIC: [2] Illegal string offset 'a.isdel' /home/wwwroot/zhongchou.com/App/User/Model/ItemModel.class.php 第 46 行.
SQL: SHOW COLUMNS FROM `zml_item` [ RunTime:0.0014s ]
SQL: SELECT a.*,a.id as id,c.id as cid,c.name as progress_name,d.uin,d.name as user_name,d.header as user_header,e.id as eid,e.name as category_name FROM zml_item as a LEFT JOIN zml_item_progress as c ON a.progress = c.id LEFT JOIN zml_user as d ON a.uin = d.uin LEFT JOIN zml_item_category as e ON a.cid = e.id  WHERE ( a.status =1 AND a.isdel = 0 ) ORDER BY time desc LIMIT 2   [ RunTime:0.0014s ]
SQL: SHOW COLUMNS FROM `zml_item_with_order` [ RunTime:0.0010s ]
NOTIC: [2] Missing argument 2 for User\Model\ItemWithOrderModel::countMoney(), called in /home/wwwroot/zhongchou.com/App/User/Model/ItemWithOrderModel.class.php on line 66 and defined /home/wwwroot/zhongchou.com/App/User/Model/ItemWithOrderModel.class.php 第 51 行.
NOTIC: [8] Undefined variable: uin /home/wwwroot/zhongchou.com/App/User/Model/ItemWithOrderModel.class.php 第 53 行.
SQL: SHOW COLUMNS FROM `zml_item_with_order` [ RunTime:0.0012s ]
SQL: SELECT SUM(a.money) AS tp_sum FROM zml_item_with_order as a WHERE a.itemid = '2' LIMIT 1   [ RunTime:0.0003s ]
SQL: SHOW COLUMNS FROM `zml_item` [ RunTime:0.0021s ]
SQL: SELECT `raising_money` FROM `zml_item` WHERE `id` = 2 LIMIT 1   [ RunTime:0.0004s ]
NOTIC: [2] Missing argument 2 for User\Model\ItemWithOrderModel::countMoney(), called in /home/wwwroot/zhongchou.com/Runtime/Cache/Home/9caf0bb0a4ec33bc3ac62eb05fc12f83.php on line 177 and defined /home/wwwroot/zhongchou.com/App/User/Model/ItemWithOrderModel.class.php 第 51 行.
NOTIC: [8] Undefined variable: uin /home/wwwroot/zhongchou.com/App/User/Model/ItemWithOrderModel.class.php 第 53 行.
SQL: SELECT SUM(a.money) AS tp_sum FROM zml_item_with_order as a WHERE a.itemid = '2' LIMIT 1   [ RunTime:0.0003s ]
NOTIC: [2] Missing argument 2 for User\Model\ItemWithOrderModel::countMoney(), called in /home/wwwroot/zhongchou.com/App/User/Model/ItemWithOrderModel.class.php on line 66 and defined /home/wwwroot/zhongchou.com/App/User/Model/ItemWithOrderModel.class.php 第 51 行.
NOTIC: [8] Undefined variable: uin /home/wwwroot/zhongchou.com/App/User/Model/ItemWithOrderModel.class.php 第 53 行.
SQL: SELECT SUM(a.money) AS tp_sum FROM zml_item_with_order as a WHERE a.itemid = '1' LIMIT 1   [ RunTime:0.0003s ]
SQL: SELECT `raising_money` FROM `zml_item` WHERE `id` = 1 LIMIT 1   [ RunTime:0.0002s ]
NOTIC: [2] Missing argument 2 for User\Model\ItemWithOrderModel::countMoney(), called in /home/wwwroot/zhongchou.com/Runtime/Cache/Home/9caf0bb0a4ec33bc3ac62eb05fc12f83.php on line 177 and defined /home/wwwroot/zhongchou.com/App/User/Model/ItemWithOrderModel.class.php 第 51 行.
NOTIC: [8] Undefined variable: uin /home/wwwroot/zhongchou.com/App/User/Model/ItemWithOrderModel.class.php 第 53 行.
SQL: SELECT SUM(a.money) AS tp_sum FROM zml_item_with_order as a WHERE a.itemid = '1' LIMIT 1   [ RunTime:0.0003s ]
NOTIC: [2] Illegal string offset 'a.isdel' /home/wwwroot/zhongchou.com/App/User/Model/ItemModel.class.php 第 46 行.
SQL: SELECT a.*,a.id as id,c.id as cid,c.name as progress_name,d.uin,d.name as user_name,d.header as user_header,e.id as eid,e.name as category_name FROM zml_item as a LEFT JOIN zml_item_progress as c ON a.progress = c.id LEFT JOIN zml_user as d ON a.uin = d.uin LEFT JOIN zml_item_category as e ON a.cid = e.id  WHERE ( a.status =1 AND a.progress =1 AND a.end_time >1492651399 AND a.isdel = 0 ) ORDER BY sort desc LIMIT 10   [ RunTime:0.0014s ]
SQL: SHOW COLUMNS FROM `zml_news` [ RunTime:0.0011s ]
SQL: SHOW COLUMNS FROM `zml_news` [ RunTime:0.0011s ]
SQL: SELECT a.*,b.name as cname FROM zml_news a LEFT JOIN zml_news_category b ON a.cid=b.id   WHERE ( a.status =1 AND a.cid In(4) ) ORDER BY a.time desc LIMIT 10   [ RunTime:0.0003s ]
SQL: SHOW COLUMNS FROM `zml_nav` [ RunTime:0.0011s ]
SQL: SHOW COLUMNS FROM `zml_nav` [ RunTime:0.0010s ]
SQL: SELECT * FROM `zml_nav` WHERE ( status =1 AND type =2 AND pid =0 ) ORDER BY time desc  [ RunTime:0.0003s ]
SQL: SELECT * FROM `zml_nav` WHERE `pid` = 1 ORDER BY time desc LIMIT 10   [ RunTime:0.0002s ]
SQL: SELECT * FROM `zml_nav` WHERE `pid` = 3 ORDER BY time desc LIMIT 10   [ RunTime:0.0003s ]
SQL: SELECT * FROM `zml_nav` WHERE `pid` = 5 ORDER BY time desc LIMIT 10   [ RunTime:0.0003s ]
SQL: SELECT * FROM `zml_nav` WHERE `pid` = 7 ORDER BY time desc LIMIT 10   [ RunTime:0.0003s ]
SQL: SELECT * FROM `zml_nav` WHERE `pid` = 8 ORDER BY time desc LIMIT 10   [ RunTime:0.0004s ]
SQL: SELECT * FROM `zml_nav` WHERE `pid` = 9 ORDER BY time desc LIMIT 10   [ RunTime:0.0003s ]
INFO: Run Behavior\ParseTemplateBehavior [ RunTime:0.044397s ]
INFO: [ view_parse ] --END-- [ RunTime:0.044464s ]
INFO: [ view_filter ] --START--
INFO: Run Behavior\WriteHtmlCacheBehavior [ RunTime:0.000095s ]
INFO: [ view_filter ] --END-- [ RunTime:0.000201s ]
INFO: [ app_end ] --START--
INFO: Run Behavior\ShowPageTraceBehavior [ RunTime:0.000087s ]
INFO: [ app_end ] --END-- [ RunTime:0.000172s ]

[ 2017-04-20T14:33:48+08:00 ] 203.208.60.200 /robots.txt
INFO: [ app_init ] --START--
INFO: Run Behavior\BuildLiteBehavior [ RunTime:0.000014s ]
INFO: [ app_init ] --END-- [ RunTime:0.000104s ]
INFO: [ app_begin ] --START--
INFO: Run Behavior\ReadHtmlCacheBehavior [ RunTime:0.000054s ]
INFO: [ app_begin ] --END-- [ RunTime:0.000098s ]
ERR: 无法加载控制器:Robots.txt

[ 2017-04-20T14:33:48+08:00 ] 203.208.60.234 /
INFO: [ app_init ] --START--
INFO: Run Behavior\BuildLiteBehavior [ RunTime:0.000012s ]
INFO: [ app_init ] --END-- [ RunTime:0.000098s ]
INFO: [ app_begin ] --START--
INFO: Run Behavior\ReadHtmlCacheBehavior [ RunTime:0.000040s ]
INFO: [ app_begin ] --END-- [ RunTime:0.000083s ]
INFO: [ view_parse ] --START--
NOTIC: [8] Undefined variable: w /home/wwwroot/zhongchou.com/App/TagLib/Zml.class.php 第 71 行.
NOTIC: [8] Undefined index: order /home/wwwroot/zhongchou.com/App/TagLib/Zml.class.php 第 166 行.
NOTIC: [8] Undefined index: cid /home/wwwroot/zhongchou.com/App/TagLib/Zml.class.php 第 167 行.
NOTIC: [8] Undefined index: attr /home/wwwroot/zhongchou.com/App/TagLib/Zml.class.php 第 170 行.
NOTIC: [8] Undefined variable: w /home/wwwroot/zhongchou.com/App/TagLib/Zml.class.php 第 178 行.
INFO: [ template_filter ] --START--
INFO: Run Behavior\ContentReplaceBehavior [ RunTime:0.000072s ]
INFO: [ template_filter ] --END-- [ RunTime:0.000136s ]
SQL: SHOW COLUMNS FROM `zml_ad` [ RunTime:0.0016s ]
SQL: SELECT * FROM `zml_ad` WHERE ( type =1 )  [ RunTime:0.0003s ]
SQL: SHOW COLUMNS FROM `zml_item` [ RunTime:0.0012s ]
NOTIC: [2] Illegal string offset 'a.isdel' /home/wwwroot/zhongchou.com/App/User/Model/ItemModel.class.php 第 46 行.
SQL: SHOW COLUMNS FROM `zml_item` [ RunTime:0.0012s ]
SQL: SELECT a.*,a.id as id,c.id as cid,c.name as progress_name,d.uin,d.name as user_name,d.header as user_header,e.id as eid,e.name as category_name FROM zml_item as a LEFT JOIN zml_item_progress as c ON a.progress = c.id LEFT JOIN zml_user as d ON a.uin = d.uin LEFT JOIN zml_item_category as e ON a.cid = e.id  WHERE ( a.status =1 AND a.progress =1 AND a.end_time >1492670028 AND a.isdel = 0 ) ORDER BY sort desc LIMIT 10   [ RunTime:0.0016s ]
INFO: Run Behavior\ParseTemplateBehavior [ RunTime:0.030036s ]
INFO: [ view_parse ] --END-- [ RunTime:0.030085s ]
INFO: [ view_filter ] --START--
INFO: Run Behavior\WriteHtmlCacheBehavior [ RunTime:0.000083s ]
INFO: [ view_filter ] --END-- [ RunTime:0.000127s ]
INFO: [ app_end ] --START--
INFO: Run Behavior\ShowPageTraceBehavior [ RunTime:0.000048s ]
INFO: [ app_end ] --END-- [ RunTime:0.000088s ]

[ 2017-04-20T15:03:39+08:00 ] 157.55.39.25 /robots.txt
INFO: [ app_init ] --START--
INFO: Run Behavior\BuildLiteBehavior [ RunTime:0.000014s ]
INFO: [ app_init ] --END-- [ RunTime:0.000134s ]
INFO: [ app_begin ] --START--
INFO: Run Behavior\ReadHtmlCacheBehavior [ RunTime:0.000053s ]
INFO: [ app_begin ] --END-- [ RunTime:0.000101s ]
ERR: 无法加载控制器:Robots.txt

[ 2017-04-20T15:03:44+08:00 ] 207.46.13.178 /
INFO: [ app_init ] --START--
INFO: Run Behavior\BuildLiteBehavior [ RunTime:0.000016s ]
INFO: [ app_init ] --END-- [ RunTime:0.000105s ]
INFO: [ app_begin ] --START--
INFO: Run Behavior\ReadHtmlCacheBehavior [ RunTime:0.000050s ]
INFO: [ app_begin ] --END-- [ RunTime:0.000095s ]
INFO: [ view_parse ] --START--
NOTIC: [8] Undefined variable: w /home/wwwroot/zhongchou.com/App/TagLib/Zml.class.php 第 71 行.
NOTIC: [8] Undefined variable: w /home/wwwroot/zhongchou.com/App/TagLib/Zml.class.php 第 92 行.
NOTIC: [8] Undefined index: cid /home/wwwroot/zhongchou.com/App/TagLib/Zml.class.php 第 167 行.
NOTIC: [8] Undefined index: end /home/wwwroot/zhongchou.com/App/TagLib/Zml.class.php 第 168 行.
NOTIC: [8] Undefined index: progress /home/wwwroot/zhongchou.com/App/TagLib/Zml.class.php 第 169 行.
NOTIC: [8] Undefined index: attr /home/wwwroot/zhongchou.com/App/TagLib/Zml.class.php 第 170 行.
NOTIC: [8] Undefined variable: w /home/wwwroot/zhongchou.com/App/TagLib/Zml.class.php 第 178 行.
NOTIC: [8] Undefined index: order /home/wwwroot/zhongchou.com/App/TagLib/Zml.class.php 第 166 行.
NOTIC: [8] Undefined index: cid /home/wwwroot/zhongchou.com/App/TagLib/Zml.class.php 第 167 行.
NOTIC: [8] Undefined index: attr /home/wwwroot/zhongchou.com/App/TagLib/Zml.class.php 第 170 行.
NOTIC: [8] Undefined variable: w /home/wwwroot/zhongchou.com/App/TagLib/Zml.class.php 第 178 行.
NOTIC: [8] Undefined index: num /home/wwwroot/zhongchou.com/App/TagLib/Zml.class.php 第 133 行.
NOTIC: [8] Undefined variable: w /home/wwwroot/zhongchou.com/App/TagLib/Zml.class.php 第 140 行.
NOTIC: [8] Undefined variable: limit /home/wwwroot/zhongchou.com/App/TagLib/Zml.class.php 第 153 行.
INFO: [ template_filter ] --START--
INFO: Run Behavior\ContentReplaceBehavior [ RunTime:0.000090s ]
INFO: [ template_filter ] --END-- [ RunTime:0.000151s ]
SQL: SHOW COLUMNS FROM `zml_ad` [ RunTime:0.0019s ]
SQL: SELECT * FROM `zml_ad` WHERE ( type =1 )  [ RunTime:0.0003s ]
SQL: SHOW COLUMNS FROM `zml_item` [ RunTime:0.0012s ]
NOTIC: [2] Illegal string offset 'a.isdel' /home/wwwroot/zhongchou.com/App/User/Model/ItemModel.class.php 第 46 行.
SQL: SHOW COLUMNS FROM `zml_item` [ RunTime:0.0015s ]
SQL: SELECT a.*,a.id as id,c.id as cid,c.name as progress_name,d.uin,d.name as user_name,d.header as user_header,e.id as eid,e.name as category_name FROM zml_item as a LEFT JOIN zml_item_progress as c ON a.progress = c.id LEFT JOIN zml_user as d ON a.uin = d.uin LEFT JOIN zml_item_category as e ON a.cid = e.id  WHERE ( a.status =1 AND a.isdel = 0 ) ORDER BY time desc LIMIT 2   [ RunTime:0.0013s ]
SQL: SHOW COLUMNS FROM `zml_item_with_order` [ RunTime:0.0010s ]
NOTIC: [2] Missing argument 2 for User\Model\ItemWithOrderModel::countMoney(), called in /home/wwwroot/zhongchou.com/App/User/Model/ItemWithOrderModel.class.php on line 66 and defined /home/wwwroot/zhongchou.com/App/User/Model/ItemWithOrderModel.class.php 第 51 行.
NOTIC: [8] Undefined variable: uin /home/wwwroot/zhongchou.com/App/User/Model/ItemWithOrderModel.class.php 第 53 行.
SQL: SHOW COLUMNS FROM `zml_item_with_order` [ RunTime:0.0010s ]
SQL: SELECT SUM(a.money) AS tp_sum FROM zml_item_with_order as a WHERE a.itemid = '2' LIMIT 1   [ RunTime:0.0003s ]
SQL: SHOW COLUMNS FROM `zml_item` [ RunTime:0.0012s ]
SQL: SELECT `raising_money` FROM `zml_item` WHERE `id` = 2 LIMIT 1   [ RunTime:0.0002s ]
NOTIC: [2] Missing argument 2 for User\Model\ItemWithOrderModel::countMoney(), called in /home/wwwroot/zhongchou.com/Runtime/Cache/Home/9caf0bb0a4ec33bc3ac62eb05fc12f83.php on line 177 and defined /home/wwwroot/zhongchou.com/App/User/Model/ItemWithOrderModel.class.php 第 51 行.
NOTIC: [8] Undefined variable: uin /home/wwwroot/zhongchou.com/App/User/Model/ItemWithOrderModel.class.php 第 53 行.
SQL: SELECT SUM(a.money) AS tp_sum FROM zml_item_with_order as a WHERE a.itemid = '2' LIMIT 1   [ RunTime:0.0003s ]
NOTIC: [2] Missing argument 2 for User\Model\ItemWithOrderModel::countMoney(), called in /home/wwwroot/zhongchou.com/App/User/Model/ItemWithOrderModel.class.php on line 66 and defined /home/wwwroot/zhongchou.com/App/User/Model/ItemWithOrderModel.class.php 第 51 行.
NOTIC: [8] Undefined variable: uin /home/wwwroot/zhongchou.com/App/User/Model/ItemWithOrderModel.class.php 第 53 行.
SQL: SELECT SUM(a.money) AS tp_sum FROM zml_item_with_order as a WHERE a.itemid = '1' LIMIT 1   [ RunTime:0.0003s ]
SQL: SELECT `raising_money` FROM `zml_item` WHERE `id` = 1 LIMIT 1   [ RunTime:0.0002s ]
NOTIC: [2] Missing argument 2 for User\Model\ItemWithOrderModel::countMoney(), called in /home/wwwroot/zhongchou.com/Runtime/Cache/Home/9caf0bb0a4ec33bc3ac62eb05fc12f83.php on line 177 and defined /home/wwwroot/zhongchou.com/App/User/Model/ItemWithOrderModel.class.php 第 51 行.
NOTIC: [8] Undefined variable: uin /home/wwwroot/zhongchou.com/App/User/Model/ItemWithOrderModel.class.php 第 53 行.
SQL: SELECT SUM(a.money) AS tp_sum FROM zml_item_with_order as a WHERE a.itemid = '1' LIMIT 1   [ RunTime:0.0003s ]
NOTIC: [2] Illegal string offset 'a.isdel' /home/wwwroot/zhongchou.com/App/User/Model/ItemModel.class.php 第 46 行.
SQL: SELECT a.*,a.id as id,c.id as cid,c.name as progress_name,d.uin,d.name as user_name,d.header as user_header,e.id as eid,e.name as category_name FROM zml_item as a LEFT JOIN zml_item_progress as c ON a.progress = c.id LEFT JOIN zml_user as d ON a.uin = d.uin LEFT JOIN zml_item_category as e ON a.cid = e.id  WHERE ( a.status =1 AND a.progress =1 AND a.end_time >1492671824 AND a.isdel = 0 ) ORDER BY sort desc LIMIT 10   [ RunTime:0.0016s ]
SQL: SHOW COLUMNS FROM `zml_news` [ RunTime:0.0012s ]
SQL: SHOW COLUMNS FROM `zml_news` [ RunTime:0.0012s ]
SQL: SELECT a.*,b.name as cname FROM zml_news a LEFT JOIN zml_news_category b ON a.cid=b.id   WHERE ( a.status =1 AND a.cid In(4) ) ORDER BY a.time desc LIMIT 10   [ RunTime:0.0002s ]
SQL: SHOW COLUMNS FROM `zml_nav` [ RunTime:0.0010s ]
SQL: SHOW COLUMNS FROM `zml_nav` [ RunTime:0.0009s ]
SQL: SELECT * FROM `zml_nav` WHERE ( status =1 AND type =2 AND pid =0 ) ORDER BY time desc  [ RunTime:0.0003s ]
SQL: SELECT * FROM `zml_nav` WHERE `pid` = 1 ORDER BY time desc LIMIT 10   [ RunTime:0.0002s ]
SQL: SELECT * FROM `zml_nav` WHERE `pid` = 3 ORDER BY time desc LIMIT 10   [ RunTime:0.0003s ]
SQL: SELECT * FROM `zml_nav` WHERE `pid` = 5 ORDER BY time desc LIMIT 10   [ RunTime:0.0002s ]
SQL: SELECT * FROM `zml_nav` WHERE `pid` = 7 ORDER BY time desc LIMIT 10   [ RunTime:0.0007s ]
SQL: SELECT * FROM `zml_nav` WHERE `pid` = 8 ORDER BY time desc LIMIT 10   [ RunTime:0.0005s ]
SQL: SELECT * FROM `zml_nav` WHERE `pid` = 9 ORDER BY time desc LIMIT 10   [ RunTime:0.0002s ]
INFO: Run Behavior\ParseTemplateBehavior [ RunTime:0.045954s ]
INFO: [ view_parse ] --END-- [ RunTime:0.046004s ]
INFO: [ view_filter ] --START--
INFO: Run Behavior\WriteHtmlCacheBehavior [ RunTime:0.000114s ]
INFO: [ view_filter ] --END-- [ RunTime:0.000168s ]
INFO: [ app_end ] --START--
INFO: Run Behavior\ShowPageTraceBehavior [ RunTime:0.000056s ]
INFO: [ app_end ] --END-- [ RunTime:0.000105s ]

[ 2017-04-20T17:19:06+08:00 ] 40.77.167.158 /robots.txt
INFO: [ app_init ] --START--
INFO: Run Behavior\BuildLiteBehavior [ RunTime:0.000020s ]
INFO: [ app_init ] --END-- [ RunTime:0.000138s ]
INFO: [ app_begin ] --START--
INFO: Run Behavior\ReadHtmlCacheBehavior [ RunTime:0.000056s ]
INFO: [ app_begin ] --END-- [ RunTime:0.000147s ]
ERR: 无法加载控制器:Robots.txt

[ 2017-04-20T17:19:21+08:00 ] 207.46.13.178 /
INFO: [ app_init ] --START--
INFO: Run Behavior\BuildLiteBehavior [ RunTime:0.000022s ]
INFO: [ app_init ] --END-- [ RunTime:0.000174s ]
INFO: [ app_begin ] --START--
INFO: Run Behavior\ReadHtmlCacheBehavior [ RunTime:0.000082s ]
INFO: [ app_begin ] --END-- [ RunTime:0.000159s ]
INFO: [ view_parse ] --START--
NOTIC: [8] Undefined variable: w /home/wwwroot/zhongchou.com/App/TagLib/Zml.class.php 第 71 行.
NOTIC: [8] Undefined variable: w /home/wwwroot/zhongchou.com/App/TagLib/Zml.class.php 第 92 行.
NOTIC: [8] Undefined index: cid /home/wwwroot/zhongchou.com/App/TagLib/Zml.class.php 第 167 行.
NOTIC: [8] Undefined index: end /home/wwwroot/zhongchou.com/App/TagLib/Zml.class.php 第 168 行.
NOTIC: [8] Undefined index: progress /home/wwwroot/zhongchou.com/App/TagLib/Zml.class.php 第 169 行.
NOTIC: [8] Undefined index: attr /home/wwwroot/zhongchou.com/App/TagLib/Zml.class.php 第 170 行.
NOTIC: [8] Undefined variable: w /home/wwwroot/zhongchou.com/App/TagLib/Zml.class.php 第 178 行.
NOTIC: [8] Undefined index: order /home/wwwroot/zhongchou.com/App/TagLib/Zml.class.php 第 166 行.
NOTIC: [8] Undefined index: cid /home/wwwroot/zhongchou.com/App/TagLib/Zml.class.php 第 167 行.
NOTIC: [8] Undefined index: attr /home/wwwroot/zhongchou.com/App/TagLib/Zml.class.php 第 170 行.
NOTIC: [8] Undefined variable: w /home/wwwroot/zhongchou.com/App/TagLib/Zml.class.php 第 178 行.
NOTIC: [8] Undefined index: num /home/wwwroot/zhongchou.com/App/TagLib/Zml.class.php 第 133 行.
NOTIC: [8] Undefined variable: w /home/wwwroot/zhongchou.com/App/TagLib/Zml.class.php 第 140 行.
NOTIC: [8] Undefined variable: limit /home/wwwroot/zhongchou.com/App/TagLib/Zml.class.php 第 153 行.
INFO: [ template_filter ] --START--
INFO: Run Behavior\ContentReplaceBehavior [ RunTime:0.000081s ]
INFO: [ template_filter ] --END-- [ RunTime:0.000137s ]
SQL: SHOW COLUMNS FROM `zml_ad` [ RunTime:0.0014s ]
SQL: SELECT * FROM `zml_ad` WHERE ( type =1 )  [ RunTime:0.0003s ]
SQL: SHOW COLUMNS FROM `zml_item` [ RunTime:0.0029s ]
NOTIC: [2] Illegal string offset 'a.isdel' /home/wwwroot/zhongchou.com/App/User/Model/ItemModel.class.php 第 46 行.
SQL: SHOW COLUMNS FROM `zml_item` [ RunTime:0.0014s ]
SQL: SELECT a.*,a.id as id,c.id as cid,c.name as progress_name,d.uin,d.name as user_name,d.header as user_header,e.id as eid,e.name as category_name FROM zml_item as a LEFT JOIN zml_item_progress as c ON a.progress = c.id LEFT JOIN zml_user as d ON a.uin = d.uin LEFT JOIN zml_item_category as e ON a.cid = e.id  WHERE ( a.status =1 AND a.isdel = 0 ) ORDER BY time desc LIMIT 2   [ RunTime:0.0019s ]
SQL: SHOW COLUMNS FROM `zml_item_with_order` [ RunTime:0.0013s ]
NOTIC: [2] Missing argument 2 for User\Model\ItemWithOrderModel::countMoney(), called in /home/wwwroot/zhongchou.com/App/User/Model/ItemWithOrderModel.class.php on line 66 and defined /home/wwwroot/zhongchou.com/App/User/Model/ItemWithOrderModel.class.php 第 51 行.
NOTIC: [8] Undefined variable: uin /home/wwwroot/zhongchou.com/App/User/Model/ItemWithOrderModel.class.php 第 53 行.
SQL: SHOW COLUMNS FROM `zml_item_with_order` [ RunTime:0.0012s ]
SQL: SELECT SUM(a.money) AS tp_sum FROM zml_item_with_order as a WHERE a.itemid = '2' LIMIT 1   [ RunTime:0.0004s ]
SQL: SHOW COLUMNS FROM `zml_item` [ RunTime:0.0016s ]
SQL: SELECT `raising_money` FROM `zml_item` WHERE `id` = 2 LIMIT 1   [ RunTime:0.0003s ]
NOTIC: [2] Missing argument 2 for User\Model\ItemWithOrderModel::countMoney(), called in /home/wwwroot/zhongchou.com/Runtime/Cache/Home/9caf0bb0a4ec33bc3ac62eb05fc12f83.php on line 177 and defined /home/wwwroot/zhongchou.com/App/User/Model/ItemWithOrderModel.class.php 第 51 行.
NOTIC: [8] Undefined variable: uin /home/wwwroot/zhongchou.com/App/User/Model/ItemWithOrderModel.class.php 第 53 行.
SQL: SELECT SUM(a.money) AS tp_sum FROM zml_item_with_order as a WHERE a.itemid = '2' LIMIT 1   [ RunTime:0.0002s ]
NOTIC: [2] Missing argument 2 for User\Model\ItemWithOrderModel::countMoney(), called in /home/wwwroot/zhongchou.com/App/User/Model/ItemWithOrderModel.class.php on line 66 and defined /home/wwwroot/zhongchou.com/App/User/Model/ItemWithOrderModel.class.php 第 51 行.
NOTIC: [8] Undefined variable: uin /home/wwwroot/zhongchou.com/App/User/Model/ItemWithOrderModel.class.php 第 53 行.
SQL: SELECT SUM(a.money) AS tp_sum FROM zml_item_with_order as a WHERE a.itemid = '1' LIMIT 1   [ RunTime:0.0002s ]
SQL: SELECT `raising_money` FROM `zml_item` WHERE `id` = 1 LIMIT 1   [ RunTime:0.0002s ]
NOTIC: [2] Missing argument 2 for User\Model\ItemWithOrderModel::countMoney(), called in /home/wwwroot/zhongchou.com/Runtime/Cache/Home/9caf0bb0a4ec33bc3ac62eb05fc12f83.php on line 177 and defined /home/wwwroot/zhongchou.com/App/User/Model/ItemWithOrderModel.class.php 第 51 行.
NOTIC: [8] Undefined variable: uin /home/wwwroot/zhongchou.com/App/User/Model/ItemWithOrderModel.class.php 第 53 行.
SQL: SELECT SUM(a.money) AS tp_sum FROM zml_item_with_order as a WHERE a.itemid = '1' LIMIT 1   [ RunTime:0.0002s ]
NOTIC: [2] Illegal string offset 'a.isdel' /home/wwwroot/zhongchou.com/App/User/Model/ItemModel.class.php 第 46 行.
SQL: SELECT a.*,a.id as id,c.id as cid,c.name as progress_name,d.uin,d.name as user_name,d.header as user_header,e.id as eid,e.name as category_name FROM zml_item as a LEFT JOIN zml_item_progress as c ON a.progress = c.id LEFT JOIN zml_user as d ON a.uin = d.uin LEFT JOIN zml_item_category as e ON a.cid = e.id  WHERE ( a.status =1 AND a.progress =1 AND a.end_time >1492679960 AND a.isdel = 0 ) ORDER BY sort desc LIMIT 10   [ RunTime:0.0013s ]
SQL: SHOW COLUMNS FROM `zml_news` [ RunTime:0.0012s ]
SQL: SHOW COLUMNS FROM `zml_news` [ RunTime:0.0010s ]
SQL: SELECT a.*,b.name as cname FROM zml_news a LEFT JOIN zml_news_category b ON a.cid=b.id   WHERE ( a.status =1 AND a.cid In(4) ) ORDER BY a.time desc LIMIT 10   [ RunTime:0.0005s ]
SQL: SHOW COLUMNS FROM `zml_nav` [ RunTime:0.0014s ]
SQL: SHOW COLUMNS FROM `zml_nav` [ RunTime:0.0011s ]
SQL: SELECT * FROM `zml_nav` WHERE ( status =1 AND type =2 AND pid =0 ) ORDER BY time desc  [ RunTime:0.0003s ]
SQL: SELECT * FROM `zml_nav` WHERE `pid` = 1 ORDER BY time desc LIMIT 10   [ RunTime:0.0002s ]
SQL: SELECT * FROM `zml_nav` WHERE `pid` = 3 ORDER BY time desc LIMIT 10   [ RunTime:0.0002s ]
SQL: SELECT * FROM `zml_nav` WHERE `pid` = 5 ORDER BY time desc LIMIT 10   [ RunTime:0.0002s ]
SQL: SELECT * FROM `zml_nav` WHERE `pid` = 7 ORDER BY time desc LIMIT 10   [ RunTime:0.0002s ]
SQL: SELECT * FROM `zml_nav` WHERE `pid` = 8 ORDER BY time desc LIMIT 10   [ RunTime:0.0002s ]
SQL: SELECT * FROM `zml_nav` WHERE `pid` = 9 ORDER BY time desc LIMIT 10   [ RunTime:0.0003s ]
INFO: Run Behavior\ParseTemplateBehavior [ RunTime:0.047191s ]
INFO: [ view_parse ] --END-- [ RunTime:0.047281s ]
INFO: [ view_filter ] --START--
INFO: Run Behavior\WriteHtmlCacheBehavior [ RunTime:0.000097s ]
INFO: [ view_filter ] --END-- [ RunTime:0.000145s ]
INFO: [ app_end ] --START--
INFO: Run Behavior\ShowPageTraceBehavior [ RunTime:0.000060s ]
INFO: [ app_end ] --END-- [ RunTime:0.000125s ]

