[ 2016-11-16T00:04:37+08:00 ] 203.208.60.238 /index.php?m=goods&c=index&a=lists&id=3&attr%5Batt_5%5D=57_b76K_bR&attr%5Bspec_3%5D=5a_b85ri4&sort=hits,
INFO: [ app_init ] --START--
INFO: Run Behavior\BuildLiteBehavior [ RunTime:0.000018s ]
INFO: [ app_init ] --END-- [ RunTime:0.000179s ]
ERR: 无法加载模块:Goods

[ 2016-11-16T00:45:21+08:00 ] 203.208.60.214 /index.php?m=goods&c=index&a=lists&id=1&attr%5Batt_3%5D=6YO96YCJ&attr%5Bspec_1%5D=5YWr5bqn&attr%5Batt_2%5D=6YCJ55So5YWt5bqn6L2m&attr%5Batt_1%5D=6YCJ55So5Zub5bqn6L2m&sort=sale,&price=0,123122
INFO: [ app_init ] --START--
INFO: Run Behavior\BuildLiteBehavior [ RunTime:0.000015s ]
INFO: [ app_init ] --END-- [ RunTime:0.000105s ]
ERR: 无法加载模块:Goods

[ 2016-11-16T01:20:39+08:00 ] 203.208.60.217 /index.php?m=goods&c=index&a=lists&id=3&sort=shop_price,desc&attr%5Batt_6%5D=5Zyw6Zmq&attr%5Bspec_3%5D=57_b76K_bR&attr%5Batt_5%5D=57_b76K_bR&attr%5Batt_7%5D=5YWo56iL&brand_id=2
INFO: [ app_init ] --START--
INFO: Run Behavior\BuildLiteBehavior [ RunTime:0.000017s ]
INFO: [ app_init ] --END-- [ RunTime:0.000117s ]
ERR: 无法加载模块:Goods

[ 2016-11-16T02:24:22+08:00 ] 203.208.60.200 /index.php?m=member&c=public&a=login
INFO: [ app_init ] --START--
INFO: Run Behavior\BuildLiteBehavior [ RunTime:0.000017s ]
INFO: [ app_init ] --END-- [ RunTime:0.000149s ]
ERR: 无法加载模块:Member

[ 2016-11-16T02:37:05+08:00 ] 68.180.229.46 /index.php?m=goods&c=index&a=detail&sku_id=5
INFO: [ app_init ] --START--
INFO: Run Behavior\BuildLiteBehavior [ RunTime:0.000019s ]
INFO: [ app_init ] --END-- [ RunTime:0.000145s ]
ERR: 无法加载模块:Goods

[ 2016-11-16T02:40:05+08:00 ] 216.244.66.238 /index.php?m=goods&c=index&a=lists&id=3&sort=shop_price,asc&attr[att_6]=5Zyw6Zmq&attr[att_5]=57_b76K_bR&attr[spec_3]=5a_b85ri4
INFO: [ app_init ] --START--
INFO: Run Behavior\BuildLiteBehavior [ RunTime:0.000018s ]
INFO: [ app_init ] --END-- [ RunTime:0.000222s ]
ERR: 无法加载模块:Goods

[ 2016-11-16T02:40:05+08:00 ] 216.244.66.238 /index.php?m=goods&c=index&a=lists&id=3&sort=shop_price,asc&attr[att_6]=5Zyw6Zmq&attr[att_5]=57_b76K_bR&attr[spec_3]=5a_b85ri4
INFO: [ app_init ] --START--
INFO: Run Behavior\BuildLiteBehavior [ RunTime:0.000022s ]
INFO: [ app_init ] --END-- [ RunTime:0.000155s ]
ERR: 无法加载模块:Goods

[ 2016-11-16T02:41:29+08:00 ] 216.244.66.238 /index.php?m=goods&c=index&a=lists&id=3&sort=shop_price,desc&attr[att_6]=5Zyw6Zmq
INFO: [ app_init ] --START--
INFO: Run Behavior\BuildLiteBehavior [ RunTime:0.000015s ]
INFO: [ app_init ] --END-- [ RunTime:0.000105s ]
ERR: 无法加载模块:Goods

[ 2016-11-16T02:41:30+08:00 ] 216.244.66.238 /index.php?m=goods&c=index&a=lists&id=3&sort=shop_price,desc&attr[att_6]=5Zyw6Zmq
INFO: [ app_init ] --START--
INFO: Run Behavior\BuildLiteBehavior [ RunTime:0.000017s ]
INFO: [ app_init ] --END-- [ RunTime:0.000115s ]
ERR: 无法加载模块:Goods

[ 2016-11-16T02:41:32+08:00 ] 216.244.66.238 /index.php?m=goods&c=index&a=lists&id=3&sort=sale,
INFO: [ app_init ] --START--
INFO: Run Behavior\BuildLiteBehavior [ RunTime:0.000024s ]
INFO: [ app_init ] --END-- [ RunTime:0.000140s ]
ERR: 无法加载模块:Goods

[ 2016-11-16T02:41:32+08:00 ] 216.244.66.238 /index.php?m=goods&c=index&a=lists&id=3&sort=sale,
INFO: [ app_init ] --START--
INFO: Run Behavior\BuildLiteBehavior [ RunTime:0.000023s ]
INFO: [ app_init ] --END-- [ RunTime:0.000157s ]
ERR: 无法加载模块:Goods

[ 2016-11-16T02:41:34+08:00 ] 216.244.66.238 /index.php?m=goods&c=index&a=lists&id=3&attr[spec_3]=5a_b85ri4&attr[att_5]=57_b76K_bR&attr[att_6]=5Zyw6Zmq&attr[att_7]=5YWo56iL&brand_id=2&sort=hits,
INFO: [ app_init ] --START--
INFO: Run Behavior\BuildLiteBehavior [ RunTime:0.000025s ]
INFO: [ app_init ] --END-- [ RunTime:0.000167s ]
ERR: 无法加载模块:Goods

[ 2016-11-16T02:41:34+08:00 ] 216.244.66.238 /index.php?m=goods&c=index&a=lists&id=3&attr[spec_3]=5a_b85ri4&attr[att_5]=57_b76K_bR&attr[att_6]=5Zyw6Zmq&attr[att_7]=5YWo56iL&brand_id=2&sort=hits,
INFO: [ app_init ] --START--
INFO: Run Behavior\BuildLiteBehavior [ RunTime:0.000015s ]
INFO: [ app_init ] --END-- [ RunTime:0.000096s ]
ERR: 无法加载模块:Goods

[ 2016-11-16T02:41:36+08:00 ] 216.244.66.238 /index.php?m=goods&c=index&a=lists&id=3&sort=sale,&attr[att_6]=5Zyw6Zmq&attr[spec_3]=5a_b85ri4&attr[att_5]=57_b76K_bR
INFO: [ app_init ] --START--
INFO: Run Behavior\BuildLiteBehavior [ RunTime:0.000019s ]
INFO: [ app_init ] --END-- [ RunTime:0.000170s ]
ERR: 无法加载模块:Goods

[ 2016-11-16T02:41:36+08:00 ] 216.244.66.238 /index.php?m=goods&c=index&a=lists&id=3&sort=sale,&attr[att_6]=5Zyw6Zmq&attr[spec_3]=5a_b85ri4&attr[att_5]=57_b76K_bR
INFO: [ app_init ] --START--
INFO: Run Behavior\BuildLiteBehavior [ RunTime:0.000014s ]
INFO: [ app_init ] --END-- [ RunTime:0.000095s ]
ERR: 无法加载模块:Goods

[ 2016-11-16T02:41:38+08:00 ] 216.244.66.238 /index.php?m=goods&c=index&a=lists&id=3&brand_id=2&attr[att_6]=5Zyw6Zmq&attr[spec_3]=5a_b85ri4&attr[att_7]=5YWo56iL&attr[att_5]=57_b76K_bR&sort=hits,
INFO: [ app_init ] --START--
INFO: Run Behavior\BuildLiteBehavior [ RunTime:0.000017s ]
INFO: [ app_init ] --END-- [ RunTime:0.000121s ]
ERR: 无法加载模块:Goods

[ 2016-11-16T02:41:38+08:00 ] 216.244.66.238 /index.php?m=goods&c=index&a=lists&id=3&brand_id=2&attr[att_6]=5Zyw6Zmq&attr[spec_3]=5a_b85ri4&attr[att_7]=5YWo56iL&attr[att_5]=57_b76K_bR&sort=hits,
INFO: [ app_init ] --START--
INFO: Run Behavior\BuildLiteBehavior [ RunTime:0.000015s ]
INFO: [ app_init ] --END-- [ RunTime:0.000096s ]
ERR: 无法加载模块:Goods

[ 2016-11-16T02:41:56+08:00 ] 216.244.66.238 /index.php?m=goods&c=index&a=lists&id=3&attr[att_7]=5YWo56iL&attr[att_6]=5Zyw6Zmq&attr[att_5]=57_b76K_bR&sort=comper,
INFO: [ app_init ] --START--
INFO: Run Behavior\BuildLiteBehavior [ RunTime:0.000016s ]
INFO: [ app_init ] --END-- [ RunTime:0.000118s ]
ERR: 无法加载模块:Goods

[ 2016-11-16T02:41:56+08:00 ] 216.244.66.238 /index.php?m=goods&c=index&a=lists&id=3&attr[att_7]=5YWo56iL&attr[att_6]=5Zyw6Zmq&attr[att_5]=57_b76K_bR&sort=comper,
INFO: [ app_init ] --START--
INFO: Run Behavior\BuildLiteBehavior [ RunTime:0.000018s ]
INFO: [ app_init ] --END-- [ RunTime:0.000126s ]
ERR: 无法加载模块:Goods

[ 2016-11-16T02:42:19+08:00 ] 216.244.66.238 /index.php?m=member&c=public&a=login&url_forward=%252Findex.php%253Fm%253Dmember%2526c%253Dorder%2526a%253Dindex
INFO: [ app_init ] --START--
INFO: Run Behavior\BuildLiteBehavior [ RunTime:0.000014s ]
INFO: [ app_init ] --END-- [ RunTime:0.000103s ]
ERR: 无法加载模块:Member

[ 2016-11-16T02:42:19+08:00 ] 216.244.66.238 /index.php?m=member&c=public&a=login&url_forward=%252Findex.php%253Fm%253Dmember%2526c%253Dorder%2526a%253Dindex
INFO: [ app_init ] --START--
INFO: Run Behavior\BuildLiteBehavior [ RunTime:0.000014s ]
INFO: [ app_init ] --END-- [ RunTime:0.000090s ]
ERR: 无法加载模块:Member

[ 2016-11-16T02:46:31+08:00 ] 182.118.20.215 /index.php?a=lists&c=index&id=3&m=goods&sort=hits,
INFO: [ app_init ] --START--
INFO: Run Behavior\BuildLiteBehavior [ RunTime:0.000020s ]
INFO: [ app_init ] --END-- [ RunTime:0.000259s ]
ERR: 无法加载模块:Goods

[ 2016-11-16T03:06:32+08:00 ] 106.38.241.152 /index.php?m=goods&c=index&a=lists&id=3&brand_id=2&attr[att_7]=5YWo56iL&attr[att_6]=5Zyw6Zmq&attr[spec_3]=5a_b85ri4
INFO: [ app_init ] --START--
INFO: Run Behavior\BuildLiteBehavior [ RunTime:0.000014s ]
INFO: [ app_init ] --END-- [ RunTime:0.000118s ]
ERR: 无法加载模块:Goods

[ 2016-11-16T03:06:42+08:00 ] 106.38.241.152 /index.php?m=goods&c=index&a=lists&id=3&brand_id=2&attr[att_5]=57_b76K_bR&attr[spec_3]=5a_b85ri4&attr[att_6]=5Zyw6Zmq
INFO: [ app_init ] --START--
INFO: Run Behavior\BuildLiteBehavior [ RunTime:0.000017s ]
INFO: [ app_init ] --END-- [ RunTime:0.000122s ]
ERR: 无法加载模块:Goods

[ 2016-11-16T03:06:52+08:00 ] 106.38.241.152 /index.php?m=goods&c=index&a=lists&id=3&brand_id=2&attr[att_7]=5YWo56iL&attr[att_5]=57_b76K_bR&attr[spec_3]=57_b76K_bR
INFO: [ app_init ] --START--
INFO: Run Behavior\BuildLiteBehavior [ RunTime:0.000020s ]
INFO: [ app_init ] --END-- [ RunTime:0.000144s ]
ERR: 无法加载模块:Goods

[ 2016-11-16T03:07:02+08:00 ] 106.38.241.152 /index.php?m=goods&c=index&a=lists&id=3&attr[att_7]=5YWo56iL&brand_id=2
INFO: [ app_init ] --START--
INFO: Run Behavior\BuildLiteBehavior [ RunTime:0.000023s ]
INFO: [ app_init ] --END-- [ RunTime:0.000204s ]
ERR: 无法加载模块:Goods

[ 2016-11-16T03:54:29+08:00 ] 203.208.60.198 /index.php?m=goods&c=index&a=lists&id=3
INFO: [ app_init ] --START--
INFO: Run Behavior\BuildLiteBehavior [ RunTime:0.000025s ]
INFO: [ app_init ] --END-- [ RunTime:0.000179s ]
ERR: 无法加载模块:Goods

[ 2016-11-16T04:39:37+08:00 ] 216.244.66.228 /index.php?m=goods&c=index&a=lists&id=3&attr[att_5]=57_b76K_bR&attr[spec_3]=57_b76K_bR&attr[att_7]=5YWo56iL&sort=sale,
INFO: [ app_init ] --START--
INFO: Run Behavior\BuildLiteBehavior [ RunTime:0.000018s ]
INFO: [ app_init ] --END-- [ RunTime:0.000119s ]
ERR: 无法加载模块:Goods

[ 2016-11-16T04:39:42+08:00 ] 216.244.66.228 /index.php?m=goods&c=index&a=lists&id=3&attr[spec_3]=5a_b85ri4&attr[att_5]=57_b76K_bR&attr[att_6]=5Zyw6Zmq&sort=sale,
INFO: [ app_init ] --START--
INFO: Run Behavior\BuildLiteBehavior [ RunTime:0.000021s ]
INFO: [ app_init ] --END-- [ RunTime:0.000179s ]
ERR: 无法加载模块:Goods

[ 2016-11-16T04:39:44+08:00 ] 216.244.66.228 /index.php?m=goods&c=index&a=lists&id=3&attr[spec_3]=5a_b85ri4&attr[att_7]=5YWo56iL&attr[att_6]=5Zyw6Zmq&brand_id=2
INFO: [ app_init ] --START--
INFO: Run Behavior\BuildLiteBehavior [ RunTime:0.000014s ]
INFO: [ app_init ] --END-- [ RunTime:0.000098s ]
ERR: 无法加载模块:Goods

[ 2016-11-16T04:40:00+08:00 ] 216.244.66.228 /index.php?m=goods&c=index&a=lists&id=3&sort=shop_price,desc&attr[spec_3]=57_b76K_bR&attr[att_5]=57_b76K_bR
INFO: [ app_init ] --START--
INFO: Run Behavior\BuildLiteBehavior [ RunTime:0.000022s ]
INFO: [ app_init ] --END-- [ RunTime:0.000176s ]
ERR: 无法加载模块:Goods

[ 2016-11-16T04:40:05+08:00 ] 216.244.66.228 /index.php?m=goods&c=index&a=lists&id=3&attr[att_7]=5YWo56iL&attr[spec_3]=57_b76K_bR&attr[att_5]=57_b76K_bR
INFO: [ app_init ] --START--
INFO: Run Behavior\BuildLiteBehavior [ RunTime:0.000025s ]
INFO: [ app_init ] --END-- [ RunTime:0.000188s ]
ERR: 无法加载模块:Goods

[ 2016-11-16T04:40:07+08:00 ] 216.244.66.228 /index.php?m=goods&c=index&a=lists&id=3&attr[spec_3]=5a_b85ri4&sort=shop_price,desc&brand_id=2
INFO: [ app_init ] --START--
INFO: Run Behavior\BuildLiteBehavior [ RunTime:0.000014s ]
INFO: [ app_init ] --END-- [ RunTime:0.000193s ]
ERR: 无法加载模块:Goods

[ 2016-11-16T04:40:30+08:00 ] 216.244.66.228 /index.php?m=goods&c=index&a=lists&id=3&attr[att_6]=5Zyw6Zmq&attr[att_5]=57_b76K_bR&attr[spec_3]=5a_b85ri4
INFO: [ app_init ] --START--
INFO: Run Behavior\BuildLiteBehavior [ RunTime:0.000014s ]
INFO: [ app_init ] --END-- [ RunTime:0.000104s ]
ERR: 无法加载模块:Goods

[ 2016-11-16T04:40:53+08:00 ] 216.244.66.228 /index.php?m=goods&c=index&a=lists&id=3&sort=hits,&attr[att_7]=5YWo56iL&attr[spec_3]=57_b76K_bR&brand_id=2
INFO: [ app_init ] --START--
INFO: Run Behavior\BuildLiteBehavior [ RunTime:0.000014s ]
INFO: [ app_init ] --END-- [ RunTime:0.000104s ]
ERR: 无法加载模块:Goods

[ 2016-11-16T04:40:55+08:00 ] 216.244.66.228 /index.php?m=goods&c=index&a=lists&id=3&sort=shop_price,desc&attr[att_6]=5Zyw6Zmq&attr[att_7]=5YWo56iL&attr[spec_3]=5a_b85ri4
INFO: [ app_init ] --START--
INFO: Run Behavior\BuildLiteBehavior [ RunTime:0.000025s ]
INFO: [ app_init ] --END-- [ RunTime:0.000275s ]
ERR: 无法加载模块:Goods

[ 2016-11-16T04:40:57+08:00 ] 216.244.66.228 /index.php?m=goods&c=index&a=lists&id=3&attr[att_7]=5YWo56iL&attr[att_6]=5Zyw6Zmq&attr[spec_3]=5a_b85ri4&sort=hits,
INFO: [ app_init ] --START--
INFO: Run Behavior\BuildLiteBehavior [ RunTime:0.000017s ]
INFO: [ app_init ] --END-- [ RunTime:0.000139s ]
ERR: 无法加载模块:Goods

[ 2016-11-16T04:41:58+08:00 ] 216.244.66.228 /index.php?m=goods&c=index&a=lists&id=3&sort=shop_price,desc&attr[spec_3]=5a_b85ri4&brand_id=2
INFO: [ app_init ] --START--
INFO: Run Behavior\BuildLiteBehavior [ RunTime:0.000017s ]
INFO: [ app_init ] --END-- [ RunTime:0.000131s ]
ERR: 无法加载模块:Goods

[ 2016-11-16T05:44:45+08:00 ] 68.180.230.118 /index.php?m=goods&c=consult&a=add&sku_id=8&catid=2
INFO: [ app_init ] --START--
INFO: Run Behavior\BuildLiteBehavior [ RunTime:0.000016s ]
INFO: [ app_init ] --END-- [ RunTime:0.000119s ]
ERR: 无法加载模块:Goods

[ 2016-11-16T05:46:44+08:00 ] 68.180.230.118 /index.php?m=goods&c=index&a=brand_list&id=0
INFO: [ app_init ] --START--
INFO: Run Behavior\BuildLiteBehavior [ RunTime:0.000017s ]
INFO: [ app_init ] --END-- [ RunTime:0.000114s ]
ERR: 无法加载模块:Goods

[ 2016-11-16T05:52:52+08:00 ] 182.118.22.213 /index.php?a=lists&attr[att_7]=5YWo56iL&attr[spec_3]=5a_b85ri4&c=index&id=3&m=goods
INFO: [ app_init ] --START--
INFO: Run Behavior\BuildLiteBehavior [ RunTime:0.000016s ]
INFO: [ app_init ] --END-- [ RunTime:0.000115s ]
ERR: 无法加载模块:Goods

[ 2016-11-16T05:56:54+08:00 ] 182.118.22.216 /index.php?a=lists&attr[att_6]=5Zyw6Zmq&c=index&id=3&m=goods&sort=shop_price,desc
INFO: [ app_init ] --START--
INFO: Run Behavior\BuildLiteBehavior [ RunTime:0.000023s ]
INFO: [ app_init ] --END-- [ RunTime:0.000150s ]
ERR: 无法加载模块:Goods

[ 2016-11-16T06:02:11+08:00 ] 66.249.66.122 /index.php?m=goods&c=index&a=lists&id=1&attr%5Batt_2%5D=6YCJ55So5YWt5bqn6L2m&attr%5Bspec_1%5D=5YWt5bqn&attr%5Batt_1%5D=6YCJ55So5Zub5bqn6L2m&sort=shop_price,asc
INFO: [ app_init ] --START--
INFO: Run Behavior\BuildLiteBehavior [ RunTime:0.000018s ]
INFO: [ app_init ] --END-- [ RunTime:0.000127s ]
ERR: 无法加载模块:Goods

[ 2016-11-16T06:29:49+08:00 ] 68.180.229.46 /index.php?m=member&c=order&a=index&type=4
INFO: [ app_init ] --START--
INFO: Run Behavior\BuildLiteBehavior [ RunTime:0.000018s ]
INFO: [ app_init ] --END-- [ RunTime:0.000174s ]
ERR: 无法加载模块:Member

[ 2016-11-16T06:40:52+08:00 ] 216.244.66.238 /index.php?m=goods&c=index&a=lists&id=3&attr[spec_3]=57_b76K_bR&attr[att_6]=5Zyw6Zmq
INFO: [ app_init ] --START--
INFO: Run Behavior\BuildLiteBehavior [ RunTime:0.000024s ]
INFO: [ app_init ] --END-- [ RunTime:0.000140s ]
ERR: 无法加载模块:Goods

[ 2016-11-16T06:40:53+08:00 ] 216.244.66.238 /index.php?m=goods&c=index&a=lists&id=3&attr[att_5]=57_b76K_bR&attr[att_6]=5Zyw6Zmq
INFO: [ app_init ] --START--
INFO: Run Behavior\BuildLiteBehavior [ RunTime:0.000014s ]
INFO: [ app_init ] --END-- [ RunTime:0.000096s ]
ERR: 无法加载模块:Goods

[ 2016-11-16T06:40:55+08:00 ] 216.244.66.238 /index.php?m=goods&c=index&a=lists&id=3&attr[att_5]=57_b76K_bR&attr[att_6]=5Zyw6Zmq
INFO: [ app_init ] --START--
INFO: Run Behavior\BuildLiteBehavior [ RunTime:0.000020s ]
INFO: [ app_init ] --END-- [ RunTime:0.000155s ]
ERR: 无法加载模块:Goods

[ 2016-11-16T06:40:56+08:00 ] 216.244.66.238 /index.php?m=goods&c=index&a=lists&id=3&attr[spec_3]=57_b76K_bR&attr[att_6]=5Zyw6Zmq
INFO: [ app_init ] --START--
INFO: Run Behavior\BuildLiteBehavior [ RunTime:0.000024s ]
INFO: [ app_init ] --END-- [ RunTime:0.000173s ]
ERR: 无法加载模块:Goods

[ 2016-11-16T06:41:19+08:00 ] 216.244.66.238 /index.php?m=goods&c=index&a=lists&id=3&sort=shop_price,desc&attr[att_6]=5Zyw6Zmq&attr[att_5]=57_b76K_bR&attr[spec_3]=57_b76K_bR&attr[att_7]=5YWo56iL&brand_id=2
INFO: [ app_init ] --START--
INFO: Run Behavior\BuildLiteBehavior [ RunTime:0.000016s ]
INFO: [ app_init ] --END-- [ RunTime:0.000118s ]
ERR: 无法加载模块:Goods

[ 2016-11-16T06:41:20+08:00 ] 216.244.66.238 /index.php?m=goods&c=index&a=lists&id=3&sort=shop_price,desc&attr[att_6]=5Zyw6Zmq&attr[att_5]=57_b76K_bR&attr[spec_3]=57_b76K_bR&attr[att_7]=5YWo56iL&brand_id=2
INFO: [ app_init ] --START--
INFO: Run Behavior\BuildLiteBehavior [ RunTime:0.000015s ]
INFO: [ app_init ] --END-- [ RunTime:0.000108s ]
ERR: 无法加载模块:Goods

[ 2016-11-16T06:42:08+08:00 ] 216.244.66.238 /index.php?m=goods&c=index&a=lists&id=3&attr[att_7]=5YWo56iL&attr[att_6]=5Zyw6Zmq&attr[att_5]=57_b76K_bR&attr[spec_3]=5a_b85ri4&sort=comper,
INFO: [ app_init ] --START--
INFO: Run Behavior\BuildLiteBehavior [ RunTime:0.000016s ]
INFO: [ app_init ] --END-- [ RunTime:0.000121s ]
ERR: 无法加载模块:Goods

[ 2016-11-16T06:42:08+08:00 ] 216.244.66.238 /index.php?m=goods&c=index&a=lists&id=3&attr[att_7]=5YWo56iL&attr[att_6]=5Zyw6Zmq&attr[att_5]=57_b76K_bR&attr[spec_3]=5a_b85ri4&sort=comper,
INFO: [ app_init ] --START--
INFO: Run Behavior\BuildLiteBehavior [ RunTime:0.000013s ]
INFO: [ app_init ] --END-- [ RunTime:0.000100s ]
ERR: 无法加载模块:Goods

[ 2016-11-16T06:42:10+08:00 ] 216.244.66.238 /index.php?m=goods&c=index&a=lists&id=3&attr[att_6]=5Zyw6Zmq&attr[att_7]=5YWo56iL&sort=comper,
INFO: [ app_init ] --START--
INFO: Run Behavior\BuildLiteBehavior [ RunTime:0.000023s ]
INFO: [ app_init ] --END-- [ RunTime:0.000299s ]
ERR: 无法加载模块:Goods

[ 2016-11-16T06:42:11+08:00 ] 216.244.66.238 /index.php?m=goods&c=index&a=lists&id=3&attr[att_6]=5Zyw6Zmq&attr[att_7]=5YWo56iL&sort=comper,
INFO: [ app_init ] --START--
INFO: Run Behavior\BuildLiteBehavior [ RunTime:0.000014s ]
INFO: [ app_init ] --END-- [ RunTime:0.000116s ]
ERR: 无法加载模块:Goods

[ 2016-11-16T06:42:37+08:00 ] 216.244.66.238 /index.php?m=goods&c=index&a=lists&id=3&attr[att_5]=57_b76K_bR&attr[spec_3]=5a_b85ri4&brand_id=2&sort=hits,
INFO: [ app_init ] --START--
INFO: Run Behavior\BuildLiteBehavior [ RunTime:0.000015s ]
INFO: [ app_init ] --END-- [ RunTime:0.000106s ]
ERR: 无法加载模块:Goods

[ 2016-11-16T06:42:38+08:00 ] 216.244.66.238 /index.php?m=goods&c=index&a=lists&id=3&attr[att_5]=57_b76K_bR&attr[spec_3]=5a_b85ri4&brand_id=2&sort=hits,
INFO: [ app_init ] --START--
INFO: Run Behavior\BuildLiteBehavior [ RunTime:0.000023s ]
INFO: [ app_init ] --END-- [ RunTime:0.000154s ]
ERR: 无法加载模块:Goods

[ 2016-11-16T06:42:39+08:00 ] 216.244.66.238 /index.php?m=goods&c=index&a=lists&id=3&sort=sale,&attr[att_6]=5Zyw6Zmq&attr[spec_3]=57_b76K_bR&attr[att_7]=5YWo56iL&brand_id=2
INFO: [ app_init ] --START--
INFO: Run Behavior\BuildLiteBehavior [ RunTime:0.000016s ]
INFO: [ app_init ] --END-- [ RunTime:0.000110s ]
ERR: 无法加载模块:Goods

[ 2016-11-16T06:42:39+08:00 ] 216.244.66.238 /index.php?m=goods&c=index&a=lists&id=3&sort=sale,&attr[att_6]=5Zyw6Zmq&attr[spec_3]=57_b76K_bR&attr[att_7]=5YWo56iL&brand_id=2
INFO: [ app_init ] --START--
INFO: Run Behavior\BuildLiteBehavior [ RunTime:0.000014s ]
INFO: [ app_init ] --END-- [ RunTime:0.000095s ]
ERR: 无法加载模块:Goods

[ 2016-11-16T06:42:41+08:00 ] 216.244.66.238 /index.php?m=goods&c=index&a=lists&id=3&sort=shop_price,desc&attr[att_5]=57_b76K_bR&attr[spec_3]=5a_b85ri4
INFO: [ app_init ] --START--
INFO: Run Behavior\BuildLiteBehavior [ RunTime:0.000019s ]
INFO: [ app_init ] --END-- [ RunTime:0.000130s ]
ERR: 无法加载模块:Goods

[ 2016-11-16T06:42:41+08:00 ] 216.244.66.238 /index.php?m=goods&c=index&a=lists&id=3&sort=shop_price,desc&attr[att_5]=57_b76K_bR&attr[spec_3]=5a_b85ri4
INFO: [ app_init ] --START--
INFO: Run Behavior\BuildLiteBehavior [ RunTime:0.000014s ]
INFO: [ app_init ] --END-- [ RunTime:0.000098s ]
ERR: 无法加载模块:Goods

[ 2016-11-16T06:43:32+08:00 ] 216.244.66.238 /index.php?m=goods&c=index&a=lists&id=3&sort=hits,&brand_id=2&attr[spec_3]=57_b76K_bR
INFO: [ app_init ] --START--
INFO: Run Behavior\BuildLiteBehavior [ RunTime:0.000014s ]
INFO: [ app_init ] --END-- [ RunTime:0.000104s ]
ERR: 无法加载模块:Goods

[ 2016-11-16T06:43:32+08:00 ] 216.244.66.238 /index.php?m=goods&c=index&a=lists&id=3&sort=hits,&brand_id=2&attr[spec_3]=57_b76K_bR
INFO: [ app_init ] --START--
INFO: Run Behavior\BuildLiteBehavior [ RunTime:0.000017s ]
INFO: [ app_init ] --END-- [ RunTime:0.000129s ]
ERR: 无法加载模块:Goods

[ 2016-11-16T06:44:01+08:00 ] 216.244.66.238 /index.php?m=goods&c=index&a=brand_list&id=0
INFO: [ app_init ] --START--
INFO: Run Behavior\BuildLiteBehavior [ RunTime:0.000022s ]
INFO: [ app_init ] --END-- [ RunTime:0.000175s ]
ERR: 无法加载模块:Goods

[ 2016-11-16T06:44:01+08:00 ] 216.244.66.238 /index.php?m=goods&c=index&a=brand_list&id=0
INFO: [ app_init ] --START--
INFO: Run Behavior\BuildLiteBehavior [ RunTime:0.000022s ]
INFO: [ app_init ] --END-- [ RunTime:0.000150s ]
ERR: 无法加载模块:Goods

[ 2016-11-16T06:48:14+08:00 ] 66.249.66.144 /index.php?m=goods&c=index&a=lists&id=1&attr%5Batt_3%5D=6YO96YCJ&attr%5Batt_2%5D=6YCJ55So5YWt5bqn6L2m&attr%5Bspec_1%5D=5YWt5bqn&sort=shop_price,desc&brand_id=1
INFO: [ app_init ] --START--
INFO: Run Behavior\BuildLiteBehavior [ RunTime:0.000018s ]
INFO: [ app_init ] --END-- [ RunTime:0.000146s ]
ERR: 无法加载模块:Goods

[ 2016-11-16T06:58:37+08:00 ] 66.249.66.133 /index.php?m=goods&c=index&a=detail&sku_id=9
INFO: [ app_init ] --START--
INFO: Run Behavior\BuildLiteBehavior [ RunTime:0.000017s ]
INFO: [ app_init ] --END-- [ RunTime:0.000117s ]
ERR: 无法加载模块:Goods

[ 2016-11-16T07:00:58+08:00 ] 216.244.66.238 /?m=ydzn&c=jchd
INFO: [ app_init ] --START--
INFO: Run Behavior\BuildLiteBehavior [ RunTime:0.000023s ]
INFO: [ app_init ] --END-- [ RunTime:0.000178s ]
ERR: 无法加载模块:Ydzn

[ 2016-11-16T07:02:30+08:00 ] 216.244.66.238 /?m=ydzn&c=jchd
INFO: [ app_init ] --START--
INFO: Run Behavior\BuildLiteBehavior [ RunTime:0.000017s ]
INFO: [ app_init ] --END-- [ RunTime:0.000185s ]
ERR: 无法加载模块:Ydzn

[ 2016-11-16T07:09:40+08:00 ] 182.118.20.173 /index.php?a=lists&attr%5Batt_5%5D=57_b76K_bR&attr%5Batt_6%5D=5Zyw6Zmq&brand_id=2&c=index&id=3&m=goods
INFO: [ app_init ] --START--
INFO: Run Behavior\BuildLiteBehavior [ RunTime:0.000017s ]
INFO: [ app_init ] --END-- [ RunTime:0.000118s ]
ERR: 无法加载模块:Goods

[ 2016-11-16T07:12:53+08:00 ] 182.118.25.201 /index.php?a=lists&attr[spec_3]=57_b76K_bR&c=index&id=3&m=goods&sort=shop_price,desc
INFO: [ app_init ] --START--
INFO: Run Behavior\BuildLiteBehavior [ RunTime:0.000020s ]
INFO: [ app_init ] --END-- [ RunTime:0.000155s ]
ERR: 无法加载模块:Goods

[ 2016-11-16T07:13:43+08:00 ] 66.249.66.141 /index.php?m=goods&c=index&a=lists&id=1&price=0,123122&attr%5Bspec_1%5D=5YWr5bqn&brand_id=1
INFO: [ app_init ] --START--
INFO: Run Behavior\BuildLiteBehavior [ RunTime:0.000016s ]
INFO: [ app_init ] --END-- [ RunTime:0.000119s ]
ERR: 无法加载模块:Goods

[ 2016-11-16T07:44:13+08:00 ] 66.249.66.144 /index.php?m=goods&c=index&a=lists&id=1&attr%5Batt_3%5D=6YO96YCJ&attr%5Bspec_1%5D=5YWr5bqn&attr%5Batt_2%5D=6YCJ55So5YWt5bqn6L2m
INFO: [ app_init ] --START--
INFO: Run Behavior\BuildLiteBehavior [ RunTime:0.000022s ]
INFO: [ app_init ] --END-- [ RunTime:0.000171s ]
ERR: 无法加载模块:Goods

[ 2016-11-16T08:05:49+08:00 ] 182.118.22.228 /index.php?a=lists&attr[att_5]=57_b76K_bR&attr[att_6]=5Zyw6Zmq&brand_id=2&c=index&id=3&m=goods
INFO: [ app_init ] --START--
INFO: Run Behavior\BuildLiteBehavior [ RunTime:0.000024s ]
INFO: [ app_init ] --END-- [ RunTime:0.000168s ]
ERR: 无法加载模块:Goods

[ 2016-11-16T08:18:04+08:00 ] 182.118.20.174 /index.php?a=lists&attr%5Batt_6%5D=5Zyw6Zmq&c=index&id=3&m=goods
INFO: [ app_init ] --START--
INFO: Run Behavior\BuildLiteBehavior [ RunTime:0.000020s ]
INFO: [ app_init ] --END-- [ RunTime:0.000139s ]
ERR: 无法加载模块:Goods

[ 2016-11-16T08:38:24+08:00 ] 216.244.66.228 /index.php?m=goods&c=index&a=brand_list&id=1
INFO: [ app_init ] --START--
INFO: Run Behavior\BuildLiteBehavior [ RunTime:0.000017s ]
INFO: [ app_init ] --END-- [ RunTime:0.000130s ]
ERR: 无法加载模块:Goods

[ 2016-11-16T08:40:05+08:00 ] 216.244.66.228 /index.php?m=goods&c=index&a=lists&id=2&brand_id=2&sort=sale,
INFO: [ app_init ] --START--
INFO: Run Behavior\BuildLiteBehavior [ RunTime:0.000028s ]
INFO: [ app_init ] --END-- [ RunTime:0.000366s ]
ERR: 无法加载模块:Goods

[ 2016-11-16T08:40:14+08:00 ] 216.244.66.228 /index.php?m=goods&c=index&a=lists&id=3&brand_id=2&attr[spec_3]=57_b76K_bR&attr[att_7]=5YWo56iL&attr[att_5]=57_b76K_bR
INFO: [ app_init ] --START--
INFO: Run Behavior\BuildLiteBehavior [ RunTime:0.000025s ]
INFO: [ app_init ] --END-- [ RunTime:0.000165s ]
ERR: 无法加载模块:Goods

[ 2016-11-16T08:40:36+08:00 ] 216.244.66.228 /index.php?m=goods&c=index&a=lists&id=3&sort=hits,&attr[spec_3]=57_b76K_bR&attr[att_5]=57_b76K_bR&attr[att_6]=5Zyw6Zmq&brand_id=2
INFO: [ app_init ] --START--
INFO: Run Behavior\BuildLiteBehavior [ RunTime:0.000021s ]
INFO: [ app_init ] --END-- [ RunTime:0.000159s ]
ERR: 无法加载模块:Goods

[ 2016-11-16T08:40:43+08:00 ] 216.244.66.228 /index.php?m=goods&c=index&a=lists&id=3&attr[spec_3]=57_b76K_bR&attr[att_6]=5Zyw6Zmq&brand_id=2&sort=comper,
INFO: [ app_init ] --START--
INFO: Run Behavior\BuildLiteBehavior [ RunTime:0.000016s ]
INFO: [ app_init ] --END-- [ RunTime:0.000118s ]
ERR: 无法加载模块:Goods

[ 2016-11-16T08:40:45+08:00 ] 216.244.66.228 /index.php?m=goods&c=index&a=lists&id=3&brand_id=2&attr[spec_3]=57_b76K_bR&sort=comper,
INFO: [ app_init ] --START--
INFO: Run Behavior\BuildLiteBehavior [ RunTime:0.000023s ]
INFO: [ app_init ] --END-- [ RunTime:0.000154s ]
ERR: 无法加载模块:Goods

[ 2016-11-16T08:40:46+08:00 ] 216.244.66.228 /index.php?m=goods&c=index&a=lists&id=3&sort=sale,&attr[att_7]=5YWo56iL&attr[spec_3]=57_b76K_bR&attr[att_6]=5Zyw6Zmq
INFO: [ app_init ] --START--
INFO: Run Behavior\BuildLiteBehavior [ RunTime:0.000014s ]
INFO: [ app_init ] --END-- [ RunTime:0.000102s ]
ERR: 无法加载模块:Goods

[ 2016-11-16T08:41:06+08:00 ] 216.244.66.228 /index.php?m=goods&c=index&a=lists&id=3&sort=shop_price,asc&attr[att_5]=57_b76K_bR&attr[att_6]=5Zyw6Zmq&brand_id=2
INFO: [ app_init ] --START--
INFO: Run Behavior\BuildLiteBehavior [ RunTime:0.000016s ]
INFO: [ app_init ] --END-- [ RunTime:0.000120s ]
ERR: 无法加载模块:Goods

[ 2016-11-16T08:41:10+08:00 ] 216.244.66.228 /index.php?m=goods&c=index&a=lists&id=3&brand_id=2&attr[spec_3]=5a_b85ri4&attr[att_6]=5Zyw6Zmq&sort=shop_price,desc
INFO: [ app_init ] --START--
INFO: Run Behavior\BuildLiteBehavior [ RunTime:0.000024s ]
INFO: [ app_init ] --END-- [ RunTime:0.000191s ]
ERR: 无法加载模块:Goods

[ 2016-11-16T08:41:11+08:00 ] 216.244.66.228 /index.php?m=goods&c=index&a=lists&id=3&attr[spec_3]=5a_b85ri4&sort=comper,
INFO: [ app_init ] --START--
INFO: Run Behavior\BuildLiteBehavior [ RunTime:0.000013s ]
INFO: [ app_init ] --END-- [ RunTime:0.000095s ]
ERR: 无法加载模块:Goods

[ 2016-11-16T08:41:14+08:00 ] 216.244.66.228 /index.php?m=goods&c=index&a=lists&id=3&attr[att_7]=5YWo56iL&attr[spec_3]=57_b76K_bR&attr[att_5]=57_b76K_bR&attr[att_6]=5Zyw6Zmq&sort=comper,&brand_id=2
INFO: [ app_init ] --START--
INFO: Run Behavior\BuildLiteBehavior [ RunTime:0.000022s ]
INFO: [ app_init ] --END-- [ RunTime:0.000159s ]
ERR: 无法加载模块:Goods

[ 2016-11-16T08:41:14+08:00 ] 216.244.66.228 /index.php?m=goods&c=index&a=lists&id=3&brand_id=2&attr[att_6]=5Zyw6Zmq&attr[att_7]=5YWo56iL&attr[att_5]=57_b76K_bR&sort=hits,
INFO: [ app_init ] --START--
INFO: Run Behavior\BuildLiteBehavior [ RunTime:0.000015s ]
INFO: [ app_init ] --END-- [ RunTime:0.000093s ]
ERR: 无法加载模块:Goods

[ 2016-11-16T08:41:34+08:00 ] 216.244.66.228 /index.php?m=goods&c=index&a=lists&id=3&attr[att_7]=5YWo56iL&attr[att_6]=5Zyw6Zmq&attr[att_5]=57_b76K_bR&attr[spec_3]=57_b76K_bR&sort=shop_price,asc
INFO: [ app_init ] --START--
INFO: Run Behavior\BuildLiteBehavior [ RunTime:0.000014s ]
INFO: [ app_init ] --END-- [ RunTime:0.000102s ]
ERR: 无法加载模块:Goods

[ 2016-11-16T08:41:46+08:00 ] 216.244.66.228 /index.php?m=goods&c=index&a=lists&id=3&sort=comper,&attr[att_7]=5YWo56iL&attr[spec_3]=57_b76K_bR&attr[att_5]=57_b76K_bR&brand_id=2
INFO: [ app_init ] --START--
INFO: Run Behavior\BuildLiteBehavior [ RunTime:0.000014s ]
INFO: [ app_init ] --END-- [ RunTime:0.000108s ]
ERR: 无法加载模块:Goods

[ 2016-11-16T08:41:47+08:00 ] 216.244.66.228 /index.php?m=goods&c=index&a=lists&id=3&sort=hits,&attr[att_7]=5YWo56iL&attr[att_5]=57_b76K_bR&attr[spec_3]=57_b76K_bR&brand_id=2
INFO: [ app_init ] --START--
INFO: Run Behavior\BuildLiteBehavior [ RunTime:0.000021s ]
INFO: [ app_init ] --END-- [ RunTime:0.000143s ]
ERR: 无法加载模块:Goods

[ 2016-11-16T08:42:09+08:00 ] 216.244.66.228 /index.php?m=goods&c=index&a=lists&id=3&attr[att_7]=5YWo56iL&attr[att_6]=5Zyw6Zmq&attr[att_5]=57_b76K_bR&sort=hits,&brand_id=2
INFO: [ app_init ] --START--
INFO: Run Behavior\BuildLiteBehavior [ RunTime:0.000020s ]
INFO: [ app_init ] --END-- [ RunTime:0.000167s ]
ERR: 无法加载模块:Goods

[ 2016-11-16T08:42:35+08:00 ] 216.244.66.228 /index.php?m=goods&c=index&a=lists&id=3&sort=shop_price,desc&brand_id=2
INFO: [ app_init ] --START--
INFO: Run Behavior\BuildLiteBehavior [ RunTime:0.000026s ]
INFO: [ app_init ] --END-- [ RunTime:0.000190s ]
ERR: 无法加载模块:Goods

[ 2016-11-16T08:42:36+08:00 ] 216.244.66.228 /index.php?m=goods&c=index&a=lists&id=3&sort=sale,&attr[spec_3]=5a_b85ri4&attr[att_6]=5Zyw6Zmq&attr[att_5]=57_b76K_bR
INFO: [ app_init ] --START--
INFO: Run Behavior\BuildLiteBehavior [ RunTime:0.000023s ]
INFO: [ app_init ] --END-- [ RunTime:0.000164s ]
ERR: 无法加载模块:Goods

[ 2016-11-16T08:42:37+08:00 ] 216.244.66.228 /index.php?m=goods&c=index&a=lists&id=3&sort=sale,&attr[att_7]=5YWo56iL
INFO: [ app_init ] --START--
INFO: Run Behavior\BuildLiteBehavior [ RunTime:0.000019s ]
INFO: [ app_init ] --END-- [ RunTime:0.000135s ]
ERR: 无法加载模块:Goods

[ 2016-11-16T09:26:14+08:00 ] 220.181.108.80 /index.php?m=goods&c=index&a=brand_list&id=1
INFO: [ app_init ] --START--
INFO: Run Behavior\BuildLiteBehavior [ RunTime:0.000020s ]
INFO: [ app_init ] --END-- [ RunTime:0.000144s ]
ERR: 无法加载模块:Goods

[ 2016-11-16T09:35:47+08:00 ] 66.249.66.35 /index.php?m=goods&c=index&a=lists&id=1&attr%5Batt_3%5D=6YO96YCJ
INFO: [ app_init ] --START--
INFO: Run Behavior\BuildLiteBehavior [ RunTime:0.000015s ]
INFO: [ app_init ] --END-- [ RunTime:0.000114s ]
ERR: 无法加载模块:Goods

[ 2016-11-16T10:40:00+08:00 ] 216.244.66.238 /index.php?m=goods&c=index&a=lists&id=3&attr[spec_3]=57_b76K_bR&attr[att_6]=5Zyw6Zmq&attr[att_7]=5YWo56iL&sort=sale,
INFO: [ app_init ] --START--
INFO: Run Behavior\BuildLiteBehavior [ RunTime:0.000024s ]
INFO: [ app_init ] --END-- [ RunTime:0.000185s ]
ERR: 无法加载模块:Goods

[ 2016-11-16T10:40:01+08:00 ] 216.244.66.238 /index.php?m=goods&c=index&a=lists&id=3&attr[spec_3]=57_b76K_bR&attr[att_6]=5Zyw6Zmq&attr[att_7]=5YWo56iL&sort=sale,
INFO: [ app_init ] --START--
INFO: Run Behavior\BuildLiteBehavior [ RunTime:0.000023s ]
INFO: [ app_init ] --END-- [ RunTime:0.000154s ]
ERR: 无法加载模块:Goods

[ 2016-11-16T10:40:28+08:00 ] 216.244.66.238 /index.php?m=goods&c=index&a=lists&id=3&attr[spec_3]=5a_b85ri4&sort=shop_price,asc
INFO: [ app_init ] --START--
INFO: Run Behavior\BuildLiteBehavior [ RunTime:0.000014s ]
INFO: [ app_init ] --END-- [ RunTime:0.000111s ]
ERR: 无法加载模块:Goods

[ 2016-11-16T10:40:28+08:00 ] 216.244.66.238 /index.php?m=goods&c=index&a=lists&id=3&attr[spec_3]=5a_b85ri4&sort=shop_price,asc
INFO: [ app_init ] --START--
INFO: Run Behavior\BuildLiteBehavior [ RunTime:0.000022s ]
INFO: [ app_init ] --END-- [ RunTime:0.000149s ]
ERR: 无法加载模块:Goods

[ 2016-11-16T10:40:54+08:00 ] 216.244.66.238 /index.php?m=goods&c=index&a=lists&id=3&attr[spec_3]=57_b76K_bR&attr[att_6]=5Zyw6Zmq&attr[att_5]=57_b76K_bR&attr[att_7]=5YWo56iL
INFO: [ app_init ] --START--
INFO: Run Behavior\BuildLiteBehavior [ RunTime:0.000014s ]
INFO: [ app_init ] --END-- [ RunTime:0.000101s ]
ERR: 无法加载模块:Goods

[ 2016-11-16T10:40:54+08:00 ] 216.244.66.238 /index.php?m=goods&c=index&a=lists&id=3&attr[spec_3]=57_b76K_bR&attr[att_6]=5Zyw6Zmq&attr[att_5]=57_b76K_bR&attr[att_7]=5YWo56iL
INFO: [ app_init ] --START--
INFO: Run Behavior\BuildLiteBehavior [ RunTime:0.000014s ]
INFO: [ app_init ] --END-- [ RunTime:0.000096s ]
ERR: 无法加载模块:Goods

[ 2016-11-16T10:40:57+08:00 ] 216.244.66.238 /index.php?m=goods&c=index&a=lists&id=3&attr[spec_3]=5a_b85ri4&attr[att_6]=5Zyw6Zmq&attr[att_5]=57_b76K_bR&attr[att_7]=5YWo56iL&sort=shop_price,desc
INFO: [ app_init ] --START--
INFO: Run Behavior\BuildLiteBehavior [ RunTime:0.000020s ]
INFO: [ app_init ] --END-- [ RunTime:0.000152s ]
ERR: 无法加载模块:Goods

[ 2016-11-16T10:40:58+08:00 ] 216.244.66.238 /index.php?m=goods&c=index&a=lists&id=3&attr[spec_3]=5a_b85ri4&attr[att_6]=5Zyw6Zmq&attr[att_5]=57_b76K_bR&attr[att_7]=5YWo56iL&sort=shop_price,desc
INFO: [ app_init ] --START--
INFO: Run Behavior\BuildLiteBehavior [ RunTime:0.000020s ]
INFO: [ app_init ] --END-- [ RunTime:0.000140s ]
ERR: 无法加载模块:Goods

[ 2016-11-16T10:41:20+08:00 ] 216.244.66.238 /index.php?m=goods&c=index&a=lists&id=3&attr[att_5]=57_b76K_bR&brand_id=2&sort=shop_price,desc
INFO: [ app_init ] --START--
INFO: Run Behavior\BuildLiteBehavior [ RunTime:0.000014s ]
INFO: [ app_init ] --END-- [ RunTime:0.000100s ]
ERR: 无法加载模块:Goods

[ 2016-11-16T10:41:20+08:00 ] 216.244.66.238 /index.php?m=goods&c=index&a=lists&id=3&attr[att_5]=57_b76K_bR&brand_id=2&sort=shop_price,desc
INFO: [ app_init ] --START--
INFO: Run Behavior\BuildLiteBehavior [ RunTime:0.000014s ]
INFO: [ app_init ] --END-- [ RunTime:0.000099s ]
ERR: 无法加载模块:Goods

[ 2016-11-16T10:41:22+08:00 ] 216.244.66.238 /index.php?m=goods&c=index&a=lists&id=3&sort=comper,&attr[spec_3]=57_b76K_bR&attr[att_7]=5YWo56iL&brand_id=2
INFO: [ app_init ] --START--
INFO: Run Behavior\BuildLiteBehavior [ RunTime:0.000021s ]
INFO: [ app_init ] --END-- [ RunTime:0.000153s ]
ERR: 无法加载模块:Goods

[ 2016-11-16T10:41:22+08:00 ] 216.244.66.238 /index.php?m=goods&c=index&a=lists&id=3&sort=comper,&attr[spec_3]=57_b76K_bR&attr[att_7]=5YWo56iL&brand_id=2
INFO: [ app_init ] --START--
INFO: Run Behavior\BuildLiteBehavior [ RunTime:0.000014s ]
INFO: [ app_init ] --END-- [ RunTime:0.000095s ]
ERR: 无法加载模块:Goods

[ 2016-11-16T10:41:24+08:00 ] 216.244.66.238 /index.php?m=goods&c=index&a=lists&id=3&sort=comper,&brand_id=2&attr[att_7]=5YWo56iL&attr[att_5]=57_b76K_bR
INFO: [ app_init ] --START--
INFO: Run Behavior\BuildLiteBehavior [ RunTime:0.000021s ]
INFO: [ app_init ] --END-- [ RunTime:0.000273s ]
ERR: 无法加载模块:Goods

[ 2016-11-16T10:41:24+08:00 ] 216.244.66.238 /index.php?m=goods&c=index&a=lists&id=3&sort=comper,&brand_id=2&attr[att_7]=5YWo56iL&attr[att_5]=57_b76K_bR
INFO: [ app_init ] --START--
INFO: Run Behavior\BuildLiteBehavior [ RunTime:0.000022s ]
INFO: [ app_init ] --END-- [ RunTime:0.000165s ]
ERR: 无法加载模块:Goods

[ 2016-11-16T10:41:45+08:00 ] 216.244.66.238 /index.php?m=goods&c=index&a=lists&id=3&sort=sale,&attr[spec_3]=57_b76K_bR&attr[att_5]=57_b76K_bR&attr[att_6]=5Zyw6Zmq&attr[att_7]=5YWo56iL
INFO: [ app_init ] --START--
INFO: Run Behavior\BuildLiteBehavior [ RunTime:0.000018s ]
INFO: [ app_init ] --END-- [ RunTime:0.000165s ]
ERR: 无法加载模块:Goods

[ 2016-11-16T10:41:46+08:00 ] 216.244.66.238 /index.php?m=goods&c=index&a=lists&id=3&sort=sale,&attr[spec_3]=57_b76K_bR&attr[att_5]=57_b76K_bR&attr[att_6]=5Zyw6Zmq&attr[att_7]=5YWo56iL
INFO: [ app_init ] --START--
INFO: Run Behavior\BuildLiteBehavior [ RunTime:0.000019s ]
INFO: [ app_init ] --END-- [ RunTime:0.000114s ]
ERR: 无法加载模块:Goods

[ 2016-11-16T10:41:46+08:00 ] 216.244.66.238 /index.php?m=goods&c=index&a=lists&id=3&sort=sale,&attr[att_5]=57_b76K_bR&attr[att_6]=5Zyw6Zmq&attr[spec_3]=5a_b85ri4
INFO: [ app_init ] --START--
INFO: Run Behavior\BuildLiteBehavior [ RunTime:0.000014s ]
INFO: [ app_init ] --END-- [ RunTime:0.000108s ]
ERR: 无法加载模块:Goods

[ 2016-11-16T10:41:47+08:00 ] 216.244.66.238 /index.php?m=goods&c=index&a=lists&id=3&sort=sale,&attr[att_5]=57_b76K_bR&attr[att_6]=5Zyw6Zmq&attr[spec_3]=5a_b85ri4
INFO: [ app_init ] --START--
INFO: Run Behavior\BuildLiteBehavior [ RunTime:0.000020s ]
INFO: [ app_init ] --END-- [ RunTime:0.000230s ]
ERR: 无法加载模块:Goods

[ 2016-11-16T10:41:48+08:00 ] 216.244.66.238 /index.php?m=goods&c=index&a=lists&id=3&sort=shop_price,desc&brand_id=2&attr[att_7]=5YWo56iL&attr[spec_3]=57_b76K_bR&attr[att_6]=5Zyw6Zmq
INFO: [ app_init ] --START--
INFO: Run Behavior\BuildLiteBehavior [ RunTime:0.000019s ]
INFO: [ app_init ] --END-- [ RunTime:0.000143s ]
ERR: 无法加载模块:Goods

[ 2016-11-16T10:41:49+08:00 ] 216.244.66.238 /index.php?m=goods&c=index&a=lists&id=3&sort=shop_price,desc&brand_id=2&attr[att_7]=5YWo56iL&attr[spec_3]=57_b76K_bR&attr[att_6]=5Zyw6Zmq
INFO: [ app_init ] --START--
INFO: Run Behavior\BuildLiteBehavior [ RunTime:0.000019s ]
INFO: [ app_init ] --END-- [ RunTime:0.000137s ]
ERR: 无法加载模块:Goods

[ 2016-11-16T10:42:08+08:00 ] 216.244.66.238 /index.php?m=goods&c=index&a=lists&id=3&attr[att_6]=5Zyw6Zmq&attr[spec_3]=57_b76K_bR&attr[att_7]=5YWo56iL&sort=shop_price,desc
INFO: [ app_init ] --START--
INFO: Run Behavior\BuildLiteBehavior [ RunTime:0.000025s ]
INFO: [ app_init ] --END-- [ RunTime:0.000182s ]
ERR: 无法加载模块:Goods

[ 2016-11-16T10:42:09+08:00 ] 216.244.66.238 /index.php?m=goods&c=index&a=lists&id=3&attr[att_6]=5Zyw6Zmq&attr[spec_3]=57_b76K_bR&attr[att_7]=5YWo56iL&sort=shop_price,desc
INFO: [ app_init ] --START--
INFO: Run Behavior\BuildLiteBehavior [ RunTime:0.000018s ]
INFO: [ app_init ] --END-- [ RunTime:0.000127s ]
ERR: 无法加载模块:Goods

[ 2016-11-16T10:43:12+08:00 ] 216.244.66.238 /index.php?m=goods&c=index&a=lists&id=3&attr[spec_3]=5a_b85ri4
INFO: [ app_init ] --START--
INFO: Run Behavior\BuildLiteBehavior [ RunTime:0.000025s ]
INFO: [ app_init ] --END-- [ RunTime:0.000191s ]
ERR: 无法加载模块:Goods

[ 2016-11-16T10:43:12+08:00 ] 216.244.66.238 /index.php?m=goods&c=index&a=lists&id=3&attr[spec_3]=5a_b85ri4
INFO: [ app_init ] --START--
INFO: Run Behavior\BuildLiteBehavior [ RunTime:0.000024s ]
INFO: [ app_init ] --END-- [ RunTime:0.000164s ]
ERR: 无法加载模块:Goods

[ 2016-11-16T10:47:19+08:00 ] 66.249.66.144 /index.php?m=goods&c=index&a=lists&id=3&attr%5Batt_5%5D=57_b76K_bR&attr%5Bspec_3%5D=5a_b85ri4&attr%5Batt_6%5D=5Zyw6Zmq&brand_id=2&sort=shop_price,asc
INFO: [ app_init ] --START--
INFO: Run Behavior\BuildLiteBehavior [ RunTime:0.000021s ]
INFO: [ app_init ] --END-- [ RunTime:0.000161s ]
ERR: 无法加载模块:Goods

[ 2016-11-16T11:15:07+08:00 ] 114.242.250.92 /index.php?m=ydzn&c=zdyd
INFO: [ app_init ] --START--
INFO: Run Behavior\BuildLiteBehavior [ RunTime:0.000018s ]
INFO: [ app_init ] --END-- [ RunTime:0.000218s ]
ERR: 无法加载模块:Ydzn

[ 2016-11-16T11:15:07+08:00 ] 114.242.250.92 /index.php?m=ydzn&c=zdyd
INFO: [ app_init ] --START--
INFO: Run Behavior\BuildLiteBehavior [ RunTime:0.000014s ]
INFO: [ app_init ] --END-- [ RunTime:0.000097s ]
ERR: 无法加载模块:Ydzn

[ 2016-11-16T11:25:51+08:00 ] 123.126.113.88 /index.php?m=misc&c=index&a=article_lists&category_id=all
INFO: [ app_init ] --START--
INFO: Run Behavior\BuildLiteBehavior [ RunTime:0.000014s ]
INFO: [ app_init ] --END-- [ RunTime:0.000102s ]
ERR: 无法加载模块:Misc

[ 2016-11-16T11:26:13+08:00 ] 123.126.113.88 /index.php?m=goods&c=index&a=detail&sku_id=8
INFO: [ app_init ] --START--
INFO: Run Behavior\BuildLiteBehavior [ RunTime:0.000018s ]
INFO: [ app_init ] --END-- [ RunTime:0.000148s ]
ERR: 无法加载模块:Goods

[ 2016-11-16T11:26:32+08:00 ] 123.126.113.88 /index.php?m=goods&c=index&a=lists&id=2
INFO: [ app_init ] --START--
INFO: Run Behavior\BuildLiteBehavior [ RunTime:0.000018s ]
INFO: [ app_init ] --END-- [ RunTime:0.000136s ]
ERR: 无法加载模块:Goods

[ 2016-11-16T11:26:52+08:00 ] 123.126.113.88 /index.php?m=goods&c=index&a=lists&id=3
INFO: [ app_init ] --START--
INFO: Run Behavior\BuildLiteBehavior [ RunTime:0.000023s ]
INFO: [ app_init ] --END-- [ RunTime:0.000175s ]
ERR: 无法加载模块:Goods

[ 2016-11-16T11:27:11+08:00 ] 123.126.113.88 /index.php?m=goods&c=index&a=detail&sku_id=4
INFO: [ app_init ] --START--
INFO: Run Behavior\BuildLiteBehavior [ RunTime:0.000017s ]
INFO: [ app_init ] --END-- [ RunTime:0.000118s ]
ERR: 无法加载模块:Goods

[ 2016-11-16T11:27:32+08:00 ] 123.126.113.88 /index.php?m=goods&c=index&a=brand_list&id=2
INFO: [ app_init ] --START--
INFO: Run Behavior\BuildLiteBehavior [ RunTime:0.000019s ]
INFO: [ app_init ] --END-- [ RunTime:0.000139s ]
ERR: 无法加载模块:Goods

[ 2016-11-16T11:27:50+08:00 ] 123.126.113.88 /index.php?m=goods&c=index&a=brand_list&id=1
INFO: [ app_init ] --START--
INFO: Run Behavior\BuildLiteBehavior [ RunTime:0.000020s ]
INFO: [ app_init ] --END-- [ RunTime:0.000159s ]
ERR: 无法加载模块:Goods

[ 2016-11-16T11:28:10+08:00 ] 123.126.113.88 /index.php?m=goods&c=index&a=detail&sku_id=9
INFO: [ app_init ] --START--
INFO: Run Behavior\BuildLiteBehavior [ RunTime:0.000023s ]
INFO: [ app_init ] --END-- [ RunTime:0.000173s ]
ERR: 无法加载模块:Goods

[ 2016-11-16T11:28:31+08:00 ] 123.126.113.88 /index.php?m=goods&c=index&a=detail&sku_id=5
INFO: [ app_init ] --START--
INFO: Run Behavior\BuildLiteBehavior [ RunTime:0.000023s ]
INFO: [ app_init ] --END-- [ RunTime:0.000167s ]
ERR: 无法加载模块:Goods

[ 2016-11-16T12:00:56+08:00 ] 106.38.241.152 /index.php?m=goods&c=index&a=lists&id=3&attr[att_6]=5Zyw6Zmq&attr[att_7]=5YWo56iL&brand_id=2
INFO: [ app_init ] --START--
INFO: Run Behavior\BuildLiteBehavior [ RunTime:0.000021s ]
INFO: [ app_init ] --END-- [ RunTime:0.000162s ]
ERR: 无法加载模块:Goods

[ 2016-11-16T12:01:06+08:00 ] 106.38.241.152 /index.php?m=goods&c=index&a=lists&id=3&brand_id=2&attr[att_5]=57_b76K_bR&attr[att_6]=5Zyw6Zmq&attr[spec_3]=57_b76K_bR
INFO: [ app_init ] --START--
INFO: Run Behavior\BuildLiteBehavior [ RunTime:0.000020s ]
INFO: [ app_init ] --END-- [ RunTime:0.000263s ]
ERR: 无法加载模块:Goods

[ 2016-11-16T12:01:16+08:00 ] 106.38.241.152 /index.php?m=goods&c=index&a=lists&id=3&attr[att_5]=57_b76K_bR&attr[spec_3]=5a_b85ri4
INFO: [ app_init ] --START--
INFO: Run Behavior\BuildLiteBehavior [ RunTime:0.000017s ]
INFO: [ app_init ] --END-- [ RunTime:0.000118s ]
ERR: 无法加载模块:Goods

[ 2016-11-16T12:01:26+08:00 ] 106.38.241.152 /index.php?m=goods&c=index&a=lists&id=3&brand_id=2&attr[att_6]=5Zyw6Zmq&attr[spec_3]=5a_b85ri4&attr[att_7]=5YWo56iL
INFO: [ app_init ] --START--
INFO: Run Behavior\BuildLiteBehavior [ RunTime:0.000017s ]
INFO: [ app_init ] --END-- [ RunTime:0.000124s ]
ERR: 无法加载模块:Goods

[ 2016-11-16T12:18:44+08:00 ] 68.180.229.46 /index.php?m=member&c=index&a=index
INFO: [ app_init ] --START--
INFO: Run Behavior\BuildLiteBehavior [ RunTime:0.000016s ]
INFO: [ app_init ] --END-- [ RunTime:0.000117s ]
ERR: 无法加载模块:Member

[ 2016-11-16T12:40:33+08:00 ] 216.244.66.228 /index.php?m=goods&c=index&a=lists&id=3&brand_id=2&attr[att_6]=5Zyw6Zmq&attr[att_7]=5YWo56iL
INFO: [ app_init ] --START--
INFO: Run Behavior\BuildLiteBehavior [ RunTime:0.000014s ]
INFO: [ app_init ] --END-- [ RunTime:0.000104s ]
ERR: 无法加载模块:Goods

[ 2016-11-16T12:40:56+08:00 ] 216.244.66.228 /index.php?m=goods&c=index&a=lists&id=3&sort=sale,&attr[att_6]=5Zyw6Zmq&attr[att_5]=57_b76K_bR&attr[spec_3]=57_b76K_bR
INFO: [ app_init ] --START--
INFO: Run Behavior\BuildLiteBehavior [ RunTime:0.000017s ]
INFO: [ app_init ] --END-- [ RunTime:0.000116s ]
ERR: 无法加载模块:Goods

[ 2016-11-16T12:41:00+08:00 ] 216.244.66.228 /index.php?m=goods&c=index&a=lists&id=3&sort=comper,
INFO: [ app_init ] --START--
INFO: Run Behavior\BuildLiteBehavior [ RunTime:0.000015s ]
INFO: [ app_init ] --END-- [ RunTime:0.000106s ]
ERR: 无法加载模块:Goods

[ 2016-11-16T12:41:03+08:00 ] 216.244.66.228 /index.php?m=goods&c=index&a=lists&id=3&attr[att_5]=57_b76K_bR&attr[att_6]=5Zyw6Zmq&attr[att_7]=5YWo56iL&sort=shop_price,desc
INFO: [ app_init ] --START--
INFO: Run Behavior\BuildLiteBehavior [ RunTime:0.000014s ]
INFO: [ app_init ] --END-- [ RunTime:0.000102s ]
ERR: 无法加载模块:Goods

[ 2016-11-16T12:41:05+08:00 ] 216.244.66.228 /index.php?m=goods&c=index&a=lists&id=3&brand_id=2&attr[att_7]=5YWo56iL&attr[spec_3]=57_b76K_bR&sort=comper,
INFO: [ app_init ] --START--
INFO: Run Behavior\BuildLiteBehavior [ RunTime:0.000015s ]
INFO: [ app_init ] --END-- [ RunTime:0.000094s ]
ERR: 无法加载模块:Goods

[ 2016-11-16T12:41:07+08:00 ] 216.244.66.228 /index.php?m=goods&c=index&a=lists&id=3&sort=hits,&attr[att_6]=5Zyw6Zmq&attr[att_7]=5YWo56iL
INFO: [ app_init ] --START--
INFO: Run Behavior\BuildLiteBehavior [ RunTime:0.000025s ]
INFO: [ app_init ] --END-- [ RunTime:0.000149s ]
ERR: 无法加载模块:Goods

[ 2016-11-16T12:41:25+08:00 ] 216.244.66.228 /index.php?m=goods&c=index&a=lists&id=3&attr[spec_3]=5a_b85ri4&attr[att_7]=5YWo56iL&sort=shop_price,asc
INFO: [ app_init ] --START--
INFO: Run Behavior\BuildLiteBehavior [ RunTime:0.000015s ]
INFO: [ app_init ] --END-- [ RunTime:0.000115s ]
ERR: 无法加载模块:Goods

[ 2016-11-16T12:41:27+08:00 ] 216.244.66.228 /index.php?m=goods&c=index&a=lists&id=3&attr[spec_3]=57_b76K_bR&attr[att_7]=5YWo56iL&sort=shop_price,desc
INFO: [ app_init ] --START--
INFO: Run Behavior\BuildLiteBehavior [ RunTime:0.000014s ]
INFO: [ app_init ] --END-- [ RunTime:0.000094s ]
ERR: 无法加载模块:Goods

[ 2016-11-16T12:41:29+08:00 ] 216.244.66.228 /index.php?m=goods&c=index&a=lists&id=3&sort=comper,&attr[att_6]=5Zyw6Zmq&attr[spec_3]=57_b76K_bR&attr[att_5]=57_b76K_bR&attr[att_7]=5YWo56iL
INFO: [ app_init ] --START--
INFO: Run Behavior\BuildLiteBehavior [ RunTime:0.000023s ]
INFO: [ app_init ] --END-- [ RunTime:0.000178s ]
ERR: 无法加载模块:Goods

[ 2016-11-16T12:41:48+08:00 ] 216.244.66.228 /index.php?m=member&c=public&a=login&url_forward=%252Findex.php%253Fm%253Dmember%2526c%253Dorder%2526a%253Dindex%2526type%253D4
INFO: [ app_init ] --START--
INFO: Run Behavior\BuildLiteBehavior [ RunTime:0.000107s ]
INFO: [ app_init ] --END-- [ RunTime:0.000266s ]
ERR: 无法加载模块:Member

[ 2016-11-16T12:41:58+08:00 ] 216.244.66.228 /index.php?m=goods&c=index&a=lists&id=3&sort=shop_price,asc&attr[att_6]=5Zyw6Zmq&attr[spec_3]=57_b76K_bR
INFO: [ app_init ] --START--
INFO: Run Behavior\BuildLiteBehavior [ RunTime:0.000016s ]
INFO: [ app_init ] --END-- [ RunTime:0.000128s ]
ERR: 无法加载模块:Goods

[ 2016-11-16T12:42:04+08:00 ] 216.244.66.228 /index.php?m=goods&c=index&a=lists&id=3&attr[att_5]=57_b76K_bR&attr[spec_3]=57_b76K_bR&sort=comper,
INFO: [ app_init ] --START--
INFO: Run Behavior\BuildLiteBehavior [ RunTime:0.000021s ]
INFO: [ app_init ] --END-- [ RunTime:0.000174s ]
ERR: 无法加载模块:Goods

[ 2016-11-16T12:42:21+08:00 ] 216.244.66.228 /index.php?m=goods&c=index&a=lists&id=3&sort=shop_price,asc&attr[att_7]=5YWo56iL&attr[att_6]=5Zyw6Zmq
INFO: [ app_init ] --START--
INFO: Run Behavior\BuildLiteBehavior [ RunTime:0.000014s ]
INFO: [ app_init ] --END-- [ RunTime:0.000100s ]
ERR: 无法加载模块:Goods

[ 2016-11-16T13:49:43+08:00 ] 182.118.20.229 /index.php?a=lists&attr[att_5]=57_b76K_bR&brand_id=2&c=index&id=3&m=goods
INFO: [ app_init ] --START--
INFO: Run Behavior\BuildLiteBehavior [ RunTime:0.000014s ]
INFO: [ app_init ] --END-- [ RunTime:0.000106s ]
ERR: 无法加载模块:Goods

[ 2016-11-16T14:45:19+08:00 ] 216.244.66.238 /index.php?m=goods&c=index&a=lists&id=3
INFO: [ app_init ] --START--
INFO: Run Behavior\BuildLiteBehavior [ RunTime:0.000026s ]
INFO: [ app_init ] --END-- [ RunTime:0.000191s ]
ERR: 无法加载模块:Goods

[ 2016-11-16T14:46:26+08:00 ] 216.244.66.238 /index.php?m=goods&c=index&a=lists&id=3&attr[spec_3]=57_b76K_bR&attr[att_6]=5Zyw6Zmq&sort=hits,&brand_id=2
INFO: [ app_init ] --START--
INFO: Run Behavior\BuildLiteBehavior [ RunTime:0.000022s ]
INFO: [ app_init ] --END-- [ RunTime:0.000160s ]
ERR: 无法加载模块:Goods

