[ 2016-11-29T10:53:51+08:00 ] 116.52.161.146 /index.php?m=admin&c=index&a=index
INFO: [ app_init ] --START--
INFO: Run Behavior\BuildLiteBehavior [ RunTime:0.000019s ]
INFO: [ app_init ] --END-- [ RunTime:0.000154s ]
INFO: [ app_begin ] --START--
INFO: Run Behavior\ReadHtmlCacheBehavior [ RunTime:0.000077s ]
INFO: [ app_begin ] --END-- [ RunTime:0.000144s ]

[ 2016-11-29T10:53:51+08:00 ] 116.52.161.146 /index.php/Admin/Public/login.html
INFO: [ app_init ] --START--
INFO: Run Behavior\BuildLiteBehavior [ RunTime:0.000018s ]
INFO: [ app_init ] --END-- [ RunTime:0.000154s ]
INFO: [ app_begin ] --START--
INFO: Run Behavior\ReadHtmlCacheBehavior [ RunTime:0.000070s ]
INFO: [ app_begin ] --END-- [ RunTime:0.000271s ]
INFO: [ view_parse ] --START--
INFO: [ template_filter ] --START--
INFO: Run Behavior\ContentReplaceBehavior [ RunTime:0.000064s ]
INFO: [ template_filter ] --END-- [ RunTime:0.000134s ]
INFO: Run Behavior\ParseTemplateBehavior [ RunTime:0.047261s ]
INFO: [ view_parse ] --END-- [ RunTime:0.047310s ]
INFO: [ view_filter ] --START--
INFO: Run Behavior\WriteHtmlCacheBehavior [ RunTime:0.000066s ]
INFO: [ view_filter ] --END-- [ RunTime:0.000105s ]
INFO: [ app_end ] --START--
INFO: Run Behavior\ShowPageTraceBehavior [ RunTime:0.000054s ]
INFO: [ app_end ] --END-- [ RunTime:0.000092s ]

[ 2016-11-29T15:16:53+08:00 ] 219.234.151.154 /admin
INFO: [ app_init ] --START--
INFO: Run Behavior\BuildLiteBehavior [ RunTime:0.000022s ]
INFO: [ app_init ] --END-- [ RunTime:0.000168s ]
INFO: [ app_begin ] --START--
INFO: Run Behavior\ReadHtmlCacheBehavior [ RunTime:0.000084s ]
INFO: [ app_begin ] --END-- [ RunTime:0.000166s ]

[ 2016-11-29T15:16:53+08:00 ] 219.234.151.154 /index.php/Admin/Public/login.html
INFO: [ app_init ] --START--
INFO: Run Behavior\BuildLiteBehavior [ RunTime:0.000025s ]
INFO: [ app_init ] --END-- [ RunTime:0.000172s ]
INFO: [ app_begin ] --START--
INFO: Run Behavior\ReadHtmlCacheBehavior [ RunTime:0.000069s ]
INFO: [ app_begin ] --END-- [ RunTime:0.000147s ]
INFO: [ view_parse ] --START--
INFO: [ template_filter ] --START--
INFO: Run Behavior\ContentReplaceBehavior [ RunTime:0.000071s ]
INFO: [ template_filter ] --END-- [ RunTime:0.000138s ]
INFO: Run Behavior\ParseTemplateBehavior [ RunTime:0.004255s ]
INFO: [ view_parse ] --END-- [ RunTime:0.004320s ]
INFO: [ view_filter ] --START--
INFO: Run Behavior\WriteHtmlCacheBehavior [ RunTime:0.000056s ]
INFO: [ view_filter ] --END-- [ RunTime:0.000094s ]
INFO: [ app_end ] --START--
INFO: Run Behavior\ShowPageTraceBehavior [ RunTime:0.000301s ]
INFO: [ app_end ] --END-- [ RunTime:0.000417s ]

[ 2016-11-29T15:17:04+08:00 ] 219.234.151.154 /index.php/Admin/Public/login.html
INFO: [ app_init ] --START--
INFO: Run Behavior\BuildLiteBehavior [ RunTime:0.000021s ]
INFO: [ app_init ] --END-- [ RunTime:0.000164s ]
INFO: [ app_begin ] --START--
INFO: Run Behavior\ReadHtmlCacheBehavior [ RunTime:0.000069s ]
INFO: [ app_begin ] --END-- [ RunTime:0.000130s ]
SQL: SHOW COLUMNS FROM `zml_admin_user` [ RunTime:0.0009s ]
SQL: SELECT * FROM `zml_admin_user` WHERE `username` = 'admin' LIMIT 1   [ RunTime:0.0377s ]
SQL: UPDATE `zml_admin_user` SET `login_key`='42844c4c369112b0c52f5b62af861b3f' WHERE `id` = 1 [ RunTime:0.0369s ]
SQL: UPDATE `zml_admin_user` SET `last_login_time`='1480403824',`last_login_ip`='219.234.151.154',`login_count`=(login_count+1) WHERE `id` = 1 [ RunTime:0.0028s ]

[ 2016-11-29T15:17:05+08:00 ] 219.234.151.154 /Admin/
INFO: [ app_init ] --START--
INFO: Run Behavior\BuildLiteBehavior [ RunTime:0.000014s ]
INFO: [ app_init ] --END-- [ RunTime:0.000101s ]
INFO: [ app_begin ] --START--
INFO: Run Behavior\ReadHtmlCacheBehavior [ RunTime:0.000040s ]
INFO: [ app_begin ] --END-- [ RunTime:0.000092s ]
SQL: SHOW COLUMNS FROM `zml_admin_user` [ RunTime:0.0009s ]
SQL: SELECT * FROM `zml_admin_user` WHERE `id` = 1 LIMIT 1   [ RunTime:0.0002s ]
SQL: SHOW COLUMNS FROM `zml_admin_auth_group_access` [ RunTime:0.0006s ]
SQL: SELECT g.title FROM zml_admin_auth_group_access a INNER JOIN zml_admin_auth_group g ON a.group_id=g.id  WHERE a.uid = '1' LIMIT 1   [ RunTime:0.0188s ]
SQL: SHOW COLUMNS FROM `zml_admin_auth_group_access` [ RunTime:0.0011s ]
SQL: SELECT `group_id` FROM `zml_admin_auth_group_access` WHERE `uid` = 1 LIMIT 1   [ RunTime:0.0002s ]
SQL: SHOW COLUMNS FROM `zml_admin_auth_group` [ RunTime:0.0008s ]
SQL: SELECT `rules` FROM `zml_admin_auth_group` WHERE `id` = 1 LIMIT 1   [ RunTime:0.0002s ]
SQL: SHOW COLUMNS FROM `zml_admin_auth_rule` [ RunTime:0.0006s ]
SQL: SELECT * FROM `zml_admin_auth_rule` WHERE `id` IN ('1','13','22','11','3','4','5','6','7','8','9','10','12','52','53','54','55','64','65','14','15','16','17','18','19','20','21','23','24','25','26','27','28','29','30','31','32','33','34','35','36','37','38','39','40','41','42','43','44','45','46','47','48','49','50','51','56','63','57','58','60','61') AND `menu` = 1 AND `pid` = 0  [ RunTime:0.0046s ]
SQL: SELECT * FROM `zml_admin_auth_rule` WHERE `id` IN ('1','13','22','11','3','4','5','6','7','8','9','10','12','52','53','54','55','64','65','14','15','16','17','18','19','20','21','23','24','25','26','27','28','29','30','31','32','33','34','35','36','37','38','39','40','41','42','43','44','45','46','47','48','49','50','51','56','63','57','58','60','61') AND `menu` = 1 AND `pid` = 1  [ RunTime:0.0004s ]
SQL: SELECT * FROM `zml_admin_auth_rule` WHERE `id` IN ('1','13','22','11','3','4','5','6','7','8','9','10','12','52','53','54','55','64','65','14','15','16','17','18','19','20','21','23','24','25','26','27','28','29','30','31','32','33','34','35','36','37','38','39','40','41','42','43','44','45','46','47','48','49','50','51','56','63','57','58','60','61') AND `menu` = 1 AND `pid` = 13  [ RunTime:0.0003s ]
SQL: SELECT * FROM `zml_admin_auth_rule` WHERE `id` IN ('1','13','22','11','3','4','5','6','7','8','9','10','12','52','53','54','55','64','65','14','15','16','17','18','19','20','21','23','24','25','26','27','28','29','30','31','32','33','34','35','36','37','38','39','40','41','42','43','44','45','46','47','48','49','50','51','56','63','57','58','60','61') AND `menu` = 1 AND `pid` = 11  [ RunTime:0.0004s ]
SQL: SELECT * FROM `zml_admin_auth_rule` WHERE `id` IN ('1','13','22','11','3','4','5','6','7','8','9','10','12','52','53','54','55','64','65','14','15','16','17','18','19','20','21','23','24','25','26','27','28','29','30','31','32','33','34','35','36','37','38','39','40','41','42','43','44','45','46','47','48','49','50','51','56','63','57','58','60','61') AND `menu` = 1 AND `pid` = 14  [ RunTime:0.0004s ]
SQL: SELECT * FROM `zml_admin_auth_rule` WHERE `id` IN ('1','13','22','11','3','4','5','6','7','8','9','10','12','52','53','54','55','64','65','14','15','16','17','18','19','20','21','23','24','25','26','27','28','29','30','31','32','33','34','35','36','37','38','39','40','41','42','43','44','45','46','47','48','49','50','51','56','63','57','58','60','61') AND `menu` = 1 AND `pid` = 24  [ RunTime:0.0004s ]
SQL: SELECT * FROM `zml_admin_auth_rule` WHERE `id` IN ('1','13','22','11','3','4','5','6','7','8','9','10','12','52','53','54','55','64','65','14','15','16','17','18','19','20','21','23','24','25','26','27','28','29','30','31','32','33','34','35','36','37','38','39','40','41','42','43','44','45','46','47','48','49','50','51','56','63','57','58','60','61') AND `menu` = 1 AND `pid` = 50  [ RunTime:0.0004s ]
SQL: SELECT * FROM `zml_admin_auth_rule` WHERE `id` IN ('1','13','22','11','3','4','5','6','7','8','9','10','12','52','53','54','55','64','65','14','15','16','17','18','19','20','21','23','24','25','26','27','28','29','30','31','32','33','34','35','36','37','38','39','40','41','42','43','44','45','46','47','48','49','50','51','56','63','57','58','60','61') AND `menu` = 1 AND `pid` = 57  [ RunTime:0.0004s ]
SQL: SELECT * FROM `zml_admin_auth_rule` WHERE `id` IN ('1','13','22','11','3','4','5','6','7','8','9','10','12','52','53','54','55','64','65','14','15','16','17','18','19','20','21','23','24','25','26','27','28','29','30','31','32','33','34','35','36','37','38','39','40','41','42','43','44','45','46','47','48','49','50','51','56','63','57','58','60','61') AND `menu` = 1 AND `pid` = 60  [ RunTime:0.0003s ]
SQL: SHOW COLUMNS FROM `zml_item` [ RunTime:0.0012s ]
NOTIC: [8] Undefined index: a.isdel /home/wwwroot/zhongchou.com/App/User/Model/ItemModel.class.php 第 63 行.
SQL: SHOW COLUMNS FROM `zml_item` [ RunTime:0.0010s ]
SQL: SELECT COUNT(*) AS tp_count FROM zml_item as a LEFT JOIN zml_item_video as b ON a.id = b.itemid  WHERE `status` = 0 AND a.isdel = '0' LIMIT 1   [ RunTime:0.0004s ]
SQL: SHOW COLUMNS FROM `zml_user_pay` [ RunTime:0.0009s ]
SQL: SELECT SUM(money) AS tp_sum FROM `zml_user_pay` WHERE `status` = 1 LIMIT 1   [ RunTime:0.0025s ]
SQL: SHOW COLUMNS FROM `zml_user_withdrawals` [ RunTime:0.0011s ]
SQL: SELECT SUM(money) AS tp_sum FROM `zml_user_withdrawals` WHERE `status` = 1 LIMIT 1   [ RunTime:0.0003s ]
SQL: SELECT COUNT(*) AS tp_count FROM `zml_user_withdrawals` WHERE `status` = 0 LIMIT 1   [ RunTime:0.0005s ]
SQL: SHOW COLUMNS FROM `zml_item_collect` [ RunTime:0.0010s ]
SQL: SHOW COLUMNS FROM `zml_item_collect` [ RunTime:0.0007s ]
SQL: SELECT COUNT(*) AS tp_count FROM zml_item_collect as a LEFT JOIN zml_item b ON a.itemid = b.id  LIMIT 1   [ RunTime:0.0138s ]
SQL: SHOW COLUMNS FROM `zml_item_with_order` [ RunTime:0.0012s ]
SQL: SHOW COLUMNS FROM `zml_item_with_order` [ RunTime:0.0009s ]
SQL: SELECT COUNT(*) AS tp_count FROM zml_item_with_order as a LIMIT 1   [ RunTime:0.0002s ]
SQL: SHOW COLUMNS FROM `zml_item_interview` [ RunTime:0.0006s ]
NOTIC: [2] Missing argument 2 for User\Model\ItemInterviewModel::countList(), called in /home/wwwroot/zhongchou.com/App/Admin/Controller/IndexController.class.php on line 22 and defined /home/wwwroot/zhongchou.com/App/User/Model/ItemInterviewModel.class.php 第 51 行.
SQL: SHOW COLUMNS FROM `zml_item_interview` [ RunTime:0.0006s ]
NOTIC: [8] Undefined variable: count /home/wwwroot/zhongchou.com/App/User/Model/ItemInterviewModel.class.php 第 55 行.
SQL: SELECT COUNT(*) AS tp_count FROM zml_item_interview as a LEFT JOIN zml_item b ON a.itemid = b.id  LIMIT 1   [ RunTime:0.0003s ]
SQL: SHOW COLUMNS FROM `zml_item_lead_user` [ RunTime:0.0006s ]
SQL: SHOW COLUMNS FROM `zml_item_lead_user` [ RunTime:0.0006s ]
SQL: SELECT COUNT(*) AS tp_count FROM zml_item_lead_user as a WHERE a.status = '1' LIMIT 1   [ RunTime:0.0002s ]
NOTIC: [8] Use of undefined constant j - assumed 'j' /home/wwwroot/zhongchou.com/App/Admin/Controller/IndexController.class.php 第 26 行.
NOTIC: [8] Undefined index: data /home/wwwroot/zhongchou.com/App/Admin/Controller/IndexController.class.php 第 34 行.
SQL: SELECT COUNT(*) AS tp_count FROM zml_item_collect as a LEFT JOIN zml_item b ON a.itemid = b.id  WHERE ( a.time > 1477929600 AND a.time < 1478015999  ) LIMIT 1   [ RunTime:0.0003s ]
NOTIC: [8] Undefined index: collect_item /home/wwwroot/zhongchou.com/App/Admin/Controller/IndexController.class.php 第 35 行.
SQL: SELECT COUNT(*) AS tp_count FROM zml_item_with_order as a WHERE ( a.create_time > 1477929600 AND a.create_time < 1478015999  ) LIMIT 1   [ RunTime:0.0002s ]
NOTIC: [8] Undefined index: with_item /home/wwwroot/zhongchou.com/App/Admin/Controller/IndexController.class.php 第 36 行.
NOTIC: [2] Missing argument 2 for User\Model\ItemInterviewModel::countList(), called in /home/wwwroot/zhongchou.com/App/Admin/Controller/IndexController.class.php on line 37 and defined /home/wwwroot/zhongchou.com/App/User/Model/ItemInterviewModel.class.php 第 51 行.
NOTIC: [8] Undefined variable: count /home/wwwroot/zhongchou.com/App/User/Model/ItemInterviewModel.class.php 第 55 行.
SQL: SELECT COUNT(*) AS tp_count FROM zml_item_interview as a LEFT JOIN zml_item b ON a.itemid = b.id  WHERE ( a.time > 1477929600 AND a.time < 1478015999  ) LIMIT 1   [ RunTime:0.0003s ]
NOTIC: [8] Undefined index: interview /home/wwwroot/zhongchou.com/App/Admin/Controller/IndexController.class.php 第 37 行.
SQL: SHOW COLUMNS FROM `zml_user_money_details` [ RunTime:0.0012s ]
SQL: SHOW COLUMNS FROM `zml_user_money_details` [ RunTime:0.0008s ]
SQL: SELECT SUM(money) AS tp_sum FROM zml_user_money_details as a WHERE ( a.create_time > 1477929600 AND a.create_time < 1478015999  ) AND `type` = 1 LIMIT 1   [ RunTime:0.0005s ]
NOTIC: [8] Undefined index: inmoney /home/wwwroot/zhongchou.com/App/Admin/Controller/IndexController.class.php 第 38 行.
SQL: SELECT SUM(money) AS tp_sum FROM zml_user_money_details as a WHERE ( a.create_time > 1477929600 AND a.create_time < 1478015999  ) AND `type` = 2 LIMIT 1   [ RunTime:0.0002s ]
NOTIC: [8] Undefined index: outmoney /home/wwwroot/zhongchou.com/App/Admin/Controller/IndexController.class.php 第 39 行.
SQL: SHOW COLUMNS FROM `zml_user` [ RunTime:0.0008s ]
SQL: SHOW COLUMNS FROM `zml_user` [ RunTime:0.0008s ]
SQL: SELECT COUNT(*) AS tp_count FROM zml_user as a WHERE ( a.create_time > 1477929600 AND a.create_time < 1478015999  ) LIMIT 1   [ RunTime:0.0002s ]
NOTIC: [8] Undefined index: user /home/wwwroot/zhongchou.com/App/Admin/Controller/IndexController.class.php 第 40 行.
SQL: SELECT COUNT(*) AS tp_count FROM zml_item_collect as a LEFT JOIN zml_item b ON a.itemid = b.id  WHERE ( a.time > 1478016000 AND a.time < 1478102399  ) LIMIT 1   [ RunTime:0.0004s ]
SQL: SELECT COUNT(*) AS tp_count FROM zml_item_with_order as a WHERE ( a.create_time > 1478016000 AND a.create_time < 1478102399  ) LIMIT 1   [ RunTime:0.0003s ]
NOTIC: [2] Missing argument 2 for User\Model\ItemInterviewModel::countList(), called in /home/wwwroot/zhongchou.com/App/Admin/Controller/IndexController.class.php on line 37 and defined /home/wwwroot/zhongchou.com/App/User/Model/ItemInterviewModel.class.php 第 51 行.
NOTIC: [8] Undefined variable: count /home/wwwroot/zhongchou.com/App/User/Model/ItemInterviewModel.class.php 第 55 行.
SQL: SELECT COUNT(*) AS tp_count FROM zml_item_interview as a LEFT JOIN zml_item b ON a.itemid = b.id  WHERE ( a.time > 1478016000 AND a.time < 1478102399  ) LIMIT 1   [ RunTime:0.0003s ]
SQL: SELECT SUM(money) AS tp_sum FROM zml_user_money_details as a WHERE ( a.create_time > 1478016000 AND a.create_time < 1478102399  ) AND `type` = 1 LIMIT 1   [ RunTime:0.0002s ]
SQL: SELECT SUM(money) AS tp_sum FROM zml_user_money_details as a WHERE ( a.create_time > 1478016000 AND a.create_time < 1478102399  ) AND `type` = 2 LIMIT 1   [ RunTime:0.0002s ]
SQL: SELECT COUNT(*) AS tp_count FROM zml_user as a WHERE ( a.create_time > 1478016000 AND a.create_time < 1478102399  ) LIMIT 1   [ RunTime:0.0002s ]
SQL: SELECT COUNT(*) AS tp_count FROM zml_item_collect as a LEFT JOIN zml_item b ON a.itemid = b.id  WHERE ( a.time > 1478102400 AND a.time < 1478188799  ) LIMIT 1   [ RunTime:0.0003s ]
SQL: SELECT COUNT(*) AS tp_count FROM zml_item_with_order as a WHERE ( a.create_time > 1478102400 AND a.create_time < 1478188799  ) LIMIT 1   [ RunTime:0.0002s ]
NOTIC: [2] Missing argument 2 for User\Model\ItemInterviewModel::countList(), called in /home/wwwroot/zhongchou.com/App/Admin/Controller/IndexController.class.php on line 37 and defined /home/wwwroot/zhongchou.com/App/User/Model/ItemInterviewModel.class.php 第 51 行.
NOTIC: [8] Undefined variable: count /home/wwwroot/zhongchou.com/App/User/Model/ItemInterviewModel.class.php 第 55 行.
SQL: SELECT COUNT(*) AS tp_count FROM zml_item_interview as a LEFT JOIN zml_item b ON a.itemid = b.id  WHERE ( a.time > 1478102400 AND a.time < 1478188799  ) LIMIT 1   [ RunTime:0.0002s ]
SQL: SELECT SUM(money) AS tp_sum FROM zml_user_money_details as a WHERE ( a.create_time > 1478102400 AND a.create_time < 1478188799  ) AND `type` = 1 LIMIT 1   [ RunTime:0.0002s ]
SQL: SELECT SUM(money) AS tp_sum FROM zml_user_money_details as a WHERE ( a.create_time > 1478102400 AND a.create_time < 1478188799  ) AND `type` = 2 LIMIT 1   [ RunTime:0.0002s ]
SQL: SELECT COUNT(*) AS tp_count FROM zml_user as a WHERE ( a.create_time > 1478102400 AND a.create_time < 1478188799  ) LIMIT 1   [ RunTime:0.0002s ]
SQL: SELECT COUNT(*) AS tp_count FROM zml_item_collect as a LEFT JOIN zml_item b ON a.itemid = b.id  WHERE ( a.time > 1478188800 AND a.time < 1478275199  ) LIMIT 1   [ RunTime:0.0002s ]
SQL: SELECT COUNT(*) AS tp_count FROM zml_item_with_order as a WHERE ( a.create_time > 1478188800 AND a.create_time < 1478275199  ) LIMIT 1   [ RunTime:0.0002s ]
NOTIC: [2] Missing argument 2 for User\Model\ItemInterviewModel::countList(), called in /home/wwwroot/zhongchou.com/App/Admin/Controller/IndexController.class.php on line 37 and defined /home/wwwroot/zhongchou.com/App/User/Model/ItemInterviewModel.class.php 第 51 行.
NOTIC: [8] Undefined variable: count /home/wwwroot/zhongchou.com/App/User/Model/ItemInterviewModel.class.php 第 55 行.
SQL: SELECT COUNT(*) AS tp_count FROM zml_item_interview as a LEFT JOIN zml_item b ON a.itemid = b.id  WHERE ( a.time > 1478188800 AND a.time < 1478275199  ) LIMIT 1   [ RunTime:0.0003s ]
SQL: SELECT SUM(money) AS tp_sum FROM zml_user_money_details as a WHERE ( a.create_time > 1478188800 AND a.create_time < 1478275199  ) AND `type` = 1 LIMIT 1   [ RunTime:0.0002s ]
SQL: SELECT SUM(money) AS tp_sum FROM zml_user_money_details as a WHERE ( a.create_time > 1478188800 AND a.create_time < 1478275199  ) AND `type` = 2 LIMIT 1   [ RunTime:0.0002s ]
SQL: SELECT COUNT(*) AS tp_count FROM zml_user as a WHERE ( a.create_time > 1478188800 AND a.create_time < 1478275199  ) LIMIT 1   [ RunTime:0.0002s ]
SQL: SELECT COUNT(*) AS tp_count FROM zml_item_collect as a LEFT JOIN zml_item b ON a.itemid = b.id  WHERE ( a.time > 1478275200 AND a.time < 1478361599  ) LIMIT 1   [ RunTime:0.0003s ]
SQL: SELECT COUNT(*) AS tp_count FROM zml_item_with_order as a WHERE ( a.create_time > 1478275200 AND a.create_time < 1478361599  ) LIMIT 1   [ RunTime:0.0002s ]
NOTIC: [2] Missing argument 2 for User\Model\ItemInterviewModel::countList(), called in /home/wwwroot/zhongchou.com/App/Admin/Controller/IndexController.class.php on line 37 and defined /home/wwwroot/zhongchou.com/App/User/Model/ItemInterviewModel.class.php 第 51 行.
NOTIC: [8] Undefined variable: count /home/wwwroot/zhongchou.com/App/User/Model/ItemInterviewModel.class.php 第 55 行.
SQL: SELECT COUNT(*) AS tp_count FROM zml_item_interview as a LEFT JOIN zml_item b ON a.itemid = b.id  WHERE ( a.time > 1478275200 AND a.time < 1478361599  ) LIMIT 1   [ RunTime:0.0002s ]
SQL: SELECT SUM(money) AS tp_sum FROM zml_user_money_details as a WHERE ( a.create_time > 1478275200 AND a.create_time < 1478361599  ) AND `type` = 1 LIMIT 1   [ RunTime:0.0002s ]
SQL: SELECT SUM(money) AS tp_sum FROM zml_user_money_details as a WHERE ( a.create_time > 1478275200 AND a.create_time < 1478361599  ) AND `type` = 2 LIMIT 1   [ RunTime:0.0003s ]
SQL: SELECT COUNT(*) AS tp_count FROM zml_user as a WHERE ( a.create_time > 1478275200 AND a.create_time < 1478361599  ) LIMIT 1   [ RunTime:0.0002s ]
SQL: SELECT COUNT(*) AS tp_count FROM zml_item_collect as a LEFT JOIN zml_item b ON a.itemid = b.id  WHERE ( a.time > 1478361600 AND a.time < 1478447999  ) LIMIT 1   [ RunTime:0.0003s ]
SQL: SELECT COUNT(*) AS tp_count FROM zml_item_with_order as a WHERE ( a.create_time > 1478361600 AND a.create_time < 1478447999  ) LIMIT 1   [ RunTime:0.0002s ]
NOTIC: [2] Missing argument 2 for User\Model\ItemInterviewModel::countList(), called in /home/wwwroot/zhongchou.com/App/Admin/Controller/IndexController.class.php on line 37 and defined /home/wwwroot/zhongchou.com/App/User/Model/ItemInterviewModel.class.php 第 51 行.
NOTIC: [8] Undefined variable: count /home/wwwroot/zhongchou.com/App/User/Model/ItemInterviewModel.class.php 第 55 行.
SQL: SELECT COUNT(*) AS tp_count FROM zml_item_interview as a LEFT JOIN zml_item b ON a.itemid = b.id  WHERE ( a.time > 1478361600 AND a.time < 1478447999  ) LIMIT 1   [ RunTime:0.0002s ]
SQL: SELECT SUM(money) AS tp_sum FROM zml_user_money_details as a WHERE ( a.create_time > 1478361600 AND a.create_time < 1478447999  ) AND `type` = 1 LIMIT 1   [ RunTime:0.0002s ]
SQL: SELECT SUM(money) AS tp_sum FROM zml_user_money_details as a WHERE ( a.create_time > 1478361600 AND a.create_time < 1478447999  ) AND `type` = 2 LIMIT 1   [ RunTime:0.0002s ]
SQL: SELECT COUNT(*) AS tp_count FROM zml_user as a WHERE ( a.create_time > 1478361600 AND a.create_time < 1478447999  ) LIMIT 1   [ RunTime:0.0002s ]
SQL: SELECT COUNT(*) AS tp_count FROM zml_item_collect as a LEFT JOIN zml_item b ON a.itemid = b.id  WHERE ( a.time > 1478448000 AND a.time < 1478534399  ) LIMIT 1   [ RunTime:0.0002s ]
SQL: SELECT COUNT(*) AS tp_count FROM zml_item_with_order as a WHERE ( a.create_time > 1478448000 AND a.create_time < 1478534399  ) LIMIT 1   [ RunTime:0.0002s ]
NOTIC: [2] Missing argument 2 for User\Model\ItemInterviewModel::countList(), called in /home/wwwroot/zhongchou.com/App/Admin/Controller/IndexController.class.php on line 37 and defined /home/wwwroot/zhongchou.com/App/User/Model/ItemInterviewModel.class.php 第 51 行.
NOTIC: [8] Undefined variable: count /home/wwwroot/zhongchou.com/App/User/Model/ItemInterviewModel.class.php 第 55 行.
SQL: SELECT COUNT(*) AS tp_count FROM zml_item_interview as a LEFT JOIN zml_item b ON a.itemid = b.id  WHERE ( a.time > 1478448000 AND a.time < 1478534399  ) LIMIT 1   [ RunTime:0.0002s ]
SQL: SELECT SUM(money) AS tp_sum FROM zml_user_money_details as a WHERE ( a.create_time > 1478448000 AND a.create_time < 1478534399  ) AND `type` = 1 LIMIT 1   [ RunTime:0.0002s ]
SQL: SELECT SUM(money) AS tp_sum FROM zml_user_money_details as a WHERE ( a.create_time > 1478448000 AND a.create_time < 1478534399  ) AND `type` = 2 LIMIT 1   [ RunTime:0.0003s ]
SQL: SELECT COUNT(*) AS tp_count FROM zml_user as a WHERE ( a.create_time > 1478448000 AND a.create_time < 1478534399  ) LIMIT 1   [ RunTime:0.0002s ]
SQL: SELECT COUNT(*) AS tp_count FROM zml_item_collect as a LEFT JOIN zml_item b ON a.itemid = b.id  WHERE ( a.time > 1478534400 AND a.time < 1478620799  ) LIMIT 1   [ RunTime:0.0002s ]
SQL: SELECT COUNT(*) AS tp_count FROM zml_item_with_order as a WHERE ( a.create_time > 1478534400 AND a.create_time < 1478620799  ) LIMIT 1   [ RunTime:0.0002s ]
NOTIC: [2] Missing argument 2 for User\Model\ItemInterviewModel::countList(), called in /home/wwwroot/zhongchou.com/App/Admin/Controller/IndexController.class.php on line 37 and defined /home/wwwroot/zhongchou.com/App/User/Model/ItemInterviewModel.class.php 第 51 行.
NOTIC: [8] Undefined variable: count /home/wwwroot/zhongchou.com/App/User/Model/ItemInterviewModel.class.php 第 55 行.
SQL: SELECT COUNT(*) AS tp_count FROM zml_item_interview as a LEFT JOIN zml_item b ON a.itemid = b.id  WHERE ( a.time > 1478534400 AND a.time < 1478620799  ) LIMIT 1   [ RunTime:0.0002s ]
SQL: SELECT SUM(money) AS tp_sum FROM zml_user_money_details as a WHERE ( a.create_time > 1478534400 AND a.create_time < 1478620799  ) AND `type` = 1 LIMIT 1   [ RunTime:0.0002s ]
SQL: SELECT SUM(money) AS tp_sum FROM zml_user_money_details as a WHERE ( a.create_time > 1478534400 AND a.create_time < 1478620799  ) AND `type` = 2 LIMIT 1   [ RunTime:0.0002s ]
SQL: SELECT COUNT(*) AS tp_count FROM zml_user as a WHERE ( a.create_time > 1478534400 AND a.create_time < 1478620799  ) LIMIT 1   [ RunTime:0.0002s ]
SQL: SELECT COUNT(*) AS tp_count FROM zml_item_collect as a LEFT JOIN zml_item b ON a.itemid = b.id  WHERE ( a.time > 1478620800 AND a.time < 1478707199  ) LIMIT 1   [ RunTime:0.0002s ]
SQL: SELECT COUNT(*) AS tp_count FROM zml_item_with_order as a WHERE ( a.create_time > 1478620800 AND a.create_time < 1478707199  ) LIMIT 1   [ RunTime:0.0002s ]
NOTIC: [2] Missing argument 2 for User\Model\ItemInterviewModel::countList(), called in /home/wwwroot/zhongchou.com/App/Admin/Controller/IndexController.class.php on line 37 and defined /home/wwwroot/zhongchou.com/App/User/Model/ItemInterviewModel.class.php 第 51 行.
NOTIC: [8] Undefined variable: count /home/wwwroot/zhongchou.com/App/User/Model/ItemInterviewModel.class.php 第 55 行.
SQL: SELECT COUNT(*) AS tp_count FROM zml_item_interview as a LEFT JOIN zml_item b ON a.itemid = b.id  WHERE ( a.time > 1478620800 AND a.time < 1478707199  ) LIMIT 1   [ RunTime:0.0003s ]
SQL: SELECT SUM(money) AS tp_sum FROM zml_user_money_details as a WHERE ( a.create_time > 1478620800 AND a.create_time < 1478707199  ) AND `type` = 1 LIMIT 1   [ RunTime:0.0004s ]
SQL: SELECT SUM(money) AS tp_sum FROM zml_user_money_details as a WHERE ( a.create_time > 1478620800 AND a.create_time < 1478707199  ) AND `type` = 2 LIMIT 1   [ RunTime:0.0003s ]
SQL: SELECT COUNT(*) AS tp_count FROM zml_user as a WHERE ( a.create_time > 1478620800 AND a.create_time < 1478707199  ) LIMIT 1   [ RunTime:0.0002s ]
SQL: SELECT COUNT(*) AS tp_count FROM zml_item_collect as a LEFT JOIN zml_item b ON a.itemid = b.id  WHERE ( a.time > 1478707200 AND a.time < 1478793599  ) LIMIT 1   [ RunTime:0.0003s ]
SQL: SELECT COUNT(*) AS tp_count FROM zml_item_with_order as a WHERE ( a.create_time > 1478707200 AND a.create_time < 1478793599  ) LIMIT 1   [ RunTime:0.0002s ]
NOTIC: [2] Missing argument 2 for User\Model\ItemInterviewModel::countList(), called in /home/wwwroot/zhongchou.com/App/Admin/Controller/IndexController.class.php on line 37 and defined /home/wwwroot/zhongchou.com/App/User/Model/ItemInterviewModel.class.php 第 51 行.
NOTIC: [8] Undefined variable: count /home/wwwroot/zhongchou.com/App/User/Model/ItemInterviewModel.class.php 第 55 行.
SQL: SELECT COUNT(*) AS tp_count FROM zml_item_interview as a LEFT JOIN zml_item b ON a.itemid = b.id  WHERE ( a.time > 1478707200 AND a.time < 1478793599  ) LIMIT 1   [ RunTime:0.0002s ]
SQL: SELECT SUM(money) AS tp_sum FROM zml_user_money_details as a WHERE ( a.create_time > 1478707200 AND a.create_time < 1478793599  ) AND `type` = 1 LIMIT 1   [ RunTime:0.0002s ]
SQL: SELECT SUM(money) AS tp_sum FROM zml_user_money_details as a WHERE ( a.create_time > 1478707200 AND a.create_time < 1478793599  ) AND `type` = 2 LIMIT 1   [ RunTime:0.0002s ]
SQL: SELECT COUNT(*) AS tp_count FROM zml_user as a WHERE ( a.create_time > 1478707200 AND a.create_time < 1478793599  ) LIMIT 1   [ RunTime:0.0003s ]
SQL: SELECT COUNT(*) AS tp_count FROM zml_item_collect as a LEFT JOIN zml_item b ON a.itemid = b.id  WHERE ( a.time > 1478793600 AND a.time < 1478879999  ) LIMIT 1   [ RunTime:0.0003s ]
SQL: SELECT COUNT(*) AS tp_count FROM zml_item_with_order as a WHERE ( a.create_time > 1478793600 AND a.create_time < 1478879999  ) LIMIT 1   [ RunTime:0.0007s ]
NOTIC: [2] Missing argument 2 for User\Model\ItemInterviewModel::countList(), called in /home/wwwroot/zhongchou.com/App/Admin/Controller/IndexController.class.php on line 37 and defined /home/wwwroot/zhongchou.com/App/User/Model/ItemInterviewModel.class.php 第 51 行.
NOTIC: [8] Undefined variable: count /home/wwwroot/zhongchou.com/App/User/Model/ItemInterviewModel.class.php 第 55 行.
SQL: SELECT COUNT(*) AS tp_count FROM zml_item_interview as a LEFT JOIN zml_item b ON a.itemid = b.id  WHERE ( a.time > 1478793600 AND a.time < 1478879999  ) LIMIT 1   [ RunTime:0.0003s ]
SQL: SELECT SUM(money) AS tp_sum FROM zml_user_money_details as a WHERE ( a.create_time > 1478793600 AND a.create_time < 1478879999  ) AND `type` = 1 LIMIT 1   [ RunTime:0.0002s ]
SQL: SELECT SUM(money) AS tp_sum FROM zml_user_money_details as a WHERE ( a.create_time > 1478793600 AND a.create_time < 1478879999  ) AND `type` = 2 LIMIT 1   [ RunTime:0.0002s ]
SQL: SELECT COUNT(*) AS tp_count FROM zml_user as a WHERE ( a.create_time > 1478793600 AND a.create_time < 1478879999  ) LIMIT 1   [ RunTime:0.0003s ]
SQL: SELECT COUNT(*) AS tp_count FROM zml_item_collect as a LEFT JOIN zml_item b ON a.itemid = b.id  WHERE ( a.time > 1478880000 AND a.time < 1478966399  ) LIMIT 1   [ RunTime:0.0003s ]
SQL: SELECT COUNT(*) AS tp_count FROM zml_item_with_order as a WHERE ( a.create_time > 1478880000 AND a.create_time < 1478966399  ) LIMIT 1   [ RunTime:0.0002s ]
NOTIC: [2] Missing argument 2 for User\Model\ItemInterviewModel::countList(), called in /home/wwwroot/zhongchou.com/App/Admin/Controller/IndexController.class.php on line 37 and defined /home/wwwroot/zhongchou.com/App/User/Model/ItemInterviewModel.class.php 第 51 行.
NOTIC: [8] Undefined variable: count /home/wwwroot/zhongchou.com/App/User/Model/ItemInterviewModel.class.php 第 55 行.
SQL: SELECT COUNT(*) AS tp_count FROM zml_item_interview as a LEFT JOIN zml_item b ON a.itemid = b.id  WHERE ( a.time > 1478880000 AND a.time < 1478966399  ) LIMIT 1   [ RunTime:0.0004s ]
SQL: SELECT SUM(money) AS tp_sum FROM zml_user_money_details as a WHERE ( a.create_time > 1478880000 AND a.create_time < 1478966399  ) AND `type` = 1 LIMIT 1   [ RunTime:0.0004s ]
SQL: SELECT SUM(money) AS tp_sum FROM zml_user_money_details as a WHERE ( a.create_time > 1478880000 AND a.create_time < 1478966399  ) AND `type` = 2 LIMIT 1   [ RunTime:0.0003s ]
SQL: SELECT COUNT(*) AS tp_count FROM zml_user as a WHERE ( a.create_time > 1478880000 AND a.create_time < 1478966399  ) LIMIT 1   [ RunTime:0.0003s ]
SQL: SELECT COUNT(*) AS tp_count FROM zml_item_collect as a LEFT JOIN zml_item b ON a.itemid = b.id  WHERE ( a.time > 1478966400 AND a.time < 1479052799  ) LIMIT 1   [ RunTime:0.0004s ]
SQL: SELECT COUNT(*) AS tp_count FROM zml_item_with_order as a WHERE ( a.create_time > 1478966400 AND a.create_time < 1479052799  ) LIMIT 1   [ RunTime:0.0003s ]
NOTIC: [2] Missing argument 2 for User\Model\ItemInterviewModel::countList(), called in /home/wwwroot/zhongchou.com/App/Admin/Controller/IndexController.class.php on line 37 and defined /home/wwwroot/zhongchou.com/App/User/Model/ItemInterviewModel.class.php 第 51 行.
NOTIC: [8] Undefined variable: count /home/wwwroot/zhongchou.com/App/User/Model/ItemInterviewModel.class.php 第 55 行.
SQL: SELECT COUNT(*) AS tp_count FROM zml_item_interview as a LEFT JOIN zml_item b ON a.itemid = b.id  WHERE ( a.time > 1478966400 AND a.time < 1479052799  ) LIMIT 1   [ RunTime:0.0003s ]
SQL: SELECT SUM(money) AS tp_sum FROM zml_user_money_details as a WHERE ( a.create_time > 1478966400 AND a.create_time < 1479052799  ) AND `type` = 1 LIMIT 1   [ RunTime:0.0003s ]
SQL: SELECT SUM(money) AS tp_sum FROM zml_user_money_details as a WHERE ( a.create_time > 1478966400 AND a.create_time < 1479052799  ) AND `type` = 2 LIMIT 1   [ RunTime:0.0003s ]
SQL: SELECT COUNT(*) AS tp_count FROM zml_user as a WHERE ( a.create_time > 1478966400 AND a.create_time < 1479052799  ) LIMIT 1   [ RunTime:0.0002s ]
SQL: SELECT COUNT(*) AS tp_count FROM zml_item_collect as a LEFT JOIN zml_item b ON a.itemid = b.id  WHERE ( a.time > 1479052800 AND a.time < 1479139199  ) LIMIT 1   [ RunTime:0.0003s ]
SQL: SELECT COUNT(*) AS tp_count FROM zml_item_with_order as a WHERE ( a.create_time > 1479052800 AND a.create_time < 1479139199  ) LIMIT 1   [ RunTime:0.0002s ]
NOTIC: [2] Missing argument 2 for User\Model\ItemInterviewModel::countList(), called in /home/wwwroot/zhongchou.com/App/Admin/Controller/IndexController.class.php on line 37 and defined /home/wwwroot/zhongchou.com/App/User/Model/ItemInterviewModel.class.php 第 51 行.
NOTIC: [8] Undefined variable: count /home/wwwroot/zhongchou.com/App/User/Model/ItemInterviewModel.class.php 第 55 行.
SQL: SELECT COUNT(*) AS tp_count FROM zml_item_interview as a LEFT JOIN zml_item b ON a.itemid = b.id  WHERE ( a.time > 1479052800 AND a.time < 1479139199  ) LIMIT 1   [ RunTime:0.0003s ]
SQL: SELECT SUM(money) AS tp_sum FROM zml_user_money_details as a WHERE ( a.create_time > 1479052800 AND a.create_time < 1479139199  ) AND `type` = 1 LIMIT 1   [ RunTime:0.0002s ]
SQL: SELECT SUM(money) AS tp_sum FROM zml_user_money_details as a WHERE ( a.create_time > 1479052800 AND a.create_time < 1479139199  ) AND `type` = 2 LIMIT 1   [ RunTime:0.0002s ]
SQL: SELECT COUNT(*) AS tp_count FROM zml_user as a WHERE ( a.create_time > 1479052800 AND a.create_time < 1479139199  ) LIMIT 1   [ RunTime:0.0002s ]
SQL: SELECT COUNT(*) AS tp_count FROM zml_item_collect as a LEFT JOIN zml_item b ON a.itemid = b.id  WHERE ( a.time > 1479139200 AND a.time < 1479225599  ) LIMIT 1   [ RunTime:0.0003s ]
SQL: SELECT COUNT(*) AS tp_count FROM zml_item_with_order as a WHERE ( a.create_time > 1479139200 AND a.create_time < 1479225599  ) LIMIT 1   [ RunTime:0.0002s ]
NOTIC: [2] Missing argument 2 for User\Model\ItemInterviewModel::countList(), called in /home/wwwroot/zhongchou.com/App/Admin/Controller/IndexController.class.php on line 37 and defined /home/wwwroot/zhongchou.com/App/User/Model/ItemInterviewModel.class.php 第 51 行.
NOTIC: [8] Undefined variable: count /home/wwwroot/zhongchou.com/App/User/Model/ItemInterviewModel.class.php 第 55 行.
SQL: SELECT COUNT(*) AS tp_count FROM zml_item_interview as a LEFT JOIN zml_item b ON a.itemid = b.id  WHERE ( a.time > 1479139200 AND a.time < 1479225599  ) LIMIT 1   [ RunTime:0.0003s ]
SQL: SELECT SUM(money) AS tp_sum FROM zml_user_money_details as a WHERE ( a.create_time > 1479139200 AND a.create_time < 1479225599  ) AND `type` = 1 LIMIT 1   [ RunTime:0.0003s ]
SQL: SELECT SUM(money) AS tp_sum FROM zml_user_money_details as a WHERE ( a.create_time > 1479139200 AND a.create_time < 1479225599  ) AND `type` = 2 LIMIT 1   [ RunTime:0.0003s ]
SQL: SELECT COUNT(*) AS tp_count FROM zml_user as a WHERE ( a.create_time > 1479139200 AND a.create_time < 1479225599  ) LIMIT 1   [ RunTime:0.0002s ]
SQL: SELECT COUNT(*) AS tp_count FROM zml_item_collect as a LEFT JOIN zml_item b ON a.itemid = b.id  WHERE ( a.time > 1479225600 AND a.time < 1479311999  ) LIMIT 1   [ RunTime:0.0003s ]
SQL: SELECT COUNT(*) AS tp_count FROM zml_item_with_order as a WHERE ( a.create_time > 1479225600 AND a.create_time < 1479311999  ) LIMIT 1   [ RunTime:0.0002s ]
NOTIC: [2] Missing argument 2 for User\Model\ItemInterviewModel::countList(), called in /home/wwwroot/zhongchou.com/App/Admin/Controller/IndexController.class.php on line 37 and defined /home/wwwroot/zhongchou.com/App/User/Model/ItemInterviewModel.class.php 第 51 行.
NOTIC: [8] Undefined variable: count /home/wwwroot/zhongchou.com/App/User/Model/ItemInterviewModel.class.php 第 55 行.
SQL: SELECT COUNT(*) AS tp_count FROM zml_item_interview as a LEFT JOIN zml_item b ON a.itemid = b.id  WHERE ( a.time > 1479225600 AND a.time < 1479311999  ) LIMIT 1   [ RunTime:0.0003s ]
SQL: SELECT SUM(money) AS tp_sum FROM zml_user_money_details as a WHERE ( a.create_time > 1479225600 AND a.create_time < 1479311999  ) AND `type` = 1 LIMIT 1   [ RunTime:0.0002s ]
SQL: SELECT SUM(money) AS tp_sum FROM zml_user_money_details as a WHERE ( a.create_time > 1479225600 AND a.create_time < 1479311999  ) AND `type` = 2 LIMIT 1   [ RunTime:0.0002s ]
SQL: SELECT COUNT(*) AS tp_count FROM zml_user as a WHERE ( a.create_time > 1479225600 AND a.create_time < 1479311999  ) LIMIT 1   [ RunTime:0.0002s ]
SQL: SELECT COUNT(*) AS tp_count FROM zml_item_collect as a LEFT JOIN zml_item b ON a.itemid = b.id  WHERE ( a.time > 1479312000 AND a.time < 1479398399  ) LIMIT 1   [ RunTime:0.0003s ]
SQL: SELECT COUNT(*) AS tp_count FROM zml_item_with_order as a WHERE ( a.create_time > 1479312000 AND a.create_time < 1479398399  ) LIMIT 1   [ RunTime:0.0003s ]
NOTIC: [2] Missing argument 2 for User\Model\ItemInterviewModel::countList(), called in /home/wwwroot/zhongchou.com/App/Admin/Controller/IndexController.class.php on line 37 and defined /home/wwwroot/zhongchou.com/App/User/Model/ItemInterviewModel.class.php 第 51 行.
NOTIC: [8] Undefined variable: count /home/wwwroot/zhongchou.com/App/User/Model/ItemInterviewModel.class.php 第 55 行.
SQL: SELECT COUNT(*) AS tp_count FROM zml_item_interview as a LEFT JOIN zml_item b ON a.itemid = b.id  WHERE ( a.time > 1479312000 AND a.time < 1479398399  ) LIMIT 1   [ RunTime:0.0003s ]
SQL: SELECT SUM(money) AS tp_sum FROM zml_user_money_details as a WHERE ( a.create_time > 1479312000 AND a.create_time < 1479398399  ) AND `type` = 1 LIMIT 1   [ RunTime:0.0002s ]
SQL: SELECT SUM(money) AS tp_sum FROM zml_user_money_details as a WHERE ( a.create_time > 1479312000 AND a.create_time < 1479398399  ) AND `type` = 2 LIMIT 1   [ RunTime:0.0002s ]
SQL: SELECT COUNT(*) AS tp_count FROM zml_user as a WHERE ( a.create_time > 1479312000 AND a.create_time < 1479398399  ) LIMIT 1   [ RunTime:0.0002s ]
SQL: SELECT COUNT(*) AS tp_count FROM zml_item_collect as a LEFT JOIN zml_item b ON a.itemid = b.id  WHERE ( a.time > 1479398400 AND a.time < 1479484799  ) LIMIT 1   [ RunTime:0.0003s ]
SQL: SELECT COUNT(*) AS tp_count FROM zml_item_with_order as a WHERE ( a.create_time > 1479398400 AND a.create_time < 1479484799  ) LIMIT 1   [ RunTime:0.0002s ]
NOTIC: [2] Missing argument 2 for User\Model\ItemInterviewModel::countList(), called in /home/wwwroot/zhongchou.com/App/Admin/Controller/IndexController.class.php on line 37 and defined /home/wwwroot/zhongchou.com/App/User/Model/ItemInterviewModel.class.php 第 51 行.
NOTIC: [8] Undefined variable: count /home/wwwroot/zhongchou.com/App/User/Model/ItemInterviewModel.class.php 第 55 行.
SQL: SELECT COUNT(*) AS tp_count FROM zml_item_interview as a LEFT JOIN zml_item b ON a.itemid = b.id  WHERE ( a.time > 1479398400 AND a.time < 1479484799  ) LIMIT 1   [ RunTime:0.0002s ]
SQL: SELECT SUM(money) AS tp_sum FROM zml_user_money_details as a WHERE ( a.create_time > 1479398400 AND a.create_time < 1479484799  ) AND `type` = 1 LIMIT 1   [ RunTime:0.0002s ]
SQL: SELECT SUM(money) AS tp_sum FROM zml_user_money_details as a WHERE ( a.create_time > 1479398400 AND a.create_time < 1479484799  ) AND `type` = 2 LIMIT 1   [ RunTime:0.0002s ]
SQL: SELECT COUNT(*) AS tp_count FROM zml_user as a WHERE ( a.create_time > 1479398400 AND a.create_time < 1479484799  ) LIMIT 1   [ RunTime:0.0002s ]
SQL: SELECT COUNT(*) AS tp_count FROM zml_item_collect as a LEFT JOIN zml_item b ON a.itemid = b.id  WHERE ( a.time > 1479484800 AND a.time < 1479571199  ) LIMIT 1   [ RunTime:0.0003s ]
SQL: SELECT COUNT(*) AS tp_count FROM zml_item_with_order as a WHERE ( a.create_time > 1479484800 AND a.create_time < 1479571199  ) LIMIT 1   [ RunTime:0.0002s ]
NOTIC: [2] Missing argument 2 for User\Model\ItemInterviewModel::countList(), called in /home/wwwroot/zhongchou.com/App/Admin/Controller/IndexController.class.php on line 37 and defined /home/wwwroot/zhongchou.com/App/User/Model/ItemInterviewModel.class.php 第 51 行.
NOTIC: [8] Undefined variable: count /home/wwwroot/zhongchou.com/App/User/Model/ItemInterviewModel.class.php 第 55 行.
SQL: SELECT COUNT(*) AS tp_count FROM zml_item_interview as a LEFT JOIN zml_item b ON a.itemid = b.id  WHERE ( a.time > 1479484800 AND a.time < 1479571199  ) LIMIT 1   [ RunTime:0.0003s ]
SQL: SELECT SUM(money) AS tp_sum FROM zml_user_money_details as a WHERE ( a.create_time > 1479484800 AND a.create_time < 1479571199  ) AND `type` = 1 LIMIT 1   [ RunTime:0.0002s ]
SQL: SELECT SUM(money) AS tp_sum FROM zml_user_money_details as a WHERE ( a.create_time > 1479484800 AND a.create_time < 1479571199  ) AND `type` = 2 LIMIT 1   [ RunTime:0.0002s ]
SQL: SELECT COUNT(*) AS tp_count FROM zml_user as a WHERE ( a.create_time > 1479484800 AND a.create_time < 1479571199  ) LIMIT 1   [ RunTime:0.0002s ]
SQL: SELECT COUNT(*) AS tp_count FROM zml_item_collect as a LEFT JOIN zml_item b ON a.itemid = b.id  WHERE ( a.time > 1479571200 AND a.time < 1479657599  ) LIMIT 1   [ RunTime:0.0003s ]
SQL: SELECT COUNT(*) AS tp_count FROM zml_item_with_order as a WHERE ( a.create_time > 1479571200 AND a.create_time < 1479657599  ) LIMIT 1   [ RunTime:0.0002s ]
NOTIC: [2] Missing argument 2 for User\Model\ItemInterviewModel::countList(), called in /home/wwwroot/zhongchou.com/App/Admin/Controller/IndexController.class.php on line 37 and defined /home/wwwroot/zhongchou.com/App/User/Model/ItemInterviewModel.class.php 第 51 行.
NOTIC: [8] Undefined variable: count /home/wwwroot/zhongchou.com/App/User/Model/ItemInterviewModel.class.php 第 55 行.
SQL: SELECT COUNT(*) AS tp_count FROM zml_item_interview as a LEFT JOIN zml_item b ON a.itemid = b.id  WHERE ( a.time > 1479571200 AND a.time < 1479657599  ) LIMIT 1   [ RunTime:0.0003s ]
SQL: SELECT SUM(money) AS tp_sum FROM zml_user_money_details as a WHERE ( a.create_time > 1479571200 AND a.create_time < 1479657599  ) AND `type` = 1 LIMIT 1   [ RunTime:0.0002s ]
SQL: SELECT SUM(money) AS tp_sum FROM zml_user_money_details as a WHERE ( a.create_time > 1479571200 AND a.create_time < 1479657599  ) AND `type` = 2 LIMIT 1   [ RunTime:0.0002s ]
SQL: SELECT COUNT(*) AS tp_count FROM zml_user as a WHERE ( a.create_time > 1479571200 AND a.create_time < 1479657599  ) LIMIT 1   [ RunTime:0.0002s ]
SQL: SELECT COUNT(*) AS tp_count FROM zml_item_collect as a LEFT JOIN zml_item b ON a.itemid = b.id  WHERE ( a.time > 1479657600 AND a.time < 1479743999  ) LIMIT 1   [ RunTime:0.0003s ]
SQL: SELECT COUNT(*) AS tp_count FROM zml_item_with_order as a WHERE ( a.create_time > 1479657600 AND a.create_time < 1479743999  ) LIMIT 1   [ RunTime:0.0002s ]
NOTIC: [2] Missing argument 2 for User\Model\ItemInterviewModel::countList(), called in /home/wwwroot/zhongchou.com/App/Admin/Controller/IndexController.class.php on line 37 and defined /home/wwwroot/zhongchou.com/App/User/Model/ItemInterviewModel.class.php 第 51 行.
NOTIC: [8] Undefined variable: count /home/wwwroot/zhongchou.com/App/User/Model/ItemInterviewModel.class.php 第 55 行.
SQL: SELECT COUNT(*) AS tp_count FROM zml_item_interview as a LEFT JOIN zml_item b ON a.itemid = b.id  WHERE ( a.time > 1479657600 AND a.time < 1479743999  ) LIMIT 1   [ RunTime:0.0002s ]
SQL: SELECT SUM(money) AS tp_sum FROM zml_user_money_details as a WHERE ( a.create_time > 1479657600 AND a.create_time < 1479743999  ) AND `type` = 1 LIMIT 1   [ RunTime:0.0002s ]
SQL: SELECT SUM(money) AS tp_sum FROM zml_user_money_details as a WHERE ( a.create_time > 1479657600 AND a.create_time < 1479743999  ) AND `type` = 2 LIMIT 1   [ RunTime:0.0002s ]
SQL: SELECT COUNT(*) AS tp_count FROM zml_user as a WHERE ( a.create_time > 1479657600 AND a.create_time < 1479743999  ) LIMIT 1   [ RunTime:0.0002s ]
SQL: SELECT COUNT(*) AS tp_count FROM zml_item_collect as a LEFT JOIN zml_item b ON a.itemid = b.id  WHERE ( a.time > 1479744000 AND a.time < 1479830399  ) LIMIT 1   [ RunTime:0.0003s ]
SQL: SELECT COUNT(*) AS tp_count FROM zml_item_with_order as a WHERE ( a.create_time > 1479744000 AND a.create_time < 1479830399  ) LIMIT 1   [ RunTime:0.0003s ]
NOTIC: [2] Missing argument 2 for User\Model\ItemInterviewModel::countList(), called in /home/wwwroot/zhongchou.com/App/Admin/Controller/IndexController.class.php on line 37 and defined /home/wwwroot/zhongchou.com/App/User/Model/ItemInterviewModel.class.php 第 51 行.
NOTIC: [8] Undefined variable: count /home/wwwroot/zhongchou.com/App/User/Model/ItemInterviewModel.class.php 第 55 行.
SQL: SELECT COUNT(*) AS tp_count FROM zml_item_interview as a LEFT JOIN zml_item b ON a.itemid = b.id  WHERE ( a.time > 1479744000 AND a.time < 1479830399  ) LIMIT 1   [ RunTime:0.0003s ]
SQL: SELECT SUM(money) AS tp_sum FROM zml_user_money_details as a WHERE ( a.create_time > 1479744000 AND a.create_time < 1479830399  ) AND `type` = 1 LIMIT 1   [ RunTime:0.0002s ]
SQL: SELECT SUM(money) AS tp_sum FROM zml_user_money_details as a WHERE ( a.create_time > 1479744000 AND a.create_time < 1479830399  ) AND `type` = 2 LIMIT 1   [ RunTime:0.0002s ]
SQL: SELECT COUNT(*) AS tp_count FROM zml_user as a WHERE ( a.create_time > 1479744000 AND a.create_time < 1479830399  ) LIMIT 1   [ RunTime:0.0002s ]
SQL: SELECT COUNT(*) AS tp_count FROM zml_item_collect as a LEFT JOIN zml_item b ON a.itemid = b.id  WHERE ( a.time > 1479830400 AND a.time < 1479916799  ) LIMIT 1   [ RunTime:0.0003s ]
SQL: SELECT COUNT(*) AS tp_count FROM zml_item_with_order as a WHERE ( a.create_time > 1479830400 AND a.create_time < 1479916799  ) LIMIT 1   [ RunTime:0.0005s ]
NOTIC: [2] Missing argument 2 for User\Model\ItemInterviewModel::countList(), called in /home/wwwroot/zhongchou.com/App/Admin/Controller/IndexController.class.php on line 37 and defined /home/wwwroot/zhongchou.com/App/User/Model/ItemInterviewModel.class.php 第 51 行.
NOTIC: [8] Undefined variable: count /home/wwwroot/zhongchou.com/App/User/Model/ItemInterviewModel.class.php 第 55 行.
SQL: SELECT COUNT(*) AS tp_count FROM zml_item_interview as a LEFT JOIN zml_item b ON a.itemid = b.id  WHERE ( a.time > 1479830400 AND a.time < 1479916799  ) LIMIT 1   [ RunTime:0.0003s ]
SQL: SELECT SUM(money) AS tp_sum FROM zml_user_money_details as a WHERE ( a.create_time > 1479830400 AND a.create_time < 1479916799  ) AND `type` = 1 LIMIT 1   [ RunTime:0.0002s ]
SQL: SELECT SUM(money) AS tp_sum FROM zml_user_money_details as a WHERE ( a.create_time > 1479830400 AND a.create_time < 1479916799  ) AND `type` = 2 LIMIT 1   [ RunTime:0.0002s ]
SQL: SELECT COUNT(*) AS tp_count FROM zml_user as a WHERE ( a.create_time > 1479830400 AND a.create_time < 1479916799  ) LIMIT 1   [ RunTime:0.0003s ]
SQL: SELECT COUNT(*) AS tp_count FROM zml_item_collect as a LEFT JOIN zml_item b ON a.itemid = b.id  WHERE ( a.time > 1479916800 AND a.time < 1480003199  ) LIMIT 1   [ RunTime:0.0003s ]
SQL: SELECT COUNT(*) AS tp_count FROM zml_item_with_order as a WHERE ( a.create_time > 1479916800 AND a.create_time < 1480003199  ) LIMIT 1   [ RunTime:0.0002s ]
NOTIC: [2] Missing argument 2 for User\Model\ItemInterviewModel::countList(), called in /home/wwwroot/zhongchou.com/App/Admin/Controller/IndexController.class.php on line 37 and defined /home/wwwroot/zhongchou.com/App/User/Model/ItemInterviewModel.class.php 第 51 行.
NOTIC: [8] Undefined variable: count /home/wwwroot/zhongchou.com/App/User/Model/ItemInterviewModel.class.php 第 55 行.
SQL: SELECT COUNT(*) AS tp_count FROM zml_item_interview as a LEFT JOIN zml_item b ON a.itemid = b.id  WHERE ( a.time > 1479916800 AND a.time < 1480003199  ) LIMIT 1   [ RunTime:0.0002s ]
SQL: SELECT SUM(money) AS tp_sum FROM zml_user_money_details as a WHERE ( a.create_time > 1479916800 AND a.create_time < 1480003199  ) AND `type` = 1 LIMIT 1   [ RunTime:0.0002s ]
SQL: SELECT SUM(money) AS tp_sum FROM zml_user_money_details as a WHERE ( a.create_time > 1479916800 AND a.create_time < 1480003199  ) AND `type` = 2 LIMIT 1   [ RunTime:0.0002s ]
SQL: SELECT COUNT(*) AS tp_count FROM zml_user as a WHERE ( a.create_time > 1479916800 AND a.create_time < 1480003199  ) LIMIT 1   [ RunTime:0.0002s ]
SQL: SELECT COUNT(*) AS tp_count FROM zml_item_collect as a LEFT JOIN zml_item b ON a.itemid = b.id  WHERE ( a.time > 1480003200 AND a.time < 1480089599  ) LIMIT 1   [ RunTime:0.0002s ]
SQL: SELECT COUNT(*) AS tp_count FROM zml_item_with_order as a WHERE ( a.create_time > 1480003200 AND a.create_time < 1480089599  ) LIMIT 1   [ RunTime:0.0002s ]
NOTIC: [2] Missing argument 2 for User\Model\ItemInterviewModel::countList(), called in /home/wwwroot/zhongchou.com/App/Admin/Controller/IndexController.class.php on line 37 and defined /home/wwwroot/zhongchou.com/App/User/Model/ItemInterviewModel.class.php 第 51 行.
NOTIC: [8] Undefined variable: count /home/wwwroot/zhongchou.com/App/User/Model/ItemInterviewModel.class.php 第 55 行.
SQL: SELECT COUNT(*) AS tp_count FROM zml_item_interview as a LEFT JOIN zml_item b ON a.itemid = b.id  WHERE ( a.time > 1480003200 AND a.time < 1480089599  ) LIMIT 1   [ RunTime:0.0002s ]
SQL: SELECT SUM(money) AS tp_sum FROM zml_user_money_details as a WHERE ( a.create_time > 1480003200 AND a.create_time < 1480089599  ) AND `type` = 1 LIMIT 1   [ RunTime:0.0002s ]
SQL: SELECT SUM(money) AS tp_sum FROM zml_user_money_details as a WHERE ( a.create_time > 1480003200 AND a.create_time < 1480089599  ) AND `type` = 2 LIMIT 1   [ RunTime:0.0002s ]
SQL: SELECT COUNT(*) AS tp_count FROM zml_user as a WHERE ( a.create_time > 1480003200 AND a.create_time < 1480089599  ) LIMIT 1   [ RunTime:0.0002s ]
SQL: SELECT COUNT(*) AS tp_count FROM zml_item_collect as a LEFT JOIN zml_item b ON a.itemid = b.id  WHERE ( a.time > 1480089600 AND a.time < 1480175999  ) LIMIT 1   [ RunTime:0.0002s ]
SQL: SELECT COUNT(*) AS tp_count FROM zml_item_with_order as a WHERE ( a.create_time > 1480089600 AND a.create_time < 1480175999  ) LIMIT 1   [ RunTime:0.0002s ]
NOTIC: [2] Missing argument 2 for User\Model\ItemInterviewModel::countList(), called in /home/wwwroot/zhongchou.com/App/Admin/Controller/IndexController.class.php on line 37 and defined /home/wwwroot/zhongchou.com/App/User/Model/ItemInterviewModel.class.php 第 51 行.
NOTIC: [8] Undefined variable: count /home/wwwroot/zhongchou.com/App/User/Model/ItemInterviewModel.class.php 第 55 行.
SQL: SELECT COUNT(*) AS tp_count FROM zml_item_interview as a LEFT JOIN zml_item b ON a.itemid = b.id  WHERE ( a.time > 1480089600 AND a.time < 1480175999  ) LIMIT 1   [ RunTime:0.0003s ]
SQL: SELECT SUM(money) AS tp_sum FROM zml_user_money_details as a WHERE ( a.create_time > 1480089600 AND a.create_time < 1480175999  ) AND `type` = 1 LIMIT 1   [ RunTime:0.0002s ]
SQL: SELECT SUM(money) AS tp_sum FROM zml_user_money_details as a WHERE ( a.create_time > 1480089600 AND a.create_time < 1480175999  ) AND `type` = 2 LIMIT 1   [ RunTime:0.0002s ]
SQL: SELECT COUNT(*) AS tp_count FROM zml_user as a WHERE ( a.create_time > 1480089600 AND a.create_time < 1480175999  ) LIMIT 1   [ RunTime:0.0003s ]
SQL: SELECT COUNT(*) AS tp_count FROM zml_item_collect as a LEFT JOIN zml_item b ON a.itemid = b.id  WHERE ( a.time > 1480176000 AND a.time < 1480262399  ) LIMIT 1   [ RunTime:0.0003s ]
SQL: SELECT COUNT(*) AS tp_count FROM zml_item_with_order as a WHERE ( a.create_time > 1480176000 AND a.create_time < 1480262399  ) LIMIT 1   [ RunTime:0.0002s ]
NOTIC: [2] Missing argument 2 for User\Model\ItemInterviewModel::countList(), called in /home/wwwroot/zhongchou.com/App/Admin/Controller/IndexController.class.php on line 37 and defined /home/wwwroot/zhongchou.com/App/User/Model/ItemInterviewModel.class.php 第 51 行.
NOTIC: [8] Undefined variable: count /home/wwwroot/zhongchou.com/App/User/Model/ItemInterviewModel.class.php 第 55 行.
SQL: SELECT COUNT(*) AS tp_count FROM zml_item_interview as a LEFT JOIN zml_item b ON a.itemid = b.id  WHERE ( a.time > 1480176000 AND a.time < 1480262399  ) LIMIT 1   [ RunTime:0.0002s ]
SQL: SELECT SUM(money) AS tp_sum FROM zml_user_money_details as a WHERE ( a.create_time > 1480176000 AND a.create_time < 1480262399  ) AND `type` = 1 LIMIT 1   [ RunTime:0.0002s ]
SQL: SELECT SUM(money) AS tp_sum FROM zml_user_money_details as a WHERE ( a.create_time > 1480176000 AND a.create_time < 1480262399  ) AND `type` = 2 LIMIT 1   [ RunTime:0.0002s ]
SQL: SELECT COUNT(*) AS tp_count FROM zml_user as a WHERE ( a.create_time > 1480176000 AND a.create_time < 1480262399  ) LIMIT 1   [ RunTime:0.0002s ]
SQL: SELECT COUNT(*) AS tp_count FROM zml_item_collect as a LEFT JOIN zml_item b ON a.itemid = b.id  WHERE ( a.time > 1480262400 AND a.time < 1480348799  ) LIMIT 1   [ RunTime:0.0003s ]
SQL: SELECT COUNT(*) AS tp_count FROM zml_item_with_order as a WHERE ( a.create_time > 1480262400 AND a.create_time < 1480348799  ) LIMIT 1   [ RunTime:0.0002s ]
NOTIC: [2] Missing argument 2 for User\Model\ItemInterviewModel::countList(), called in /home/wwwroot/zhongchou.com/App/Admin/Controller/IndexController.class.php on line 37 and defined /home/wwwroot/zhongchou.com/App/User/Model/ItemInterviewModel.class.php 第 51 行.
NOTIC: [8] Undefined variable: count /home/wwwroot/zhongchou.com/App/User/Model/ItemInterviewModel.class.php 第 55 行.
SQL: SELECT COUNT(*) AS tp_count FROM zml_item_interview as a LEFT JOIN zml_item b ON a.itemid = b.id  WHERE ( a.time > 1480262400 AND a.time < 1480348799  ) LIMIT 1   [ RunTime:0.0002s ]
SQL: SELECT SUM(money) AS tp_sum FROM zml_user_money_details as a WHERE ( a.create_time > 1480262400 AND a.create_time < 1480348799  ) AND `type` = 1 LIMIT 1   [ RunTime:0.0002s ]
SQL: SELECT SUM(money) AS tp_sum FROM zml_user_money_details as a WHERE ( a.create_time > 1480262400 AND a.create_time < 1480348799  ) AND `type` = 2 LIMIT 1   [ RunTime:0.0002s ]
SQL: SELECT COUNT(*) AS tp_count FROM zml_user as a WHERE ( a.create_time > 1480262400 AND a.create_time < 1480348799  ) LIMIT 1   [ RunTime:0.0002s ]
SQL: SELECT COUNT(*) AS tp_count FROM zml_item_collect as a LEFT JOIN zml_item b ON a.itemid = b.id  WHERE ( a.time > 1480348800 AND a.time < 1480435199  ) LIMIT 1   [ RunTime:0.0002s ]
SQL: SELECT COUNT(*) AS tp_count FROM zml_item_with_order as a WHERE ( a.create_time > 1480348800 AND a.create_time < 1480435199  ) LIMIT 1   [ RunTime:0.0003s ]
NOTIC: [2] Missing argument 2 for User\Model\ItemInterviewModel::countList(), called in /home/wwwroot/zhongchou.com/App/Admin/Controller/IndexController.class.php on line 37 and defined /home/wwwroot/zhongchou.com/App/User/Model/ItemInterviewModel.class.php 第 51 行.
NOTIC: [8] Undefined variable: count /home/wwwroot/zhongchou.com/App/User/Model/ItemInterviewModel.class.php 第 55 行.
SQL: SELECT COUNT(*) AS tp_count FROM zml_item_interview as a LEFT JOIN zml_item b ON a.itemid = b.id  WHERE ( a.time > 1480348800 AND a.time < 1480435199  ) LIMIT 1   [ RunTime:0.0004s ]
SQL: SELECT SUM(money) AS tp_sum FROM zml_user_money_details as a WHERE ( a.create_time > 1480348800 AND a.create_time < 1480435199  ) AND `type` = 1 LIMIT 1   [ RunTime:0.0002s ]
SQL: SELECT SUM(money) AS tp_sum FROM zml_user_money_details as a WHERE ( a.create_time > 1480348800 AND a.create_time < 1480435199  ) AND `type` = 2 LIMIT 1   [ RunTime:0.0002s ]
SQL: SELECT COUNT(*) AS tp_count FROM zml_user as a WHERE ( a.create_time > 1480348800 AND a.create_time < 1480435199  ) LIMIT 1   [ RunTime:0.0002s ]
INFO: [ view_parse ] --START--
NOTIC: [2] file_get_contents(./Template/Admin/default/Index/foot.html): failed to open stream: No such file or directory /home/wwwroot/zhongchou.com/Inc/Library/Think/Template.class.php 第 696 行.
INFO: [ template_filter ] --START--
INFO: Run Behavior\ContentReplaceBehavior [ RunTime:0.000094s ]
INFO: [ template_filter ] --END-- [ RunTime:0.000204s ]
INFO: Run Behavior\ParseTemplateBehavior [ RunTime:0.038003s ]
INFO: [ view_parse ] --END-- [ RunTime:0.038071s ]
INFO: [ view_filter ] --START--
INFO: Run Behavior\WriteHtmlCacheBehavior [ RunTime:0.000060s ]
INFO: [ view_filter ] --END-- [ RunTime:0.000099s ]
INFO: [ app_end ] --START--
INFO: Run Behavior\ShowPageTraceBehavior [ RunTime:0.000057s ]
INFO: [ app_end ] --END-- [ RunTime:0.000105s ]

[ 2016-11-29T15:17:09+08:00 ] 219.234.151.154 /index.php/Admin/User/user_attest.html
INFO: [ app_init ] --START--
INFO: Run Behavior\BuildLiteBehavior [ RunTime:0.000023s ]
INFO: [ app_init ] --END-- [ RunTime:0.000171s ]
INFO: [ app_begin ] --START--
INFO: Run Behavior\ReadHtmlCacheBehavior [ RunTime:0.000087s ]
INFO: [ app_begin ] --END-- [ RunTime:0.000207s ]
SQL: SHOW COLUMNS FROM `zml_admin_user` [ RunTime:0.0015s ]
SQL: SELECT * FROM `zml_admin_user` WHERE `id` = 1 LIMIT 1   [ RunTime:0.0003s ]
SQL: SHOW COLUMNS FROM `zml_admin_auth_group_access` [ RunTime:0.0007s ]
SQL: SELECT g.title FROM zml_admin_auth_group_access a INNER JOIN zml_admin_auth_group g ON a.group_id=g.id  WHERE a.uid = '1' LIMIT 1   [ RunTime:0.0003s ]
SQL: SHOW COLUMNS FROM `zml_admin_auth_group_access` [ RunTime:0.0008s ]
SQL: SELECT `group_id` FROM `zml_admin_auth_group_access` WHERE `uid` = 1 LIMIT 1   [ RunTime:0.0002s ]
SQL: SHOW COLUMNS FROM `zml_admin_auth_group` [ RunTime:0.0011s ]
SQL: SELECT `rules` FROM `zml_admin_auth_group` WHERE `id` = 1 LIMIT 1   [ RunTime:0.0003s ]
SQL: SHOW COLUMNS FROM `zml_admin_auth_rule` [ RunTime:0.0010s ]
SQL: SELECT * FROM `zml_admin_auth_rule` WHERE `id` IN ('1','13','22','11','3','4','5','6','7','8','9','10','12','52','53','54','55','64','65','14','15','16','17','18','19','20','21','23','24','25','26','27','28','29','30','31','32','33','34','35','36','37','38','39','40','41','42','43','44','45','46','47','48','49','50','51','56','63','57','58','60','61') AND `menu` = 1 AND `pid` = 0  [ RunTime:0.0005s ]
SQL: SELECT * FROM `zml_admin_auth_rule` WHERE `id` IN ('1','13','22','11','3','4','5','6','7','8','9','10','12','52','53','54','55','64','65','14','15','16','17','18','19','20','21','23','24','25','26','27','28','29','30','31','32','33','34','35','36','37','38','39','40','41','42','43','44','45','46','47','48','49','50','51','56','63','57','58','60','61') AND `menu` = 1 AND `pid` = 1  [ RunTime:0.0004s ]
SQL: SELECT * FROM `zml_admin_auth_rule` WHERE `id` IN ('1','13','22','11','3','4','5','6','7','8','9','10','12','52','53','54','55','64','65','14','15','16','17','18','19','20','21','23','24','25','26','27','28','29','30','31','32','33','34','35','36','37','38','39','40','41','42','43','44','45','46','47','48','49','50','51','56','63','57','58','60','61') AND `menu` = 1 AND `pid` = 13  [ RunTime:0.0004s ]
SQL: SELECT * FROM `zml_admin_auth_rule` WHERE `id` IN ('1','13','22','11','3','4','5','6','7','8','9','10','12','52','53','54','55','64','65','14','15','16','17','18','19','20','21','23','24','25','26','27','28','29','30','31','32','33','34','35','36','37','38','39','40','41','42','43','44','45','46','47','48','49','50','51','56','63','57','58','60','61') AND `menu` = 1 AND `pid` = 11  [ RunTime:0.0005s ]
SQL: SELECT * FROM `zml_admin_auth_rule` WHERE `id` IN ('1','13','22','11','3','4','5','6','7','8','9','10','12','52','53','54','55','64','65','14','15','16','17','18','19','20','21','23','24','25','26','27','28','29','30','31','32','33','34','35','36','37','38','39','40','41','42','43','44','45','46','47','48','49','50','51','56','63','57','58','60','61') AND `menu` = 1 AND `pid` = 14  [ RunTime:0.0007s ]
SQL: SELECT * FROM `zml_admin_auth_rule` WHERE `id` IN ('1','13','22','11','3','4','5','6','7','8','9','10','12','52','53','54','55','64','65','14','15','16','17','18','19','20','21','23','24','25','26','27','28','29','30','31','32','33','34','35','36','37','38','39','40','41','42','43','44','45','46','47','48','49','50','51','56','63','57','58','60','61') AND `menu` = 1 AND `pid` = 24  [ RunTime:0.0004s ]
SQL: SELECT * FROM `zml_admin_auth_rule` WHERE `id` IN ('1','13','22','11','3','4','5','6','7','8','9','10','12','52','53','54','55','64','65','14','15','16','17','18','19','20','21','23','24','25','26','27','28','29','30','31','32','33','34','35','36','37','38','39','40','41','42','43','44','45','46','47','48','49','50','51','56','63','57','58','60','61') AND `menu` = 1 AND `pid` = 50  [ RunTime:0.0004s ]
SQL: SELECT * FROM `zml_admin_auth_rule` WHERE `id` IN ('1','13','22','11','3','4','5','6','7','8','9','10','12','52','53','54','55','64','65','14','15','16','17','18','19','20','21','23','24','25','26','27','28','29','30','31','32','33','34','35','36','37','38','39','40','41','42','43','44','45','46','47','48','49','50','51','56','63','57','58','60','61') AND `menu` = 1 AND `pid` = 57  [ RunTime:0.0004s ]
SQL: SELECT * FROM `zml_admin_auth_rule` WHERE `id` IN ('1','13','22','11','3','4','5','6','7','8','9','10','12','52','53','54','55','64','65','14','15','16','17','18','19','20','21','23','24','25','26','27','28','29','30','31','32','33','34','35','36','37','38','39','40','41','42','43','44','45','46','47','48','49','50','51','56','63','57','58','60','61') AND `menu` = 1 AND `pid` = 60  [ RunTime:0.0004s ]
SQL: SHOW COLUMNS FROM `zml_user_attest` [ RunTime:0.0010s ]
NOTIC: [8] Undefined variable: where /home/wwwroot/zhongchou.com/App/Admin/Controller/UserController.class.php 第 67 行.
SQL: SHOW COLUMNS FROM `zml_user_attest` [ RunTime:0.0008s ]
SQL: SELECT COUNT(*) AS tp_count FROM zml_user_attest as a LIMIT 1   [ RunTime:0.0003s ]
NOTIC: [8] Undefined variable: where /home/wwwroot/zhongchou.com/App/Admin/Controller/UserController.class.php 第 74 行.
SQL: SELECT a.*,a.status as attest_status,b.name as user_name,`age`,`points`,`create_time`,`phone`,`sex`,`area`,`address` FROM zml_user_attest as a LEFT JOIN zml_user b ON a.uin = b.uin  ORDER BY time desc LIMIT 0,10   [ RunTime:0.0006s ]
INFO: [ view_parse ] --START--
NOTIC: [2] file_get_contents(./Template/Admin/default/User/foot.html): failed to open stream: No such file or directory /home/wwwroot/zhongchou.com/Inc/Library/Think/Template.class.php 第 696 行.
INFO: [ template_filter ] --START--
INFO: Run Behavior\ContentReplaceBehavior [ RunTime:0.000107s ]
INFO: [ template_filter ] --END-- [ RunTime:0.000209s ]
NOTIC: [8] Undefined index: status /home/wwwroot/zhongchou.com/Runtime/Cache/Admin/e3073fa1c95fbd9f5317e56f5b33ee79.php 第 181 行.
NOTIC: [8] Undefined index: status /home/wwwroot/zhongchou.com/Runtime/Cache/Admin/e3073fa1c95fbd9f5317e56f5b33ee79.php 第 183 行.
NOTIC: [8] Undefined index: status /home/wwwroot/zhongchou.com/Runtime/Cache/Admin/e3073fa1c95fbd9f5317e56f5b33ee79.php 第 185 行.
SQL: SHOW COLUMNS FROM `zml_region` [ RunTime:0.0012s ]
SQL: SELECT * FROM `zml_region` WHERE `id` = 360702 LIMIT 1   [ RunTime:0.0003s ]
SQL: SELECT * FROM `zml_region` WHERE `id` = 360700 LIMIT 1   [ RunTime:0.0002s ]
SQL: SELECT * FROM `zml_region` WHERE `id` = 360000 LIMIT 1   [ RunTime:0.0002s ]
INFO: Run Behavior\ParseTemplateBehavior [ RunTime:0.417264s ]
INFO: [ view_parse ] --END-- [ RunTime:0.417322s ]
INFO: [ view_filter ] --START--
INFO: Run Behavior\WriteHtmlCacheBehavior [ RunTime:0.000110s ]
INFO: [ view_filter ] --END-- [ RunTime:0.000182s ]
INFO: [ app_end ] --START--
INFO: Run Behavior\ShowPageTraceBehavior [ RunTime:0.000062s ]
INFO: [ app_end ] --END-- [ RunTime:0.000117s ]

[ 2016-11-29T15:18:09+08:00 ] 219.234.151.154 /Admin/User/user_attest.html
INFO: [ app_init ] --START--
INFO: Run Behavior\BuildLiteBehavior [ RunTime:0.000023s ]
INFO: [ app_init ] --END-- [ RunTime:0.000177s ]
INFO: [ app_begin ] --START--
INFO: Run Behavior\ReadHtmlCacheBehavior [ RunTime:0.000081s ]
INFO: [ app_begin ] --END-- [ RunTime:0.000156s ]
SQL: SHOW COLUMNS FROM `zml_admin_user` [ RunTime:0.0029s ]
SQL: SELECT * FROM `zml_admin_user` WHERE `id` = 1 LIMIT 1   [ RunTime:0.0003s ]
SQL: SHOW COLUMNS FROM `zml_admin_auth_group_access` [ RunTime:0.0008s ]
SQL: SELECT g.title FROM zml_admin_auth_group_access a INNER JOIN zml_admin_auth_group g ON a.group_id=g.id  WHERE a.uid = '1' LIMIT 1   [ RunTime:0.0003s ]
SQL: SHOW COLUMNS FROM `zml_admin_auth_group_access` [ RunTime:0.0008s ]
SQL: SELECT `group_id` FROM `zml_admin_auth_group_access` WHERE `uid` = 1 LIMIT 1   [ RunTime:0.0002s ]
SQL: SHOW COLUMNS FROM `zml_admin_auth_group` [ RunTime:0.0009s ]
SQL: SELECT `rules` FROM `zml_admin_auth_group` WHERE `id` = 1 LIMIT 1   [ RunTime:0.0003s ]
SQL: SHOW COLUMNS FROM `zml_admin_auth_rule` [ RunTime:0.0010s ]
SQL: SELECT * FROM `zml_admin_auth_rule` WHERE `id` IN ('1','13','22','11','3','4','5','6','7','8','9','10','12','52','53','54','55','64','65','14','15','16','17','18','19','20','21','23','24','25','26','27','28','29','30','31','32','33','34','35','36','37','38','39','40','41','42','43','44','45','46','47','48','49','50','51','56','63','57','58','60','61') AND `menu` = 1 AND `pid` = 0  [ RunTime:0.0006s ]
SQL: SELECT * FROM `zml_admin_auth_rule` WHERE `id` IN ('1','13','22','11','3','4','5','6','7','8','9','10','12','52','53','54','55','64','65','14','15','16','17','18','19','20','21','23','24','25','26','27','28','29','30','31','32','33','34','35','36','37','38','39','40','41','42','43','44','45','46','47','48','49','50','51','56','63','57','58','60','61') AND `menu` = 1 AND `pid` = 1  [ RunTime:0.0006s ]
SQL: SELECT * FROM `zml_admin_auth_rule` WHERE `id` IN ('1','13','22','11','3','4','5','6','7','8','9','10','12','52','53','54','55','64','65','14','15','16','17','18','19','20','21','23','24','25','26','27','28','29','30','31','32','33','34','35','36','37','38','39','40','41','42','43','44','45','46','47','48','49','50','51','56','63','57','58','60','61') AND `menu` = 1 AND `pid` = 13  [ RunTime:0.0007s ]
SQL: SELECT * FROM `zml_admin_auth_rule` WHERE `id` IN ('1','13','22','11','3','4','5','6','7','8','9','10','12','52','53','54','55','64','65','14','15','16','17','18','19','20','21','23','24','25','26','27','28','29','30','31','32','33','34','35','36','37','38','39','40','41','42','43','44','45','46','47','48','49','50','51','56','63','57','58','60','61') AND `menu` = 1 AND `pid` = 11  [ RunTime:0.0003s ]
SQL: SELECT * FROM `zml_admin_auth_rule` WHERE `id` IN ('1','13','22','11','3','4','5','6','7','8','9','10','12','52','53','54','55','64','65','14','15','16','17','18','19','20','21','23','24','25','26','27','28','29','30','31','32','33','34','35','36','37','38','39','40','41','42','43','44','45','46','47','48','49','50','51','56','63','57','58','60','61') AND `menu` = 1 AND `pid` = 14  [ RunTime:0.0003s ]
SQL: SELECT * FROM `zml_admin_auth_rule` WHERE `id` IN ('1','13','22','11','3','4','5','6','7','8','9','10','12','52','53','54','55','64','65','14','15','16','17','18','19','20','21','23','24','25','26','27','28','29','30','31','32','33','34','35','36','37','38','39','40','41','42','43','44','45','46','47','48','49','50','51','56','63','57','58','60','61') AND `menu` = 1 AND `pid` = 24  [ RunTime:0.0004s ]
SQL: SELECT * FROM `zml_admin_auth_rule` WHERE `id` IN ('1','13','22','11','3','4','5','6','7','8','9','10','12','52','53','54','55','64','65','14','15','16','17','18','19','20','21','23','24','25','26','27','28','29','30','31','32','33','34','35','36','37','38','39','40','41','42','43','44','45','46','47','48','49','50','51','56','63','57','58','60','61') AND `menu` = 1 AND `pid` = 50  [ RunTime:0.0005s ]
SQL: SELECT * FROM `zml_admin_auth_rule` WHERE `id` IN ('1','13','22','11','3','4','5','6','7','8','9','10','12','52','53','54','55','64','65','14','15','16','17','18','19','20','21','23','24','25','26','27','28','29','30','31','32','33','34','35','36','37','38','39','40','41','42','43','44','45','46','47','48','49','50','51','56','63','57','58','60','61') AND `menu` = 1 AND `pid` = 57  [ RunTime:0.0003s ]
SQL: SELECT * FROM `zml_admin_auth_rule` WHERE `id` IN ('1','13','22','11','3','4','5','6','7','8','9','10','12','52','53','54','55','64','65','14','15','16','17','18','19','20','21','23','24','25','26','27','28','29','30','31','32','33','34','35','36','37','38','39','40','41','42','43','44','45','46','47','48','49','50','51','56','63','57','58','60','61') AND `menu` = 1 AND `pid` = 60  [ RunTime:0.0003s ]
SQL: SHOW COLUMNS FROM `zml_user_attest` [ RunTime:0.0008s ]
NOTIC: [8] Undefined variable: where /home/wwwroot/zhongchou.com/App/Admin/Controller/UserController.class.php 第 67 行.
SQL: SHOW COLUMNS FROM `zml_user_attest` [ RunTime:0.0006s ]
SQL: SELECT COUNT(*) AS tp_count FROM zml_user_attest as a LIMIT 1   [ RunTime:0.0002s ]
NOTIC: [8] Undefined variable: where /home/wwwroot/zhongchou.com/App/Admin/Controller/UserController.class.php 第 74 行.
SQL: SELECT a.*,a.status as attest_status,b.name as user_name,`age`,`points`,`create_time`,`phone`,`sex`,`area`,`address` FROM zml_user_attest as a LEFT JOIN zml_user b ON a.uin = b.uin  ORDER BY time desc LIMIT 0,10   [ RunTime:0.0004s ]
INFO: [ view_parse ] --START--
NOTIC: [2] file_get_contents(./Template/Admin/default/User/foot.html): failed to open stream: No such file or directory /home/wwwroot/zhongchou.com/Inc/Library/Think/Template.class.php 第 696 行.
INFO: [ template_filter ] --START--
INFO: Run Behavior\ContentReplaceBehavior [ RunTime:0.000086s ]
INFO: [ template_filter ] --END-- [ RunTime:0.000153s ]
NOTIC: [8] Undefined index: status /home/wwwroot/zhongchou.com/Runtime/Cache/Admin/e3073fa1c95fbd9f5317e56f5b33ee79.php 第 181 行.
NOTIC: [8] Undefined index: status /home/wwwroot/zhongchou.com/Runtime/Cache/Admin/e3073fa1c95fbd9f5317e56f5b33ee79.php 第 183 行.
NOTIC: [8] Undefined index: status /home/wwwroot/zhongchou.com/Runtime/Cache/Admin/e3073fa1c95fbd9f5317e56f5b33ee79.php 第 185 行.
SQL: SHOW COLUMNS FROM `zml_region` [ RunTime:0.0010s ]
SQL: SELECT * FROM `zml_region` WHERE `id` = 360702 LIMIT 1   [ RunTime:0.0003s ]
SQL: SELECT * FROM `zml_region` WHERE `id` = 360700 LIMIT 1   [ RunTime:0.0005s ]
SQL: SELECT * FROM `zml_region` WHERE `id` = 360000 LIMIT 1   [ RunTime:0.0003s ]
INFO: Run Behavior\ParseTemplateBehavior [ RunTime:0.016868s ]
INFO: [ view_parse ] --END-- [ RunTime:0.016956s ]
INFO: [ view_filter ] --START--
INFO: Run Behavior\WriteHtmlCacheBehavior [ RunTime:0.000119s ]
INFO: [ view_filter ] --END-- [ RunTime:0.000186s ]
INFO: [ app_end ] --START--
INFO: Run Behavior\ShowPageTraceBehavior [ RunTime:0.000204s ]
INFO: [ app_end ] --END-- [ RunTime:0.000286s ]

[ 2016-11-29T15:18:50+08:00 ] 219.234.151.154 /index.php/Admin/Auth/role.html
INFO: [ app_init ] --START--
INFO: Run Behavior\BuildLiteBehavior [ RunTime:0.000021s ]
INFO: [ app_init ] --END-- [ RunTime:0.000157s ]
INFO: [ app_begin ] --START--
INFO: Run Behavior\ReadHtmlCacheBehavior [ RunTime:0.000084s ]
INFO: [ app_begin ] --END-- [ RunTime:0.000156s ]
SQL: SHOW COLUMNS FROM `zml_admin_user` [ RunTime:0.0012s ]
SQL: SELECT * FROM `zml_admin_user` WHERE `id` = 1 LIMIT 1   [ RunTime:0.0003s ]
SQL: SHOW COLUMNS FROM `zml_admin_auth_group_access` [ RunTime:0.0008s ]
SQL: SELECT g.title FROM zml_admin_auth_group_access a INNER JOIN zml_admin_auth_group g ON a.group_id=g.id  WHERE a.uid = '1' LIMIT 1   [ RunTime:0.0002s ]
SQL: SHOW COLUMNS FROM `zml_admin_auth_group_access` [ RunTime:0.0006s ]
SQL: SELECT `group_id` FROM `zml_admin_auth_group_access` WHERE `uid` = 1 LIMIT 1   [ RunTime:0.0002s ]
SQL: SHOW COLUMNS FROM `zml_admin_auth_group` [ RunTime:0.0006s ]
SQL: SELECT `rules` FROM `zml_admin_auth_group` WHERE `id` = 1 LIMIT 1   [ RunTime:0.0005s ]
SQL: SHOW COLUMNS FROM `zml_admin_auth_rule` [ RunTime:0.0010s ]
SQL: SELECT * FROM `zml_admin_auth_rule` WHERE `id` IN ('1','13','22','11','3','4','5','6','7','8','9','10','12','52','53','54','55','64','65','14','15','16','17','18','19','20','21','23','24','25','26','27','28','29','30','31','32','33','34','35','36','37','38','39','40','41','42','43','44','45','46','47','48','49','50','51','56','63','57','58','60','61') AND `menu` = 1 AND `pid` = 0  [ RunTime:0.0004s ]
SQL: SELECT * FROM `zml_admin_auth_rule` WHERE `id` IN ('1','13','22','11','3','4','5','6','7','8','9','10','12','52','53','54','55','64','65','14','15','16','17','18','19','20','21','23','24','25','26','27','28','29','30','31','32','33','34','35','36','37','38','39','40','41','42','43','44','45','46','47','48','49','50','51','56','63','57','58','60','61') AND `menu` = 1 AND `pid` = 1  [ RunTime:0.0004s ]
SQL: SELECT * FROM `zml_admin_auth_rule` WHERE `id` IN ('1','13','22','11','3','4','5','6','7','8','9','10','12','52','53','54','55','64','65','14','15','16','17','18','19','20','21','23','24','25','26','27','28','29','30','31','32','33','34','35','36','37','38','39','40','41','42','43','44','45','46','47','48','49','50','51','56','63','57','58','60','61') AND `menu` = 1 AND `pid` = 13  [ RunTime:0.0004s ]
SQL: SELECT * FROM `zml_admin_auth_rule` WHERE `id` IN ('1','13','22','11','3','4','5','6','7','8','9','10','12','52','53','54','55','64','65','14','15','16','17','18','19','20','21','23','24','25','26','27','28','29','30','31','32','33','34','35','36','37','38','39','40','41','42','43','44','45','46','47','48','49','50','51','56','63','57','58','60','61') AND `menu` = 1 AND `pid` = 11  [ RunTime:0.0004s ]
SQL: SELECT * FROM `zml_admin_auth_rule` WHERE `id` IN ('1','13','22','11','3','4','5','6','7','8','9','10','12','52','53','54','55','64','65','14','15','16','17','18','19','20','21','23','24','25','26','27','28','29','30','31','32','33','34','35','36','37','38','39','40','41','42','43','44','45','46','47','48','49','50','51','56','63','57','58','60','61') AND `menu` = 1 AND `pid` = 14  [ RunTime:0.0004s ]
SQL: SELECT * FROM `zml_admin_auth_rule` WHERE `id` IN ('1','13','22','11','3','4','5','6','7','8','9','10','12','52','53','54','55','64','65','14','15','16','17','18','19','20','21','23','24','25','26','27','28','29','30','31','32','33','34','35','36','37','38','39','40','41','42','43','44','45','46','47','48','49','50','51','56','63','57','58','60','61') AND `menu` = 1 AND `pid` = 24  [ RunTime:0.0004s ]
SQL: SELECT * FROM `zml_admin_auth_rule` WHERE `id` IN ('1','13','22','11','3','4','5','6','7','8','9','10','12','52','53','54','55','64','65','14','15','16','17','18','19','20','21','23','24','25','26','27','28','29','30','31','32','33','34','35','36','37','38','39','40','41','42','43','44','45','46','47','48','49','50','51','56','63','57','58','60','61') AND `menu` = 1 AND `pid` = 50  [ RunTime:0.0003s ]
SQL: SELECT * FROM `zml_admin_auth_rule` WHERE `id` IN ('1','13','22','11','3','4','5','6','7','8','9','10','12','52','53','54','55','64','65','14','15','16','17','18','19','20','21','23','24','25','26','27','28','29','30','31','32','33','34','35','36','37','38','39','40','41','42','43','44','45','46','47','48','49','50','51','56','63','57','58','60','61') AND `menu` = 1 AND `pid` = 57  [ RunTime:0.0004s ]
SQL: SELECT * FROM `zml_admin_auth_rule` WHERE `id` IN ('1','13','22','11','3','4','5','6','7','8','9','10','12','52','53','54','55','64','65','14','15','16','17','18','19','20','21','23','24','25','26','27','28','29','30','31','32','33','34','35','36','37','38','39','40','41','42','43','44','45','46','47','48','49','50','51','56','63','57','58','60','61') AND `menu` = 1 AND `pid` = 60  [ RunTime:0.0005s ]
SQL: SELECT * FROM `zml_admin_auth_group`  [ RunTime:0.0003s ]
INFO: [ view_parse ] --START--
NOTIC: [2] file_get_contents(./Template/Admin/default/Auth/foot.html): failed to open stream: No such file or directory /home/wwwroot/zhongchou.com/Inc/Library/Think/Template.class.php 第 696 行.
INFO: [ template_filter ] --START--
INFO: Run Behavior\ContentReplaceBehavior [ RunTime:0.000128s ]
INFO: [ template_filter ] --END-- [ RunTime:0.000200s ]
INFO: Run Behavior\ParseTemplateBehavior [ RunTime:0.030357s ]
INFO: [ view_parse ] --END-- [ RunTime:0.030450s ]
INFO: [ view_filter ] --START--
INFO: Run Behavior\WriteHtmlCacheBehavior [ RunTime:0.000098s ]
INFO: [ view_filter ] --END-- [ RunTime:0.000209s ]
INFO: [ app_end ] --START--
INFO: Run Behavior\ShowPageTraceBehavior [ RunTime:0.000088s ]
INFO: [ app_end ] --END-- [ RunTime:0.000172s ]

[ 2016-11-29T15:18:52+08:00 ] 219.234.151.154 /index.php/Admin/News/category.html
INFO: [ app_init ] --START--
INFO: Run Behavior\BuildLiteBehavior [ RunTime:0.000019s ]
INFO: [ app_init ] --END-- [ RunTime:0.000131s ]
INFO: [ app_begin ] --START--
INFO: Run Behavior\ReadHtmlCacheBehavior [ RunTime:0.000058s ]
INFO: [ app_begin ] --END-- [ RunTime:0.000124s ]
SQL: SHOW COLUMNS FROM `zml_admin_user` [ RunTime:0.0011s ]
SQL: SELECT * FROM `zml_admin_user` WHERE `id` = 1 LIMIT 1   [ RunTime:0.0003s ]
SQL: SHOW COLUMNS FROM `zml_admin_auth_group_access` [ RunTime:0.0009s ]
SQL: SELECT g.title FROM zml_admin_auth_group_access a INNER JOIN zml_admin_auth_group g ON a.group_id=g.id  WHERE a.uid = '1' LIMIT 1   [ RunTime:0.0003s ]
SQL: SHOW COLUMNS FROM `zml_admin_auth_group_access` [ RunTime:0.0008s ]
SQL: SELECT `group_id` FROM `zml_admin_auth_group_access` WHERE `uid` = 1 LIMIT 1   [ RunTime:0.0002s ]
SQL: SHOW COLUMNS FROM `zml_admin_auth_group` [ RunTime:0.0006s ]
SQL: SELECT `rules` FROM `zml_admin_auth_group` WHERE `id` = 1 LIMIT 1   [ RunTime:0.0002s ]
SQL: SHOW COLUMNS FROM `zml_admin_auth_rule` [ RunTime:0.0006s ]
SQL: SELECT * FROM `zml_admin_auth_rule` WHERE `id` IN ('1','13','22','11','3','4','5','6','7','8','9','10','12','52','53','54','55','64','65','14','15','16','17','18','19','20','21','23','24','25','26','27','28','29','30','31','32','33','34','35','36','37','38','39','40','41','42','43','44','45','46','47','48','49','50','51','56','63','57','58','60','61') AND `menu` = 1 AND `pid` = 0  [ RunTime:0.0004s ]
SQL: SELECT * FROM `zml_admin_auth_rule` WHERE `id` IN ('1','13','22','11','3','4','5','6','7','8','9','10','12','52','53','54','55','64','65','14','15','16','17','18','19','20','21','23','24','25','26','27','28','29','30','31','32','33','34','35','36','37','38','39','40','41','42','43','44','45','46','47','48','49','50','51','56','63','57','58','60','61') AND `menu` = 1 AND `pid` = 1  [ RunTime:0.0004s ]
SQL: SELECT * FROM `zml_admin_auth_rule` WHERE `id` IN ('1','13','22','11','3','4','5','6','7','8','9','10','12','52','53','54','55','64','65','14','15','16','17','18','19','20','21','23','24','25','26','27','28','29','30','31','32','33','34','35','36','37','38','39','40','41','42','43','44','45','46','47','48','49','50','51','56','63','57','58','60','61') AND `menu` = 1 AND `pid` = 13  [ RunTime:0.0003s ]
SQL: SELECT * FROM `zml_admin_auth_rule` WHERE `id` IN ('1','13','22','11','3','4','5','6','7','8','9','10','12','52','53','54','55','64','65','14','15','16','17','18','19','20','21','23','24','25','26','27','28','29','30','31','32','33','34','35','36','37','38','39','40','41','42','43','44','45','46','47','48','49','50','51','56','63','57','58','60','61') AND `menu` = 1 AND `pid` = 11  [ RunTime:0.0003s ]
SQL: SELECT * FROM `zml_admin_auth_rule` WHERE `id` IN ('1','13','22','11','3','4','5','6','7','8','9','10','12','52','53','54','55','64','65','14','15','16','17','18','19','20','21','23','24','25','26','27','28','29','30','31','32','33','34','35','36','37','38','39','40','41','42','43','44','45','46','47','48','49','50','51','56','63','57','58','60','61') AND `menu` = 1 AND `pid` = 14  [ RunTime:0.0003s ]
SQL: SELECT * FROM `zml_admin_auth_rule` WHERE `id` IN ('1','13','22','11','3','4','5','6','7','8','9','10','12','52','53','54','55','64','65','14','15','16','17','18','19','20','21','23','24','25','26','27','28','29','30','31','32','33','34','35','36','37','38','39','40','41','42','43','44','45','46','47','48','49','50','51','56','63','57','58','60','61') AND `menu` = 1 AND `pid` = 24  [ RunTime:0.0003s ]
SQL: SELECT * FROM `zml_admin_auth_rule` WHERE `id` IN ('1','13','22','11','3','4','5','6','7','8','9','10','12','52','53','54','55','64','65','14','15','16','17','18','19','20','21','23','24','25','26','27','28','29','30','31','32','33','34','35','36','37','38','39','40','41','42','43','44','45','46','47','48','49','50','51','56','63','57','58','60','61') AND `menu` = 1 AND `pid` = 50  [ RunTime:0.0003s ]
SQL: SELECT * FROM `zml_admin_auth_rule` WHERE `id` IN ('1','13','22','11','3','4','5','6','7','8','9','10','12','52','53','54','55','64','65','14','15','16','17','18','19','20','21','23','24','25','26','27','28','29','30','31','32','33','34','35','36','37','38','39','40','41','42','43','44','45','46','47','48','49','50','51','56','63','57','58','60','61') AND `menu` = 1 AND `pid` = 57  [ RunTime:0.0003s ]
SQL: SELECT * FROM `zml_admin_auth_rule` WHERE `id` IN ('1','13','22','11','3','4','5','6','7','8','9','10','12','52','53','54','55','64','65','14','15','16','17','18','19','20','21','23','24','25','26','27','28','29','30','31','32','33','34','35','36','37','38','39','40','41','42','43','44','45','46','47','48','49','50','51','56','63','57','58','60','61') AND `menu` = 1 AND `pid` = 60  [ RunTime:0.0003s ]
SQL: SHOW COLUMNS FROM `zml_news_category` [ RunTime:0.0009s ]
SQL: SELECT * FROM `zml_news_category` WHERE `pid` = 0 ORDER BY sort desc  [ RunTime:0.0002s ]
SQL: SELECT * FROM `zml_news_category` WHERE `pid` = 1 ORDER BY sort desc  [ RunTime:0.0002s ]
INFO: [ view_parse ] --START--
NOTIC: [2] file_get_contents(./Template/Admin/default/News/foot.html): failed to open stream: No such file or directory /home/wwwroot/zhongchou.com/Inc/Library/Think/Template.class.php 第 696 行.
INFO: [ template_filter ] --START--
INFO: Run Behavior\ContentReplaceBehavior [ RunTime:0.000091s ]
INFO: [ template_filter ] --END-- [ RunTime:0.000165s ]
NOTIC: [8] Undefined variable: page /home/wwwroot/zhongchou.com/Runtime/Cache/Admin/a11a3028f8386ac7401e1fe4abb51237.php 第 269 行.
INFO: Run Behavior\ParseTemplateBehavior [ RunTime:0.029842s ]
INFO: [ view_parse ] --END-- [ RunTime:0.029895s ]
INFO: [ view_filter ] --START--
INFO: Run Behavior\WriteHtmlCacheBehavior [ RunTime:0.000052s ]
INFO: [ view_filter ] --END-- [ RunTime:0.000090s ]
INFO: [ app_end ] --START--
INFO: Run Behavior\ShowPageTraceBehavior [ RunTime:0.000048s ]
INFO: [ app_end ] --END-- [ RunTime:0.000097s ]

