[ 2016-11-18T15:08:02+08:00 ] 123.123.7.208 /index.php/Admin/System/sms_config.html?type=undefined
INFO: [ app_init ] --START--
INFO: Run Behavior\BuildLiteBehavior [ RunTime:0.000017s ]
INFO: [ app_init ] --END-- [ RunTime:0.000145s ]
INFO: [ app_begin ] --START--
INFO: Run Behavior\ReadHtmlCacheBehavior [ RunTime:0.000086s ]
INFO: [ app_begin ] --END-- [ RunTime:0.000162s ]

[ 2016-11-18T15:08:02+08:00 ] 123.123.7.208 /index.php/Admin/Public/login.html
INFO: [ app_init ] --START--
INFO: Run Behavior\BuildLiteBehavior [ RunTime:0.000026s ]
INFO: [ app_init ] --END-- [ RunTime:0.000177s ]
INFO: [ app_begin ] --START--
INFO: Run Behavior\ReadHtmlCacheBehavior [ RunTime:0.000080s ]
INFO: [ app_begin ] --END-- [ RunTime:0.000151s ]
INFO: [ view_parse ] --START--
INFO: [ template_filter ] --START--
INFO: Run Behavior\ContentReplaceBehavior [ RunTime:0.000083s ]
INFO: [ template_filter ] --END-- [ RunTime:0.000174s ]
INFO: Run Behavior\ParseTemplateBehavior [ RunTime:0.017138s ]
INFO: [ view_parse ] --END-- [ RunTime:0.017195s ]
INFO: [ view_filter ] --START--
INFO: Run Behavior\WriteHtmlCacheBehavior [ RunTime:0.000056s ]
INFO: [ view_filter ] --END-- [ RunTime:0.000093s ]
INFO: [ app_end ] --START--
INFO: Run Behavior\ShowPageTraceBehavior [ RunTime:0.000056s ]
INFO: [ app_end ] --END-- [ RunTime:0.000096s ]

[ 2016-11-18T15:08:06+08:00 ] 123.123.7.208 /index.php/Admin/System/sms_config.html?type=undefined
INFO: [ app_init ] --START--
INFO: Run Behavior\BuildLiteBehavior [ RunTime:0.000024s ]
INFO: [ app_init ] --END-- [ RunTime:0.000177s ]
INFO: [ app_begin ] --START--
INFO: Run Behavior\ReadHtmlCacheBehavior [ RunTime:0.000052s ]
INFO: [ app_begin ] --END-- [ RunTime:0.000099s ]

[ 2016-11-18T15:08:06+08:00 ] 123.123.7.208 /index.php/Admin/Public/login.html
INFO: [ app_init ] --START--
INFO: Run Behavior\BuildLiteBehavior [ RunTime:0.000014s ]
INFO: [ app_init ] --END-- [ RunTime:0.000096s ]
INFO: [ app_begin ] --START--
INFO: Run Behavior\ReadHtmlCacheBehavior [ RunTime:0.000041s ]
INFO: [ app_begin ] --END-- [ RunTime:0.000088s ]
INFO: [ view_parse ] --START--
INFO: [ template_filter ] --START--
INFO: Run Behavior\ContentReplaceBehavior [ RunTime:0.000051s ]
INFO: [ template_filter ] --END-- [ RunTime:0.000117s ]
INFO: Run Behavior\ParseTemplateBehavior [ RunTime:0.002785s ]
INFO: [ view_parse ] --END-- [ RunTime:0.002832s ]
INFO: [ view_filter ] --START--
INFO: Run Behavior\WriteHtmlCacheBehavior [ RunTime:0.000050s ]
INFO: [ view_filter ] --END-- [ RunTime:0.000086s ]
INFO: [ app_end ] --START--
INFO: Run Behavior\ShowPageTraceBehavior [ RunTime:0.000057s ]
INFO: [ app_end ] --END-- [ RunTime:0.000102s ]

[ 2016-11-18T15:08:10+08:00 ] 123.123.7.208 /index.php/Admin/User/user_attest.html
INFO: [ app_init ] --START--
INFO: Run Behavior\BuildLiteBehavior [ RunTime:0.000014s ]
INFO: [ app_init ] --END-- [ RunTime:0.000105s ]
INFO: [ app_begin ] --START--
INFO: Run Behavior\ReadHtmlCacheBehavior [ RunTime:0.000047s ]
INFO: [ app_begin ] --END-- [ RunTime:0.000093s ]

[ 2016-11-18T15:08:10+08:00 ] 123.123.7.208 /index.php/Admin/Public/login.html
INFO: [ app_init ] --START--
INFO: Run Behavior\BuildLiteBehavior [ RunTime:0.000020s ]
INFO: [ app_init ] --END-- [ RunTime:0.000144s ]
INFO: [ app_begin ] --START--
INFO: Run Behavior\ReadHtmlCacheBehavior [ RunTime:0.000066s ]
INFO: [ app_begin ] --END-- [ RunTime:0.000142s ]
INFO: [ view_parse ] --START--
INFO: [ template_filter ] --START--
INFO: Run Behavior\ContentReplaceBehavior [ RunTime:0.000082s ]
INFO: [ template_filter ] --END-- [ RunTime:0.000173s ]
INFO: Run Behavior\ParseTemplateBehavior [ RunTime:0.004263s ]
INFO: [ view_parse ] --END-- [ RunTime:0.004336s ]
INFO: [ view_filter ] --START--
INFO: Run Behavior\WriteHtmlCacheBehavior [ RunTime:0.000077s ]
INFO: [ view_filter ] --END-- [ RunTime:0.000140s ]
INFO: [ app_end ] --START--
INFO: Run Behavior\ShowPageTraceBehavior [ RunTime:0.000077s ]
INFO: [ app_end ] --END-- [ RunTime:0.000147s ]

[ 2016-11-18T15:08:12+08:00 ] 123.123.7.208 /index.php/Admin/Public/login.html
INFO: [ app_init ] --START--
INFO: Run Behavior\BuildLiteBehavior [ RunTime:0.000059s ]
INFO: [ app_init ] --END-- [ RunTime:0.000225s ]
INFO: [ app_begin ] --START--
INFO: Run Behavior\ReadHtmlCacheBehavior [ RunTime:0.000043s ]
INFO: [ app_begin ] --END-- [ RunTime:0.000094s ]
SQL: SHOW COLUMNS FROM `zml_admin_user` [ RunTime:0.0012s ]
SQL: SELECT * FROM `zml_admin_user` WHERE `username` = '1233' LIMIT 1   [ RunTime:0.0397s ]

[ 2016-11-18T15:08:18+08:00 ] 123.123.7.208 /index.php/Admin/Public/login.html
INFO: [ app_init ] --START--
INFO: Run Behavior\BuildLiteBehavior [ RunTime:0.000014s ]
INFO: [ app_init ] --END-- [ RunTime:0.000106s ]
INFO: [ app_begin ] --START--
INFO: Run Behavior\ReadHtmlCacheBehavior [ RunTime:0.000046s ]
INFO: [ app_begin ] --END-- [ RunTime:0.000093s ]
SQL: SHOW COLUMNS FROM `zml_admin_user` [ RunTime:0.0010s ]
SQL: SELECT * FROM `zml_admin_user` WHERE `username` = 'admin' LIMIT 1   [ RunTime:0.0002s ]
SQL: UPDATE `zml_admin_user` SET `login_key`='42844c4c369112b0c52f5b62af861b3f' WHERE `id` = 1 [ RunTime:0.0003s ]
SQL: UPDATE `zml_admin_user` SET `last_login_time`='1479452898',`last_login_ip`='123.123.7.208',`login_count`=(login_count+1) WHERE `id` = 1 [ RunTime:0.0103s ]

[ 2016-11-18T15:08:18+08:00 ] 101.226.85.67 /index.php/Admin/Public/login.html
INFO: [ app_init ] --START--
INFO: Run Behavior\BuildLiteBehavior [ RunTime:0.000023s ]
INFO: [ app_init ] --END-- [ RunTime:0.000148s ]
INFO: [ app_begin ] --START--
INFO: Run Behavior\ReadHtmlCacheBehavior [ RunTime:0.000043s ]
INFO: [ app_begin ] --END-- [ RunTime:0.000091s ]
INFO: [ view_parse ] --START--
INFO: [ template_filter ] --START--
INFO: Run Behavior\ContentReplaceBehavior [ RunTime:0.000148s ]
INFO: [ template_filter ] --END-- [ RunTime:0.000230s ]
INFO: Run Behavior\ParseTemplateBehavior [ RunTime:0.003210s ]
INFO: [ view_parse ] --END-- [ RunTime:0.003259s ]
INFO: [ view_filter ] --START--
INFO: Run Behavior\WriteHtmlCacheBehavior [ RunTime:0.000054s ]
INFO: [ view_filter ] --END-- [ RunTime:0.000091s ]
INFO: [ app_end ] --START--
INFO: Run Behavior\ShowPageTraceBehavior [ RunTime:0.000048s ]
INFO: [ app_end ] --END-- [ RunTime:0.000089s ]

[ 2016-11-18T15:08:18+08:00 ] 123.123.7.208 /Admin/
INFO: [ app_init ] --START--
INFO: Run Behavior\BuildLiteBehavior [ RunTime:0.000016s ]
INFO: [ app_init ] --END-- [ RunTime:0.000110s ]
INFO: [ app_begin ] --START--
INFO: Run Behavior\ReadHtmlCacheBehavior [ RunTime:0.000049s ]
INFO: [ app_begin ] --END-- [ RunTime:0.000105s ]
SQL: SHOW COLUMNS FROM `zml_admin_user` [ RunTime:0.0010s ]
SQL: SELECT * FROM `zml_admin_user` WHERE `id` = 1 LIMIT 1   [ RunTime:0.0003s ]
SQL: SHOW COLUMNS FROM `zml_admin_auth_group_access` [ RunTime:0.0006s ]
SQL: SELECT g.title FROM zml_admin_auth_group_access a INNER JOIN zml_admin_auth_group g ON a.group_id=g.id  WHERE a.uid = '1' LIMIT 1   [ RunTime:0.0246s ]
SQL: SHOW COLUMNS FROM `zml_admin_auth_group_access` [ RunTime:0.0011s ]
SQL: SELECT `group_id` FROM `zml_admin_auth_group_access` WHERE `uid` = 1 LIMIT 1   [ RunTime:0.0002s ]
SQL: SHOW COLUMNS FROM `zml_admin_auth_group` [ RunTime:0.0007s ]
SQL: SELECT `rules` FROM `zml_admin_auth_group` WHERE `id` = 1 LIMIT 1   [ RunTime:0.0002s ]
SQL: SHOW COLUMNS FROM `zml_admin_auth_rule` [ RunTime:0.0008s ]
SQL: SELECT * FROM `zml_admin_auth_rule` WHERE `id` IN ('1','13','22','11','3','4','5','6','7','8','9','10','12','52','53','54','55','64','65','14','15','16','17','18','19','20','21','23','24','25','26','27','28','29','30','31','32','33','34','35','36','37','38','39','40','41','42','43','44','45','46','47','48','49','50','51','56','63','57','58','60','61') AND `menu` = 1 AND `pid` = 0  [ RunTime:0.0035s ]
SQL: SELECT * FROM `zml_admin_auth_rule` WHERE `id` IN ('1','13','22','11','3','4','5','6','7','8','9','10','12','52','53','54','55','64','65','14','15','16','17','18','19','20','21','23','24','25','26','27','28','29','30','31','32','33','34','35','36','37','38','39','40','41','42','43','44','45','46','47','48','49','50','51','56','63','57','58','60','61') AND `menu` = 1 AND `pid` = 1  [ RunTime:0.0005s ]
SQL: SELECT * FROM `zml_admin_auth_rule` WHERE `id` IN ('1','13','22','11','3','4','5','6','7','8','9','10','12','52','53','54','55','64','65','14','15','16','17','18','19','20','21','23','24','25','26','27','28','29','30','31','32','33','34','35','36','37','38','39','40','41','42','43','44','45','46','47','48','49','50','51','56','63','57','58','60','61') AND `menu` = 1 AND `pid` = 13  [ RunTime:0.0003s ]
SQL: SELECT * FROM `zml_admin_auth_rule` WHERE `id` IN ('1','13','22','11','3','4','5','6','7','8','9','10','12','52','53','54','55','64','65','14','15','16','17','18','19','20','21','23','24','25','26','27','28','29','30','31','32','33','34','35','36','37','38','39','40','41','42','43','44','45','46','47','48','49','50','51','56','63','57','58','60','61') AND `menu` = 1 AND `pid` = 11  [ RunTime:0.0003s ]
SQL: SELECT * FROM `zml_admin_auth_rule` WHERE `id` IN ('1','13','22','11','3','4','5','6','7','8','9','10','12','52','53','54','55','64','65','14','15','16','17','18','19','20','21','23','24','25','26','27','28','29','30','31','32','33','34','35','36','37','38','39','40','41','42','43','44','45','46','47','48','49','50','51','56','63','57','58','60','61') AND `menu` = 1 AND `pid` = 14  [ RunTime:0.0003s ]
SQL: SELECT * FROM `zml_admin_auth_rule` WHERE `id` IN ('1','13','22','11','3','4','5','6','7','8','9','10','12','52','53','54','55','64','65','14','15','16','17','18','19','20','21','23','24','25','26','27','28','29','30','31','32','33','34','35','36','37','38','39','40','41','42','43','44','45','46','47','48','49','50','51','56','63','57','58','60','61') AND `menu` = 1 AND `pid` = 24  [ RunTime:0.0003s ]
SQL: SELECT * FROM `zml_admin_auth_rule` WHERE `id` IN ('1','13','22','11','3','4','5','6','7','8','9','10','12','52','53','54','55','64','65','14','15','16','17','18','19','20','21','23','24','25','26','27','28','29','30','31','32','33','34','35','36','37','38','39','40','41','42','43','44','45','46','47','48','49','50','51','56','63','57','58','60','61') AND `menu` = 1 AND `pid` = 50  [ RunTime:0.0003s ]
SQL: SELECT * FROM `zml_admin_auth_rule` WHERE `id` IN ('1','13','22','11','3','4','5','6','7','8','9','10','12','52','53','54','55','64','65','14','15','16','17','18','19','20','21','23','24','25','26','27','28','29','30','31','32','33','34','35','36','37','38','39','40','41','42','43','44','45','46','47','48','49','50','51','56','63','57','58','60','61') AND `menu` = 1 AND `pid` = 57  [ RunTime:0.0003s ]
SQL: SELECT * FROM `zml_admin_auth_rule` WHERE `id` IN ('1','13','22','11','3','4','5','6','7','8','9','10','12','52','53','54','55','64','65','14','15','16','17','18','19','20','21','23','24','25','26','27','28','29','30','31','32','33','34','35','36','37','38','39','40','41','42','43','44','45','46','47','48','49','50','51','56','63','57','58','60','61') AND `menu` = 1 AND `pid` = 60  [ RunTime:0.0003s ]
SQL: SHOW COLUMNS FROM `zml_item` [ RunTime:0.0010s ]
NOTIC: [8] Undefined index: a.isdel /home/wwwroot/zhongchou.com/App/User/Model/ItemModel.class.php 第 63 行.
SQL: SHOW COLUMNS FROM `zml_item` [ RunTime:0.0008s ]
SQL: SELECT COUNT(*) AS tp_count FROM zml_item as a LEFT JOIN zml_item_video as b ON a.id = b.itemid  WHERE `status` = 0 AND a.isdel = '0' LIMIT 1   [ RunTime:0.0006s ]
SQL: SHOW COLUMNS FROM `zml_user_pay` [ RunTime:0.0009s ]
SQL: SELECT SUM(money) AS tp_sum FROM `zml_user_pay` WHERE `status` = 1 LIMIT 1   [ RunTime:0.0027s ]
SQL: SHOW COLUMNS FROM `zml_user_withdrawals` [ RunTime:0.0008s ]
SQL: SELECT SUM(money) AS tp_sum FROM `zml_user_withdrawals` WHERE `status` = 1 LIMIT 1   [ RunTime:0.0002s ]
SQL: SELECT COUNT(*) AS tp_count FROM `zml_user_withdrawals` WHERE `status` = 0 LIMIT 1   [ RunTime:0.0002s ]
SQL: SHOW COLUMNS FROM `zml_item_collect` [ RunTime:0.0007s ]
SQL: SHOW COLUMNS FROM `zml_item_collect` [ RunTime:0.0006s ]
SQL: SELECT COUNT(*) AS tp_count FROM zml_item_collect as a LEFT JOIN zml_item b ON a.itemid = b.id  LIMIT 1   [ RunTime:0.0003s ]
SQL: SHOW COLUMNS FROM `zml_item_with_order` [ RunTime:0.0006s ]
SQL: SHOW COLUMNS FROM `zml_item_with_order` [ RunTime:0.0006s ]
SQL: SELECT COUNT(*) AS tp_count FROM zml_item_with_order as a LIMIT 1   [ RunTime:0.0002s ]
SQL: SHOW COLUMNS FROM `zml_item_interview` [ RunTime:0.0006s ]
NOTIC: [2] Missing argument 2 for User\Model\ItemInterviewModel::countList(), called in /home/wwwroot/zhongchou.com/App/Admin/Controller/IndexController.class.php on line 22 and defined /home/wwwroot/zhongchou.com/App/User/Model/ItemInterviewModel.class.php 第 51 行.
SQL: SHOW COLUMNS FROM `zml_item_interview` [ RunTime:0.0006s ]
NOTIC: [8] Undefined variable: count /home/wwwroot/zhongchou.com/App/User/Model/ItemInterviewModel.class.php 第 55 行.
SQL: SELECT COUNT(*) AS tp_count FROM zml_item_interview as a LEFT JOIN zml_item b ON a.itemid = b.id  LIMIT 1   [ RunTime:0.0002s ]
SQL: SHOW COLUMNS FROM `zml_item_lead_user` [ RunTime:0.0006s ]
SQL: SHOW COLUMNS FROM `zml_item_lead_user` [ RunTime:0.0006s ]
SQL: SELECT COUNT(*) AS tp_count FROM zml_item_lead_user as a WHERE a.status = '1' LIMIT 1   [ RunTime:0.0002s ]
NOTIC: [8] Use of undefined constant j - assumed 'j' /home/wwwroot/zhongchou.com/App/Admin/Controller/IndexController.class.php 第 26 行.
NOTIC: [8] Undefined index: data /home/wwwroot/zhongchou.com/App/Admin/Controller/IndexController.class.php 第 34 行.
SQL: SELECT COUNT(*) AS tp_count FROM zml_item_collect as a LEFT JOIN zml_item b ON a.itemid = b.id  WHERE ( a.time > 1477929600 AND a.time < 1478015999  ) LIMIT 1   [ RunTime:0.0003s ]
NOTIC: [8] Undefined index: collect_item /home/wwwroot/zhongchou.com/App/Admin/Controller/IndexController.class.php 第 35 行.
SQL: SELECT COUNT(*) AS tp_count FROM zml_item_with_order as a WHERE ( a.create_time > 1477929600 AND a.create_time < 1478015999  ) LIMIT 1   [ RunTime:0.0002s ]
NOTIC: [8] Undefined index: with_item /home/wwwroot/zhongchou.com/App/Admin/Controller/IndexController.class.php 第 36 行.
NOTIC: [2] Missing argument 2 for User\Model\ItemInterviewModel::countList(), called in /home/wwwroot/zhongchou.com/App/Admin/Controller/IndexController.class.php on line 37 and defined /home/wwwroot/zhongchou.com/App/User/Model/ItemInterviewModel.class.php 第 51 行.
NOTIC: [8] Undefined variable: count /home/wwwroot/zhongchou.com/App/User/Model/ItemInterviewModel.class.php 第 55 行.
SQL: SELECT COUNT(*) AS tp_count FROM zml_item_interview as a LEFT JOIN zml_item b ON a.itemid = b.id  WHERE ( a.time > 1477929600 AND a.time < 1478015999  ) LIMIT 1   [ RunTime:0.0003s ]
NOTIC: [8] Undefined index: interview /home/wwwroot/zhongchou.com/App/Admin/Controller/IndexController.class.php 第 37 行.
SQL: SHOW COLUMNS FROM `zml_user_money_details` [ RunTime:0.0010s ]
SQL: SHOW COLUMNS FROM `zml_user_money_details` [ RunTime:0.0012s ]
SQL: SELECT SUM(money) AS tp_sum FROM zml_user_money_details as a WHERE ( a.create_time > 1477929600 AND a.create_time < 1478015999  ) AND `type` = 1 LIMIT 1   [ RunTime:0.0004s ]
NOTIC: [8] Undefined index: inmoney /home/wwwroot/zhongchou.com/App/Admin/Controller/IndexController.class.php 第 38 行.
SQL: SELECT SUM(money) AS tp_sum FROM zml_user_money_details as a WHERE ( a.create_time > 1477929600 AND a.create_time < 1478015999  ) AND `type` = 2 LIMIT 1   [ RunTime:0.0002s ]
NOTIC: [8] Undefined index: outmoney /home/wwwroot/zhongchou.com/App/Admin/Controller/IndexController.class.php 第 39 行.
SQL: SHOW COLUMNS FROM `zml_user` [ RunTime:0.0008s ]
SQL: SHOW COLUMNS FROM `zml_user` [ RunTime:0.0008s ]
SQL: SELECT COUNT(*) AS tp_count FROM zml_user as a WHERE ( a.create_time > 1477929600 AND a.create_time < 1478015999  ) LIMIT 1   [ RunTime:0.0002s ]
NOTIC: [8] Undefined index: user /home/wwwroot/zhongchou.com/App/Admin/Controller/IndexController.class.php 第 40 行.
SQL: SELECT COUNT(*) AS tp_count FROM zml_item_collect as a LEFT JOIN zml_item b ON a.itemid = b.id  WHERE ( a.time > 1478016000 AND a.time < 1478102399  ) LIMIT 1   [ RunTime:0.0004s ]
SQL: SELECT COUNT(*) AS tp_count FROM zml_item_with_order as a WHERE ( a.create_time > 1478016000 AND a.create_time < 1478102399  ) LIMIT 1   [ RunTime:0.0002s ]
NOTIC: [2] Missing argument 2 for User\Model\ItemInterviewModel::countList(), called in /home/wwwroot/zhongchou.com/App/Admin/Controller/IndexController.class.php on line 37 and defined /home/wwwroot/zhongchou.com/App/User/Model/ItemInterviewModel.class.php 第 51 行.
NOTIC: [8] Undefined variable: count /home/wwwroot/zhongchou.com/App/User/Model/ItemInterviewModel.class.php 第 55 行.
SQL: SELECT COUNT(*) AS tp_count FROM zml_item_interview as a LEFT JOIN zml_item b ON a.itemid = b.id  WHERE ( a.time > 1478016000 AND a.time < 1478102399  ) LIMIT 1   [ RunTime:0.0002s ]
SQL: SELECT SUM(money) AS tp_sum FROM zml_user_money_details as a WHERE ( a.create_time > 1478016000 AND a.create_time < 1478102399  ) AND `type` = 1 LIMIT 1   [ RunTime:0.0002s ]
SQL: SELECT SUM(money) AS tp_sum FROM zml_user_money_details as a WHERE ( a.create_time > 1478016000 AND a.create_time < 1478102399  ) AND `type` = 2 LIMIT 1   [ RunTime:0.0002s ]
SQL: SELECT COUNT(*) AS tp_count FROM zml_user as a WHERE ( a.create_time > 1478016000 AND a.create_time < 1478102399  ) LIMIT 1   [ RunTime:0.0002s ]
SQL: SELECT COUNT(*) AS tp_count FROM zml_item_collect as a LEFT JOIN zml_item b ON a.itemid = b.id  WHERE ( a.time > 1478102400 AND a.time < 1478188799  ) LIMIT 1   [ RunTime:0.0004s ]
SQL: SELECT COUNT(*) AS tp_count FROM zml_item_with_order as a WHERE ( a.create_time > 1478102400 AND a.create_time < 1478188799  ) LIMIT 1   [ RunTime:0.0003s ]
NOTIC: [2] Missing argument 2 for User\Model\ItemInterviewModel::countList(), called in /home/wwwroot/zhongchou.com/App/Admin/Controller/IndexController.class.php on line 37 and defined /home/wwwroot/zhongchou.com/App/User/Model/ItemInterviewModel.class.php 第 51 行.
NOTIC: [8] Undefined variable: count /home/wwwroot/zhongchou.com/App/User/Model/ItemInterviewModel.class.php 第 55 行.
SQL: SELECT COUNT(*) AS tp_count FROM zml_item_interview as a LEFT JOIN zml_item b ON a.itemid = b.id  WHERE ( a.time > 1478102400 AND a.time < 1478188799  ) LIMIT 1   [ RunTime:0.0003s ]
SQL: SELECT SUM(money) AS tp_sum FROM zml_user_money_details as a WHERE ( a.create_time > 1478102400 AND a.create_time < 1478188799  ) AND `type` = 1 LIMIT 1   [ RunTime:0.0002s ]
SQL: SELECT SUM(money) AS tp_sum FROM zml_user_money_details as a WHERE ( a.create_time > 1478102400 AND a.create_time < 1478188799  ) AND `type` = 2 LIMIT 1   [ RunTime:0.0002s ]
SQL: SELECT COUNT(*) AS tp_count FROM zml_user as a WHERE ( a.create_time > 1478102400 AND a.create_time < 1478188799  ) LIMIT 1   [ RunTime:0.0002s ]
SQL: SELECT COUNT(*) AS tp_count FROM zml_item_collect as a LEFT JOIN zml_item b ON a.itemid = b.id  WHERE ( a.time > 1478188800 AND a.time < 1478275199  ) LIMIT 1   [ RunTime:0.0003s ]
SQL: SELECT COUNT(*) AS tp_count FROM zml_item_with_order as a WHERE ( a.create_time > 1478188800 AND a.create_time < 1478275199  ) LIMIT 1   [ RunTime:0.0002s ]
NOTIC: [2] Missing argument 2 for User\Model\ItemInterviewModel::countList(), called in /home/wwwroot/zhongchou.com/App/Admin/Controller/IndexController.class.php on line 37 and defined /home/wwwroot/zhongchou.com/App/User/Model/ItemInterviewModel.class.php 第 51 行.
NOTIC: [8] Undefined variable: count /home/wwwroot/zhongchou.com/App/User/Model/ItemInterviewModel.class.php 第 55 行.
SQL: SELECT COUNT(*) AS tp_count FROM zml_item_interview as a LEFT JOIN zml_item b ON a.itemid = b.id  WHERE ( a.time > 1478188800 AND a.time < 1478275199  ) LIMIT 1   [ RunTime:0.0003s ]
SQL: SELECT SUM(money) AS tp_sum FROM zml_user_money_details as a WHERE ( a.create_time > 1478188800 AND a.create_time < 1478275199  ) AND `type` = 1 LIMIT 1   [ RunTime:0.0002s ]
SQL: SELECT SUM(money) AS tp_sum FROM zml_user_money_details as a WHERE ( a.create_time > 1478188800 AND a.create_time < 1478275199  ) AND `type` = 2 LIMIT 1   [ RunTime:0.0002s ]
SQL: SELECT COUNT(*) AS tp_count FROM zml_user as a WHERE ( a.create_time > 1478188800 AND a.create_time < 1478275199  ) LIMIT 1   [ RunTime:0.0002s ]
SQL: SELECT COUNT(*) AS tp_count FROM zml_item_collect as a LEFT JOIN zml_item b ON a.itemid = b.id  WHERE ( a.time > 1478275200 AND a.time < 1478361599  ) LIMIT 1   [ RunTime:0.0003s ]
SQL: SELECT COUNT(*) AS tp_count FROM zml_item_with_order as a WHERE ( a.create_time > 1478275200 AND a.create_time < 1478361599  ) LIMIT 1   [ RunTime:0.0002s ]
NOTIC: [2] Missing argument 2 for User\Model\ItemInterviewModel::countList(), called in /home/wwwroot/zhongchou.com/App/Admin/Controller/IndexController.class.php on line 37 and defined /home/wwwroot/zhongchou.com/App/User/Model/ItemInterviewModel.class.php 第 51 行.
NOTIC: [8] Undefined variable: count /home/wwwroot/zhongchou.com/App/User/Model/ItemInterviewModel.class.php 第 55 行.
SQL: SELECT COUNT(*) AS tp_count FROM zml_item_interview as a LEFT JOIN zml_item b ON a.itemid = b.id  WHERE ( a.time > 1478275200 AND a.time < 1478361599  ) LIMIT 1   [ RunTime:0.0003s ]
SQL: SELECT SUM(money) AS tp_sum FROM zml_user_money_details as a WHERE ( a.create_time > 1478275200 AND a.create_time < 1478361599  ) AND `type` = 1 LIMIT 1   [ RunTime:0.0002s ]
SQL: SELECT SUM(money) AS tp_sum FROM zml_user_money_details as a WHERE ( a.create_time > 1478275200 AND a.create_time < 1478361599  ) AND `type` = 2 LIMIT 1   [ RunTime:0.0002s ]
SQL: SELECT COUNT(*) AS tp_count FROM zml_user as a WHERE ( a.create_time > 1478275200 AND a.create_time < 1478361599  ) LIMIT 1   [ RunTime:0.0002s ]
SQL: SELECT COUNT(*) AS tp_count FROM zml_item_collect as a LEFT JOIN zml_item b ON a.itemid = b.id  WHERE ( a.time > 1478361600 AND a.time < 1478447999  ) LIMIT 1   [ RunTime:0.0002s ]
SQL: SELECT COUNT(*) AS tp_count FROM zml_item_with_order as a WHERE ( a.create_time > 1478361600 AND a.create_time < 1478447999  ) LIMIT 1   [ RunTime:0.0002s ]
NOTIC: [2] Missing argument 2 for User\Model\ItemInterviewModel::countList(), called in /home/wwwroot/zhongchou.com/App/Admin/Controller/IndexController.class.php on line 37 and defined /home/wwwroot/zhongchou.com/App/User/Model/ItemInterviewModel.class.php 第 51 行.
NOTIC: [8] Undefined variable: count /home/wwwroot/zhongchou.com/App/User/Model/ItemInterviewModel.class.php 第 55 行.
SQL: SELECT COUNT(*) AS tp_count FROM zml_item_interview as a LEFT JOIN zml_item b ON a.itemid = b.id  WHERE ( a.time > 1478361600 AND a.time < 1478447999  ) LIMIT 1   [ RunTime:0.0002s ]
SQL: SELECT SUM(money) AS tp_sum FROM zml_user_money_details as a WHERE ( a.create_time > 1478361600 AND a.create_time < 1478447999  ) AND `type` = 1 LIMIT 1   [ RunTime:0.0002s ]
SQL: SELECT SUM(money) AS tp_sum FROM zml_user_money_details as a WHERE ( a.create_time > 1478361600 AND a.create_time < 1478447999  ) AND `type` = 2 LIMIT 1   [ RunTime:0.0002s ]
SQL: SELECT COUNT(*) AS tp_count FROM zml_user as a WHERE ( a.create_time > 1478361600 AND a.create_time < 1478447999  ) LIMIT 1   [ RunTime:0.0002s ]
SQL: SELECT COUNT(*) AS tp_count FROM zml_item_collect as a LEFT JOIN zml_item b ON a.itemid = b.id  WHERE ( a.time > 1478448000 AND a.time < 1478534399  ) LIMIT 1   [ RunTime:0.0003s ]
SQL: SELECT COUNT(*) AS tp_count FROM zml_item_with_order as a WHERE ( a.create_time > 1478448000 AND a.create_time < 1478534399  ) LIMIT 1   [ RunTime:0.0002s ]
NOTIC: [2] Missing argument 2 for User\Model\ItemInterviewModel::countList(), called in /home/wwwroot/zhongchou.com/App/Admin/Controller/IndexController.class.php on line 37 and defined /home/wwwroot/zhongchou.com/App/User/Model/ItemInterviewModel.class.php 第 51 行.
NOTIC: [8] Undefined variable: count /home/wwwroot/zhongchou.com/App/User/Model/ItemInterviewModel.class.php 第 55 行.
SQL: SELECT COUNT(*) AS tp_count FROM zml_item_interview as a LEFT JOIN zml_item b ON a.itemid = b.id  WHERE ( a.time > 1478448000 AND a.time < 1478534399  ) LIMIT 1   [ RunTime:0.0003s ]
SQL: SELECT SUM(money) AS tp_sum FROM zml_user_money_details as a WHERE ( a.create_time > 1478448000 AND a.create_time < 1478534399  ) AND `type` = 1 LIMIT 1   [ RunTime:0.0002s ]
SQL: SELECT SUM(money) AS tp_sum FROM zml_user_money_details as a WHERE ( a.create_time > 1478448000 AND a.create_time < 1478534399  ) AND `type` = 2 LIMIT 1   [ RunTime:0.0002s ]
SQL: SELECT COUNT(*) AS tp_count FROM zml_user as a WHERE ( a.create_time > 1478448000 AND a.create_time < 1478534399  ) LIMIT 1   [ RunTime:0.0002s ]
SQL: SELECT COUNT(*) AS tp_count FROM zml_item_collect as a LEFT JOIN zml_item b ON a.itemid = b.id  WHERE ( a.time > 1478534400 AND a.time < 1478620799  ) LIMIT 1   [ RunTime:0.0003s ]
SQL: SELECT COUNT(*) AS tp_count FROM zml_item_with_order as a WHERE ( a.create_time > 1478534400 AND a.create_time < 1478620799  ) LIMIT 1   [ RunTime:0.0002s ]
NOTIC: [2] Missing argument 2 for User\Model\ItemInterviewModel::countList(), called in /home/wwwroot/zhongchou.com/App/Admin/Controller/IndexController.class.php on line 37 and defined /home/wwwroot/zhongchou.com/App/User/Model/ItemInterviewModel.class.php 第 51 行.
NOTIC: [8] Undefined variable: count /home/wwwroot/zhongchou.com/App/User/Model/ItemInterviewModel.class.php 第 55 行.
SQL: SELECT COUNT(*) AS tp_count FROM zml_item_interview as a LEFT JOIN zml_item b ON a.itemid = b.id  WHERE ( a.time > 1478534400 AND a.time < 1478620799  ) LIMIT 1   [ RunTime:0.0003s ]
SQL: SELECT SUM(money) AS tp_sum FROM zml_user_money_details as a WHERE ( a.create_time > 1478534400 AND a.create_time < 1478620799  ) AND `type` = 1 LIMIT 1   [ RunTime:0.0002s ]
SQL: SELECT SUM(money) AS tp_sum FROM zml_user_money_details as a WHERE ( a.create_time > 1478534400 AND a.create_time < 1478620799  ) AND `type` = 2 LIMIT 1   [ RunTime:0.0003s ]
SQL: SELECT COUNT(*) AS tp_count FROM zml_user as a WHERE ( a.create_time > 1478534400 AND a.create_time < 1478620799  ) LIMIT 1   [ RunTime:0.0002s ]
SQL: SELECT COUNT(*) AS tp_count FROM zml_item_collect as a LEFT JOIN zml_item b ON a.itemid = b.id  WHERE ( a.time > 1478620800 AND a.time < 1478707199  ) LIMIT 1   [ RunTime:0.0003s ]
SQL: SELECT COUNT(*) AS tp_count FROM zml_item_with_order as a WHERE ( a.create_time > 1478620800 AND a.create_time < 1478707199  ) LIMIT 1   [ RunTime:0.0003s ]
NOTIC: [2] Missing argument 2 for User\Model\ItemInterviewModel::countList(), called in /home/wwwroot/zhongchou.com/App/Admin/Controller/IndexController.class.php on line 37 and defined /home/wwwroot/zhongchou.com/App/User/Model/ItemInterviewModel.class.php 第 51 行.
NOTIC: [8] Undefined variable: count /home/wwwroot/zhongchou.com/App/User/Model/ItemInterviewModel.class.php 第 55 行.
SQL: SELECT COUNT(*) AS tp_count FROM zml_item_interview as a LEFT JOIN zml_item b ON a.itemid = b.id  WHERE ( a.time > 1478620800 AND a.time < 1478707199  ) LIMIT 1   [ RunTime:0.0003s ]
SQL: SELECT SUM(money) AS tp_sum FROM zml_user_money_details as a WHERE ( a.create_time > 1478620800 AND a.create_time < 1478707199  ) AND `type` = 1 LIMIT 1   [ RunTime:0.0002s ]
SQL: SELECT SUM(money) AS tp_sum FROM zml_user_money_details as a WHERE ( a.create_time > 1478620800 AND a.create_time < 1478707199  ) AND `type` = 2 LIMIT 1   [ RunTime:0.0002s ]
SQL: SELECT COUNT(*) AS tp_count FROM zml_user as a WHERE ( a.create_time > 1478620800 AND a.create_time < 1478707199  ) LIMIT 1   [ RunTime:0.0003s ]
SQL: SELECT COUNT(*) AS tp_count FROM zml_item_collect as a LEFT JOIN zml_item b ON a.itemid = b.id  WHERE ( a.time > 1478707200 AND a.time < 1478793599  ) LIMIT 1   [ RunTime:0.0005s ]
SQL: SELECT COUNT(*) AS tp_count FROM zml_item_with_order as a WHERE ( a.create_time > 1478707200 AND a.create_time < 1478793599  ) LIMIT 1   [ RunTime:0.0003s ]
NOTIC: [2] Missing argument 2 for User\Model\ItemInterviewModel::countList(), called in /home/wwwroot/zhongchou.com/App/Admin/Controller/IndexController.class.php on line 37 and defined /home/wwwroot/zhongchou.com/App/User/Model/ItemInterviewModel.class.php 第 51 行.
NOTIC: [8] Undefined variable: count /home/wwwroot/zhongchou.com/App/User/Model/ItemInterviewModel.class.php 第 55 行.
SQL: SELECT COUNT(*) AS tp_count FROM zml_item_interview as a LEFT JOIN zml_item b ON a.itemid = b.id  WHERE ( a.time > 1478707200 AND a.time < 1478793599  ) LIMIT 1   [ RunTime:0.0003s ]
SQL: SELECT SUM(money) AS tp_sum FROM zml_user_money_details as a WHERE ( a.create_time > 1478707200 AND a.create_time < 1478793599  ) AND `type` = 1 LIMIT 1   [ RunTime:0.0003s ]
SQL: SELECT SUM(money) AS tp_sum FROM zml_user_money_details as a WHERE ( a.create_time > 1478707200 AND a.create_time < 1478793599  ) AND `type` = 2 LIMIT 1   [ RunTime:0.0003s ]
SQL: SELECT COUNT(*) AS tp_count FROM zml_user as a WHERE ( a.create_time > 1478707200 AND a.create_time < 1478793599  ) LIMIT 1   [ RunTime:0.0002s ]
SQL: SELECT COUNT(*) AS tp_count FROM zml_item_collect as a LEFT JOIN zml_item b ON a.itemid = b.id  WHERE ( a.time > 1478793600 AND a.time < 1478879999  ) LIMIT 1   [ RunTime:0.0004s ]
SQL: SELECT COUNT(*) AS tp_count FROM zml_item_with_order as a WHERE ( a.create_time > 1478793600 AND a.create_time < 1478879999  ) LIMIT 1   [ RunTime:0.0002s ]
NOTIC: [2] Missing argument 2 for User\Model\ItemInterviewModel::countList(), called in /home/wwwroot/zhongchou.com/App/Admin/Controller/IndexController.class.php on line 37 and defined /home/wwwroot/zhongchou.com/App/User/Model/ItemInterviewModel.class.php 第 51 行.
NOTIC: [8] Undefined variable: count /home/wwwroot/zhongchou.com/App/User/Model/ItemInterviewModel.class.php 第 55 行.
SQL: SELECT COUNT(*) AS tp_count FROM zml_item_interview as a LEFT JOIN zml_item b ON a.itemid = b.id  WHERE ( a.time > 1478793600 AND a.time < 1478879999  ) LIMIT 1   [ RunTime:0.0002s ]
SQL: SELECT SUM(money) AS tp_sum FROM zml_user_money_details as a WHERE ( a.create_time > 1478793600 AND a.create_time < 1478879999  ) AND `type` = 1 LIMIT 1   [ RunTime:0.0002s ]
SQL: SELECT SUM(money) AS tp_sum FROM zml_user_money_details as a WHERE ( a.create_time > 1478793600 AND a.create_time < 1478879999  ) AND `type` = 2 LIMIT 1   [ RunTime:0.0003s ]
SQL: SELECT COUNT(*) AS tp_count FROM zml_user as a WHERE ( a.create_time > 1478793600 AND a.create_time < 1478879999  ) LIMIT 1   [ RunTime:0.0002s ]
SQL: SELECT COUNT(*) AS tp_count FROM zml_item_collect as a LEFT JOIN zml_item b ON a.itemid = b.id  WHERE ( a.time > 1478880000 AND a.time < 1478966399  ) LIMIT 1   [ RunTime:0.0003s ]
SQL: SELECT COUNT(*) AS tp_count FROM zml_item_with_order as a WHERE ( a.create_time > 1478880000 AND a.create_time < 1478966399  ) LIMIT 1   [ RunTime:0.0003s ]
NOTIC: [2] Missing argument 2 for User\Model\ItemInterviewModel::countList(), called in /home/wwwroot/zhongchou.com/App/Admin/Controller/IndexController.class.php on line 37 and defined /home/wwwroot/zhongchou.com/App/User/Model/ItemInterviewModel.class.php 第 51 行.
NOTIC: [8] Undefined variable: count /home/wwwroot/zhongchou.com/App/User/Model/ItemInterviewModel.class.php 第 55 行.
SQL: SELECT COUNT(*) AS tp_count FROM zml_item_interview as a LEFT JOIN zml_item b ON a.itemid = b.id  WHERE ( a.time > 1478880000 AND a.time < 1478966399  ) LIMIT 1   [ RunTime:0.0003s ]
SQL: SELECT SUM(money) AS tp_sum FROM zml_user_money_details as a WHERE ( a.create_time > 1478880000 AND a.create_time < 1478966399  ) AND `type` = 1 LIMIT 1   [ RunTime:0.0002s ]
SQL: SELECT SUM(money) AS tp_sum FROM zml_user_money_details as a WHERE ( a.create_time > 1478880000 AND a.create_time < 1478966399  ) AND `type` = 2 LIMIT 1   [ RunTime:0.0004s ]
SQL: SELECT COUNT(*) AS tp_count FROM zml_user as a WHERE ( a.create_time > 1478880000 AND a.create_time < 1478966399  ) LIMIT 1   [ RunTime:0.0002s ]
SQL: SELECT COUNT(*) AS tp_count FROM zml_item_collect as a LEFT JOIN zml_item b ON a.itemid = b.id  WHERE ( a.time > 1478966400 AND a.time < 1479052799  ) LIMIT 1   [ RunTime:0.0003s ]
SQL: SELECT COUNT(*) AS tp_count FROM zml_item_with_order as a WHERE ( a.create_time > 1478966400 AND a.create_time < 1479052799  ) LIMIT 1   [ RunTime:0.0002s ]
NOTIC: [2] Missing argument 2 for User\Model\ItemInterviewModel::countList(), called in /home/wwwroot/zhongchou.com/App/Admin/Controller/IndexController.class.php on line 37 and defined /home/wwwroot/zhongchou.com/App/User/Model/ItemInterviewModel.class.php 第 51 行.
NOTIC: [8] Undefined variable: count /home/wwwroot/zhongchou.com/App/User/Model/ItemInterviewModel.class.php 第 55 行.
SQL: SELECT COUNT(*) AS tp_count FROM zml_item_interview as a LEFT JOIN zml_item b ON a.itemid = b.id  WHERE ( a.time > 1478966400 AND a.time < 1479052799  ) LIMIT 1   [ RunTime:0.0003s ]
SQL: SELECT SUM(money) AS tp_sum FROM zml_user_money_details as a WHERE ( a.create_time > 1478966400 AND a.create_time < 1479052799  ) AND `type` = 1 LIMIT 1   [ RunTime:0.0002s ]
SQL: SELECT SUM(money) AS tp_sum FROM zml_user_money_details as a WHERE ( a.create_time > 1478966400 AND a.create_time < 1479052799  ) AND `type` = 2 LIMIT 1   [ RunTime:0.0002s ]
SQL: SELECT COUNT(*) AS tp_count FROM zml_user as a WHERE ( a.create_time > 1478966400 AND a.create_time < 1479052799  ) LIMIT 1   [ RunTime:0.0002s ]
SQL: SELECT COUNT(*) AS tp_count FROM zml_item_collect as a LEFT JOIN zml_item b ON a.itemid = b.id  WHERE ( a.time > 1479052800 AND a.time < 1479139199  ) LIMIT 1   [ RunTime:0.0003s ]
SQL: SELECT COUNT(*) AS tp_count FROM zml_item_with_order as a WHERE ( a.create_time > 1479052800 AND a.create_time < 1479139199  ) LIMIT 1   [ RunTime:0.0002s ]
NOTIC: [2] Missing argument 2 for User\Model\ItemInterviewModel::countList(), called in /home/wwwroot/zhongchou.com/App/Admin/Controller/IndexController.class.php on line 37 and defined /home/wwwroot/zhongchou.com/App/User/Model/ItemInterviewModel.class.php 第 51 行.
NOTIC: [8] Undefined variable: count /home/wwwroot/zhongchou.com/App/User/Model/ItemInterviewModel.class.php 第 55 行.
SQL: SELECT COUNT(*) AS tp_count FROM zml_item_interview as a LEFT JOIN zml_item b ON a.itemid = b.id  WHERE ( a.time > 1479052800 AND a.time < 1479139199  ) LIMIT 1   [ RunTime:0.0002s ]
SQL: SELECT SUM(money) AS tp_sum FROM zml_user_money_details as a WHERE ( a.create_time > 1479052800 AND a.create_time < 1479139199  ) AND `type` = 1 LIMIT 1   [ RunTime:0.0002s ]
SQL: SELECT SUM(money) AS tp_sum FROM zml_user_money_details as a WHERE ( a.create_time > 1479052800 AND a.create_time < 1479139199  ) AND `type` = 2 LIMIT 1   [ RunTime:0.0002s ]
SQL: SELECT COUNT(*) AS tp_count FROM zml_user as a WHERE ( a.create_time > 1479052800 AND a.create_time < 1479139199  ) LIMIT 1   [ RunTime:0.0002s ]
SQL: SELECT COUNT(*) AS tp_count FROM zml_item_collect as a LEFT JOIN zml_item b ON a.itemid = b.id  WHERE ( a.time > 1479139200 AND a.time < 1479225599  ) LIMIT 1   [ RunTime:0.0003s ]
SQL: SELECT COUNT(*) AS tp_count FROM zml_item_with_order as a WHERE ( a.create_time > 1479139200 AND a.create_time < 1479225599  ) LIMIT 1   [ RunTime:0.0002s ]
NOTIC: [2] Missing argument 2 for User\Model\ItemInterviewModel::countList(), called in /home/wwwroot/zhongchou.com/App/Admin/Controller/IndexController.class.php on line 37 and defined /home/wwwroot/zhongchou.com/App/User/Model/ItemInterviewModel.class.php 第 51 行.
NOTIC: [8] Undefined variable: count /home/wwwroot/zhongchou.com/App/User/Model/ItemInterviewModel.class.php 第 55 行.
SQL: SELECT COUNT(*) AS tp_count FROM zml_item_interview as a LEFT JOIN zml_item b ON a.itemid = b.id  WHERE ( a.time > 1479139200 AND a.time < 1479225599  ) LIMIT 1   [ RunTime:0.0003s ]
SQL: SELECT SUM(money) AS tp_sum FROM zml_user_money_details as a WHERE ( a.create_time > 1479139200 AND a.create_time < 1479225599  ) AND `type` = 1 LIMIT 1   [ RunTime:0.0002s ]
SQL: SELECT SUM(money) AS tp_sum FROM zml_user_money_details as a WHERE ( a.create_time > 1479139200 AND a.create_time < 1479225599  ) AND `type` = 2 LIMIT 1   [ RunTime:0.0002s ]
SQL: SELECT COUNT(*) AS tp_count FROM zml_user as a WHERE ( a.create_time > 1479139200 AND a.create_time < 1479225599  ) LIMIT 1   [ RunTime:0.0002s ]
SQL: SELECT COUNT(*) AS tp_count FROM zml_item_collect as a LEFT JOIN zml_item b ON a.itemid = b.id  WHERE ( a.time > 1479225600 AND a.time < 1479311999  ) LIMIT 1   [ RunTime:0.0004s ]
SQL: SELECT COUNT(*) AS tp_count FROM zml_item_with_order as a WHERE ( a.create_time > 1479225600 AND a.create_time < 1479311999  ) LIMIT 1   [ RunTime:0.0002s ]
NOTIC: [2] Missing argument 2 for User\Model\ItemInterviewModel::countList(), called in /home/wwwroot/zhongchou.com/App/Admin/Controller/IndexController.class.php on line 37 and defined /home/wwwroot/zhongchou.com/App/User/Model/ItemInterviewModel.class.php 第 51 行.
NOTIC: [8] Undefined variable: count /home/wwwroot/zhongchou.com/App/User/Model/ItemInterviewModel.class.php 第 55 行.
SQL: SELECT COUNT(*) AS tp_count FROM zml_item_interview as a LEFT JOIN zml_item b ON a.itemid = b.id  WHERE ( a.time > 1479225600 AND a.time < 1479311999  ) LIMIT 1   [ RunTime:0.0002s ]
SQL: SELECT SUM(money) AS tp_sum FROM zml_user_money_details as a WHERE ( a.create_time > 1479225600 AND a.create_time < 1479311999  ) AND `type` = 1 LIMIT 1   [ RunTime:0.0003s ]
SQL: SELECT SUM(money) AS tp_sum FROM zml_user_money_details as a WHERE ( a.create_time > 1479225600 AND a.create_time < 1479311999  ) AND `type` = 2 LIMIT 1   [ RunTime:0.0002s ]
SQL: SELECT COUNT(*) AS tp_count FROM zml_user as a WHERE ( a.create_time > 1479225600 AND a.create_time < 1479311999  ) LIMIT 1   [ RunTime:0.0002s ]
SQL: SELECT COUNT(*) AS tp_count FROM zml_item_collect as a LEFT JOIN zml_item b ON a.itemid = b.id  WHERE ( a.time > 1479312000 AND a.time < 1479398399  ) LIMIT 1   [ RunTime:0.0003s ]
SQL: SELECT COUNT(*) AS tp_count FROM zml_item_with_order as a WHERE ( a.create_time > 1479312000 AND a.create_time < 1479398399  ) LIMIT 1   [ RunTime:0.0002s ]
NOTIC: [2] Missing argument 2 for User\Model\ItemInterviewModel::countList(), called in /home/wwwroot/zhongchou.com/App/Admin/Controller/IndexController.class.php on line 37 and defined /home/wwwroot/zhongchou.com/App/User/Model/ItemInterviewModel.class.php 第 51 行.
NOTIC: [8] Undefined variable: count /home/wwwroot/zhongchou.com/App/User/Model/ItemInterviewModel.class.php 第 55 行.
SQL: SELECT COUNT(*) AS tp_count FROM zml_item_interview as a LEFT JOIN zml_item b ON a.itemid = b.id  WHERE ( a.time > 1479312000 AND a.time < 1479398399  ) LIMIT 1   [ RunTime:0.0004s ]
SQL: SELECT SUM(money) AS tp_sum FROM zml_user_money_details as a WHERE ( a.create_time > 1479312000 AND a.create_time < 1479398399  ) AND `type` = 1 LIMIT 1   [ RunTime:0.0003s ]
SQL: SELECT SUM(money) AS tp_sum FROM zml_user_money_details as a WHERE ( a.create_time > 1479312000 AND a.create_time < 1479398399  ) AND `type` = 2 LIMIT 1   [ RunTime:0.0002s ]
SQL: SELECT COUNT(*) AS tp_count FROM zml_user as a WHERE ( a.create_time > 1479312000 AND a.create_time < 1479398399  ) LIMIT 1   [ RunTime:0.0003s ]
SQL: SELECT COUNT(*) AS tp_count FROM zml_item_collect as a LEFT JOIN zml_item b ON a.itemid = b.id  WHERE ( a.time > 1479398400 AND a.time < 1479484799  ) LIMIT 1   [ RunTime:0.0003s ]
SQL: SELECT COUNT(*) AS tp_count FROM zml_item_with_order as a WHERE ( a.create_time > 1479398400 AND a.create_time < 1479484799  ) LIMIT 1   [ RunTime:0.0002s ]
NOTIC: [2] Missing argument 2 for User\Model\ItemInterviewModel::countList(), called in /home/wwwroot/zhongchou.com/App/Admin/Controller/IndexController.class.php on line 37 and defined /home/wwwroot/zhongchou.com/App/User/Model/ItemInterviewModel.class.php 第 51 行.
NOTIC: [8] Undefined variable: count /home/wwwroot/zhongchou.com/App/User/Model/ItemInterviewModel.class.php 第 55 行.
SQL: SELECT COUNT(*) AS tp_count FROM zml_item_interview as a LEFT JOIN zml_item b ON a.itemid = b.id  WHERE ( a.time > 1479398400 AND a.time < 1479484799  ) LIMIT 1   [ RunTime:0.0002s ]
SQL: SELECT SUM(money) AS tp_sum FROM zml_user_money_details as a WHERE ( a.create_time > 1479398400 AND a.create_time < 1479484799  ) AND `type` = 1 LIMIT 1   [ RunTime:0.0002s ]
SQL: SELECT SUM(money) AS tp_sum FROM zml_user_money_details as a WHERE ( a.create_time > 1479398400 AND a.create_time < 1479484799  ) AND `type` = 2 LIMIT 1   [ RunTime:0.0002s ]
SQL: SELECT COUNT(*) AS tp_count FROM zml_user as a WHERE ( a.create_time > 1479398400 AND a.create_time < 1479484799  ) LIMIT 1   [ RunTime:0.0003s ]
INFO: [ view_parse ] --START--
NOTIC: [2] file_get_contents(./Template/Admin/default/Index/foot.html): failed to open stream: No such file or directory /home/wwwroot/zhongchou.com/Inc/Library/Think/Template.class.php 第 696 行.
INFO: [ template_filter ] --START--
INFO: Run Behavior\ContentReplaceBehavior [ RunTime:0.000082s ]
INFO: [ template_filter ] --END-- [ RunTime:0.000141s ]
INFO: Run Behavior\ParseTemplateBehavior [ RunTime:0.051118s ]
INFO: [ view_parse ] --END-- [ RunTime:0.051190s ]
INFO: [ view_filter ] --START--
INFO: Run Behavior\WriteHtmlCacheBehavior [ RunTime:0.000053s ]
INFO: [ view_filter ] --END-- [ RunTime:0.000094s ]
INFO: [ app_end ] --START--
INFO: Run Behavior\ShowPageTraceBehavior [ RunTime:0.000073s ]
INFO: [ app_end ] --END-- [ RunTime:0.000152s ]

[ 2016-11-18T15:08:19+08:00 ] 61.151.228.22 /index.php/Admin/System/sms_config.html?type=undefined
INFO: [ app_init ] --START--
INFO: Run Behavior\BuildLiteBehavior [ RunTime:0.000013s ]
INFO: [ app_init ] --END-- [ RunTime:0.000096s ]
INFO: [ app_begin ] --START--
INFO: Run Behavior\ReadHtmlCacheBehavior [ RunTime:0.000041s ]
INFO: [ app_begin ] --END-- [ RunTime:0.000087s ]

[ 2016-11-18T15:08:19+08:00 ] 61.151.228.22 /index.php/Admin/Public/login.html
INFO: [ app_init ] --START--
INFO: Run Behavior\BuildLiteBehavior [ RunTime:0.000023s ]
INFO: [ app_init ] --END-- [ RunTime:0.000165s ]
INFO: [ app_begin ] --START--
INFO: Run Behavior\ReadHtmlCacheBehavior [ RunTime:0.000069s ]
INFO: [ app_begin ] --END-- [ RunTime:0.000143s ]
INFO: [ view_parse ] --START--
INFO: [ template_filter ] --START--
INFO: Run Behavior\ContentReplaceBehavior [ RunTime:0.000083s ]
INFO: [ template_filter ] --END-- [ RunTime:0.000179s ]
INFO: Run Behavior\ParseTemplateBehavior [ RunTime:0.004529s ]
INFO: [ view_parse ] --END-- [ RunTime:0.004674s ]
INFO: [ view_filter ] --START--
INFO: Run Behavior\WriteHtmlCacheBehavior [ RunTime:0.000076s ]
INFO: [ view_filter ] --END-- [ RunTime:0.000142s ]
INFO: [ app_end ] --START--
INFO: Run Behavior\ShowPageTraceBehavior [ RunTime:0.000062s ]
INFO: [ app_end ] --END-- [ RunTime:0.000126s ]

[ 2016-11-18T15:08:21+08:00 ] 101.226.65.107 /index.php/Admin/Public/login.html
INFO: [ app_init ] --START--
INFO: Run Behavior\BuildLiteBehavior [ RunTime:0.000023s ]
INFO: [ app_init ] --END-- [ RunTime:0.000162s ]
INFO: [ app_begin ] --START--
INFO: Run Behavior\ReadHtmlCacheBehavior [ RunTime:0.000051s ]
INFO: [ app_begin ] --END-- [ RunTime:0.000100s ]
INFO: [ view_parse ] --START--
INFO: [ template_filter ] --START--
INFO: Run Behavior\ContentReplaceBehavior [ RunTime:0.000077s ]
INFO: [ template_filter ] --END-- [ RunTime:0.000132s ]
INFO: Run Behavior\ParseTemplateBehavior [ RunTime:0.003169s ]
INFO: [ view_parse ] --END-- [ RunTime:0.003220s ]
INFO: [ view_filter ] --START--
INFO: Run Behavior\WriteHtmlCacheBehavior [ RunTime:0.000049s ]
INFO: [ view_filter ] --END-- [ RunTime:0.000087s ]
INFO: [ app_end ] --START--
INFO: Run Behavior\ShowPageTraceBehavior [ RunTime:0.000045s ]
INFO: [ app_end ] --END-- [ RunTime:0.000084s ]

[ 2016-11-18T15:08:25+08:00 ] 180.153.205.252 /index.php/Admin/User/user_attest.html
INFO: [ app_init ] --START--
INFO: Run Behavior\BuildLiteBehavior [ RunTime:0.000022s ]
INFO: [ app_init ] --END-- [ RunTime:0.000166s ]
INFO: [ app_begin ] --START--
INFO: Run Behavior\ReadHtmlCacheBehavior [ RunTime:0.000079s ]
INFO: [ app_begin ] --END-- [ RunTime:0.000158s ]

[ 2016-11-18T15:08:25+08:00 ] 180.153.205.252 /index.php/Admin/Public/login.html
INFO: [ app_init ] --START--
INFO: Run Behavior\BuildLiteBehavior [ RunTime:0.000023s ]
INFO: [ app_init ] --END-- [ RunTime:0.000212s ]
INFO: [ app_begin ] --START--
INFO: Run Behavior\ReadHtmlCacheBehavior [ RunTime:0.000045s ]
INFO: [ app_begin ] --END-- [ RunTime:0.000092s ]
INFO: [ view_parse ] --START--
INFO: [ template_filter ] --START--
INFO: Run Behavior\ContentReplaceBehavior [ RunTime:0.000062s ]
INFO: [ template_filter ] --END-- [ RunTime:0.000142s ]
INFO: Run Behavior\ParseTemplateBehavior [ RunTime:0.003634s ]
INFO: [ view_parse ] --END-- [ RunTime:0.003709s ]
INFO: [ view_filter ] --START--
INFO: Run Behavior\WriteHtmlCacheBehavior [ RunTime:0.000089s ]
INFO: [ view_filter ] --END-- [ RunTime:0.000155s ]
INFO: [ app_end ] --START--
INFO: Run Behavior\ShowPageTraceBehavior [ RunTime:0.000136s ]
INFO: [ app_end ] --END-- [ RunTime:0.000207s ]

[ 2016-11-18T15:08:28+08:00 ] 101.226.69.246 /Admin
INFO: [ app_init ] --START--
INFO: Run Behavior\BuildLiteBehavior [ RunTime:0.000024s ]
INFO: [ app_init ] --END-- [ RunTime:0.000181s ]
INFO: [ app_begin ] --START--
INFO: Run Behavior\ReadHtmlCacheBehavior [ RunTime:0.000106s ]
INFO: [ app_begin ] --END-- [ RunTime:0.000184s ]

[ 2016-11-18T15:08:28+08:00 ] 101.226.69.246 /index.php/Admin/Public/login.html
INFO: [ app_init ] --START--
INFO: Run Behavior\BuildLiteBehavior [ RunTime:0.000023s ]
INFO: [ app_init ] --END-- [ RunTime:0.000256s ]
INFO: [ app_begin ] --START--
INFO: Run Behavior\ReadHtmlCacheBehavior [ RunTime:0.000071s ]
INFO: [ app_begin ] --END-- [ RunTime:0.000149s ]
INFO: [ view_parse ] --START--
INFO: [ template_filter ] --START--
INFO: Run Behavior\ContentReplaceBehavior [ RunTime:0.000058s ]
INFO: [ template_filter ] --END-- [ RunTime:0.000191s ]
INFO: Run Behavior\ParseTemplateBehavior [ RunTime:0.003656s ]
INFO: [ view_parse ] --END-- [ RunTime:0.003718s ]
INFO: [ view_filter ] --START--
INFO: Run Behavior\WriteHtmlCacheBehavior [ RunTime:0.000052s ]
INFO: [ view_filter ] --END-- [ RunTime:0.000092s ]
INFO: [ app_end ] --START--
INFO: Run Behavior\ShowPageTraceBehavior [ RunTime:0.000057s ]
INFO: [ app_end ] --END-- [ RunTime:0.000097s ]

[ 2016-11-18T15:14:52+08:00 ] 119.147.146.60 /index.php/Admin/Public/login.html
INFO: [ app_init ] --START--
INFO: Run Behavior\BuildLiteBehavior [ RunTime:0.000018s ]
INFO: [ app_init ] --END-- [ RunTime:0.000109s ]
INFO: [ app_begin ] --START--
INFO: Run Behavior\ReadHtmlCacheBehavior [ RunTime:0.000049s ]
INFO: [ app_begin ] --END-- [ RunTime:0.000160s ]
INFO: [ view_parse ] --START--
INFO: [ template_filter ] --START--
INFO: Run Behavior\ContentReplaceBehavior [ RunTime:0.000047s ]
INFO: [ template_filter ] --END-- [ RunTime:0.000095s ]
INFO: Run Behavior\ParseTemplateBehavior [ RunTime:0.002664s ]
INFO: [ view_parse ] --END-- [ RunTime:0.002712s ]
INFO: [ view_filter ] --START--
INFO: Run Behavior\WriteHtmlCacheBehavior [ RunTime:0.000047s ]
INFO: [ view_filter ] --END-- [ RunTime:0.000083s ]
INFO: [ app_end ] --START--
INFO: Run Behavior\ShowPageTraceBehavior [ RunTime:0.000044s ]
INFO: [ app_end ] --END-- [ RunTime:0.000081s ]

[ 2016-11-18T18:51:38+08:00 ] 121.42.0.14 /admin/images/menu-current-arrow.gif
INFO: [ app_init ] --START--
INFO: Run Behavior\BuildLiteBehavior [ RunTime:0.000023s ]
INFO: [ app_init ] --END-- [ RunTime:0.000144s ]

[ 2016-11-18T18:51:39+08:00 ] 121.42.0.14 /admin/image/menu_h4.png
INFO: [ app_init ] --START--
INFO: Run Behavior\BuildLiteBehavior [ RunTime:0.000019s ]
INFO: [ app_init ] --END-- [ RunTime:0.000130s ]

[ 2016-11-18T18:51:50+08:00 ] 121.42.0.14 /admin/images/admintitlebg.gif
INFO: [ app_init ] --START--
INFO: Run Behavior\BuildLiteBehavior [ RunTime:0.000023s ]
INFO: [ app_init ] --END-- [ RunTime:0.000142s ]

[ 2016-11-18T18:51:52+08:00 ] 121.42.0.14 /Admin/Images/icon_lpdhjl.png
INFO: [ app_init ] --START--
INFO: Run Behavior\BuildLiteBehavior [ RunTime:0.000014s ]
INFO: [ app_init ] --END-- [ RunTime:0.000098s ]

[ 2016-11-18T18:51:53+08:00 ] 121.42.0.14 /Admin/Images/Icon-Nav-Close-over.gif
INFO: [ app_init ] --START--
INFO: Run Behavior\BuildLiteBehavior [ RunTime:0.000032s ]
INFO: [ app_init ] --END-- [ RunTime:0.000147s ]

[ 2016-11-18T18:51:54+08:00 ] 121.42.0.14 /admin/images/abg2.png
INFO: [ app_init ] --START--
INFO: Run Behavior\BuildLiteBehavior [ RunTime:0.000015s ]
INFO: [ app_init ] --END-- [ RunTime:0.000097s ]

[ 2016-11-18T18:51:58+08:00 ] 121.42.0.14 /admin/images/tab_17.gif
INFO: [ app_init ] --START--
INFO: Run Behavior\BuildLiteBehavior [ RunTime:0.000022s ]
INFO: [ app_init ] --END-- [ RunTime:0.000165s ]

[ 2016-11-18T18:51:58+08:00 ] 121.42.0.14 /admin/images/top_tt_bg.gif
INFO: [ app_init ] --START--
INFO: Run Behavior\BuildLiteBehavior [ RunTime:0.000014s ]
INFO: [ app_init ] --END-- [ RunTime:0.000103s ]

[ 2016-11-18T18:52:03+08:00 ] 121.42.0.14 /admin/images/login/login_submit.gif
INFO: [ app_init ] --START--
INFO: Run Behavior\BuildLiteBehavior [ RunTime:0.000016s ]
INFO: [ app_init ] --END-- [ RunTime:0.000113s ]

[ 2016-11-18T18:52:09+08:00 ] 121.42.0.14 /admin/images/netgather_com.gif
INFO: [ app_init ] --START--
INFO: Run Behavior\BuildLiteBehavior [ RunTime:0.000021s ]
INFO: [ app_init ] --END-- [ RunTime:0.000163s ]

[ 2016-11-18T18:52:17+08:00 ] 121.42.0.14 /admin/templates/met/images/logosmall.gif
INFO: [ app_init ] --START--
INFO: Run Behavior\BuildLiteBehavior [ RunTime:0.000024s ]
INFO: [ app_init ] --END-- [ RunTime:0.000165s ]

[ 2016-11-18T18:52:18+08:00 ] 121.42.0.14 /admin/images/icon_view.gif
INFO: [ app_init ] --START--
INFO: Run Behavior\BuildLiteBehavior [ RunTime:0.000016s ]
INFO: [ app_init ] --END-- [ RunTime:0.000112s ]

[ 2016-11-18T18:52:23+08:00 ] 121.42.0.14 /admin/images/login/index_hz02.gif
INFO: [ app_init ] --START--
INFO: Run Behavior\BuildLiteBehavior [ RunTime:0.000019s ]
INFO: [ app_init ] --END-- [ RunTime:0.000105s ]

[ 2016-11-18T18:52:27+08:00 ] 121.42.0.14 /Admin/Images/LoginImages/logyh.gif
INFO: [ app_init ] --START--
INFO: Run Behavior\BuildLiteBehavior [ RunTime:0.000020s ]
INFO: [ app_init ] --END-- [ RunTime:0.000150s ]

[ 2016-11-18T18:52:30+08:00 ] 121.42.0.14 /admin/templates/images/subTypeBg.gif
INFO: [ app_init ] --START--
INFO: Run Behavior\BuildLiteBehavior [ RunTime:0.000015s ]
INFO: [ app_init ] --END-- [ RunTime:0.000097s ]

[ 2016-11-18T18:52:30+08:00 ] 121.42.0.14 /admin/templates/images/filestate.png
INFO: [ app_init ] --START--
INFO: Run Behavior\BuildLiteBehavior [ RunTime:0.000018s ]
INFO: [ app_init ] --END-- [ RunTime:0.000128s ]

[ 2016-11-18T18:52:34+08:00 ] 121.42.0.14 /admin/images/comment_alert.gif
INFO: [ app_init ] --START--
INFO: Run Behavior\BuildLiteBehavior [ RunTime:0.000013s ]
INFO: [ app_init ] --END-- [ RunTime:0.000098s ]

[ 2016-11-18T18:52:43+08:00 ] 121.42.0.14 /admin/skins/images/ads_set3.gif
INFO: [ app_init ] --START--
INFO: Run Behavior\BuildLiteBehavior [ RunTime:0.000017s ]
INFO: [ app_init ] --END-- [ RunTime:0.000129s ]

[ 2016-11-18T18:52:48+08:00 ] 121.42.0.14 /admin/images/arrow_right_8x8.png
INFO: [ app_init ] --START--
INFO: Run Behavior\BuildLiteBehavior [ RunTime:0.000014s ]
INFO: [ app_init ] --END-- [ RunTime:0.000096s ]

[ 2016-11-18T18:52:49+08:00 ] 121.42.0.14 /Admin/images/install_lines.jpg
INFO: [ app_init ] --START--
INFO: Run Behavior\BuildLiteBehavior [ RunTime:0.000018s ]
INFO: [ app_init ] --END-- [ RunTime:0.000122s ]

[ 2016-11-18T18:52:58+08:00 ] 121.42.0.14 /admin/images/li_4.gif
INFO: [ app_init ] --START--
INFO: Run Behavior\BuildLiteBehavior [ RunTime:0.000015s ]
INFO: [ app_init ] --END-- [ RunTime:0.000101s ]

[ 2016-11-18T18:53:01+08:00 ] 121.42.0.14 /admin/tpl/images/welcome_h1.gif
INFO: [ app_init ] --START--
INFO: Run Behavior\BuildLiteBehavior [ RunTime:0.000014s ]
INFO: [ app_init ] --END-- [ RunTime:0.000120s ]

[ 2016-11-18T18:53:01+08:00 ] 121.42.0.14 /admin/images/bg-pay-return-success.gif
INFO: [ app_init ] --START--
INFO: Run Behavior\BuildLiteBehavior [ RunTime:0.000014s ]
INFO: [ app_init ] --END-- [ RunTime:0.000097s ]

[ 2016-11-18T18:53:04+08:00 ] 121.42.0.14 /admin/view/image/flags/wales.png
INFO: [ app_init ] --START--
INFO: Run Behavior\BuildLiteBehavior [ RunTime:0.000019s ]
INFO: [ app_init ] --END-- [ RunTime:0.000170s ]

[ 2016-11-18T18:53:04+08:00 ] 121.42.0.14 /admin/view/image/checkmark.png
INFO: [ app_init ] --START--
INFO: Run Behavior\BuildLiteBehavior [ RunTime:0.000022s ]
INFO: [ app_init ] --END-- [ RunTime:0.000148s ]

[ 2016-11-18T18:53:07+08:00 ] 121.42.0.14 /Admin/Images/bg_admin.jpg
INFO: [ app_init ] --START--
INFO: Run Behavior\BuildLiteBehavior [ RunTime:0.000023s ]
INFO: [ app_init ] --END-- [ RunTime:0.000156s ]

