[ 2016-11-28T20:10:48+08:00 ] 121.42.0.14 /install/images/default/top1_r.jpg
INFO: [ app_init ] --START--
INFO: Run Behavior\BuildLiteBehavior [ RunTime:0.000016s ]
INFO: [ app_init ] --END-- [ RunTime:0.000127s ]
NOTIC: [8] Use of undefined constant ENV_PRE - assumed 'ENV_PRE' /home/wwwroot/zhongchou.com/App/Install/Conf/config.php 第 14 行.
NOTIC: [8] Use of undefined constant ENV_PRE - assumed 'ENV_PRE' /home/wwwroot/zhongchou.com/App/Install/Conf/config.php 第 15 行.
NOTIC: [8] Use of undefined constant ENV_PRE - assumed 'ENV_PRE' /home/wwwroot/zhongchou.com/App/Install/Conf/config.php 第 16 行.

[ 2016-11-28T20:11:41+08:00 ] 121.42.0.14 /install/images/install-step1-en_us.gif
INFO: [ app_init ] --START--
INFO: Run Behavior\BuildLiteBehavior [ RunTime:0.000022s ]
INFO: [ app_init ] --END-- [ RunTime:0.000142s ]
NOTIC: [8] Use of undefined constant ENV_PRE - assumed 'ENV_PRE' /home/wwwroot/zhongchou.com/App/Install/Conf/config.php 第 14 行.
NOTIC: [8] Use of undefined constant ENV_PRE - assumed 'ENV_PRE' /home/wwwroot/zhongchou.com/App/Install/Conf/config.php 第 15 行.
NOTIC: [8] Use of undefined constant ENV_PRE - assumed 'ENV_PRE' /home/wwwroot/zhongchou.com/App/Install/Conf/config.php 第 16 行.

[ 2016-11-28T20:11:56+08:00 ] 121.42.0.14 /install/images/guide_1.gif
INFO: [ app_init ] --START--
INFO: Run Behavior\BuildLiteBehavior [ RunTime:0.000014s ]
INFO: [ app_init ] --END-- [ RunTime:0.000096s ]
NOTIC: [8] Use of undefined constant ENV_PRE - assumed 'ENV_PRE' /home/wwwroot/zhongchou.com/App/Install/Conf/config.php 第 14 行.
NOTIC: [8] Use of undefined constant ENV_PRE - assumed 'ENV_PRE' /home/wwwroot/zhongchou.com/App/Install/Conf/config.php 第 15 行.
NOTIC: [8] Use of undefined constant ENV_PRE - assumed 'ENV_PRE' /home/wwwroot/zhongchou.com/App/Install/Conf/config.php 第 16 行.

[ 2016-11-28T20:11:59+08:00 ] 121.42.0.14 /install/images/bg-cmstop.jpg
INFO: [ app_init ] --START--
INFO: Run Behavior\BuildLiteBehavior [ RunTime:0.000024s ]
INFO: [ app_init ] --END-- [ RunTime:0.000135s ]
NOTIC: [8] Use of undefined constant ENV_PRE - assumed 'ENV_PRE' /home/wwwroot/zhongchou.com/App/Install/Conf/config.php 第 14 行.
NOTIC: [8] Use of undefined constant ENV_PRE - assumed 'ENV_PRE' /home/wwwroot/zhongchou.com/App/Install/Conf/config.php 第 15 行.
NOTIC: [8] Use of undefined constant ENV_PRE - assumed 'ENV_PRE' /home/wwwroot/zhongchou.com/App/Install/Conf/config.php 第 16 行.

[ 2016-11-28T20:12:01+08:00 ] 121.42.0.14 /install/style.css
INFO: [ app_init ] --START--
INFO: Run Behavior\BuildLiteBehavior [ RunTime:0.000021s ]
INFO: [ app_init ] --END-- [ RunTime:0.000146s ]
NOTIC: [8] Use of undefined constant ENV_PRE - assumed 'ENV_PRE' /home/wwwroot/zhongchou.com/App/Install/Conf/config.php 第 14 行.
NOTIC: [8] Use of undefined constant ENV_PRE - assumed 'ENV_PRE' /home/wwwroot/zhongchou.com/App/Install/Conf/config.php 第 15 行.
NOTIC: [8] Use of undefined constant ENV_PRE - assumed 'ENV_PRE' /home/wwwroot/zhongchou.com/App/Install/Conf/config.php 第 16 行.
INFO: [ app_begin ] --START--
INFO: Run Behavior\ReadHtmlCacheBehavior [ RunTime:0.000076s ]
INFO: [ app_begin ] --END-- [ RunTime:0.000143s ]
ERR: 无法加载控制器:Style.css

[ 2016-11-28T20:12:03+08:00 ] 121.42.0.14 /install/images/header-corners.png
INFO: [ app_init ] --START--
INFO: Run Behavior\BuildLiteBehavior [ RunTime:0.000014s ]
INFO: [ app_init ] --END-- [ RunTime:0.000101s ]
NOTIC: [8] Use of undefined constant ENV_PRE - assumed 'ENV_PRE' /home/wwwroot/zhongchou.com/App/Install/Conf/config.php 第 14 行.
NOTIC: [8] Use of undefined constant ENV_PRE - assumed 'ENV_PRE' /home/wwwroot/zhongchou.com/App/Install/Conf/config.php 第 15 行.
NOTIC: [8] Use of undefined constant ENV_PRE - assumed 'ENV_PRE' /home/wwwroot/zhongchou.com/App/Install/Conf/config.php 第 16 行.

