[ 2016-12-02T04:02:37+08:00 ] 121.42.0.31 /install/images/default/top1_r.jpg
INFO: [ app_init ] --START--
INFO: Run Behavior\BuildLiteBehavior [ RunTime:0.000023s ]
INFO: [ app_init ] --END-- [ RunTime:0.000180s ]
NOTIC: [8] Use of undefined constant ENV_PRE - assumed 'ENV_PRE' /home/wwwroot/zhongchou.com/App/Install/Conf/config.php 第 14 行.
NOTIC: [8] Use of undefined constant ENV_PRE - assumed 'ENV_PRE' /home/wwwroot/zhongchou.com/App/Install/Conf/config.php 第 15 行.
NOTIC: [8] Use of undefined constant ENV_PRE - assumed 'ENV_PRE' /home/wwwroot/zhongchou.com/App/Install/Conf/config.php 第 16 行.

[ 2016-12-02T04:03:16+08:00 ] 121.42.0.31 /install/images/install-step1-en_us.gif
INFO: [ app_init ] --START--
INFO: Run Behavior\BuildLiteBehavior [ RunTime:0.000014s ]
INFO: [ app_init ] --END-- [ RunTime:0.000098s ]
NOTIC: [8] Use of undefined constant ENV_PRE - assumed 'ENV_PRE' /home/wwwroot/zhongchou.com/App/Install/Conf/config.php 第 14 行.
NOTIC: [8] Use of undefined constant ENV_PRE - assumed 'ENV_PRE' /home/wwwroot/zhongchou.com/App/Install/Conf/config.php 第 15 行.
NOTIC: [8] Use of undefined constant ENV_PRE - assumed 'ENV_PRE' /home/wwwroot/zhongchou.com/App/Install/Conf/config.php 第 16 行.

[ 2016-12-02T04:03:39+08:00 ] 121.42.0.31 /install/images/bg-cmstop.jpg
INFO: [ app_init ] --START--
INFO: Run Behavior\BuildLiteBehavior [ RunTime:0.000016s ]
INFO: [ app_init ] --END-- [ RunTime:0.000112s ]
NOTIC: [8] Use of undefined constant ENV_PRE - assumed 'ENV_PRE' /home/wwwroot/zhongchou.com/App/Install/Conf/config.php 第 14 行.
NOTIC: [8] Use of undefined constant ENV_PRE - assumed 'ENV_PRE' /home/wwwroot/zhongchou.com/App/Install/Conf/config.php 第 15 行.
NOTIC: [8] Use of undefined constant ENV_PRE - assumed 'ENV_PRE' /home/wwwroot/zhongchou.com/App/Install/Conf/config.php 第 16 行.

[ 2016-12-02T04:03:43+08:00 ] 121.42.0.31 /install/style.css
INFO: [ app_init ] --START--
INFO: Run Behavior\BuildLiteBehavior [ RunTime:0.000017s ]
INFO: [ app_init ] --END-- [ RunTime:0.000122s ]
NOTIC: [8] Use of undefined constant ENV_PRE - assumed 'ENV_PRE' /home/wwwroot/zhongchou.com/App/Install/Conf/config.php 第 14 行.
NOTIC: [8] Use of undefined constant ENV_PRE - assumed 'ENV_PRE' /home/wwwroot/zhongchou.com/App/Install/Conf/config.php 第 15 行.
NOTIC: [8] Use of undefined constant ENV_PRE - assumed 'ENV_PRE' /home/wwwroot/zhongchou.com/App/Install/Conf/config.php 第 16 行.
INFO: [ app_begin ] --START--
INFO: Run Behavior\ReadHtmlCacheBehavior [ RunTime:0.000081s ]
INFO: [ app_begin ] --END-- [ RunTime:0.000154s ]
ERR: 无法加载控制器:Style.css

[ 2016-12-02T04:03:47+08:00 ] 121.42.0.31 /install/images/header-corners.png
INFO: [ app_init ] --START--
INFO: Run Behavior\BuildLiteBehavior [ RunTime:0.000016s ]
INFO: [ app_init ] --END-- [ RunTime:0.000113s ]
NOTIC: [8] Use of undefined constant ENV_PRE - assumed 'ENV_PRE' /home/wwwroot/zhongchou.com/App/Install/Conf/config.php 第 14 行.
NOTIC: [8] Use of undefined constant ENV_PRE - assumed 'ENV_PRE' /home/wwwroot/zhongchou.com/App/Install/Conf/config.php 第 15 行.
NOTIC: [8] Use of undefined constant ENV_PRE - assumed 'ENV_PRE' /home/wwwroot/zhongchou.com/App/Install/Conf/config.php 第 16 行.

