[ 2017-03-19T06:02:58+08:00 ] 140.205.201.39 /install/images/default/top1_r.jpg
INFO: [ app_init ] --START--
INFO: Run Behavior\BuildLiteBehavior [ RunTime:0.000013s ]
INFO: [ app_init ] --END-- [ RunTime:0.000090s ]
NOTIC: [8] Use of undefined constant ENV_PRE - assumed 'ENV_PRE' /home/wwwroot/zhongchou.com/App/Install/Conf/config.php 第 14 行.
NOTIC: [8] Use of undefined constant ENV_PRE - assumed 'ENV_PRE' /home/wwwroot/zhongchou.com/App/Install/Conf/config.php 第 15 行.
NOTIC: [8] Use of undefined constant ENV_PRE - assumed 'ENV_PRE' /home/wwwroot/zhongchou.com/App/Install/Conf/config.php 第 16 行.

[ 2017-03-19T06:03:47+08:00 ] 140.205.201.39 /install/images/install-step1-en_us.gif
INFO: [ app_init ] --START--
INFO: Run Behavior\BuildLiteBehavior [ RunTime:0.000014s ]
INFO: [ app_init ] --END-- [ RunTime:0.000099s ]
NOTIC: [8] Use of undefined constant ENV_PRE - assumed 'ENV_PRE' /home/wwwroot/zhongchou.com/App/Install/Conf/config.php 第 14 行.
NOTIC: [8] Use of undefined constant ENV_PRE - assumed 'ENV_PRE' /home/wwwroot/zhongchou.com/App/Install/Conf/config.php 第 15 行.
NOTIC: [8] Use of undefined constant ENV_PRE - assumed 'ENV_PRE' /home/wwwroot/zhongchou.com/App/Install/Conf/config.php 第 16 行.

[ 2017-03-19T06:04:07+08:00 ] 140.205.201.39 /install/images/guide_1.gif
INFO: [ app_init ] --START--
INFO: Run Behavior\BuildLiteBehavior [ RunTime:0.000022s ]
INFO: [ app_init ] --END-- [ RunTime:0.000169s ]
NOTIC: [8] Use of undefined constant ENV_PRE - assumed 'ENV_PRE' /home/wwwroot/zhongchou.com/App/Install/Conf/config.php 第 14 行.
NOTIC: [8] Use of undefined constant ENV_PRE - assumed 'ENV_PRE' /home/wwwroot/zhongchou.com/App/Install/Conf/config.php 第 15 行.
NOTIC: [8] Use of undefined constant ENV_PRE - assumed 'ENV_PRE' /home/wwwroot/zhongchou.com/App/Install/Conf/config.php 第 16 行.

[ 2017-03-19T06:04:12+08:00 ] 140.205.201.39 /install/images/bg-cmstop.jpg
INFO: [ app_init ] --START--
INFO: Run Behavior\BuildLiteBehavior [ RunTime:0.000016s ]
INFO: [ app_init ] --END-- [ RunTime:0.000108s ]
NOTIC: [8] Use of undefined constant ENV_PRE - assumed 'ENV_PRE' /home/wwwroot/zhongchou.com/App/Install/Conf/config.php 第 14 行.
NOTIC: [8] Use of undefined constant ENV_PRE - assumed 'ENV_PRE' /home/wwwroot/zhongchou.com/App/Install/Conf/config.php 第 15 行.
NOTIC: [8] Use of undefined constant ENV_PRE - assumed 'ENV_PRE' /home/wwwroot/zhongchou.com/App/Install/Conf/config.php 第 16 行.

[ 2017-03-19T06:04:17+08:00 ] 140.205.201.39 /install/style.css
INFO: [ app_init ] --START--
INFO: Run Behavior\BuildLiteBehavior [ RunTime:0.000014s ]
INFO: [ app_init ] --END-- [ RunTime:0.000095s ]
NOTIC: [8] Use of undefined constant ENV_PRE - assumed 'ENV_PRE' /home/wwwroot/zhongchou.com/App/Install/Conf/config.php 第 14 行.
NOTIC: [8] Use of undefined constant ENV_PRE - assumed 'ENV_PRE' /home/wwwroot/zhongchou.com/App/Install/Conf/config.php 第 15 行.
NOTIC: [8] Use of undefined constant ENV_PRE - assumed 'ENV_PRE' /home/wwwroot/zhongchou.com/App/Install/Conf/config.php 第 16 行.
INFO: [ app_begin ] --START--
INFO: Run Behavior\ReadHtmlCacheBehavior [ RunTime:0.000049s ]
INFO: [ app_begin ] --END-- [ RunTime:0.000093s ]
ERR: 无法加载控制器:Style.css

[ 2017-03-19T06:04:19+08:00 ] 140.205.201.39 /install/images/header-corners.png
INFO: [ app_init ] --START--
INFO: Run Behavior\BuildLiteBehavior [ RunTime:0.000018s ]
INFO: [ app_init ] --END-- [ RunTime:0.000112s ]
NOTIC: [8] Use of undefined constant ENV_PRE - assumed 'ENV_PRE' /home/wwwroot/zhongchou.com/App/Install/Conf/config.php 第 14 行.
NOTIC: [8] Use of undefined constant ENV_PRE - assumed 'ENV_PRE' /home/wwwroot/zhongchou.com/App/Install/Conf/config.php 第 15 行.
NOTIC: [8] Use of undefined constant ENV_PRE - assumed 'ENV_PRE' /home/wwwroot/zhongchou.com/App/Install/Conf/config.php 第 16 行.

