[ 2017-04-02T01:22:34+08:00 ] 140.205.225.183 /install/images/default/top1_r.jpg
INFO: [ app_init ] --START--
INFO: Run Behavior\BuildLiteBehavior [ RunTime:0.000020s ]
INFO: [ app_init ] --END-- [ RunTime:0.000135s ]
NOTIC: [8] Use of undefined constant ENV_PRE - assumed 'ENV_PRE' /home/wwwroot/zhongchou.com/App/Install/Conf/config.php 第 14 行.
NOTIC: [8] Use of undefined constant ENV_PRE - assumed 'ENV_PRE' /home/wwwroot/zhongchou.com/App/Install/Conf/config.php 第 15 行.
NOTIC: [8] Use of undefined constant ENV_PRE - assumed 'ENV_PRE' /home/wwwroot/zhongchou.com/App/Install/Conf/config.php 第 16 行.

[ 2017-04-02T01:22:56+08:00 ] 140.205.225.183 /install/images/install-step1-en_us.gif
INFO: [ app_init ] --START--
INFO: Run Behavior\BuildLiteBehavior [ RunTime:0.000016s ]
INFO: [ app_init ] --END-- [ RunTime:0.000110s ]
NOTIC: [8] Use of undefined constant ENV_PRE - assumed 'ENV_PRE' /home/wwwroot/zhongchou.com/App/Install/Conf/config.php 第 14 行.
NOTIC: [8] Use of undefined constant ENV_PRE - assumed 'ENV_PRE' /home/wwwroot/zhongchou.com/App/Install/Conf/config.php 第 15 行.
NOTIC: [8] Use of undefined constant ENV_PRE - assumed 'ENV_PRE' /home/wwwroot/zhongchou.com/App/Install/Conf/config.php 第 16 行.

[ 2017-04-02T01:23:04+08:00 ] 140.205.225.183 /install/images/guide_1.gif
INFO: [ app_init ] --START--
INFO: Run Behavior\BuildLiteBehavior [ RunTime:0.000016s ]
INFO: [ app_init ] --END-- [ RunTime:0.000102s ]
NOTIC: [8] Use of undefined constant ENV_PRE - assumed 'ENV_PRE' /home/wwwroot/zhongchou.com/App/Install/Conf/config.php 第 14 行.
NOTIC: [8] Use of undefined constant ENV_PRE - assumed 'ENV_PRE' /home/wwwroot/zhongchou.com/App/Install/Conf/config.php 第 15 行.
NOTIC: [8] Use of undefined constant ENV_PRE - assumed 'ENV_PRE' /home/wwwroot/zhongchou.com/App/Install/Conf/config.php 第 16 行.

[ 2017-04-02T01:23:08+08:00 ] 140.205.225.183 /install/images/bg-cmstop.jpg
INFO: [ app_init ] --START--
INFO: Run Behavior\BuildLiteBehavior [ RunTime:0.000013s ]
INFO: [ app_init ] --END-- [ RunTime:0.000090s ]
NOTIC: [8] Use of undefined constant ENV_PRE - assumed 'ENV_PRE' /home/wwwroot/zhongchou.com/App/Install/Conf/config.php 第 14 行.
NOTIC: [8] Use of undefined constant ENV_PRE - assumed 'ENV_PRE' /home/wwwroot/zhongchou.com/App/Install/Conf/config.php 第 15 行.
NOTIC: [8] Use of undefined constant ENV_PRE - assumed 'ENV_PRE' /home/wwwroot/zhongchou.com/App/Install/Conf/config.php 第 16 行.

[ 2017-04-02T01:23:11+08:00 ] 140.205.225.183 /install/style.css
INFO: [ app_init ] --START--
INFO: Run Behavior\BuildLiteBehavior [ RunTime:0.000018s ]
INFO: [ app_init ] --END-- [ RunTime:0.000130s ]
NOTIC: [8] Use of undefined constant ENV_PRE - assumed 'ENV_PRE' /home/wwwroot/zhongchou.com/App/Install/Conf/config.php 第 14 行.
NOTIC: [8] Use of undefined constant ENV_PRE - assumed 'ENV_PRE' /home/wwwroot/zhongchou.com/App/Install/Conf/config.php 第 15 行.
NOTIC: [8] Use of undefined constant ENV_PRE - assumed 'ENV_PRE' /home/wwwroot/zhongchou.com/App/Install/Conf/config.php 第 16 行.
INFO: [ app_begin ] --START--
INFO: Run Behavior\ReadHtmlCacheBehavior [ RunTime:0.000056s ]
INFO: [ app_begin ] --END-- [ RunTime:0.000127s ]
ERR: 无法加载控制器:Style.css

[ 2017-04-02T01:23:13+08:00 ] 140.205.225.183 /install/images/header-corners.png
INFO: [ app_init ] --START--
INFO: Run Behavior\BuildLiteBehavior [ RunTime:0.000014s ]
INFO: [ app_init ] --END-- [ RunTime:0.000102s ]
NOTIC: [8] Use of undefined constant ENV_PRE - assumed 'ENV_PRE' /home/wwwroot/zhongchou.com/App/Install/Conf/config.php 第 14 行.
NOTIC: [8] Use of undefined constant ENV_PRE - assumed 'ENV_PRE' /home/wwwroot/zhongchou.com/App/Install/Conf/config.php 第 15 行.
NOTIC: [8] Use of undefined constant ENV_PRE - assumed 'ENV_PRE' /home/wwwroot/zhongchou.com/App/Install/Conf/config.php 第 16 行.

