[ 2017-03-03T02:33:02+08:00 ] 140.205.201.33 /install/images/default/top1_r.jpg
INFO: [ app_init ] --START--
INFO: Run Behavior\BuildLiteBehavior [ RunTime:0.000016s ]
INFO: [ app_init ] --END-- [ RunTime:0.000311s ]
NOTIC: [8] Use of undefined constant ENV_PRE - assumed 'ENV_PRE' /home/wwwroot/zhongchou.com/App/Install/Conf/config.php 第 14 行.
NOTIC: [8] Use of undefined constant ENV_PRE - assumed 'ENV_PRE' /home/wwwroot/zhongchou.com/App/Install/Conf/config.php 第 15 行.
NOTIC: [8] Use of undefined constant ENV_PRE - assumed 'ENV_PRE' /home/wwwroot/zhongchou.com/App/Install/Conf/config.php 第 16 行.

[ 2017-03-03T02:33:25+08:00 ] 140.205.201.33 /install/images/install-step1-en_us.gif
INFO: [ app_init ] --START--
INFO: Run Behavior\BuildLiteBehavior [ RunTime:0.000016s ]
INFO: [ app_init ] --END-- [ RunTime:0.000312s ]
NOTIC: [8] Use of undefined constant ENV_PRE - assumed 'ENV_PRE' /home/wwwroot/zhongchou.com/App/Install/Conf/config.php 第 14 行.
NOTIC: [8] Use of undefined constant ENV_PRE - assumed 'ENV_PRE' /home/wwwroot/zhongchou.com/App/Install/Conf/config.php 第 15 行.
NOTIC: [8] Use of undefined constant ENV_PRE - assumed 'ENV_PRE' /home/wwwroot/zhongchou.com/App/Install/Conf/config.php 第 16 行.

[ 2017-03-03T02:33:35+08:00 ] 140.205.201.33 /install/images/guide_1.gif
INFO: [ app_init ] --START--
INFO: Run Behavior\BuildLiteBehavior [ RunTime:0.000019s ]
INFO: [ app_init ] --END-- [ RunTime:0.000381s ]
NOTIC: [8] Use of undefined constant ENV_PRE - assumed 'ENV_PRE' /home/wwwroot/zhongchou.com/App/Install/Conf/config.php 第 14 行.
NOTIC: [8] Use of undefined constant ENV_PRE - assumed 'ENV_PRE' /home/wwwroot/zhongchou.com/App/Install/Conf/config.php 第 15 行.
NOTIC: [8] Use of undefined constant ENV_PRE - assumed 'ENV_PRE' /home/wwwroot/zhongchou.com/App/Install/Conf/config.php 第 16 行.

[ 2017-03-03T02:33:38+08:00 ] 140.205.201.33 /install/images/bg-cmstop.jpg
INFO: [ app_init ] --START--
INFO: Run Behavior\BuildLiteBehavior [ RunTime:0.000064s ]
INFO: [ app_init ] --END-- [ RunTime:0.000374s ]
NOTIC: [8] Use of undefined constant ENV_PRE - assumed 'ENV_PRE' /home/wwwroot/zhongchou.com/App/Install/Conf/config.php 第 14 行.
NOTIC: [8] Use of undefined constant ENV_PRE - assumed 'ENV_PRE' /home/wwwroot/zhongchou.com/App/Install/Conf/config.php 第 15 行.
NOTIC: [8] Use of undefined constant ENV_PRE - assumed 'ENV_PRE' /home/wwwroot/zhongchou.com/App/Install/Conf/config.php 第 16 行.

[ 2017-03-03T02:33:41+08:00 ] 140.205.201.33 /install/style.css
INFO: [ app_init ] --START--
INFO: Run Behavior\BuildLiteBehavior [ RunTime:0.000023s ]
INFO: [ app_init ] --END-- [ RunTime:0.000526s ]
NOTIC: [8] Use of undefined constant ENV_PRE - assumed 'ENV_PRE' /home/wwwroot/zhongchou.com/App/Install/Conf/config.php 第 14 行.
NOTIC: [8] Use of undefined constant ENV_PRE - assumed 'ENV_PRE' /home/wwwroot/zhongchou.com/App/Install/Conf/config.php 第 15 行.
NOTIC: [8] Use of undefined constant ENV_PRE - assumed 'ENV_PRE' /home/wwwroot/zhongchou.com/App/Install/Conf/config.php 第 16 行.
INFO: [ app_begin ] --START--
INFO: Run Behavior\ReadHtmlCacheBehavior [ RunTime:0.000387s ]
INFO: [ app_begin ] --END-- [ RunTime:0.000438s ]
ERR: 无法加载控制器:Style.css

[ 2017-03-03T02:33:44+08:00 ] 140.205.201.33 /install/images/header-corners.png
INFO: [ app_init ] --START--
INFO: Run Behavior\BuildLiteBehavior [ RunTime:0.000031s ]
INFO: [ app_init ] --END-- [ RunTime:0.000497s ]
NOTIC: [8] Use of undefined constant ENV_PRE - assumed 'ENV_PRE' /home/wwwroot/zhongchou.com/App/Install/Conf/config.php 第 14 行.
NOTIC: [8] Use of undefined constant ENV_PRE - assumed 'ENV_PRE' /home/wwwroot/zhongchou.com/App/Install/Conf/config.php 第 15 行.
NOTIC: [8] Use of undefined constant ENV_PRE - assumed 'ENV_PRE' /home/wwwroot/zhongchou.com/App/Install/Conf/config.php 第 16 行.

[ 2017-03-03T08:40:44+08:00 ] 140.205.201.45 /install/images/default/top1_r.jpg
INFO: [ app_init ] --START--
INFO: Run Behavior\BuildLiteBehavior [ RunTime:0.000020s ]
INFO: [ app_init ] --END-- [ RunTime:0.000511s ]
NOTIC: [8] Use of undefined constant ENV_PRE - assumed 'ENV_PRE' /home/wwwroot/zhongchou.com/App/Install/Conf/config.php 第 14 行.
NOTIC: [8] Use of undefined constant ENV_PRE - assumed 'ENV_PRE' /home/wwwroot/zhongchou.com/App/Install/Conf/config.php 第 15 行.
NOTIC: [8] Use of undefined constant ENV_PRE - assumed 'ENV_PRE' /home/wwwroot/zhongchou.com/App/Install/Conf/config.php 第 16 行.

[ 2017-03-03T08:41:07+08:00 ] 140.205.201.45 /install/images/install-step1-en_us.gif
INFO: [ app_init ] --START--
INFO: Run Behavior\BuildLiteBehavior [ RunTime:0.000020s ]
INFO: [ app_init ] --END-- [ RunTime:0.000397s ]
NOTIC: [8] Use of undefined constant ENV_PRE - assumed 'ENV_PRE' /home/wwwroot/zhongchou.com/App/Install/Conf/config.php 第 14 行.
NOTIC: [8] Use of undefined constant ENV_PRE - assumed 'ENV_PRE' /home/wwwroot/zhongchou.com/App/Install/Conf/config.php 第 15 行.
NOTIC: [8] Use of undefined constant ENV_PRE - assumed 'ENV_PRE' /home/wwwroot/zhongchou.com/App/Install/Conf/config.php 第 16 行.

[ 2017-03-03T08:41:16+08:00 ] 140.205.201.45 /install/images/guide_1.gif
INFO: [ app_init ] --START--
INFO: Run Behavior\BuildLiteBehavior [ RunTime:0.000018s ]
INFO: [ app_init ] --END-- [ RunTime:0.000336s ]
NOTIC: [8] Use of undefined constant ENV_PRE - assumed 'ENV_PRE' /home/wwwroot/zhongchou.com/App/Install/Conf/config.php 第 14 行.
NOTIC: [8] Use of undefined constant ENV_PRE - assumed 'ENV_PRE' /home/wwwroot/zhongchou.com/App/Install/Conf/config.php 第 15 行.
NOTIC: [8] Use of undefined constant ENV_PRE - assumed 'ENV_PRE' /home/wwwroot/zhongchou.com/App/Install/Conf/config.php 第 16 行.

[ 2017-03-03T08:41:20+08:00 ] 140.205.201.45 /install/images/bg-cmstop.jpg
INFO: [ app_init ] --START--
INFO: Run Behavior\BuildLiteBehavior [ RunTime:0.000016s ]
INFO: [ app_init ] --END-- [ RunTime:0.000339s ]
NOTIC: [8] Use of undefined constant ENV_PRE - assumed 'ENV_PRE' /home/wwwroot/zhongchou.com/App/Install/Conf/config.php 第 14 行.
NOTIC: [8] Use of undefined constant ENV_PRE - assumed 'ENV_PRE' /home/wwwroot/zhongchou.com/App/Install/Conf/config.php 第 15 行.
NOTIC: [8] Use of undefined constant ENV_PRE - assumed 'ENV_PRE' /home/wwwroot/zhongchou.com/App/Install/Conf/config.php 第 16 行.

[ 2017-03-03T08:41:23+08:00 ] 140.205.201.45 /install/style.css
INFO: [ app_init ] --START--
INFO: Run Behavior\BuildLiteBehavior [ RunTime:0.000024s ]
INFO: [ app_init ] --END-- [ RunTime:0.000475s ]
NOTIC: [8] Use of undefined constant ENV_PRE - assumed 'ENV_PRE' /home/wwwroot/zhongchou.com/App/Install/Conf/config.php 第 14 行.
NOTIC: [8] Use of undefined constant ENV_PRE - assumed 'ENV_PRE' /home/wwwroot/zhongchou.com/App/Install/Conf/config.php 第 15 行.
NOTIC: [8] Use of undefined constant ENV_PRE - assumed 'ENV_PRE' /home/wwwroot/zhongchou.com/App/Install/Conf/config.php 第 16 行.
INFO: [ app_begin ] --START--
INFO: Run Behavior\ReadHtmlCacheBehavior [ RunTime:0.000605s ]
INFO: [ app_begin ] --END-- [ RunTime:0.000689s ]
ERR: 无法加载控制器:Style.css

[ 2017-03-03T08:41:26+08:00 ] 140.205.201.45 /install/images/header-corners.png
INFO: [ app_init ] --START--
INFO: Run Behavior\BuildLiteBehavior [ RunTime:0.000014s ]
INFO: [ app_init ] --END-- [ RunTime:0.000321s ]
NOTIC: [8] Use of undefined constant ENV_PRE - assumed 'ENV_PRE' /home/wwwroot/zhongchou.com/App/Install/Conf/config.php 第 14 行.
NOTIC: [8] Use of undefined constant ENV_PRE - assumed 'ENV_PRE' /home/wwwroot/zhongchou.com/App/Install/Conf/config.php 第 15 行.
NOTIC: [8] Use of undefined constant ENV_PRE - assumed 'ENV_PRE' /home/wwwroot/zhongchou.com/App/Install/Conf/config.php 第 16 行.

[ 2017-03-03T09:42:10+08:00 ] 140.205.201.42 /install/images/default/top1_r.jpg
INFO: [ app_init ] --START--
INFO: Run Behavior\BuildLiteBehavior [ RunTime:0.000015s ]
INFO: [ app_init ] --END-- [ RunTime:0.000311s ]
NOTIC: [8] Use of undefined constant ENV_PRE - assumed 'ENV_PRE' /home/wwwroot/zhongchou.com/App/Install/Conf/config.php 第 14 行.
NOTIC: [8] Use of undefined constant ENV_PRE - assumed 'ENV_PRE' /home/wwwroot/zhongchou.com/App/Install/Conf/config.php 第 15 行.
NOTIC: [8] Use of undefined constant ENV_PRE - assumed 'ENV_PRE' /home/wwwroot/zhongchou.com/App/Install/Conf/config.php 第 16 行.

[ 2017-03-03T09:42:34+08:00 ] 140.205.201.42 /install/images/install-step1-en_us.gif
INFO: [ app_init ] --START--
INFO: Run Behavior\BuildLiteBehavior [ RunTime:0.000015s ]
INFO: [ app_init ] --END-- [ RunTime:0.000318s ]
NOTIC: [8] Use of undefined constant ENV_PRE - assumed 'ENV_PRE' /home/wwwroot/zhongchou.com/App/Install/Conf/config.php 第 14 行.
NOTIC: [8] Use of undefined constant ENV_PRE - assumed 'ENV_PRE' /home/wwwroot/zhongchou.com/App/Install/Conf/config.php 第 15 行.
NOTIC: [8] Use of undefined constant ENV_PRE - assumed 'ENV_PRE' /home/wwwroot/zhongchou.com/App/Install/Conf/config.php 第 16 行.

[ 2017-03-03T09:42:43+08:00 ] 140.205.201.42 /install/images/guide_1.gif
INFO: [ app_init ] --START--
INFO: Run Behavior\BuildLiteBehavior [ RunTime:0.000019s ]
INFO: [ app_init ] --END-- [ RunTime:0.000403s ]
NOTIC: [8] Use of undefined constant ENV_PRE - assumed 'ENV_PRE' /home/wwwroot/zhongchou.com/App/Install/Conf/config.php 第 14 行.
NOTIC: [8] Use of undefined constant ENV_PRE - assumed 'ENV_PRE' /home/wwwroot/zhongchou.com/App/Install/Conf/config.php 第 15 行.
NOTIC: [8] Use of undefined constant ENV_PRE - assumed 'ENV_PRE' /home/wwwroot/zhongchou.com/App/Install/Conf/config.php 第 16 行.

[ 2017-03-03T09:42:46+08:00 ] 140.205.201.42 /install/images/bg-cmstop.jpg
INFO: [ app_init ] --START--
INFO: Run Behavior\BuildLiteBehavior [ RunTime:0.000015s ]
INFO: [ app_init ] --END-- [ RunTime:0.000339s ]
NOTIC: [8] Use of undefined constant ENV_PRE - assumed 'ENV_PRE' /home/wwwroot/zhongchou.com/App/Install/Conf/config.php 第 14 行.
NOTIC: [8] Use of undefined constant ENV_PRE - assumed 'ENV_PRE' /home/wwwroot/zhongchou.com/App/Install/Conf/config.php 第 15 行.
NOTIC: [8] Use of undefined constant ENV_PRE - assumed 'ENV_PRE' /home/wwwroot/zhongchou.com/App/Install/Conf/config.php 第 16 行.

[ 2017-03-03T09:42:50+08:00 ] 140.205.201.42 /install/style.css
INFO: [ app_init ] --START--
INFO: Run Behavior\BuildLiteBehavior [ RunTime:0.000016s ]
INFO: [ app_init ] --END-- [ RunTime:0.000385s ]
NOTIC: [8] Use of undefined constant ENV_PRE - assumed 'ENV_PRE' /home/wwwroot/zhongchou.com/App/Install/Conf/config.php 第 14 行.
NOTIC: [8] Use of undefined constant ENV_PRE - assumed 'ENV_PRE' /home/wwwroot/zhongchou.com/App/Install/Conf/config.php 第 15 行.
NOTIC: [8] Use of undefined constant ENV_PRE - assumed 'ENV_PRE' /home/wwwroot/zhongchou.com/App/Install/Conf/config.php 第 16 行.
INFO: [ app_begin ] --START--
INFO: Run Behavior\ReadHtmlCacheBehavior [ RunTime:0.000439s ]
INFO: [ app_begin ] --END-- [ RunTime:0.000503s ]
ERR: 无法加载控制器:Style.css

[ 2017-03-03T09:42:52+08:00 ] 140.205.201.42 /install/images/header-corners.png
INFO: [ app_init ] --START--
INFO: Run Behavior\BuildLiteBehavior [ RunTime:0.000016s ]
INFO: [ app_init ] --END-- [ RunTime:0.000301s ]
NOTIC: [8] Use of undefined constant ENV_PRE - assumed 'ENV_PRE' /home/wwwroot/zhongchou.com/App/Install/Conf/config.php 第 14 行.
NOTIC: [8] Use of undefined constant ENV_PRE - assumed 'ENV_PRE' /home/wwwroot/zhongchou.com/App/Install/Conf/config.php 第 15 行.
NOTIC: [8] Use of undefined constant ENV_PRE - assumed 'ENV_PRE' /home/wwwroot/zhongchou.com/App/Install/Conf/config.php 第 16 行.

