[ 2017-02-12T10:16:34+08:00 ] 66.249.66.201 /index.php/User/Login/sendsms.html
INFO: [ app_init ] --START--
INFO: Run Behavior\BuildLiteBehavior [ RunTime:0.000014s ]
INFO: [ app_init ] --END-- [ RunTime:0.000102s ]
INFO: [ app_begin ] --START--
INFO: Run Behavior\ReadHtmlCacheBehavior [ RunTime:0.000042s ]
INFO: [ app_begin ] --END-- [ RunTime:0.000089s ]
SQL: SHOW COLUMNS FROM `zml_user` [ RunTime:0.0012s ]
SQL: SELECT * FROM `zml_user` WHERE `phone` = '' LIMIT 1   [ RunTime:0.0003s ]
NOTIC: [8] Undefined index: HTTP_REFERER /home/wwwroot/zhongchou.com/Inc/Library/Think/Controller.class.php 第 283 行.
INFO: [ view_parse ] --START--
INFO: [ template_filter ] --START--
INFO: Run Behavior\ContentReplaceBehavior [ RunTime:0.021974s ]
INFO: [ template_filter ] --END-- [ RunTime:0.022100s ]
INFO: Run Behavior\ParseTemplateBehavior [ RunTime:0.044469s ]
INFO: [ view_parse ] --END-- [ RunTime:0.044546s ]
INFO: [ view_filter ] --START--
INFO: Run Behavior\WriteHtmlCacheBehavior [ RunTime:0.000078s ]
INFO: [ view_filter ] --END-- [ RunTime:0.000121s ]
INFO: [ app_end ] --START--
INFO: Run Behavior\ShowPageTraceBehavior [ RunTime:0.000078s ]
INFO: [ app_end ] --END-- [ RunTime:0.000139s ]

