[ 2017-01-05T02:32:58+08:00 ] 69.58.178.56 /index.php/User/Login.html
INFO: [ app_init ] --START--
INFO: Run Behavior\BuildLiteBehavior [ RunTime:0.000015s ]
INFO: [ app_init ] --END-- [ RunTime:0.000115s ]
INFO: [ app_begin ] --START--
INFO: Run Behavior\ReadHtmlCacheBehavior [ RunTime:0.000080s ]
INFO: [ app_begin ] --END-- [ RunTime:0.000155s ]
INFO: [ view_parse ] --START--
INFO: [ template_filter ] --START--
INFO: Run Behavior\ContentReplaceBehavior [ RunTime:0.000066s ]
INFO: [ template_filter ] --END-- [ RunTime:0.000133s ]
INFO: Run Behavior\ParseTemplateBehavior [ RunTime:0.029779s ]
INFO: [ view_parse ] --END-- [ RunTime:0.029830s ]
INFO: [ view_filter ] --START--
INFO: Run Behavior\WriteHtmlCacheBehavior [ RunTime:0.000056s ]
INFO: [ view_filter ] --END-- [ RunTime:0.000098s ]
INFO: [ app_end ] --START--
INFO: Run Behavior\ShowPageTraceBehavior [ RunTime:0.000050s ]
INFO: [ app_end ] --END-- [ RunTime:0.000090s ]

[ 2017-01-05T02:33:02+08:00 ] 69.58.178.56 /index.php/User/Login/reg.html
INFO: [ app_init ] --START--
INFO: Run Behavior\BuildLiteBehavior [ RunTime:0.000023s ]
INFO: [ app_init ] --END-- [ RunTime:0.000178s ]
INFO: [ app_begin ] --START--
INFO: Run Behavior\ReadHtmlCacheBehavior [ RunTime:0.000082s ]
INFO: [ app_begin ] --END-- [ RunTime:0.000158s ]
INFO: [ view_parse ] --START--
NOTIC: [8] Undefined index: num /home/wwwroot/zhongchou.com/App/TagLib/Zml.class.php 第 133 行.
NOTIC: [8] Undefined variable: w /home/wwwroot/zhongchou.com/App/TagLib/Zml.class.php 第 140 行.
NOTIC: [8] Undefined variable: limit /home/wwwroot/zhongchou.com/App/TagLib/Zml.class.php 第 153 行.
INFO: [ template_filter ] --START--
INFO: Run Behavior\ContentReplaceBehavior [ RunTime:0.000082s ]
INFO: [ template_filter ] --END-- [ RunTime:0.000143s ]
SQL: SHOW COLUMNS FROM `zml_nav` [ RunTime:0.0013s ]
SQL: SHOW COLUMNS FROM `zml_nav` [ RunTime:0.0009s ]
SQL: SELECT * FROM `zml_nav` WHERE ( status =1 AND type =2 AND pid =0 ) ORDER BY time desc  [ RunTime:0.0005s ]
SQL: SELECT * FROM `zml_nav` WHERE `pid` = 1 ORDER BY time desc LIMIT 10   [ RunTime:0.0003s ]
SQL: SELECT * FROM `zml_nav` WHERE `pid` = 3 ORDER BY time desc LIMIT 10   [ RunTime:0.0002s ]
SQL: SELECT * FROM `zml_nav` WHERE `pid` = 5 ORDER BY time desc LIMIT 10   [ RunTime:0.0002s ]
SQL: SELECT * FROM `zml_nav` WHERE `pid` = 7 ORDER BY time desc LIMIT 10   [ RunTime:0.0002s ]
SQL: SELECT * FROM `zml_nav` WHERE `pid` = 8 ORDER BY time desc LIMIT 10   [ RunTime:0.0002s ]
SQL: SELECT * FROM `zml_nav` WHERE `pid` = 9 ORDER BY time desc LIMIT 10   [ RunTime:0.0002s ]
INFO: Run Behavior\ParseTemplateBehavior [ RunTime:0.031659s ]
INFO: [ view_parse ] --END-- [ RunTime:0.031743s ]
INFO: [ view_filter ] --START--
INFO: Run Behavior\WriteHtmlCacheBehavior [ RunTime:0.000122s ]
INFO: [ view_filter ] --END-- [ RunTime:0.000179s ]
INFO: [ app_end ] --START--
INFO: Run Behavior\ShowPageTraceBehavior [ RunTime:0.000087s ]
INFO: [ app_end ] --END-- [ RunTime:0.000165s ]

[ 2017-01-05T02:33:13+08:00 ] 69.58.178.56 /index.php/User/Login/reg
INFO: [ app_init ] --START--
INFO: Run Behavior\BuildLiteBehavior [ RunTime:0.000027s ]
INFO: [ app_init ] --END-- [ RunTime:0.000192s ]
INFO: [ app_begin ] --START--
INFO: Run Behavior\ReadHtmlCacheBehavior [ RunTime:0.000090s ]
INFO: [ app_begin ] --END-- [ RunTime:0.000169s ]
INFO: [ view_parse ] --START--
NOTIC: [8] Undefined index: num /home/wwwroot/zhongchou.com/App/TagLib/Zml.class.php 第 133 行.
NOTIC: [8] Undefined variable: w /home/wwwroot/zhongchou.com/App/TagLib/Zml.class.php 第 140 行.
NOTIC: [8] Undefined variable: limit /home/wwwroot/zhongchou.com/App/TagLib/Zml.class.php 第 153 行.
INFO: [ template_filter ] --START--
INFO: Run Behavior\ContentReplaceBehavior [ RunTime:0.000073s ]
INFO: [ template_filter ] --END-- [ RunTime:0.000129s ]
SQL: SHOW COLUMNS FROM `zml_nav` [ RunTime:0.0011s ]
SQL: SHOW COLUMNS FROM `zml_nav` [ RunTime:0.0008s ]
SQL: SELECT * FROM `zml_nav` WHERE ( status =1 AND type =2 AND pid =0 ) ORDER BY time desc  [ RunTime:0.0003s ]
SQL: SELECT * FROM `zml_nav` WHERE `pid` = 1 ORDER BY time desc LIMIT 10   [ RunTime:0.0002s ]
SQL: SELECT * FROM `zml_nav` WHERE `pid` = 3 ORDER BY time desc LIMIT 10   [ RunTime:0.0002s ]
SQL: SELECT * FROM `zml_nav` WHERE `pid` = 5 ORDER BY time desc LIMIT 10   [ RunTime:0.0002s ]
SQL: SELECT * FROM `zml_nav` WHERE `pid` = 7 ORDER BY time desc LIMIT 10   [ RunTime:0.0003s ]
SQL: SELECT * FROM `zml_nav` WHERE `pid` = 8 ORDER BY time desc LIMIT 10   [ RunTime:0.0002s ]
SQL: SELECT * FROM `zml_nav` WHERE `pid` = 9 ORDER BY time desc LIMIT 10   [ RunTime:0.0002s ]
INFO: Run Behavior\ParseTemplateBehavior [ RunTime:0.015784s ]
INFO: [ view_parse ] --END-- [ RunTime:0.015854s ]
INFO: [ view_filter ] --START--
INFO: Run Behavior\WriteHtmlCacheBehavior [ RunTime:0.000072s ]
INFO: [ view_filter ] --END-- [ RunTime:0.000114s ]
INFO: [ app_end ] --START--
INFO: Run Behavior\ShowPageTraceBehavior [ RunTime:0.000059s ]
INFO: [ app_end ] --END-- [ RunTime:0.000111s ]

[ 2017-01-05T02:33:15+08:00 ] 69.58.178.56 /index.php/User/Login/forgotpwd
INFO: [ app_init ] --START--
INFO: Run Behavior\BuildLiteBehavior [ RunTime:0.000017s ]
INFO: [ app_init ] --END-- [ RunTime:0.000111s ]
INFO: [ app_begin ] --START--
INFO: Run Behavior\ReadHtmlCacheBehavior [ RunTime:0.000059s ]
INFO: [ app_begin ] --END-- [ RunTime:0.000120s ]
INFO: [ view_parse ] --START--
NOTIC: [8] Undefined index: num /home/wwwroot/zhongchou.com/App/TagLib/Zml.class.php 第 133 行.
NOTIC: [8] Undefined variable: w /home/wwwroot/zhongchou.com/App/TagLib/Zml.class.php 第 140 行.
NOTIC: [8] Undefined variable: limit /home/wwwroot/zhongchou.com/App/TagLib/Zml.class.php 第 153 行.
INFO: [ template_filter ] --START--
INFO: Run Behavior\ContentReplaceBehavior [ RunTime:0.000079s ]
INFO: [ template_filter ] --END-- [ RunTime:0.000215s ]
SQL: SHOW COLUMNS FROM `zml_nav` [ RunTime:0.0016s ]
SQL: SHOW COLUMNS FROM `zml_nav` [ RunTime:0.0010s ]
SQL: SELECT * FROM `zml_nav` WHERE ( status =1 AND type =2 AND pid =0 ) ORDER BY time desc  [ RunTime:0.0004s ]
SQL: SELECT * FROM `zml_nav` WHERE `pid` = 1 ORDER BY time desc LIMIT 10   [ RunTime:0.0002s ]
SQL: SELECT * FROM `zml_nav` WHERE `pid` = 3 ORDER BY time desc LIMIT 10   [ RunTime:0.0003s ]
SQL: SELECT * FROM `zml_nav` WHERE `pid` = 5 ORDER BY time desc LIMIT 10   [ RunTime:0.0002s ]
SQL: SELECT * FROM `zml_nav` WHERE `pid` = 7 ORDER BY time desc LIMIT 10   [ RunTime:0.0002s ]
SQL: SELECT * FROM `zml_nav` WHERE `pid` = 8 ORDER BY time desc LIMIT 10   [ RunTime:0.0002s ]
SQL: SELECT * FROM `zml_nav` WHERE `pid` = 9 ORDER BY time desc LIMIT 10   [ RunTime:0.0003s ]
INFO: Run Behavior\ParseTemplateBehavior [ RunTime:0.032135s ]
INFO: [ view_parse ] --END-- [ RunTime:0.032204s ]
INFO: [ view_filter ] --START--
INFO: Run Behavior\WriteHtmlCacheBehavior [ RunTime:0.000085s ]
INFO: [ view_filter ] --END-- [ RunTime:0.000139s ]
INFO: [ app_end ] --START--
INFO: Run Behavior\ShowPageTraceBehavior [ RunTime:0.000052s ]
INFO: [ app_end ] --END-- [ RunTime:0.000103s ]

[ 2017-01-05T02:33:16+08:00 ] 69.58.178.56 /User
INFO: [ app_init ] --START--
INFO: Run Behavior\BuildLiteBehavior [ RunTime:0.000023s ]
INFO: [ app_init ] --END-- [ RunTime:0.000168s ]
INFO: [ app_begin ] --START--
INFO: Run Behavior\ReadHtmlCacheBehavior [ RunTime:0.000086s ]
INFO: [ app_begin ] --END-- [ RunTime:0.000155s ]
SQL: SHOW COLUMNS FROM `zml_user` [ RunTime:0.0016s ]
SQL: SELECT r.status as rstatus,u.uin,u.name,u.phone,u.create_time,u.money,u.points,u.age,u.sex,u.province,u.city,u.area,u.address,u.header,c.name as cityname,p.name as provname,a.name as areaname FROM zml_user u LEFT JOIN zml_region p ON  p.id=u.province LEFT JOIN zml_region c ON  c.id=u.city LEFT JOIN zml_region a ON  a.id=u.area LEFT JOIN zml_user_attest r ON r.uin=u.uin  WHERE u.uin = null LIMIT 1   [ RunTime:0.0004s ]
NOTIC: [8] Use of undefined constant j - assumed 'j' /home/wwwroot/zhongchou.com/App/User/Controller/IndexController.class.php 第 15 行.
NOTIC: [8] Undefined index: data /home/wwwroot/zhongchou.com/App/User/Controller/IndexController.class.php 第 25 行.
SQL: SHOW COLUMNS FROM `zml_item_collect` [ RunTime:0.0011s ]
SQL: SHOW COLUMNS FROM `zml_item_collect` [ RunTime:0.0011s ]
SQL: SELECT COUNT(*) AS tp_count FROM zml_item_collect as a LEFT JOIN zml_item b ON a.itemid = b.id  WHERE ( a.time > 1483200000 AND a.time < 1483286399  ) AND a.uin = null LIMIT 1   [ RunTime:0.0004s ]
NOTIC: [8] Undefined index: collect_item /home/wwwroot/zhongchou.com/App/User/Controller/IndexController.class.php 第 26 行.
SQL: SHOW COLUMNS FROM `zml_item_with_order` [ RunTime:0.0011s ]
SQL: SHOW COLUMNS FROM `zml_item_with_order` [ RunTime:0.0012s ]
SQL: SELECT COUNT(*) AS tp_count FROM zml_item_with_order as a WHERE ( a.create_time > 1483200000 AND a.create_time < 1483286399  ) AND a.uin = null LIMIT 1   [ RunTime:0.0004s ]
NOTIC: [8] Undefined index: with_item /home/wwwroot/zhongchou.com/App/User/Controller/IndexController.class.php 第 27 行.
SQL: SHOW COLUMNS FROM `zml_item_interview` [ RunTime:0.0011s ]
NOTIC: [2] Missing argument 2 for User\Model\ItemInterviewModel::countList(), called in /home/wwwroot/zhongchou.com/App/User/Controller/IndexController.class.php on line 28 and defined /home/wwwroot/zhongchou.com/App/User/Model/ItemInterviewModel.class.php 第 51 行.
SQL: SHOW COLUMNS FROM `zml_item_interview` [ RunTime:0.0010s ]
NOTIC: [8] Undefined variable: count /home/wwwroot/zhongchou.com/App/User/Model/ItemInterviewModel.class.php 第 55 行.
SQL: SELECT COUNT(*) AS tp_count FROM zml_item_interview as a LEFT JOIN zml_item b ON a.itemid = b.id  WHERE ( a.time > 1483200000 AND a.time < 1483286399  ) AND a.uin = null LIMIT 1   [ RunTime:0.0003s ]
NOTIC: [8] Undefined index: interview /home/wwwroot/zhongchou.com/App/User/Controller/IndexController.class.php 第 28 行.
SQL: SHOW COLUMNS FROM `zml_user_money_details` [ RunTime:0.0011s ]
SQL: SHOW COLUMNS FROM `zml_user_money_details` [ RunTime:0.0011s ]
SQL: SELECT SUM(money) AS tp_sum FROM zml_user_money_details as a WHERE ( a.create_time > 1483200000 AND a.create_time < 1483286399  ) AND a.uin = null AND `type` = 1 LIMIT 1   [ RunTime:0.0003s ]
NOTIC: [8] Undefined index: inmoney /home/wwwroot/zhongchou.com/App/User/Controller/IndexController.class.php 第 29 行.
SQL: SELECT SUM(money) AS tp_sum FROM zml_user_money_details as a WHERE ( a.create_time > 1483200000 AND a.create_time < 1483286399  ) AND a.uin = null AND `type` = 2 LIMIT 1   [ RunTime:0.0002s ]
NOTIC: [8] Undefined index: outmoney /home/wwwroot/zhongchou.com/App/User/Controller/IndexController.class.php 第 30 行.
SQL: SELECT COUNT(*) AS tp_count FROM zml_item_collect as a LEFT JOIN zml_item b ON a.itemid = b.id  WHERE ( a.time > 1483286400 AND a.time < 1483372799  ) AND a.uin = null LIMIT 1   [ RunTime:0.0003s ]
SQL: SELECT COUNT(*) AS tp_count FROM zml_item_with_order as a WHERE ( a.create_time > 1483286400 AND a.create_time < 1483372799  ) AND a.uin = null LIMIT 1   [ RunTime:0.0002s ]
NOTIC: [2] Missing argument 2 for User\Model\ItemInterviewModel::countList(), called in /home/wwwroot/zhongchou.com/App/User/Controller/IndexController.class.php on line 28 and defined /home/wwwroot/zhongchou.com/App/User/Model/ItemInterviewModel.class.php 第 51 行.
NOTIC: [8] Undefined variable: count /home/wwwroot/zhongchou.com/App/User/Model/ItemInterviewModel.class.php 第 55 行.
SQL: SELECT COUNT(*) AS tp_count FROM zml_item_interview as a LEFT JOIN zml_item b ON a.itemid = b.id  WHERE ( a.time > 1483286400 AND a.time < 1483372799  ) AND a.uin = null LIMIT 1   [ RunTime:0.0002s ]
SQL: SELECT SUM(money) AS tp_sum FROM zml_user_money_details as a WHERE ( a.create_time > 1483286400 AND a.create_time < 1483372799  ) AND a.uin = null AND `type` = 1 LIMIT 1   [ RunTime:0.0002s ]
SQL: SELECT SUM(money) AS tp_sum FROM zml_user_money_details as a WHERE ( a.create_time > 1483286400 AND a.create_time < 1483372799  ) AND a.uin = null AND `type` = 2 LIMIT 1   [ RunTime:0.0002s ]
SQL: SELECT COUNT(*) AS tp_count FROM zml_item_collect as a LEFT JOIN zml_item b ON a.itemid = b.id  WHERE ( a.time > 1483372800 AND a.time < 1483459199  ) AND a.uin = null LIMIT 1   [ RunTime:0.0002s ]
SQL: SELECT COUNT(*) AS tp_count FROM zml_item_with_order as a WHERE ( a.create_time > 1483372800 AND a.create_time < 1483459199  ) AND a.uin = null LIMIT 1   [ RunTime:0.0002s ]
NOTIC: [2] Missing argument 2 for User\Model\ItemInterviewModel::countList(), called in /home/wwwroot/zhongchou.com/App/User/Controller/IndexController.class.php on line 28 and defined /home/wwwroot/zhongchou.com/App/User/Model/ItemInterviewModel.class.php 第 51 行.
NOTIC: [8] Undefined variable: count /home/wwwroot/zhongchou.com/App/User/Model/ItemInterviewModel.class.php 第 55 行.
SQL: SELECT COUNT(*) AS tp_count FROM zml_item_interview as a LEFT JOIN zml_item b ON a.itemid = b.id  WHERE ( a.time > 1483372800 AND a.time < 1483459199  ) AND a.uin = null LIMIT 1   [ RunTime:0.0002s ]
SQL: SELECT SUM(money) AS tp_sum FROM zml_user_money_details as a WHERE ( a.create_time > 1483372800 AND a.create_time < 1483459199  ) AND a.uin = null AND `type` = 1 LIMIT 1   [ RunTime:0.0002s ]
SQL: SELECT SUM(money) AS tp_sum FROM zml_user_money_details as a WHERE ( a.create_time > 1483372800 AND a.create_time < 1483459199  ) AND a.uin = null AND `type` = 2 LIMIT 1   [ RunTime:0.0002s ]
SQL: SELECT COUNT(*) AS tp_count FROM zml_item_collect as a LEFT JOIN zml_item b ON a.itemid = b.id  WHERE ( a.time > 1483459200 AND a.time < 1483545599  ) AND a.uin = null LIMIT 1   [ RunTime:0.0002s ]
SQL: SELECT COUNT(*) AS tp_count FROM zml_item_with_order as a WHERE ( a.create_time > 1483459200 AND a.create_time < 1483545599  ) AND a.uin = null LIMIT 1   [ RunTime:0.0002s ]
NOTIC: [2] Missing argument 2 for User\Model\ItemInterviewModel::countList(), called in /home/wwwroot/zhongchou.com/App/User/Controller/IndexController.class.php on line 28 and defined /home/wwwroot/zhongchou.com/App/User/Model/ItemInterviewModel.class.php 第 51 行.
NOTIC: [8] Undefined variable: count /home/wwwroot/zhongchou.com/App/User/Model/ItemInterviewModel.class.php 第 55 行.
SQL: SELECT COUNT(*) AS tp_count FROM zml_item_interview as a LEFT JOIN zml_item b ON a.itemid = b.id  WHERE ( a.time > 1483459200 AND a.time < 1483545599  ) AND a.uin = null LIMIT 1   [ RunTime:0.0004s ]
SQL: SELECT SUM(money) AS tp_sum FROM zml_user_money_details as a WHERE ( a.create_time > 1483459200 AND a.create_time < 1483545599  ) AND a.uin = null AND `type` = 1 LIMIT 1   [ RunTime:0.0002s ]
SQL: SELECT SUM(money) AS tp_sum FROM zml_user_money_details as a WHERE ( a.create_time > 1483459200 AND a.create_time < 1483545599  ) AND a.uin = null AND `type` = 2 LIMIT 1   [ RunTime:0.0003s ]
SQL: SELECT COUNT(*) AS tp_count FROM zml_item_collect as a LEFT JOIN zml_item b ON a.itemid = b.id  WHERE ( a.time > 1483545600 AND a.time < 1483631999  ) AND a.uin = null LIMIT 1   [ RunTime:0.0002s ]
SQL: SELECT COUNT(*) AS tp_count FROM zml_item_with_order as a WHERE ( a.create_time > 1483545600 AND a.create_time < 1483631999  ) AND a.uin = null LIMIT 1   [ RunTime:0.0005s ]
NOTIC: [2] Missing argument 2 for User\Model\ItemInterviewModel::countList(), called in /home/wwwroot/zhongchou.com/App/User/Controller/IndexController.class.php on line 28 and defined /home/wwwroot/zhongchou.com/App/User/Model/ItemInterviewModel.class.php 第 51 行.
NOTIC: [8] Undefined variable: count /home/wwwroot/zhongchou.com/App/User/Model/ItemInterviewModel.class.php 第 55 行.
SQL: SELECT COUNT(*) AS tp_count FROM zml_item_interview as a LEFT JOIN zml_item b ON a.itemid = b.id  WHERE ( a.time > 1483545600 AND a.time < 1483631999  ) AND a.uin = null LIMIT 1   [ RunTime:0.0004s ]
SQL: SELECT SUM(money) AS tp_sum FROM zml_user_money_details as a WHERE ( a.create_time > 1483545600 AND a.create_time < 1483631999  ) AND a.uin = null AND `type` = 1 LIMIT 1   [ RunTime:0.0003s ]
SQL: SELECT SUM(money) AS tp_sum FROM zml_user_money_details as a WHERE ( a.create_time > 1483545600 AND a.create_time < 1483631999  ) AND a.uin = null AND `type` = 2 LIMIT 1   [ RunTime:0.0003s ]
SQL: SHOW COLUMNS FROM `zml_user` [ RunTime:0.0072s ]
SQL: SELECT `money` FROM `zml_user` WHERE `uin` = null LIMIT 1   [ RunTime:0.0003s ]
INFO: [ view_parse ] --START--
NOTIC: [8] Undefined index: num /home/wwwroot/zhongchou.com/App/TagLib/Zml.class.php 第 133 行.
NOTIC: [8] Undefined variable: w /home/wwwroot/zhongchou.com/App/TagLib/Zml.class.php 第 140 行.
NOTIC: [8] Undefined variable: limit /home/wwwroot/zhongchou.com/App/TagLib/Zml.class.php 第 153 行.
INFO: [ template_filter ] --START--
INFO: Run Behavior\ContentReplaceBehavior [ RunTime:0.000115s ]
INFO: [ template_filter ] --END-- [ RunTime:0.000177s ]
NOTIC: [8] Use of undefined constant Index - assumed 'Index' /home/wwwroot/zhongchou.com/Runtime/Cache/User/ba6fe9656d017f718cbb1cbe2bdb8d07.php 第 179 行.
NOTIC: [8] Use of undefined constant index - assumed 'index' /home/wwwroot/zhongchou.com/Runtime/Cache/User/ba6fe9656d017f718cbb1cbe2bdb8d07.php 第 179 行.
NOTIC: [8] Use of undefined constant Item - assumed 'Item' /home/wwwroot/zhongchou.com/Runtime/Cache/User/ba6fe9656d017f718cbb1cbe2bdb8d07.php 第 185 行.
NOTIC: [8] Use of undefined constant Item - assumed 'Item' /home/wwwroot/zhongchou.com/Runtime/Cache/User/ba6fe9656d017f718cbb1cbe2bdb8d07.php 第 189 行.
NOTIC: [8] Use of undefined constant Lead - assumed 'Lead' /home/wwwroot/zhongchou.com/Runtime/Cache/User/ba6fe9656d017f718cbb1cbe2bdb8d07.php 第 193 行.
NOTIC: [8] Use of undefined constant Item - assumed 'Item' /home/wwwroot/zhongchou.com/Runtime/Cache/User/ba6fe9656d017f718cbb1cbe2bdb8d07.php 第 197 行.
NOTIC: [8] Use of undefined constant Investor - assumed 'Investor' /home/wwwroot/zhongchou.com/Runtime/Cache/User/ba6fe9656d017f718cbb1cbe2bdb8d07.php 第 205 行.
NOTIC: [8] Use of undefined constant Investor - assumed 'Investor' /home/wwwroot/zhongchou.com/Runtime/Cache/User/ba6fe9656d017f718cbb1cbe2bdb8d07.php 第 207 行.
NOTIC: [8] Use of undefined constant Investor - assumed 'Investor' /home/wwwroot/zhongchou.com/Runtime/Cache/User/ba6fe9656d017f718cbb1cbe2bdb8d07.php 第 209 行.
NOTIC: [8] Use of undefined constant Investor - assumed 'Investor' /home/wwwroot/zhongchou.com/Runtime/Cache/User/ba6fe9656d017f718cbb1cbe2bdb8d07.php 第 211 行.
NOTIC: [8] Use of undefined constant Funds - assumed 'Funds' /home/wwwroot/zhongchou.com/Runtime/Cache/User/ba6fe9656d017f718cbb1cbe2bdb8d07.php 第 219 行.
NOTIC: [8] Use of undefined constant Funds - assumed 'Funds' /home/wwwroot/zhongchou.com/Runtime/Cache/User/ba6fe9656d017f718cbb1cbe2bdb8d07.php 第 221 行.
NOTIC: [8] Use of undefined constant Prepaid - assumed 'Prepaid' /home/wwwroot/zhongchou.com/Runtime/Cache/User/ba6fe9656d017f718cbb1cbe2bdb8d07.php 第 223 行.
NOTIC: [8] Use of undefined constant Attest - assumed 'Attest' /home/wwwroot/zhongchou.com/Runtime/Cache/User/ba6fe9656d017f718cbb1cbe2bdb8d07.php 第 231 行.
NOTIC: [8] Use of undefined constant Info - assumed 'Info' /home/wwwroot/zhongchou.com/Runtime/Cache/User/ba6fe9656d017f718cbb1cbe2bdb8d07.php 第 233 行.
NOTIC: [8] Use of undefined constant Dolog - assumed 'Dolog' /home/wwwroot/zhongchou.com/Runtime/Cache/User/ba6fe9656d017f718cbb1cbe2bdb8d07.php 第 235 行.
NOTIC: [2] Missing argument 1 for doLog(), called in /home/wwwroot/zhongchou.com/Runtime/Cache/User/ba6fe9656d017f718cbb1cbe2bdb8d07.php on line 235 and defined /home/wwwroot/zhongchou.com/App/Common/Common/function.php 第 162 行.
SQL: SHOW COLUMNS FROM `zml_user_do_log` [ RunTime:0.0011s ]
SQL: SHOW COLUMNS FROM `zml_user_do_log` [ RunTime:0.0018s ]
SQL: SELECT COUNT(*) AS tp_count FROM zml_user_do_log as a WHERE `uin` = null AND `status` = 0 LIMIT 1   [ RunTime:0.0004s ]
NOTIC: [8] Use of undefined constant Bank - assumed 'Bank' /home/wwwroot/zhongchou.com/Runtime/Cache/User/ba6fe9656d017f718cbb1cbe2bdb8d07.php 第 237 行.
SQL: SHOW COLUMNS FROM `zml_nav` [ RunTime:0.0010s ]
SQL: SHOW COLUMNS FROM `zml_nav` [ RunTime:0.0013s ]
SQL: SELECT * FROM `zml_nav` WHERE ( status =1 AND type =2 AND pid =0 ) ORDER BY time desc  [ RunTime:0.0003s ]
SQL: SELECT * FROM `zml_nav` WHERE `pid` = 1 ORDER BY time desc LIMIT 10   [ RunTime:0.0003s ]
SQL: SELECT * FROM `zml_nav` WHERE `pid` = 3 ORDER BY time desc LIMIT 10   [ RunTime:0.0002s ]
SQL: SELECT * FROM `zml_nav` WHERE `pid` = 5 ORDER BY time desc LIMIT 10   [ RunTime:0.0002s ]
SQL: SELECT * FROM `zml_nav` WHERE `pid` = 7 ORDER BY time desc LIMIT 10   [ RunTime:0.0003s ]
SQL: SELECT * FROM `zml_nav` WHERE `pid` = 8 ORDER BY time desc LIMIT 10   [ RunTime:0.0002s ]
SQL: SELECT * FROM `zml_nav` WHERE `pid` = 9 ORDER BY time desc LIMIT 10   [ RunTime:0.0002s ]
INFO: Run Behavior\ParseTemplateBehavior [ RunTime:0.026996s ]
INFO: [ view_parse ] --END-- [ RunTime:0.027060s ]
INFO: [ view_filter ] --START--
INFO: Run Behavior\WriteHtmlCacheBehavior [ RunTime:0.000104s ]
INFO: [ view_filter ] --END-- [ RunTime:0.000155s ]
INFO: [ app_end ] --START--
INFO: Run Behavior\ShowPageTraceBehavior [ RunTime:0.000076s ]
INFO: [ app_end ] --END-- [ RunTime:0.000126s ]

[ 2017-01-05T02:33:18+08:00 ] 69.58.178.56 /index.php/User/Login/index
INFO: [ app_init ] --START--
INFO: Run Behavior\BuildLiteBehavior [ RunTime:0.000015s ]
INFO: [ app_init ] --END-- [ RunTime:0.000101s ]
INFO: [ app_begin ] --START--
INFO: Run Behavior\ReadHtmlCacheBehavior [ RunTime:0.000042s ]
INFO: [ app_begin ] --END-- [ RunTime:0.000089s ]
INFO: [ view_parse ] --START--
NOTIC: [8] Undefined index: num /home/wwwroot/zhongchou.com/App/TagLib/Zml.class.php 第 133 行.
NOTIC: [8] Undefined variable: w /home/wwwroot/zhongchou.com/App/TagLib/Zml.class.php 第 140 行.
NOTIC: [8] Undefined variable: limit /home/wwwroot/zhongchou.com/App/TagLib/Zml.class.php 第 153 行.
INFO: [ template_filter ] --START--
INFO: Run Behavior\ContentReplaceBehavior [ RunTime:0.000068s ]
INFO: [ template_filter ] --END-- [ RunTime:0.000120s ]
SQL: SHOW COLUMNS FROM `zml_nav` [ RunTime:0.0012s ]
SQL: SHOW COLUMNS FROM `zml_nav` [ RunTime:0.0013s ]
SQL: SELECT * FROM `zml_nav` WHERE ( status =1 AND type =2 AND pid =0 ) ORDER BY time desc  [ RunTime:0.0006s ]
SQL: SELECT * FROM `zml_nav` WHERE `pid` = 1 ORDER BY time desc LIMIT 10   [ RunTime:0.0003s ]
SQL: SELECT * FROM `zml_nav` WHERE `pid` = 3 ORDER BY time desc LIMIT 10   [ RunTime:0.0002s ]
SQL: SELECT * FROM `zml_nav` WHERE `pid` = 5 ORDER BY time desc LIMIT 10   [ RunTime:0.0003s ]
SQL: SELECT * FROM `zml_nav` WHERE `pid` = 7 ORDER BY time desc LIMIT 10   [ RunTime:0.0003s ]
SQL: SELECT * FROM `zml_nav` WHERE `pid` = 8 ORDER BY time desc LIMIT 10   [ RunTime:0.0003s ]
SQL: SELECT * FROM `zml_nav` WHERE `pid` = 9 ORDER BY time desc LIMIT 10   [ RunTime:0.0003s ]
INFO: Run Behavior\ParseTemplateBehavior [ RunTime:0.015161s ]
INFO: [ view_parse ] --END-- [ RunTime:0.015227s ]
INFO: [ view_filter ] --START--
INFO: Run Behavior\WriteHtmlCacheBehavior [ RunTime:0.000109s ]
INFO: [ view_filter ] --END-- [ RunTime:0.000173s ]
INFO: [ app_end ] --START--
INFO: Run Behavior\ShowPageTraceBehavior [ RunTime:0.000073s ]
INFO: [ app_end ] --END-- [ RunTime:0.000138s ]

[ 2017-01-05T07:07:40+08:00 ] 66.249.69.209 /index.php/User/Login/index/bakurl/L2luZGV4LnBocC9JdGVtL2luZm8vaWQvMy5odG1s.html
INFO: [ app_init ] --START--
INFO: Run Behavior\BuildLiteBehavior [ RunTime:0.000017s ]
INFO: [ app_init ] --END-- [ RunTime:0.000147s ]
INFO: [ app_begin ] --START--
INFO: Run Behavior\ReadHtmlCacheBehavior [ RunTime:0.000065s ]
INFO: [ app_begin ] --END-- [ RunTime:0.000139s ]
INFO: [ view_parse ] --START--
NOTIC: [8] Undefined index: num /home/wwwroot/zhongchou.com/App/TagLib/Zml.class.php 第 133 行.
NOTIC: [8] Undefined variable: w /home/wwwroot/zhongchou.com/App/TagLib/Zml.class.php 第 140 行.
NOTIC: [8] Undefined variable: limit /home/wwwroot/zhongchou.com/App/TagLib/Zml.class.php 第 153 行.
INFO: [ template_filter ] --START--
INFO: Run Behavior\ContentReplaceBehavior [ RunTime:0.000118s ]
INFO: [ template_filter ] --END-- [ RunTime:0.000296s ]
SQL: SHOW COLUMNS FROM `zml_nav` [ RunTime:0.0013s ]
SQL: SHOW COLUMNS FROM `zml_nav` [ RunTime:0.0010s ]
SQL: SELECT * FROM `zml_nav` WHERE ( status =1 AND type =2 AND pid =0 ) ORDER BY time desc  [ RunTime:0.0004s ]
SQL: SELECT * FROM `zml_nav` WHERE `pid` = 1 ORDER BY time desc LIMIT 10   [ RunTime:0.0002s ]
SQL: SELECT * FROM `zml_nav` WHERE `pid` = 3 ORDER BY time desc LIMIT 10   [ RunTime:0.0002s ]
SQL: SELECT * FROM `zml_nav` WHERE `pid` = 5 ORDER BY time desc LIMIT 10   [ RunTime:0.0002s ]
SQL: SELECT * FROM `zml_nav` WHERE `pid` = 7 ORDER BY time desc LIMIT 10   [ RunTime:0.0002s ]
SQL: SELECT * FROM `zml_nav` WHERE `pid` = 8 ORDER BY time desc LIMIT 10   [ RunTime:0.0002s ]
SQL: SELECT * FROM `zml_nav` WHERE `pid` = 9 ORDER BY time desc LIMIT 10   [ RunTime:0.0002s ]
INFO: Run Behavior\ParseTemplateBehavior [ RunTime:0.041416s ]
INFO: [ view_parse ] --END-- [ RunTime:0.041492s ]
INFO: [ view_filter ] --START--
INFO: Run Behavior\WriteHtmlCacheBehavior [ RunTime:0.000065s ]
INFO: [ view_filter ] --END-- [ RunTime:0.000125s ]
INFO: [ app_end ] --START--
INFO: Run Behavior\ShowPageTraceBehavior [ RunTime:0.000073s ]
INFO: [ app_end ] --END-- [ RunTime:0.000118s ]

[ 2017-01-05T07:07:41+08:00 ] 66.249.69.201 /index.php/User/Login/index/bakurl/L2luZGV4LnBocC9JdGVtL2luZm8vaWQvMy5odG1s.html
INFO: [ app_init ] --START--
INFO: Run Behavior\BuildLiteBehavior [ RunTime:0.000016s ]
INFO: [ app_init ] --END-- [ RunTime:0.000137s ]
INFO: [ app_begin ] --START--
INFO: Run Behavior\ReadHtmlCacheBehavior [ RunTime:0.000045s ]
INFO: [ app_begin ] --END-- [ RunTime:0.000094s ]
INFO: [ view_parse ] --START--
NOTIC: [8] Undefined index: num /home/wwwroot/zhongchou.com/App/TagLib/Zml.class.php 第 133 行.
NOTIC: [8] Undefined variable: w /home/wwwroot/zhongchou.com/App/TagLib/Zml.class.php 第 140 行.
NOTIC: [8] Undefined variable: limit /home/wwwroot/zhongchou.com/App/TagLib/Zml.class.php 第 153 行.
INFO: [ template_filter ] --START--
INFO: Run Behavior\ContentReplaceBehavior [ RunTime:0.000138s ]
INFO: [ template_filter ] --END-- [ RunTime:0.000194s ]
SQL: SHOW COLUMNS FROM `zml_nav` [ RunTime:0.0013s ]
SQL: SHOW COLUMNS FROM `zml_nav` [ RunTime:0.0008s ]
SQL: SELECT * FROM `zml_nav` WHERE ( status =1 AND type =2 AND pid =0 ) ORDER BY time desc  [ RunTime:0.0004s ]
SQL: SELECT * FROM `zml_nav` WHERE `pid` = 1 ORDER BY time desc LIMIT 10   [ RunTime:0.0002s ]
SQL: SELECT * FROM `zml_nav` WHERE `pid` = 3 ORDER BY time desc LIMIT 10   [ RunTime:0.0002s ]
SQL: SELECT * FROM `zml_nav` WHERE `pid` = 5 ORDER BY time desc LIMIT 10   [ RunTime:0.0002s ]
SQL: SELECT * FROM `zml_nav` WHERE `pid` = 7 ORDER BY time desc LIMIT 10   [ RunTime:0.0002s ]
SQL: SELECT * FROM `zml_nav` WHERE `pid` = 8 ORDER BY time desc LIMIT 10   [ RunTime:0.0003s ]
SQL: SELECT * FROM `zml_nav` WHERE `pid` = 9 ORDER BY time desc LIMIT 10   [ RunTime:0.0002s ]
INFO: Run Behavior\ParseTemplateBehavior [ RunTime:0.015311s ]
INFO: [ view_parse ] --END-- [ RunTime:0.015367s ]
INFO: [ view_filter ] --START--
INFO: Run Behavior\WriteHtmlCacheBehavior [ RunTime:0.000053s ]
INFO: [ view_filter ] --END-- [ RunTime:0.000091s ]
INFO: [ app_end ] --START--
INFO: Run Behavior\ShowPageTraceBehavior [ RunTime:0.000044s ]
INFO: [ app_end ] --END-- [ RunTime:0.000083s ]

[ 2017-01-05T11:38:55+08:00 ] 66.249.69.201 /index.php/User/Login/forgotpwd
INFO: [ app_init ] --START--
INFO: Run Behavior\BuildLiteBehavior [ RunTime:0.000024s ]
INFO: [ app_init ] --END-- [ RunTime:0.000179s ]
INFO: [ app_begin ] --START--
INFO: Run Behavior\ReadHtmlCacheBehavior [ RunTime:0.000068s ]
INFO: [ app_begin ] --END-- [ RunTime:0.000118s ]
INFO: [ view_parse ] --START--
NOTIC: [8] Undefined index: num /home/wwwroot/zhongchou.com/App/TagLib/Zml.class.php 第 133 行.
NOTIC: [8] Undefined variable: w /home/wwwroot/zhongchou.com/App/TagLib/Zml.class.php 第 140 行.
NOTIC: [8] Undefined variable: limit /home/wwwroot/zhongchou.com/App/TagLib/Zml.class.php 第 153 行.
INFO: [ template_filter ] --START--
INFO: Run Behavior\ContentReplaceBehavior [ RunTime:0.000109s ]
INFO: [ template_filter ] --END-- [ RunTime:0.000185s ]
SQL: SHOW COLUMNS FROM `zml_nav` [ RunTime:0.0013s ]
SQL: SHOW COLUMNS FROM `zml_nav` [ RunTime:0.0010s ]
SQL: SELECT * FROM `zml_nav` WHERE ( status =1 AND type =2 AND pid =0 ) ORDER BY time desc  [ RunTime:0.0003s ]
SQL: SELECT * FROM `zml_nav` WHERE `pid` = 1 ORDER BY time desc LIMIT 10   [ RunTime:0.0002s ]
SQL: SELECT * FROM `zml_nav` WHERE `pid` = 3 ORDER BY time desc LIMIT 10   [ RunTime:0.0002s ]
SQL: SELECT * FROM `zml_nav` WHERE `pid` = 5 ORDER BY time desc LIMIT 10   [ RunTime:0.0002s ]
SQL: SELECT * FROM `zml_nav` WHERE `pid` = 7 ORDER BY time desc LIMIT 10   [ RunTime:0.0002s ]
SQL: SELECT * FROM `zml_nav` WHERE `pid` = 8 ORDER BY time desc LIMIT 10   [ RunTime:0.0003s ]
SQL: SELECT * FROM `zml_nav` WHERE `pid` = 9 ORDER BY time desc LIMIT 10   [ RunTime:0.0002s ]
INFO: Run Behavior\ParseTemplateBehavior [ RunTime:0.046227s ]
INFO: [ view_parse ] --END-- [ RunTime:0.046279s ]
INFO: [ view_filter ] --START--
INFO: Run Behavior\WriteHtmlCacheBehavior [ RunTime:0.000068s ]
INFO: [ view_filter ] --END-- [ RunTime:0.000108s ]
INFO: [ app_end ] --START--
INFO: Run Behavior\ShowPageTraceBehavior [ RunTime:0.000065s ]
INFO: [ app_end ] --END-- [ RunTime:0.000116s ]

[ 2017-01-05T11:38:59+08:00 ] 66.249.69.206 /index.php/User/Login/forgotpwd
INFO: [ app_init ] --START--
INFO: Run Behavior\BuildLiteBehavior [ RunTime:0.000023s ]
INFO: [ app_init ] --END-- [ RunTime:0.000178s ]
INFO: [ app_begin ] --START--
INFO: Run Behavior\ReadHtmlCacheBehavior [ RunTime:0.000087s ]
INFO: [ app_begin ] --END-- [ RunTime:0.000169s ]
INFO: [ view_parse ] --START--
NOTIC: [8] Undefined index: num /home/wwwroot/zhongchou.com/App/TagLib/Zml.class.php 第 133 行.
NOTIC: [8] Undefined variable: w /home/wwwroot/zhongchou.com/App/TagLib/Zml.class.php 第 140 行.
NOTIC: [8] Undefined variable: limit /home/wwwroot/zhongchou.com/App/TagLib/Zml.class.php 第 153 行.
INFO: [ template_filter ] --START--
INFO: Run Behavior\ContentReplaceBehavior [ RunTime:0.000136s ]
INFO: [ template_filter ] --END-- [ RunTime:0.000254s ]
SQL: SHOW COLUMNS FROM `zml_nav` [ RunTime:0.0017s ]
SQL: SHOW COLUMNS FROM `zml_nav` [ RunTime:0.0012s ]
SQL: SELECT * FROM `zml_nav` WHERE ( status =1 AND type =2 AND pid =0 ) ORDER BY time desc  [ RunTime:0.0003s ]
SQL: SELECT * FROM `zml_nav` WHERE `pid` = 1 ORDER BY time desc LIMIT 10   [ RunTime:0.0002s ]
SQL: SELECT * FROM `zml_nav` WHERE `pid` = 3 ORDER BY time desc LIMIT 10   [ RunTime:0.0002s ]
SQL: SELECT * FROM `zml_nav` WHERE `pid` = 5 ORDER BY time desc LIMIT 10   [ RunTime:0.0002s ]
SQL: SELECT * FROM `zml_nav` WHERE `pid` = 7 ORDER BY time desc LIMIT 10   [ RunTime:0.0002s ]
SQL: SELECT * FROM `zml_nav` WHERE `pid` = 8 ORDER BY time desc LIMIT 10   [ RunTime:0.0002s ]
SQL: SELECT * FROM `zml_nav` WHERE `pid` = 9 ORDER BY time desc LIMIT 10   [ RunTime:0.0002s ]
INFO: Run Behavior\ParseTemplateBehavior [ RunTime:0.018077s ]
INFO: [ view_parse ] --END-- [ RunTime:0.018143s ]
INFO: [ view_filter ] --START--
INFO: Run Behavior\WriteHtmlCacheBehavior [ RunTime:0.000078s ]
INFO: [ view_filter ] --END-- [ RunTime:0.000118s ]
INFO: [ app_end ] --START--
INFO: Run Behavior\ShowPageTraceBehavior [ RunTime:0.000056s ]
INFO: [ app_end ] --END-- [ RunTime:0.000117s ]

[ 2017-01-05T20:00:28+08:00 ] 140.205.225.184 /user/images/must.gif
INFO: [ app_init ] --START--
INFO: Run Behavior\BuildLiteBehavior [ RunTime:0.000022s ]
INFO: [ app_init ] --END-- [ RunTime:0.000148s ]

[ 2017-01-05T20:52:35+08:00 ] 38.100.21.66 /index.php/User/Login/reg.html
INFO: [ app_init ] --START--
INFO: Run Behavior\BuildLiteBehavior [ RunTime:0.000013s ]
INFO: [ app_init ] --END-- [ RunTime:0.000095s ]
INFO: [ app_begin ] --START--
INFO: Run Behavior\ReadHtmlCacheBehavior [ RunTime:0.000044s ]
INFO: [ app_begin ] --END-- [ RunTime:0.000093s ]
INFO: [ view_parse ] --START--
NOTIC: [8] Undefined index: num /home/wwwroot/zhongchou.com/App/TagLib/Zml.class.php 第 133 行.
NOTIC: [8] Undefined variable: w /home/wwwroot/zhongchou.com/App/TagLib/Zml.class.php 第 140 行.
NOTIC: [8] Undefined variable: limit /home/wwwroot/zhongchou.com/App/TagLib/Zml.class.php 第 153 行.
INFO: [ template_filter ] --START--
INFO: Run Behavior\ContentReplaceBehavior [ RunTime:0.000097s ]
INFO: [ template_filter ] --END-- [ RunTime:0.000180s ]
SQL: SHOW COLUMNS FROM `zml_nav` [ RunTime:0.0011s ]
SQL: SHOW COLUMNS FROM `zml_nav` [ RunTime:0.0009s ]
SQL: SELECT * FROM `zml_nav` WHERE ( status =1 AND type =2 AND pid =0 ) ORDER BY time desc  [ RunTime:0.0003s ]
SQL: SELECT * FROM `zml_nav` WHERE `pid` = 1 ORDER BY time desc LIMIT 10   [ RunTime:0.0002s ]
SQL: SELECT * FROM `zml_nav` WHERE `pid` = 3 ORDER BY time desc LIMIT 10   [ RunTime:0.0002s ]
SQL: SELECT * FROM `zml_nav` WHERE `pid` = 5 ORDER BY time desc LIMIT 10   [ RunTime:0.0002s ]
SQL: SELECT * FROM `zml_nav` WHERE `pid` = 7 ORDER BY time desc LIMIT 10   [ RunTime:0.0002s ]
SQL: SELECT * FROM `zml_nav` WHERE `pid` = 8 ORDER BY time desc LIMIT 10   [ RunTime:0.0003s ]
SQL: SELECT * FROM `zml_nav` WHERE `pid` = 9 ORDER BY time desc LIMIT 10   [ RunTime:0.0002s ]
INFO: Run Behavior\ParseTemplateBehavior [ RunTime:0.027865s ]
INFO: [ view_parse ] --END-- [ RunTime:0.027915s ]
INFO: [ view_filter ] --START--
INFO: Run Behavior\WriteHtmlCacheBehavior [ RunTime:0.000073s ]
INFO: [ view_filter ] --END-- [ RunTime:0.000128s ]
INFO: [ app_end ] --START--
INFO: Run Behavior\ShowPageTraceBehavior [ RunTime:0.000050s ]
INFO: [ app_end ] --END-- [ RunTime:0.000101s ]

[ 2017-01-05T20:52:41+08:00 ] 38.100.21.66 /index.php/User/Login.html
INFO: [ app_init ] --START--
INFO: Run Behavior\BuildLiteBehavior [ RunTime:0.000020s ]
INFO: [ app_init ] --END-- [ RunTime:0.000154s ]
INFO: [ app_begin ] --START--
INFO: Run Behavior\ReadHtmlCacheBehavior [ RunTime:0.000076s ]
INFO: [ app_begin ] --END-- [ RunTime:0.000149s ]
INFO: [ view_parse ] --START--
NOTIC: [8] Undefined index: num /home/wwwroot/zhongchou.com/App/TagLib/Zml.class.php 第 133 行.
NOTIC: [8] Undefined variable: w /home/wwwroot/zhongchou.com/App/TagLib/Zml.class.php 第 140 行.
NOTIC: [8] Undefined variable: limit /home/wwwroot/zhongchou.com/App/TagLib/Zml.class.php 第 153 行.
INFO: [ template_filter ] --START--
INFO: Run Behavior\ContentReplaceBehavior [ RunTime:0.000073s ]
INFO: [ template_filter ] --END-- [ RunTime:0.000128s ]
SQL: SHOW COLUMNS FROM `zml_nav` [ RunTime:0.0010s ]
SQL: SHOW COLUMNS FROM `zml_nav` [ RunTime:0.0008s ]
SQL: SELECT * FROM `zml_nav` WHERE ( status =1 AND type =2 AND pid =0 ) ORDER BY time desc  [ RunTime:0.0003s ]
SQL: SELECT * FROM `zml_nav` WHERE `pid` = 1 ORDER BY time desc LIMIT 10   [ RunTime:0.0002s ]
SQL: SELECT * FROM `zml_nav` WHERE `pid` = 3 ORDER BY time desc LIMIT 10   [ RunTime:0.0002s ]
SQL: SELECT * FROM `zml_nav` WHERE `pid` = 5 ORDER BY time desc LIMIT 10   [ RunTime:0.0002s ]
SQL: SELECT * FROM `zml_nav` WHERE `pid` = 7 ORDER BY time desc LIMIT 10   [ RunTime:0.0002s ]
SQL: SELECT * FROM `zml_nav` WHERE `pid` = 8 ORDER BY time desc LIMIT 10   [ RunTime:0.0002s ]
SQL: SELECT * FROM `zml_nav` WHERE `pid` = 9 ORDER BY time desc LIMIT 10   [ RunTime:0.0002s ]
INFO: Run Behavior\ParseTemplateBehavior [ RunTime:0.014642s ]
INFO: [ view_parse ] --END-- [ RunTime:0.014701s ]
INFO: [ view_filter ] --START--
INFO: Run Behavior\WriteHtmlCacheBehavior [ RunTime:0.000066s ]
INFO: [ view_filter ] --END-- [ RunTime:0.000106s ]
INFO: [ app_end ] --START--
INFO: Run Behavior\ShowPageTraceBehavior [ RunTime:0.000050s ]
INFO: [ app_end ] --END-- [ RunTime:0.000089s ]

[ 2017-01-05T20:52:42+08:00 ] 38.100.21.66 /index.php/User/Login/index
INFO: [ app_init ] --START--
INFO: Run Behavior\BuildLiteBehavior [ RunTime:0.000014s ]
INFO: [ app_init ] --END-- [ RunTime:0.000097s ]
INFO: [ app_begin ] --START--
INFO: Run Behavior\ReadHtmlCacheBehavior [ RunTime:0.000042s ]
INFO: [ app_begin ] --END-- [ RunTime:0.000090s ]
INFO: [ view_parse ] --START--
NOTIC: [8] Undefined index: num /home/wwwroot/zhongchou.com/App/TagLib/Zml.class.php 第 133 行.
NOTIC: [8] Undefined variable: w /home/wwwroot/zhongchou.com/App/TagLib/Zml.class.php 第 140 行.
NOTIC: [8] Undefined variable: limit /home/wwwroot/zhongchou.com/App/TagLib/Zml.class.php 第 153 行.
INFO: [ template_filter ] --START--
INFO: Run Behavior\ContentReplaceBehavior [ RunTime:0.000093s ]
INFO: [ template_filter ] --END-- [ RunTime:0.000159s ]
SQL: SHOW COLUMNS FROM `zml_nav` [ RunTime:0.0012s ]
SQL: SHOW COLUMNS FROM `zml_nav` [ RunTime:0.0008s ]
SQL: SELECT * FROM `zml_nav` WHERE ( status =1 AND type =2 AND pid =0 ) ORDER BY time desc  [ RunTime:0.0003s ]
SQL: SELECT * FROM `zml_nav` WHERE `pid` = 1 ORDER BY time desc LIMIT 10   [ RunTime:0.0003s ]
SQL: SELECT * FROM `zml_nav` WHERE `pid` = 3 ORDER BY time desc LIMIT 10   [ RunTime:0.0002s ]
SQL: SELECT * FROM `zml_nav` WHERE `pid` = 5 ORDER BY time desc LIMIT 10   [ RunTime:0.0002s ]
SQL: SELECT * FROM `zml_nav` WHERE `pid` = 7 ORDER BY time desc LIMIT 10   [ RunTime:0.0002s ]
SQL: SELECT * FROM `zml_nav` WHERE `pid` = 8 ORDER BY time desc LIMIT 10   [ RunTime:0.0002s ]
SQL: SELECT * FROM `zml_nav` WHERE `pid` = 9 ORDER BY time desc LIMIT 10   [ RunTime:0.0002s ]
INFO: Run Behavior\ParseTemplateBehavior [ RunTime:0.014027s ]
INFO: [ view_parse ] --END-- [ RunTime:0.014076s ]
INFO: [ view_filter ] --START--
INFO: Run Behavior\WriteHtmlCacheBehavior [ RunTime:0.000056s ]
INFO: [ view_filter ] --END-- [ RunTime:0.000097s ]
INFO: [ app_end ] --START--
INFO: Run Behavior\ShowPageTraceBehavior [ RunTime:0.000047s ]
INFO: [ app_end ] --END-- [ RunTime:0.000091s ]

